<?xml version="1.0" encoding="utf-8"?>
<!DOCTYPE coverage SYSTEM "http://cobertura.sourceforge.net/xml/coverage-04.dtd">
<coverage line-rate="0.985428051001822" branch-rate="0.918918918918919" lines-covered="541" lines-valid="549" branches-covered="68" branches-valid="74" complexity="127" version="0" timestamp="1698008661">
  <sources>
    <source>E:\kpi\.NET_web\lab1\lab1\</source>
    <source>C:\</source>
  </sources>
  <packages>
    <package name="MyCollection" line-rate="0.976470588235294" branch-rate="0.914285714285714" complexity="92">
      <classes>
        <class name="lab1.EventListener`1" filename="E:\kpi\.NET_web\lab1\lab1\MyCollection\EventListener.cs" line-rate="1" branch-rate="0.75" complexity="8">
          <methods>
            <method name="OnAdded" signature="(...)" line-rate="1" branch-rate="0.75" complexity="4">
              <lines>
                <line number="13" hits="4" branch="false" />
                <line number="14" hits="4" branch="true" condition-coverage="100% (2/2)" />
                <line number="15" hits="4" branch="true" condition-coverage="50% (1/2)" />
                <line number="16" hits="4" branch="false" />
              </lines>
            </method>
            <method name="OnRemoved" signature="(...)" line-rate="1" branch-rate="0.75" complexity="4">
              <lines>
                <line number="18" hits="1" branch="false" />
                <line number="19" hits="1" branch="true" condition-coverage="100% (2/2)" />
                <line number="20" hits="1" branch="true" condition-coverage="50% (1/2)" />
                <line number="21" hits="1" branch="false" />
              </lines>
            </method>
          </methods>
          <lines>
            <line number="13" hits="4" branch="false" />
            <line number="14" hits="4" branch="true" condition-coverage="100% (2/2)" />
            <line number="15" hits="4" branch="true" condition-coverage="50% (1/2)" />
            <line number="16" hits="4" branch="false" />
            <line number="18" hits="1" branch="false" />
            <line number="19" hits="1" branch="true" condition-coverage="100% (2/2)" />
            <line number="20" hits="1" branch="true" condition-coverage="50% (1/2)" />
            <line number="21" hits="1" branch="false" />
          </lines>
        </class>
        <class name="MyCollection.ItemEventArgs`1" filename="E:\kpi\.NET_web\lab1\lab1\MyCollection\ItemEventArgs.cs" line-rate="1" branch-rate="1" complexity="3">
          <methods>
            <method name="get_item" signature="()" line-rate="1" branch-rate="1" complexity="1">
              <lines>
                <line number="11" hits="10" branch="false" />
              </lines>
            </method>
            <method name="get_message" signature="()" line-rate="1" branch-rate="1" complexity="1">
              <lines>
                <line number="12" hits="10" branch="false" />
              </lines>
            </method>
            <method name=".ctor" signature="(...)" line-rate="1" branch-rate="1" complexity="1">
              <lines>
                <line number="13" hits="5" branch="false" />
                <line number="14" hits="5" branch="false" />
                <line number="15" hits="5" branch="false" />
                <line number="16" hits="5" branch="false" />
                <line number="17" hits="5" branch="false" />
              </lines>
            </method>
          </methods>
          <lines>
            <line number="11" hits="10" branch="false" />
            <line number="12" hits="10" branch="false" />
            <line number="13" hits="5" branch="false" />
            <line number="14" hits="5" branch="false" />
            <line number="15" hits="5" branch="false" />
            <line number="16" hits="5" branch="false" />
            <line number="17" hits="5" branch="false" />
          </lines>
        </class>
        <class name="MyCollection.MyLinkedList`1" filename="E:\kpi\.NET_web\lab1\lab1\MyCollection\MyLinkedList.cs" line-rate="0.974248927038627" branch-rate="0.935483870967742" complexity="77">
          <methods>
            <method name="get_Count" signature="()" line-rate="1" branch-rate="1" complexity="1">
              <lines>
                <line number="21" hits="45" branch="false" />
              </lines>
            </method>
            <method name="get_First" signature="()" line-rate="1" branch-rate="1" complexity="1">
              <lines>
                <line number="25" hits="54" branch="false" />
              </lines>
            </method>
            <method name="get_Last" signature="()" line-rate="1" branch-rate="1" complexity="1">
              <lines>
                <line number="29" hits="63" branch="false" />
              </lines>
            </method>
            <method name="get_IsReadOnly" signature="()" line-rate="0" branch-rate="1" complexity="1">
              <lines>
                <line number="31" hits="0" branch="false" />
              </lines>
            </method>
            <method name="OnItemAdded" signature="(...)" line-rate="1" branch-rate="1" complexity="2">
              <lines>
                <line number="37" hits="49" branch="false" />
                <line number="38" hits="49" branch="true" condition-coverage="100% (2/2)" />
                <line number="39" hits="4" branch="false" />
                <line number="40" hits="4" branch="false" />
                <line number="41" hits="4" branch="false" />
                <line number="42" hits="49" branch="false" />
              </lines>
            </method>
            <method name="OnItemRemoved" signature="(...)" line-rate="1" branch-rate="1" complexity="2">
              <lines>
                <line number="44" hits="5" branch="false" />
                <line number="45" hits="5" branch="true" condition-coverage="100% (2/2)" />
                <line number="46" hits="1" branch="false" />
                <line number="47" hits="1" branch="false" />
                <line number="48" hits="1" branch="false" />
                <line number="49" hits="5" branch="false" />
              </lines>
            </method>
            <method name="ValidateNode" signature="(...)" line-rate="1" branch-rate="1" complexity="4">
              <lines>
                <line number="69" hits="10" branch="false" />
                <line number="70" hits="10" branch="true" condition-coverage="100% (2/2)" />
                <line number="71" hits="2" branch="false" />
                <line number="72" hits="2" branch="false" />
                <line number="74" hits="8" branch="true" condition-coverage="100% (2/2)" />
                <line number="75" hits="3" branch="false" />
                <line number="76" hits="3" branch="false" />
                <line number="78" hits="5" branch="false" />
              </lines>
            </method>
            <method name="InternalAddNodeToEmptyList" signature="(...)" line-rate="1" branch-rate="1" complexity="1">
              <lines>
                <line number="80" hits="22" branch="false" />
                <line number="81" hits="22" branch="false" />
                <line number="82" hits="22" branch="false" />
                <line number="83" hits="22" branch="false" />
                <line number="84" hits="22" branch="false" />
              </lines>
            </method>
            <method name="InternalAddNodeBefore" signature="(...)" line-rate="1" branch-rate="1" complexity="2">
              <lines>
                <line number="86" hits="3" branch="false" />
                <line number="87" hits="3" branch="false" />
                <line number="88" hits="3" branch="true" condition-coverage="100% (2/2)" />
                <line number="89" hits="1" branch="false" />
                <line number="90" hits="1" branch="false" />
                <line number="91" hits="1" branch="false" />
                <line number="92" hits="1" branch="false" />
                <line number="93" hits="3" branch="false" />
                <line number="94" hits="3" branch="false" />
                <line number="95" hits="3" branch="false" />
              </lines>
            </method>
            <method name="InternalAddNodeAfter" signature="(...)" line-rate="1" branch-rate="1" complexity="2">
              <lines>
                <line number="97" hits="24" branch="false" />
                <line number="98" hits="24" branch="false" />
                <line number="99" hits="24" branch="true" condition-coverage="100% (2/2)" />
                <line number="100" hits="1" branch="false" />
                <line number="101" hits="1" branch="false" />
                <line number="102" hits="1" branch="false" />
                <line number="103" hits="1" branch="false" />
                <line number="104" hits="24" branch="false" />
                <line number="105" hits="24" branch="false" />
                <line number="106" hits="24" branch="false" />
              </lines>
            </method>
            <method name="InternalRemoveNode" signature="(...)" line-rate="1" branch-rate="1" complexity="8">
              <lines>
                <line number="108" hits="5" branch="false" />
                <line number="109" hits="5" branch="true" condition-coverage="100% (4/4)" />
                <line number="110" hits="1" branch="false" />
                <line number="111" hits="1" branch="false" />
                <line number="112" hits="1" branch="false" />
                <line number="113" hits="1" branch="false" />
                <line number="114" hits="4" branch="true" condition-coverage="100% (2/2)" />
                <line number="115" hits="1" branch="false" />
                <line number="116" hits="1" branch="false" />
                <line number="117" hits="1" branch="false" />
                <line number="118" hits="1" branch="false" />
                <line number="119" hits="3" branch="true" condition-coverage="100% (2/2)" />
                <line number="120" hits="2" branch="false" />
                <line number="121" hits="2" branch="false" />
                <line number="122" hits="2" branch="false" />
                <line number="123" hits="2" branch="false" />
                <line number="125" hits="1" branch="false" />
                <line number="126" hits="1" branch="false" />
                <line number="127" hits="1" branch="false" />
                <line number="128" hits="1" branch="false" />
                <line number="129" hits="5" branch="false" />
                <line number="130" hits="5" branch="false" />
                <line number="131" hits="5" branch="false" />
              </lines>
            </method>
            <method name="Add" signature="(...)" line-rate="1" branch-rate="1" complexity="1">
              <lines>
                <line number="134" hits="15" branch="false" />
                <line number="135" hits="15" branch="false" />
                <line number="136" hits="15" branch="false" />
              </lines>
            </method>
            <method name="AddLast" signature="(...)" line-rate="1" branch-rate="1" complexity="1">
              <lines>
                <line number="138" hits="28" branch="false" />
                <line number="139" hits="28" branch="false" />
                <line number="140" hits="28" branch="false" />
                <line number="141" hits="28" branch="false" />
              </lines>
            </method>
            <method name="AddLast" signature="(...)" line-rate="1" branch-rate="1" complexity="2">
              <lines>
                <line number="143" hits="42" branch="false" />
                <line number="144" hits="42" branch="true" condition-coverage="100% (2/2)" />
                <line number="145" hits="20" branch="false" />
                <line number="146" hits="20" branch="false" />
                <line number="147" hits="20" branch="false" />
                <line number="149" hits="22" branch="false" />
                <line number="150" hits="22" branch="false" />
                <line number="151" hits="22" branch="false" />
                <line number="152" hits="22" branch="false" />
                <line number="153" hits="42" branch="false" />
                <line number="154" hits="42" branch="false" />
                <line number="155" hits="42" branch="false" />
              </lines>
            </method>
            <method name="AddFirst" signature="(...)" line-rate="1" branch-rate="1" complexity="1">
              <lines>
                <line number="158" hits="3" branch="false" />
                <line number="159" hits="3" branch="false" />
                <line number="160" hits="3" branch="false" />
                <line number="161" hits="3" branch="false" />
              </lines>
            </method>
            <method name="AddFirst" signature="(...)" line-rate="1" branch-rate="1" complexity="2">
              <lines>
                <line number="163" hits="3" branch="false" />
                <line number="164" hits="3" branch="true" condition-coverage="100% (2/2)" />
                <line number="165" hits="2" branch="false" />
                <line number="166" hits="2" branch="false" />
                <line number="167" hits="2" branch="false" />
                <line number="169" hits="1" branch="false" />
                <line number="170" hits="1" branch="false" />
                <line number="171" hits="1" branch="false" />
                <line number="172" hits="1" branch="false" />
                <line number="173" hits="3" branch="false" />
                <line number="174" hits="3" branch="false" />
                <line number="175" hits="3" branch="false" />
              </lines>
            </method>
            <method name="AddAfter" signature="(...)" line-rate="1" branch-rate="1" complexity="1">
              <lines>
                <line number="178" hits="4" branch="false" />
                <line number="179" hits="4" branch="false" />
                <line number="180" hits="4" branch="false" />
                <line number="181" hits="2" branch="false" />
              </lines>
            </method>
            <method name="AddAfter" signature="(...)" line-rate="1" branch-rate="1" complexity="2">
              <lines>
                <line number="183" hits="4" branch="false" />
                <line number="184" hits="4" branch="false" />
                <line number="185" hits="2" branch="false" />
                <line number="186" hits="2" branch="true" condition-coverage="100% (2/2)" />
                <line number="187" hits="1" branch="false" />
                <line number="188" hits="1" branch="false" />
                <line number="189" hits="1" branch="false" />
                <line number="190" hits="2" branch="false" />
                <line number="191" hits="2" branch="false" />
                <line number="192" hits="2" branch="false" />
              </lines>
            </method>
            <method name="AddBefore" signature="(...)" line-rate="1" branch-rate="1" complexity="1">
              <lines>
                <line number="195" hits="4" branch="false" />
                <line number="196" hits="4" branch="false" />
                <line number="197" hits="4" branch="false" />
                <line number="198" hits="2" branch="false" />
              </lines>
            </method>
            <method name="AddBefore" signature="(...)" line-rate="1" branch-rate="1" complexity="2">
              <lines>
                <line number="200" hits="4" branch="false" />
                <line number="201" hits="4" branch="false" />
                <line number="202" hits="2" branch="false" />
                <line number="203" hits="2" branch="true" condition-coverage="100% (2/2)" />
                <line number="204" hits="1" branch="false" />
                <line number="205" hits="1" branch="false" />
                <line number="206" hits="1" branch="false" />
                <line number="207" hits="2" branch="false" />
                <line number="208" hits="2" branch="false" />
                <line number="209" hits="2" branch="false" />
              </lines>
            </method>
            <method name="Remove" signature="(...)" line-rate="1" branch-rate="1" complexity="2">
              <lines>
                <line number="212" hits="2" branch="false" />
                <line number="213" hits="2" branch="false" />
                <line number="214" hits="2" branch="true" condition-coverage="100% (2/2)" />
                <line number="215" hits="1" branch="false" />
                <line number="216" hits="1" branch="false" />
                <line number="217" hits="1" branch="false" />
                <line number="218" hits="1" branch="false" />
                <line number="220" hits="1" branch="false" />
                <line number="221" hits="2" branch="false" />
              </lines>
            </method>
            <method name="Remove" signature="(...)" line-rate="1" branch-rate="1" complexity="1">
              <lines>
                <line number="223" hits="2" branch="false" />
                <line number="224" hits="2" branch="false" />
                <line number="225" hits="1" branch="false" />
                <line number="226" hits="1" branch="false" />
                <line number="227" hits="1" branch="false" />
              </lines>
            </method>
            <method name="RemoveFirst" signature="()" line-rate="1" branch-rate="1" complexity="2">
              <lines>
                <line number="229" hits="2" branch="false" />
                <line number="230" hits="4" branch="true" condition-coverage="100% (2/2)" />
                <line number="231" hits="1" branch="false" />
                <line number="232" hits="1" branch="false" />
                <line number="233" hits="1" branch="false" />
              </lines>
            </method>
            <method name="RemoveLast" signature="()" line-rate="1" branch-rate="1" complexity="2">
              <lines>
                <line number="235" hits="3" branch="false" />
                <line number="236" hits="5" branch="true" condition-coverage="100% (2/2)" />
                <line number="237" hits="2" branch="false" />
                <line number="238" hits="2" branch="false" />
                <line number="239" hits="2" branch="false" />
              </lines>
            </method>
            <method name="Clear" signature="()" line-rate="1" branch-rate="1" complexity="1">
              <lines>
                <line number="242" hits="1" branch="false" />
                <line number="243" hits="1" branch="false" />
                <line number="244" hits="1" branch="false" />
                <line number="245" hits="1" branch="false" />
                <line number="246" hits="1" branch="false" />
              </lines>
            </method>
            <method name="Find" signature="(...)" line-rate="0.933333333333333" branch-rate="0.833333333333333" complexity="6">
              <lines>
                <line number="249" hits="8" branch="false" />
                <line number="250" hits="8" branch="false" />
                <line number="251" hits="8" branch="false" />
                <line number="252" hits="8" branch="true" condition-coverage="100% (2/2)" />
                <line number="253" hits="6" branch="false" />
                <line number="255" hits="10" branch="false" />
                <line number="256" hits="10" branch="true" condition-coverage="100% (2/2)" />
                <line number="257" hits="6" branch="false" />
                <line number="258" hits="6" branch="false" />
                <line number="260" hits="4" branch="false" />
                <line number="261" hits="4" branch="false" />
                <line number="262" hits="4" branch="true" condition-coverage="50% (1/2)" />
                <line number="263" hits="0" branch="false" />
                <line number="264" hits="2" branch="false" />
                <line number="265" hits="8" branch="false" />
              </lines>
            </method>
            <method name="Contains" signature="(...)" line-rate="1" branch-rate="1" complexity="1">
              <lines>
                <line number="267" hits="1" branch="false" />
                <line number="268" hits="1" branch="false" />
                <line number="269" hits="1" branch="false" />
              </lines>
            </method>
            <method name="CopyTo" signature="(...)" line-rate="1" branch-rate="0.833333333333333" complexity="12">
              <lines>
                <line number="272" hits="2" branch="false" />
                <line number="273" hits="2" branch="true" condition-coverage="50% (1/2)" />
                <line number="274" hits="3" branch="true" condition-coverage="100% (4/4)" />
                <line number="275" hits="1" branch="true" condition-coverage="50% (1/2)" />
                <line number="277" hits="1" branch="false" />
                <line number="278" hits="1" branch="true" condition-coverage="100% (2/2)" />
                <line number="279" hits="1" branch="false" />
                <line number="280" hits="4" branch="true" condition-coverage="100% (2/2)" />
                <line number="281" hits="3" branch="false" />
                <line number="282" hits="3" branch="false" />
                <line number="283" hits="3" branch="false" />
                <line number="284" hits="3" branch="false" />
                <line number="285" hits="1" branch="false" />
                <line number="286" hits="1" branch="false" />
              </lines>
            </method>
            <method name="System.Collections.IEnumerable.GetEnumerator" signature="()" line-rate="0" branch-rate="1" complexity="1">
              <lines>
                <line number="299" hits="0" branch="false" />
                <line number="300" hits="0" branch="false" />
              </lines>
            </method>
            <method name="Show" signature="()" line-rate="1" branch-rate="1" complexity="4">
              <lines>
                <line number="304" hits="2" branch="false" />
                <line number="305" hits="2" branch="false" />
                <line number="306" hits="2" branch="true" condition-coverage="100% (2/2)" />
                <line number="307" hits="1" branch="false" />
                <line number="309" hits="1" branch="false" />
                <line number="310" hits="1" branch="false" />
                <line number="311" hits="2" branch="true" condition-coverage="100% (2/2)" />
                <line number="312" hits="1" branch="false" />
                <line number="313" hits="1" branch="false" />
                <line number="314" hits="1" branch="false" />
                <line number="315" hits="1" branch="false" />
                <line number="316" hits="1" branch="false" />
                <line number="317" hits="2" branch="false" />
              </lines>
            </method>
            <method name=".ctor" signature="()" line-rate="1" branch-rate="1" complexity="1">
              <lines>
                <line number="51" hits="30" branch="false" />
                <line number="52" hits="30" branch="false" />
                <line number="53" hits="30" branch="false" />
                <line number="54" hits="30" branch="false" />
              </lines>
            </method>
            <method name=".ctor" signature="(...)" line-rate="0.8" branch-rate="0.75" complexity="4">
              <lines>
                <line number="55" hits="1" branch="false" />
                <line number="56" hits="1" branch="false" />
                <line number="57" hits="1" branch="true" condition-coverage="50% (1/2)" />
                <line number="58" hits="0" branch="false" />
                <line number="59" hits="0" branch="false" />
                <line number="62" hits="9" branch="true" condition-coverage="100% (2/2)" />
                <line number="63" hits="3" branch="false" />
                <line number="64" hits="3" branch="false" />
                <line number="65" hits="3" branch="false" />
                <line number="66" hits="1" branch="false" />
              </lines>
            </method>
            <method name="GetEnumerator" signature="()" line-rate="1" branch-rate="1" complexity="2">
              <lines>
                <line number="289" hits="1" branch="false" />
                <line number="290" hits="1" branch="false" />
                <line number="292" hits="4" branch="true" condition-coverage="100% (2/2)" />
                <line number="293" hits="3" branch="false" />
                <line number="294" hits="3" branch="false" />
                <line number="295" hits="3" branch="false" />
                <line number="296" hits="3" branch="false" />
                <line number="297" hits="1" branch="false" />
              </lines>
            </method>
          </methods>
          <lines>
            <line number="21" hits="45" branch="false" />
            <line number="25" hits="54" branch="false" />
            <line number="29" hits="63" branch="false" />
            <line number="31" hits="0" branch="false" />
            <line number="37" hits="49" branch="false" />
            <line number="38" hits="49" branch="true" condition-coverage="100% (2/2)" />
            <line number="39" hits="4" branch="false" />
            <line number="40" hits="4" branch="false" />
            <line number="41" hits="4" branch="false" />
            <line number="42" hits="49" branch="false" />
            <line number="44" hits="5" branch="false" />
            <line number="45" hits="5" branch="true" condition-coverage="100% (2/2)" />
            <line number="46" hits="1" branch="false" />
            <line number="47" hits="1" branch="false" />
            <line number="48" hits="1" branch="false" />
            <line number="49" hits="5" branch="false" />
            <line number="51" hits="30" branch="false" />
            <line number="52" hits="30" branch="false" />
            <line number="53" hits="30" branch="false" />
            <line number="54" hits="30" branch="false" />
            <line number="55" hits="1" branch="false" />
            <line number="56" hits="1" branch="false" />
            <line number="57" hits="1" branch="true" condition-coverage="50% (1/2)" />
            <line number="58" hits="0" branch="false" />
            <line number="59" hits="0" branch="false" />
            <line number="62" hits="9" branch="true" condition-coverage="100% (2/2)" />
            <line number="63" hits="3" branch="false" />
            <line number="64" hits="3" branch="false" />
            <line number="65" hits="3" branch="false" />
            <line number="66" hits="1" branch="false" />
            <line number="69" hits="10" branch="false" />
            <line number="70" hits="10" branch="true" condition-coverage="100% (2/2)" />
            <line number="71" hits="2" branch="false" />
            <line number="72" hits="2" branch="false" />
            <line number="74" hits="8" branch="true" condition-coverage="100% (2/2)" />
            <line number="75" hits="3" branch="false" />
            <line number="76" hits="3" branch="false" />
            <line number="78" hits="5" branch="false" />
            <line number="80" hits="22" branch="false" />
            <line number="81" hits="22" branch="false" />
            <line number="82" hits="22" branch="false" />
            <line number="83" hits="22" branch="false" />
            <line number="84" hits="22" branch="false" />
            <line number="86" hits="3" branch="false" />
            <line number="87" hits="3" branch="false" />
            <line number="88" hits="3" branch="true" condition-coverage="100% (2/2)" />
            <line number="89" hits="1" branch="false" />
            <line number="90" hits="1" branch="false" />
            <line number="91" hits="1" branch="false" />
            <line number="92" hits="1" branch="false" />
            <line number="93" hits="3" branch="false" />
            <line number="94" hits="3" branch="false" />
            <line number="95" hits="3" branch="false" />
            <line number="97" hits="24" branch="false" />
            <line number="98" hits="24" branch="false" />
            <line number="99" hits="24" branch="true" condition-coverage="100% (2/2)" />
            <line number="100" hits="1" branch="false" />
            <line number="101" hits="1" branch="false" />
            <line number="102" hits="1" branch="false" />
            <line number="103" hits="1" branch="false" />
            <line number="104" hits="24" branch="false" />
            <line number="105" hits="24" branch="false" />
            <line number="106" hits="24" branch="false" />
            <line number="108" hits="5" branch="false" />
            <line number="109" hits="5" branch="true" condition-coverage="100% (4/4)" />
            <line number="110" hits="1" branch="false" />
            <line number="111" hits="1" branch="false" />
            <line number="112" hits="1" branch="false" />
            <line number="113" hits="1" branch="false" />
            <line number="114" hits="4" branch="true" condition-coverage="100% (2/2)" />
            <line number="115" hits="1" branch="false" />
            <line number="116" hits="1" branch="false" />
            <line number="117" hits="1" branch="false" />
            <line number="118" hits="1" branch="false" />
            <line number="119" hits="3" branch="true" condition-coverage="100% (2/2)" />
            <line number="120" hits="2" branch="false" />
            <line number="121" hits="2" branch="false" />
            <line number="122" hits="2" branch="false" />
            <line number="123" hits="2" branch="false" />
            <line number="125" hits="1" branch="false" />
            <line number="126" hits="1" branch="false" />
            <line number="127" hits="1" branch="false" />
            <line number="128" hits="1" branch="false" />
            <line number="129" hits="5" branch="false" />
            <line number="130" hits="5" branch="false" />
            <line number="131" hits="5" branch="false" />
            <line number="134" hits="15" branch="false" />
            <line number="135" hits="15" branch="false" />
            <line number="136" hits="15" branch="false" />
            <line number="138" hits="28" branch="false" />
            <line number="139" hits="28" branch="false" />
            <line number="140" hits="28" branch="false" />
            <line number="141" hits="28" branch="false" />
            <line number="143" hits="42" branch="false" />
            <line number="144" hits="42" branch="true" condition-coverage="100% (2/2)" />
            <line number="145" hits="20" branch="false" />
            <line number="146" hits="20" branch="false" />
            <line number="147" hits="20" branch="false" />
            <line number="149" hits="22" branch="false" />
            <line number="150" hits="22" branch="false" />
            <line number="151" hits="22" branch="false" />
            <line number="152" hits="22" branch="false" />
            <line number="153" hits="42" branch="false" />
            <line number="154" hits="42" branch="false" />
            <line number="155" hits="42" branch="false" />
            <line number="158" hits="3" branch="false" />
            <line number="159" hits="3" branch="false" />
            <line number="160" hits="3" branch="false" />
            <line number="161" hits="3" branch="false" />
            <line number="163" hits="3" branch="false" />
            <line number="164" hits="3" branch="true" condition-coverage="100% (2/2)" />
            <line number="165" hits="2" branch="false" />
            <line number="166" hits="2" branch="false" />
            <line number="167" hits="2" branch="false" />
            <line number="169" hits="1" branch="false" />
            <line number="170" hits="1" branch="false" />
            <line number="171" hits="1" branch="false" />
            <line number="172" hits="1" branch="false" />
            <line number="173" hits="3" branch="false" />
            <line number="174" hits="3" branch="false" />
            <line number="175" hits="3" branch="false" />
            <line number="178" hits="4" branch="false" />
            <line number="179" hits="4" branch="false" />
            <line number="180" hits="4" branch="false" />
            <line number="181" hits="2" branch="false" />
            <line number="183" hits="4" branch="false" />
            <line number="184" hits="4" branch="false" />
            <line number="185" hits="2" branch="false" />
            <line number="186" hits="2" branch="true" condition-coverage="100% (2/2)" />
            <line number="187" hits="1" branch="false" />
            <line number="188" hits="1" branch="false" />
            <line number="189" hits="1" branch="false" />
            <line number="190" hits="2" branch="false" />
            <line number="191" hits="2" branch="false" />
            <line number="192" hits="2" branch="false" />
            <line number="195" hits="4" branch="false" />
            <line number="196" hits="4" branch="false" />
            <line number="197" hits="4" branch="false" />
            <line number="198" hits="2" branch="false" />
            <line number="200" hits="4" branch="false" />
            <line number="201" hits="4" branch="false" />
            <line number="202" hits="2" branch="false" />
            <line number="203" hits="2" branch="true" condition-coverage="100% (2/2)" />
            <line number="204" hits="1" branch="false" />
            <line number="205" hits="1" branch="false" />
            <line number="206" hits="1" branch="false" />
            <line number="207" hits="2" branch="false" />
            <line number="208" hits="2" branch="false" />
            <line number="209" hits="2" branch="false" />
            <line number="212" hits="2" branch="false" />
            <line number="213" hits="2" branch="false" />
            <line number="214" hits="2" branch="true" condition-coverage="100% (2/2)" />
            <line number="215" hits="1" branch="false" />
            <line number="216" hits="1" branch="false" />
            <line number="217" hits="1" branch="false" />
            <line number="218" hits="1" branch="false" />
            <line number="220" hits="1" branch="false" />
            <line number="221" hits="2" branch="false" />
            <line number="223" hits="2" branch="false" />
            <line number="224" hits="2" branch="false" />
            <line number="225" hits="1" branch="false" />
            <line number="226" hits="1" branch="false" />
            <line number="227" hits="1" branch="false" />
            <line number="229" hits="2" branch="false" />
            <line number="230" hits="4" branch="true" condition-coverage="100% (2/2)" />
            <line number="231" hits="1" branch="false" />
            <line number="232" hits="1" branch="false" />
            <line number="233" hits="1" branch="false" />
            <line number="235" hits="3" branch="false" />
            <line number="236" hits="5" branch="true" condition-coverage="100% (2/2)" />
            <line number="237" hits="2" branch="false" />
            <line number="238" hits="2" branch="false" />
            <line number="239" hits="2" branch="false" />
            <line number="242" hits="1" branch="false" />
            <line number="243" hits="1" branch="false" />
            <line number="244" hits="1" branch="false" />
            <line number="245" hits="1" branch="false" />
            <line number="246" hits="1" branch="false" />
            <line number="249" hits="8" branch="false" />
            <line number="250" hits="8" branch="false" />
            <line number="251" hits="8" branch="false" />
            <line number="252" hits="8" branch="true" condition-coverage="100% (2/2)" />
            <line number="253" hits="6" branch="false" />
            <line number="255" hits="10" branch="false" />
            <line number="256" hits="10" branch="true" condition-coverage="100% (2/2)" />
            <line number="257" hits="6" branch="false" />
            <line number="258" hits="6" branch="false" />
            <line number="260" hits="4" branch="false" />
            <line number="261" hits="4" branch="false" />
            <line number="262" hits="4" branch="true" condition-coverage="50% (1/2)" />
            <line number="263" hits="0" branch="false" />
            <line number="264" hits="2" branch="false" />
            <line number="265" hits="8" branch="false" />
            <line number="267" hits="1" branch="false" />
            <line number="268" hits="1" branch="false" />
            <line number="269" hits="1" branch="false" />
            <line number="272" hits="2" branch="false" />
            <line number="273" hits="2" branch="true" condition-coverage="50% (1/2)" />
            <line number="274" hits="3" branch="true" condition-coverage="100% (4/4)" />
            <line number="275" hits="1" branch="true" condition-coverage="50% (1/2)" />
            <line number="277" hits="1" branch="false" />
            <line number="278" hits="1" branch="true" condition-coverage="100% (2/2)" />
            <line number="279" hits="1" branch="false" />
            <line number="280" hits="4" branch="true" condition-coverage="100% (2/2)" />
            <line number="281" hits="3" branch="false" />
            <line number="282" hits="3" branch="false" />
            <line number="283" hits="3" branch="false" />
            <line number="284" hits="3" branch="false" />
            <line number="285" hits="1" branch="false" />
            <line number="286" hits="1" branch="false" />
            <line number="289" hits="1" branch="false" />
            <line number="290" hits="1" branch="false" />
            <line number="292" hits="4" branch="true" condition-coverage="100% (2/2)" />
            <line number="293" hits="3" branch="false" />
            <line number="294" hits="3" branch="false" />
            <line number="295" hits="3" branch="false" />
            <line number="296" hits="3" branch="false" />
            <line number="297" hits="1" branch="false" />
            <line number="299" hits="0" branch="false" />
            <line number="300" hits="0" branch="false" />
            <line number="304" hits="2" branch="false" />
            <line number="305" hits="2" branch="false" />
            <line number="306" hits="2" branch="true" condition-coverage="100% (2/2)" />
            <line number="307" hits="1" branch="false" />
            <line number="309" hits="1" branch="false" />
            <line number="310" hits="1" branch="false" />
            <line number="311" hits="2" branch="true" condition-coverage="100% (2/2)" />
            <line number="312" hits="1" branch="false" />
            <line number="313" hits="1" branch="false" />
            <line number="314" hits="1" branch="false" />
            <line number="315" hits="1" branch="false" />
            <line number="316" hits="1" branch="false" />
            <line number="317" hits="2" branch="false" />
          </lines>
        </class>
        <class name="MyCollection.Node`1" filename="E:\kpi\.NET_web\lab1\lab1\MyCollection\Node.cs" line-rate="1" branch-rate="1" complexity="4">
          <methods>
            <method name="get_item" signature="()" line-rate="1" branch-rate="1" complexity="1">
              <lines>
                <line number="13" hits="35" branch="false" />
              </lines>
            </method>
            <method name="get_next" signature="()" line-rate="1" branch-rate="1" complexity="1">
              <lines>
                <line number="14" hits="89" branch="false" />
              </lines>
            </method>
            <method name="get_prev" signature="()" line-rate="1" branch-rate="1" complexity="1">
              <lines>
                <line number="15" hits="58" branch="false" />
              </lines>
            </method>
            <method name=".ctor" signature="(...)" line-rate="1" branch-rate="1" complexity="1">
              <lines>
                <line number="17" hits="56" branch="false" />
                <line number="18" hits="56" branch="false" />
                <line number="19" hits="56" branch="false" />
                <line number="20" hits="56" branch="false" />
              </lines>
            </method>
          </methods>
          <lines>
            <line number="13" hits="35" branch="false" />
            <line number="14" hits="89" branch="false" />
            <line number="15" hits="58" branch="false" />
            <line number="17" hits="56" branch="false" />
            <line number="18" hits="56" branch="false" />
            <line number="19" hits="56" branch="false" />
            <line number="20" hits="56" branch="false" />
          </lines>
        </class>
      </classes>
    </package>
    <package name="MyCollectionTesting" line-rate="0.993197278911565" branch-rate="1" complexity="35">
      <classes>
        <class name="AutoGeneratedProgram" filename="C:\Users\ivax2\.nuget\packages\microsoft.net.test.sdk\17.5.0\build\netcoreapp3.1\Microsoft.NET.Test.Sdk.Program.cs" line-rate="0" branch-rate="1" complexity="1">
          <methods>
            <method name="Main" signature="(...)" line-rate="0" branch-rate="1" complexity="1">
              <lines>
                <line number="4" hits="0" branch="false" />
              </lines>
            </method>
          </methods>
          <lines>
            <line number="4" hits="0" branch="false" />
          </lines>
        </class>
        <class name="MyCollectionTesting.AddAfterTests" filename="E:\kpi\.NET_web\lab1\lab1\MyCollectionTesting\MyLinkedListTests.cs" line-rate="1" branch-rate="1" complexity="4">
          <methods>
            <method name="AddAfter_NewValue_BetweenTwoValues_ResultNewValueInItsPlace" signature="()" line-rate="1" branch-rate="1" complexity="1">
              <lines>
                <line number="100" hits="1" branch="false" />
                <line number="101" hits="1" branch="false" />
                <line number="102" hits="1" branch="false" />
                <line number="103" hits="1" branch="false" />
                <line number="104" hits="1" branch="false" />
                <line number="105" hits="1" branch="false" />
                <line number="106" hits="1" branch="false" />
                <line number="107" hits="1" branch="false" />
                <line number="108" hits="1" branch="false" />
                <line number="109" hits="1" branch="false" />
                <line number="110" hits="1" branch="false" />
                <line number="111" hits="1" branch="false" />
                <line number="112" hits="1" branch="false" />
                <line number="113" hits="1" branch="false" />
                <line number="114" hits="1" branch="false" />
                <line number="115" hits="2" branch="false" />
                <line number="116" hits="1" branch="false" />
              </lines>
            </method>
            <method name="AddAfter_NewValue_AfterLast_ResultTheLastIsNewValue" signature="()" line-rate="1" branch-rate="1" complexity="1">
              <lines>
                <line number="120" hits="1" branch="false" />
                <line number="121" hits="1" branch="false" />
                <line number="122" hits="1" branch="false" />
                <line number="123" hits="1" branch="false" />
                <line number="124" hits="1" branch="false" />
                <line number="125" hits="1" branch="false" />
                <line number="126" hits="1" branch="false" />
                <line number="127" hits="1" branch="false" />
                <line number="128" hits="1" branch="false" />
                <line number="129" hits="1" branch="false" />
                <line number="130" hits="1" branch="false" />
                <line number="131" hits="1" branch="false" />
                <line number="132" hits="1" branch="false" />
                <line number="133" hits="2" branch="false" />
                <line number="134" hits="1" branch="false" />
              </lines>
            </method>
            <method name="AddAfter_NewValue_AfterNull_ResultExeption" signature="()" line-rate="1" branch-rate="1" complexity="1">
              <lines>
                <line number="138" hits="1" branch="false" />
                <line number="139" hits="1" branch="false" />
                <line number="140" hits="1" branch="false" />
                <line number="141" hits="2" branch="false" />
                <line number="142" hits="1" branch="false" />
              </lines>
            </method>
            <method name="AddAfter_NewValue_FakeNode_ResultExeption" signature="()" line-rate="1" branch-rate="1" complexity="1">
              <lines>
                <line number="146" hits="1" branch="false" />
                <line number="147" hits="1" branch="false" />
                <line number="148" hits="1" branch="false" />
                <line number="149" hits="2" branch="false" />
                <line number="150" hits="1" branch="false" />
              </lines>
            </method>
          </methods>
          <lines>
            <line number="100" hits="1" branch="false" />
            <line number="101" hits="1" branch="false" />
            <line number="102" hits="1" branch="false" />
            <line number="103" hits="1" branch="false" />
            <line number="104" hits="1" branch="false" />
            <line number="105" hits="1" branch="false" />
            <line number="106" hits="1" branch="false" />
            <line number="107" hits="1" branch="false" />
            <line number="108" hits="1" branch="false" />
            <line number="109" hits="1" branch="false" />
            <line number="110" hits="1" branch="false" />
            <line number="111" hits="1" branch="false" />
            <line number="112" hits="1" branch="false" />
            <line number="113" hits="1" branch="false" />
            <line number="114" hits="1" branch="false" />
            <line number="115" hits="2" branch="false" />
            <line number="116" hits="1" branch="false" />
            <line number="120" hits="1" branch="false" />
            <line number="121" hits="1" branch="false" />
            <line number="122" hits="1" branch="false" />
            <line number="123" hits="1" branch="false" />
            <line number="124" hits="1" branch="false" />
            <line number="125" hits="1" branch="false" />
            <line number="126" hits="1" branch="false" />
            <line number="127" hits="1" branch="false" />
            <line number="128" hits="1" branch="false" />
            <line number="129" hits="1" branch="false" />
            <line number="130" hits="1" branch="false" />
            <line number="131" hits="1" branch="false" />
            <line number="132" hits="1" branch="false" />
            <line number="133" hits="2" branch="false" />
            <line number="134" hits="1" branch="false" />
            <line number="138" hits="1" branch="false" />
            <line number="139" hits="1" branch="false" />
            <line number="140" hits="1" branch="false" />
            <line number="141" hits="2" branch="false" />
            <line number="142" hits="1" branch="false" />
            <line number="146" hits="1" branch="false" />
            <line number="147" hits="1" branch="false" />
            <line number="148" hits="1" branch="false" />
            <line number="149" hits="2" branch="false" />
            <line number="150" hits="1" branch="false" />
          </lines>
        </class>
        <class name="MyCollectionTesting.AddBeforeTests" filename="E:\kpi\.NET_web\lab1\lab1\MyCollectionTesting\MyLinkedListTests.cs" line-rate="1" branch-rate="1" complexity="4">
          <methods>
            <method name="AddBefore_NewValue_BetweenTwoValues_ResultNewValueInItsPlace" signature="()" line-rate="1" branch-rate="1" complexity="1">
              <lines>
                <line number="158" hits="1" branch="false" />
                <line number="159" hits="1" branch="false" />
                <line number="160" hits="1" branch="false" />
                <line number="161" hits="1" branch="false" />
                <line number="162" hits="1" branch="false" />
                <line number="163" hits="1" branch="false" />
                <line number="164" hits="1" branch="false" />
                <line number="165" hits="1" branch="false" />
                <line number="166" hits="1" branch="false" />
                <line number="167" hits="1" branch="false" />
                <line number="168" hits="1" branch="false" />
                <line number="169" hits="1" branch="false" />
                <line number="170" hits="1" branch="false" />
                <line number="171" hits="1" branch="false" />
                <line number="172" hits="1" branch="false" />
                <line number="173" hits="2" branch="false" />
                <line number="174" hits="1" branch="false" />
              </lines>
            </method>
            <method name="AddBefore_NewValue_BeforeFirst_ResultTheFirstIsNewValue" signature="()" line-rate="1" branch-rate="1" complexity="1">
              <lines>
                <line number="178" hits="1" branch="false" />
                <line number="179" hits="1" branch="false" />
                <line number="180" hits="1" branch="false" />
                <line number="181" hits="1" branch="false" />
                <line number="182" hits="1" branch="false" />
                <line number="183" hits="1" branch="false" />
                <line number="184" hits="1" branch="false" />
                <line number="185" hits="1" branch="false" />
                <line number="186" hits="1" branch="false" />
                <line number="187" hits="1" branch="false" />
                <line number="188" hits="1" branch="false" />
                <line number="189" hits="1" branch="false" />
                <line number="190" hits="1" branch="false" />
                <line number="191" hits="2" branch="false" />
                <line number="192" hits="1" branch="false" />
              </lines>
            </method>
            <method name="AddBefore_NewValue_AfterNull_ResultExeption" signature="()" line-rate="1" branch-rate="1" complexity="1">
              <lines>
                <line number="196" hits="1" branch="false" />
                <line number="197" hits="1" branch="false" />
                <line number="198" hits="1" branch="false" />
                <line number="199" hits="2" branch="false" />
                <line number="200" hits="1" branch="false" />
              </lines>
            </method>
            <method name="AddBefore_NewValue_FakeNode_ResultExeption" signature="()" line-rate="1" branch-rate="1" complexity="1">
              <lines>
                <line number="204" hits="1" branch="false" />
                <line number="205" hits="1" branch="false" />
                <line number="206" hits="1" branch="false" />
                <line number="207" hits="2" branch="false" />
                <line number="208" hits="1" branch="false" />
              </lines>
            </method>
          </methods>
          <lines>
            <line number="158" hits="1" branch="false" />
            <line number="159" hits="1" branch="false" />
            <line number="160" hits="1" branch="false" />
            <line number="161" hits="1" branch="false" />
            <line number="162" hits="1" branch="false" />
            <line number="163" hits="1" branch="false" />
            <line number="164" hits="1" branch="false" />
            <line number="165" hits="1" branch="false" />
            <line number="166" hits="1" branch="false" />
            <line number="167" hits="1" branch="false" />
            <line number="168" hits="1" branch="false" />
            <line number="169" hits="1" branch="false" />
            <line number="170" hits="1" branch="false" />
            <line number="171" hits="1" branch="false" />
            <line number="172" hits="1" branch="false" />
            <line number="173" hits="2" branch="false" />
            <line number="174" hits="1" branch="false" />
            <line number="178" hits="1" branch="false" />
            <line number="179" hits="1" branch="false" />
            <line number="180" hits="1" branch="false" />
            <line number="181" hits="1" branch="false" />
            <line number="182" hits="1" branch="false" />
            <line number="183" hits="1" branch="false" />
            <line number="184" hits="1" branch="false" />
            <line number="185" hits="1" branch="false" />
            <line number="186" hits="1" branch="false" />
            <line number="187" hits="1" branch="false" />
            <line number="188" hits="1" branch="false" />
            <line number="189" hits="1" branch="false" />
            <line number="190" hits="1" branch="false" />
            <line number="191" hits="2" branch="false" />
            <line number="192" hits="1" branch="false" />
            <line number="196" hits="1" branch="false" />
            <line number="197" hits="1" branch="false" />
            <line number="198" hits="1" branch="false" />
            <line number="199" hits="2" branch="false" />
            <line number="200" hits="1" branch="false" />
            <line number="204" hits="1" branch="false" />
            <line number="205" hits="1" branch="false" />
            <line number="206" hits="1" branch="false" />
            <line number="207" hits="2" branch="false" />
            <line number="208" hits="1" branch="false" />
          </lines>
        </class>
        <class name="MyCollectionTesting.AddFirstTests" filename="E:\kpi\.NET_web\lab1\lab1\MyCollectionTesting\MyLinkedListTests.cs" line-rate="1" branch-rate="1" complexity="2">
          <methods>
            <method name="AddFirst_NewValue_EmptyList_ResultListWithOneNode" signature="()" line-rate="1" branch-rate="1" complexity="1">
              <lines>
                <line number="70" hits="1" branch="false" />
                <line number="71" hits="1" branch="false" />
                <line number="72" hits="1" branch="false" />
                <line number="73" hits="1" branch="false" />
                <line number="74" hits="1" branch="false" />
                <line number="75" hits="1" branch="false" />
                <line number="76" hits="1" branch="false" />
                <line number="77" hits="2" branch="false" />
                <line number="78" hits="1" branch="false" />
              </lines>
            </method>
            <method name="AddFirst_NewValue_ListWithOneNode_ResultFirstIsNewValue" signature="()" line-rate="1" branch-rate="1" complexity="1">
              <lines>
                <line number="82" hits="1" branch="false" />
                <line number="83" hits="1" branch="false" />
                <line number="84" hits="1" branch="false" />
                <line number="85" hits="1" branch="false" />
                <line number="86" hits="1" branch="false" />
                <line number="87" hits="1" branch="false" />
                <line number="88" hits="1" branch="false" />
                <line number="89" hits="1" branch="false" />
                <line number="90" hits="1" branch="false" />
                <line number="91" hits="2" branch="false" />
                <line number="92" hits="1" branch="false" />
              </lines>
            </method>
          </methods>
          <lines>
            <line number="70" hits="1" branch="false" />
            <line number="71" hits="1" branch="false" />
            <line number="72" hits="1" branch="false" />
            <line number="73" hits="1" branch="false" />
            <line number="74" hits="1" branch="false" />
            <line number="75" hits="1" branch="false" />
            <line number="76" hits="1" branch="false" />
            <line number="77" hits="2" branch="false" />
            <line number="78" hits="1" branch="false" />
            <line number="82" hits="1" branch="false" />
            <line number="83" hits="1" branch="false" />
            <line number="84" hits="1" branch="false" />
            <line number="85" hits="1" branch="false" />
            <line number="86" hits="1" branch="false" />
            <line number="87" hits="1" branch="false" />
            <line number="88" hits="1" branch="false" />
            <line number="89" hits="1" branch="false" />
            <line number="90" hits="1" branch="false" />
            <line number="91" hits="2" branch="false" />
            <line number="92" hits="1" branch="false" />
          </lines>
        </class>
        <class name="MyCollectionTesting.AddLastTests" filename="E:\kpi\.NET_web\lab1\lab1\MyCollectionTesting\MyLinkedListTests.cs" line-rate="1" branch-rate="1" complexity="2">
          <methods>
            <method name="Add_NewValue_EmptyList_ResultListWithOneNode" signature="()" line-rate="1" branch-rate="1" complexity="1">
              <lines>
                <line number="39" hits="1" branch="false" />
                <line number="40" hits="1" branch="false" />
                <line number="41" hits="1" branch="false" />
                <line number="42" hits="1" branch="false" />
                <line number="43" hits="1" branch="false" />
                <line number="44" hits="1" branch="false" />
                <line number="45" hits="1" branch="false" />
                <line number="46" hits="1" branch="false" />
                <line number="47" hits="1" branch="false" />
                <line number="48" hits="1" branch="false" />
              </lines>
            </method>
            <method name="Add_NewValue_ListWithOneNode_ResultLastValueIsNewValue" signature="()" line-rate="1" branch-rate="1" complexity="1">
              <lines>
                <line number="52" hits="1" branch="false" />
                <line number="53" hits="1" branch="false" />
                <line number="54" hits="1" branch="false" />
                <line number="55" hits="1" branch="false" />
                <line number="56" hits="1" branch="false" />
                <line number="57" hits="1" branch="false" />
                <line number="58" hits="1" branch="false" />
                <line number="59" hits="1" branch="false" />
                <line number="60" hits="1" branch="false" />
                <line number="61" hits="2" branch="false" />
                <line number="62" hits="1" branch="false" />
              </lines>
            </method>
          </methods>
          <lines>
            <line number="39" hits="1" branch="false" />
            <line number="40" hits="1" branch="false" />
            <line number="41" hits="1" branch="false" />
            <line number="42" hits="1" branch="false" />
            <line number="43" hits="1" branch="false" />
            <line number="44" hits="1" branch="false" />
            <line number="45" hits="1" branch="false" />
            <line number="46" hits="1" branch="false" />
            <line number="47" hits="1" branch="false" />
            <line number="48" hits="1" branch="false" />
            <line number="52" hits="1" branch="false" />
            <line number="53" hits="1" branch="false" />
            <line number="54" hits="1" branch="false" />
            <line number="55" hits="1" branch="false" />
            <line number="56" hits="1" branch="false" />
            <line number="57" hits="1" branch="false" />
            <line number="58" hits="1" branch="false" />
            <line number="59" hits="1" branch="false" />
            <line number="60" hits="1" branch="false" />
            <line number="61" hits="2" branch="false" />
            <line number="62" hits="1" branch="false" />
          </lines>
        </class>
        <class name="MyCollectionTesting.ClearTests" filename="E:\kpi\.NET_web\lab1\lab1\MyCollectionTesting\MyLinkedListTests.cs" line-rate="1" branch-rate="1" complexity="2">
          <methods>
            <method name="Clear_ListWith4Elements_ResultListIsEmpty" signature="()" line-rate="1" branch-rate="1" complexity="2">
              <lines>
                <line number="310" hits="1" branch="false" />
                <line number="311" hits="10" branch="true" condition-coverage="100% (2/2)" />
                <line number="312" hits="4" branch="false" />
                <line number="313" hits="4" branch="false" />
                <line number="314" hits="4" branch="false" />
                <line number="315" hits="1" branch="false" />
                <line number="316" hits="1" branch="false" />
                <line number="317" hits="1" branch="false" />
                <line number="318" hits="1" branch="false" />
                <line number="319" hits="1" branch="false" />
                <line number="320" hits="1" branch="false" />
                <line number="321" hits="2" branch="false" />
                <line number="322" hits="1" branch="false" />
              </lines>
            </method>
          </methods>
          <lines>
            <line number="310" hits="1" branch="false" />
            <line number="311" hits="10" branch="true" condition-coverage="100% (2/2)" />
            <line number="312" hits="4" branch="false" />
            <line number="313" hits="4" branch="false" />
            <line number="314" hits="4" branch="false" />
            <line number="315" hits="1" branch="false" />
            <line number="316" hits="1" branch="false" />
            <line number="317" hits="1" branch="false" />
            <line number="318" hits="1" branch="false" />
            <line number="319" hits="1" branch="false" />
            <line number="320" hits="1" branch="false" />
            <line number="321" hits="2" branch="false" />
            <line number="322" hits="1" branch="false" />
          </lines>
        </class>
        <class name="MyCollectionTesting.ConstructorTests" filename="E:\kpi\.NET_web\lab1\lab1\MyCollectionTesting\MyLinkedListTests.cs" line-rate="1" branch-rate="1" complexity="1">
          <methods>
            <method name="ConstructorWithCollection_NormalCollection_ResultListIsEqualToInitial" signature="()" line-rate="1" branch-rate="1" complexity="1">
              <lines>
                <line number="21" hits="1" branch="false" />
                <line number="22" hits="1" branch="false" />
                <line number="23" hits="1" branch="false" />
                <line number="24" hits="1" branch="false" />
                <line number="25" hits="1" branch="false" />
                <line number="26" hits="1" branch="false" />
                <line number="27" hits="1" branch="false" />
                <line number="28" hits="1" branch="false" />
                <line number="29" hits="1" branch="false" />
                <line number="30" hits="2" branch="false" />
                <line number="31" hits="1" branch="false" />
              </lines>
            </method>
          </methods>
          <lines>
            <line number="21" hits="1" branch="false" />
            <line number="22" hits="1" branch="false" />
            <line number="23" hits="1" branch="false" />
            <line number="24" hits="1" branch="false" />
            <line number="25" hits="1" branch="false" />
            <line number="26" hits="1" branch="false" />
            <line number="27" hits="1" branch="false" />
            <line number="28" hits="1" branch="false" />
            <line number="29" hits="1" branch="false" />
            <line number="30" hits="2" branch="false" />
            <line number="31" hits="1" branch="false" />
          </lines>
        </class>
        <class name="MyCollectionTesting.ContainsTests" filename="E:\kpi\.NET_web\lab1\lab1\MyCollectionTesting\MyLinkedListTests.cs" line-rate="1" branch-rate="1" complexity="1">
          <methods>
            <method name="Contains_ResultIsTrue" signature="()" line-rate="1" branch-rate="1" complexity="1">
              <lines>
                <line number="341" hits="1" branch="false" />
                <line number="342" hits="1" branch="false" />
                <line number="343" hits="1" branch="false" />
                <line number="344" hits="1" branch="false" />
                <line number="345" hits="1" branch="false" />
              </lines>
            </method>
          </methods>
          <lines>
            <line number="341" hits="1" branch="false" />
            <line number="342" hits="1" branch="false" />
            <line number="343" hits="1" branch="false" />
            <line number="344" hits="1" branch="false" />
            <line number="345" hits="1" branch="false" />
          </lines>
        </class>
        <class name="MyCollectionTesting.CopyToTests" filename="E:\kpi\.NET_web\lab1\lab1\MyCollectionTesting\MyLinkedListTests.cs" line-rate="1" branch-rate="1" complexity="2">
          <methods>
            <method name="CopyTo_ListWith3ElementsAndValidIndexParameter_ResultArrayWith3Elements" signature="()" line-rate="1" branch-rate="1" complexity="1">
              <lines>
                <line number="353" hits="1" branch="false" />
                <line number="354" hits="1" branch="false" />
                <line number="356" hits="1" branch="false" />
                <line number="357" hits="1" branch="false" />
                <line number="358" hits="1" branch="false" />
                <line number="360" hits="1" branch="false" />
                <line number="361" hits="1" branch="false" />
                <line number="362" hits="1" branch="false" />
                <line number="364" hits="1" branch="false" />
                <line number="366" hits="1" branch="false" />
                <line number="367" hits="1" branch="false" />
                <line number="368" hits="1" branch="false" />
                <line number="369" hits="1" branch="false" />
                <line number="370" hits="2" branch="false" />
                <line number="371" hits="1" branch="false" />
              </lines>
            </method>
            <method name="CopyTo_ListWith3ElementsAndWrongIndexInParams_ThrowArgumentOutOfrangeExcep" signature="()" line-rate="1" branch-rate="1" complexity="1">
              <lines>
                <line number="375" hits="1" branch="false" />
                <line number="376" hits="1" branch="false" />
                <line number="378" hits="1" branch="false" />
                <line number="379" hits="1" branch="false" />
                <line number="380" hits="1" branch="false" />
                <line number="382" hits="1" branch="false" />
                <line number="383" hits="1" branch="false" />
                <line number="384" hits="1" branch="false" />
                <line number="386" hits="2" branch="false" />
                <line number="388" hits="1" branch="false" />
                <line number="389" hits="1" branch="false" />
              </lines>
            </method>
          </methods>
          <lines>
            <line number="353" hits="1" branch="false" />
            <line number="354" hits="1" branch="false" />
            <line number="356" hits="1" branch="false" />
            <line number="357" hits="1" branch="false" />
            <line number="358" hits="1" branch="false" />
            <line number="360" hits="1" branch="false" />
            <line number="361" hits="1" branch="false" />
            <line number="362" hits="1" branch="false" />
            <line number="364" hits="1" branch="false" />
            <line number="366" hits="1" branch="false" />
            <line number="367" hits="1" branch="false" />
            <line number="368" hits="1" branch="false" />
            <line number="369" hits="1" branch="false" />
            <line number="370" hits="2" branch="false" />
            <line number="371" hits="1" branch="false" />
            <line number="375" hits="1" branch="false" />
            <line number="376" hits="1" branch="false" />
            <line number="378" hits="1" branch="false" />
            <line number="379" hits="1" branch="false" />
            <line number="380" hits="1" branch="false" />
            <line number="382" hits="1" branch="false" />
            <line number="383" hits="1" branch="false" />
            <line number="384" hits="1" branch="false" />
            <line number="386" hits="2" branch="false" />
            <line number="388" hits="1" branch="false" />
            <line number="389" hits="1" branch="false" />
          </lines>
        </class>
        <class name="MyCollectionTesting.EventListenerTests" filename="E:\kpi\.NET_web\lab1\lab1\MyCollectionTesting\EventListenerTests.cs" line-rate="1" branch-rate="1" complexity="3">
          <methods>
            <method name="SetUp" signature="()" line-rate="1" branch-rate="1" complexity="1">
              <lines>
                <line number="20" hits="2" branch="false" />
                <line number="21" hits="2" branch="false" />
                <line number="22" hits="2" branch="false" />
                <line number="23" hits="2" branch="false" />
              </lines>
            </method>
            <method name="OnAddedHandler_AddHandler_TureReturn" signature="()" line-rate="1" branch-rate="1" complexity="1">
              <lines>
                <line number="27" hits="1" branch="false" />
                <line number="28" hits="1" branch="false" />
                <line number="30" hits="1" branch="false" />
                <line number="31" hits="1" branch="false" />
                <line number="33" hits="3" branch="false" />
                <line number="35" hits="1" branch="false" />
                <line number="36" hits="1" branch="false" />
                <line number="37" hits="1" branch="false" />
                <line number="38" hits="1" branch="false" />
                <line number="40" hits="1" branch="false" />
                <line number="41" hits="1" branch="false" />
              </lines>
            </method>
            <method name="OnRemovedHandler_AddHandler_TureReturn" signature="()" line-rate="1" branch-rate="1" complexity="1">
              <lines>
                <line number="45" hits="1" branch="false" />
                <line number="46" hits="1" branch="false" />
                <line number="48" hits="1" branch="false" />
                <line number="49" hits="1" branch="false" />
                <line number="51" hits="3" branch="false" />
                <line number="53" hits="1" branch="false" />
                <line number="54" hits="1" branch="false" />
                <line number="55" hits="1" branch="false" />
                <line number="56" hits="1" branch="false" />
                <line number="57" hits="1" branch="false" />
                <line number="59" hits="1" branch="false" />
                <line number="60" hits="1" branch="false" />
              </lines>
            </method>
          </methods>
          <lines>
            <line number="20" hits="2" branch="false" />
            <line number="21" hits="2" branch="false" />
            <line number="22" hits="2" branch="false" />
            <line number="23" hits="2" branch="false" />
            <line number="27" hits="1" branch="false" />
            <line number="28" hits="1" branch="false" />
            <line number="30" hits="1" branch="false" />
            <line number="31" hits="1" branch="false" />
            <line number="33" hits="3" branch="false" />
            <line number="35" hits="1" branch="false" />
            <line number="36" hits="1" branch="false" />
            <line number="37" hits="1" branch="false" />
            <line number="38" hits="1" branch="false" />
            <line number="40" hits="1" branch="false" />
            <line number="41" hits="1" branch="false" />
            <line number="45" hits="1" branch="false" />
            <line number="46" hits="1" branch="false" />
            <line number="48" hits="1" branch="false" />
            <line number="49" hits="1" branch="false" />
            <line number="51" hits="3" branch="false" />
            <line number="53" hits="1" branch="false" />
            <line number="54" hits="1" branch="false" />
            <line number="55" hits="1" branch="false" />
            <line number="56" hits="1" branch="false" />
            <line number="57" hits="1" branch="false" />
            <line number="59" hits="1" branch="false" />
            <line number="60" hits="1" branch="false" />
          </lines>
        </class>
        <class name="MyCollectionTesting.FindTests" filename="E:\kpi\.NET_web\lab1\lab1\MyCollectionTesting\MyLinkedListTests.cs" line-rate="1" branch-rate="1" complexity="1">
          <methods>
            <method name="Find_EmptyList_ResultIsNull" signature="()" line-rate="1" branch-rate="1" complexity="1">
              <lines>
                <line number="330" hits="1" branch="false" />
                <line number="331" hits="1" branch="false" />
                <line number="332" hits="1" branch="false" />
                <line number="333" hits="1" branch="false" />
              </lines>
            </method>
          </methods>
          <lines>
            <line number="330" hits="1" branch="false" />
            <line number="331" hits="1" branch="false" />
            <line number="332" hits="1" branch="false" />
            <line number="333" hits="1" branch="false" />
          </lines>
        </class>
        <class name="MyCollectionTesting.GetEnumeratorTests" filename="E:\kpi\.NET_web\lab1\lab1\MyCollectionTesting\MyLinkedListTests.cs" line-rate="1" branch-rate="1" complexity="2">
          <methods>
            <method name="GetEnumerator_ListWith3Elements_AllAreCorrect" signature="()" line-rate="1" branch-rate="1" complexity="2">
              <lines>
                <line number="397" hits="1" branch="false" />
                <line number="398" hits="1" branch="false" />
                <line number="400" hits="1" branch="false" />
                <line number="401" hits="1" branch="false" />
                <line number="402" hits="1" branch="false" />
                <line number="404" hits="1" branch="false" />
                <line number="405" hits="1" branch="false" />
                <line number="406" hits="1" branch="false" />
                <line number="408" hits="9" branch="true" condition-coverage="100% (2/2)" />
                <line number="409" hits="3" branch="false" />
                <line number="410" hits="3" branch="false" />
                <line number="411" hits="3" branch="false" />
                <line number="413" hits="1" branch="false" />
                <line number="414" hits="1" branch="false" />
                <line number="415" hits="1" branch="false" />
              </lines>
            </method>
          </methods>
          <lines>
            <line number="397" hits="1" branch="false" />
            <line number="398" hits="1" branch="false" />
            <line number="400" hits="1" branch="false" />
            <line number="401" hits="1" branch="false" />
            <line number="402" hits="1" branch="false" />
            <line number="404" hits="1" branch="false" />
            <line number="405" hits="1" branch="false" />
            <line number="406" hits="1" branch="false" />
            <line number="408" hits="9" branch="true" condition-coverage="100% (2/2)" />
            <line number="409" hits="3" branch="false" />
            <line number="410" hits="3" branch="false" />
            <line number="411" hits="3" branch="false" />
            <line number="413" hits="1" branch="false" />
            <line number="414" hits="1" branch="false" />
            <line number="415" hits="1" branch="false" />
          </lines>
        </class>
        <class name="MyCollectionTesting.RemoveFirstTests" filename="E:\kpi\.NET_web\lab1\lab1\MyCollectionTesting\MyLinkedListTests.cs" line-rate="1" branch-rate="1" complexity="2">
          <methods>
            <method name="RemoveFirst_EmptyList_ResultExeption" signature="()" line-rate="1" branch-rate="1" complexity="1">
              <lines>
                <line number="260" hits="1" branch="false" />
                <line number="261" hits="2" branch="false" />
                <line number="262" hits="1" branch="false" />
              </lines>
            </method>
            <method name="RemoveFirst_TwoElements_ResultSecondBecomeFirst" signature="()" line-rate="1" branch-rate="1" complexity="1">
              <lines>
                <line number="266" hits="1" branch="false" />
                <line number="267" hits="1" branch="false" />
                <line number="268" hits="1" branch="false" />
                <line number="269" hits="1" branch="false" />
                <line number="270" hits="1" branch="false" />
                <line number="271" hits="1" branch="false" />
                <line number="272" hits="1" branch="false" />
                <line number="273" hits="1" branch="false" />
                <line number="274" hits="1" branch="false" />
                <line number="275" hits="1" branch="false" />
                <line number="276" hits="2" branch="false" />
                <line number="277" hits="1" branch="false" />
              </lines>
            </method>
          </methods>
          <lines>
            <line number="260" hits="1" branch="false" />
            <line number="261" hits="2" branch="false" />
            <line number="262" hits="1" branch="false" />
            <line number="266" hits="1" branch="false" />
            <line number="267" hits="1" branch="false" />
            <line number="268" hits="1" branch="false" />
            <line number="269" hits="1" branch="false" />
            <line number="270" hits="1" branch="false" />
            <line number="271" hits="1" branch="false" />
            <line number="272" hits="1" branch="false" />
            <line number="273" hits="1" branch="false" />
            <line number="274" hits="1" branch="false" />
            <line number="275" hits="1" branch="false" />
            <line number="276" hits="2" branch="false" />
            <line number="277" hits="1" branch="false" />
          </lines>
        </class>
        <class name="MyCollectionTesting.RemoveLastTests" filename="E:\kpi\.NET_web\lab1\lab1\MyCollectionTesting\MyLinkedListTests.cs" line-rate="1" branch-rate="1" complexity="2">
          <methods>
            <method name="RemoveLast_EmptyList_ResultExeption" signature="()" line-rate="1" branch-rate="1" complexity="1">
              <lines>
                <line number="285" hits="1" branch="false" />
                <line number="286" hits="2" branch="false" />
                <line number="287" hits="1" branch="false" />
              </lines>
            </method>
            <method name="RemoveLast_TwoElements_ResultFirstBecomeLast" signature="()" line-rate="1" branch-rate="1" complexity="1">
              <lines>
                <line number="291" hits="1" branch="false" />
                <line number="292" hits="1" branch="false" />
                <line number="293" hits="1" branch="false" />
                <line number="294" hits="1" branch="false" />
                <line number="295" hits="1" branch="false" />
                <line number="296" hits="1" branch="false" />
                <line number="297" hits="1" branch="false" />
                <line number="298" hits="1" branch="false" />
                <line number="299" hits="1" branch="false" />
                <line number="300" hits="1" branch="false" />
                <line number="301" hits="2" branch="false" />
                <line number="302" hits="1" branch="false" />
              </lines>
            </method>
          </methods>
          <lines>
            <line number="285" hits="1" branch="false" />
            <line number="286" hits="2" branch="false" />
            <line number="287" hits="1" branch="false" />
            <line number="291" hits="1" branch="false" />
            <line number="292" hits="1" branch="false" />
            <line number="293" hits="1" branch="false" />
            <line number="294" hits="1" branch="false" />
            <line number="295" hits="1" branch="false" />
            <line number="296" hits="1" branch="false" />
            <line number="297" hits="1" branch="false" />
            <line number="298" hits="1" branch="false" />
            <line number="299" hits="1" branch="false" />
            <line number="300" hits="1" branch="false" />
            <line number="301" hits="2" branch="false" />
            <line number="302" hits="1" branch="false" />
          </lines>
        </class>
        <class name="MyCollectionTesting.RemoveTests" filename="E:\kpi\.NET_web\lab1\lab1\MyCollectionTesting\MyLinkedListTests.cs" line-rate="1" branch-rate="1" complexity="4">
          <methods>
            <method name="Remove_EmptyList_ResultExeption" signature="()" line-rate="1" branch-rate="1" complexity="1">
              <lines>
                <line number="216" hits="1" branch="false" />
                <line number="217" hits="1" branch="false" />
                <line number="218" hits="1" branch="false" />
              </lines>
            </method>
            <method name="Remove_BetweenTwoNodes_ResultValueRemoved" signature="()" line-rate="1" branch-rate="1" complexity="1">
              <lines>
                <line number="222" hits="1" branch="false" />
                <line number="223" hits="1" branch="false" />
                <line number="224" hits="1" branch="false" />
                <line number="225" hits="1" branch="false" />
                <line number="226" hits="1" branch="false" />
                <line number="227" hits="1" branch="false" />
                <line number="228" hits="1" branch="false" />
                <line number="229" hits="1" branch="false" />
                <line number="230" hits="1" branch="false" />
                <line number="231" hits="1" branch="false" />
                <line number="232" hits="1" branch="false" />
                <line number="233" hits="1" branch="false" />
                <line number="234" hits="1" branch="false" />
                <line number="235" hits="2" branch="false" />
                <line number="236" hits="1" branch="false" />
              </lines>
            </method>
            <method name="Remove_FakeNode_ResultExeption" signature="()" line-rate="1" branch-rate="1" complexity="1">
              <lines>
                <line number="240" hits="1" branch="false" />
                <line number="241" hits="1" branch="false" />
                <line number="242" hits="2" branch="false" />
                <line number="243" hits="1" branch="false" />
              </lines>
            </method>
            <method name="Remove_OnlyNode_ResultEmptyList" signature="()" line-rate="1" branch-rate="1" complexity="1">
              <lines>
                <line number="247" hits="1" branch="false" />
                <line number="248" hits="1" branch="false" />
                <line number="249" hits="1" branch="false" />
                <line number="250" hits="1" branch="false" />
                <line number="251" hits="1" branch="false" />
                <line number="252" hits="1" branch="false" />
              </lines>
            </method>
          </methods>
          <lines>
            <line number="216" hits="1" branch="false" />
            <line number="217" hits="1" branch="false" />
            <line number="218" hits="1" branch="false" />
            <line number="222" hits="1" branch="false" />
            <line number="223" hits="1" branch="false" />
            <line number="224" hits="1" branch="false" />
            <line number="225" hits="1" branch="false" />
            <line number="226" hits="1" branch="false" />
            <line number="227" hits="1" branch="false" />
            <line number="228" hits="1" branch="false" />
            <line number="229" hits="1" branch="false" />
            <line number="230" hits="1" branch="false" />
            <line number="231" hits="1" branch="false" />
            <line number="232" hits="1" branch="false" />
            <line number="233" hits="1" branch="false" />
            <line number="234" hits="1" branch="false" />
            <line number="235" hits="2" branch="false" />
            <line number="236" hits="1" branch="false" />
            <line number="240" hits="1" branch="false" />
            <line number="241" hits="1" branch="false" />
            <line number="242" hits="2" branch="false" />
            <line number="243" hits="1" branch="false" />
            <line number="247" hits="1" branch="false" />
            <line number="248" hits="1" branch="false" />
            <line number="249" hits="1" branch="false" />
            <line number="250" hits="1" branch="false" />
            <line number="251" hits="1" branch="false" />
            <line number="252" hits="1" branch="false" />
          </lines>
        </class>
        <class name="MyCollectionTesting.ShowTests" filename="E:\kpi\.NET_web\lab1\lab1\MyCollectionTesting\MyLinkedListTests.cs" line-rate="0.833333333333333" branch-rate="1" complexity="1">
          <methods>
            <method name="Show_ResultOK" signature="()" line-rate="0.833333333333333" branch-rate="1" complexity="1">
              <lines>
                <line number="423" hits="1" branch="false" />
                <line number="424" hits="1" branch="false" />
                <line number="425" hits="1" branch="false" />
                <line number="426" hits="1" branch="false" />
                <line number="427" hits="1" branch="false" />
                <line number="428" hits="0" branch="false" />
              </lines>
            </method>
          </methods>
          <lines>
            <line number="423" hits="1" branch="false" />
            <line number="424" hits="1" branch="false" />
            <line number="425" hits="1" branch="false" />
            <line number="426" hits="1" branch="false" />
            <line number="427" hits="1" branch="false" />
            <line number="428" hits="0" branch="false" />
          </lines>
        </class>
        <class name="MyCollectionTesting.Tests" filename="E:\kpi\.NET_web\lab1\lab1\MyCollectionTesting\MyLinkedListTests.cs" line-rate="1" branch-rate="1" complexity="1">
          <methods>
            <method name="Setup" signature="()" line-rate="1" branch-rate="1" complexity="1">
              <lines>
                <line number="11" hits="27" branch="false" />
                <line number="12" hits="27" branch="false" />
                <line number="13" hits="27" branch="false" />
              </lines>
            </method>
          </methods>
          <lines>
            <line number="11" hits="27" branch="false" />
            <line number="12" hits="27" branch="false" />
            <line number="13" hits="27" branch="false" />
          </lines>
        </class>
      </classes>
    </package>
  </packages>
</coverage>