TpTrace Verbose: 0 : 3660, 1, 2023/10/22, 21:04:18.659, 7024262290759, vstest.console.dll, Version: 17.5.0-release-20221220-01 Current process architecture: X64
TpTrace Verbose: 0 : 3660, 1, 2023/10/22, 21:04:18.661, 7024262305523, vstest.console.dll, Runtime location: C:\Program Files\dotnet\shared\Microsoft.NETCore.App\7.0.5
TpTrace Verbose: 0 : 3660, 1, 2023/10/22, 21:04:18.663, 7024262327928, vstest.console.dll, ArtifactProcessingPostProcessModeProcessorExecutor.Initialize: ArtifactProcessingMode.Collect
TpTrace Verbose: 0 : 3660, 1, 2023/10/22, 21:04:18.663, 7024262328931, vstest.console.dll, TestSessionCorrelationIdProcessorModeProcessorExecutor.Initialize: TestSessionCorrelationId '26672_9cab9d18-236c-4c37-b066-ca8b28ea8852'
TpTrace Information: 0 : 3660, 1, 2023/10/22, 21:04:18.671, 7024262405714, vstest.console.dll, FilePatternParser: The given file E:\kpi\.NET_web\lab1\lab1\MyCollectionTesting\bin\Debug\net6.0\fine-code-coverage\build-output\MyCollectionTesting.dll is a full path.
TpTrace Verbose: 0 : 3660, 1, 2023/10/22, 21:04:18.675, 7024262448301, vstest.console.dll, TestPluginCache.DiscoverTestExtensions: finding test extensions in assemblies ends with: RuntimeProvider.dll TPluginInfo: Microsoft.VisualStudio.TestPlatform.Common.ExtensionFramework.Utilities.TestRuntimePluginInformation TExtension: Microsoft.VisualStudio.TestPlatform.ObjectModel.Host.ITestRuntimeProvider
TpTrace Verbose: 0 : 3660, 1, 2023/10/22, 21:04:18.676, 7024262463785, vstest.console.dll, TestPluginCache.GetExtensionPaths: Filtered extension paths: 
TpTrace Verbose: 0 : 3660, 1, 2023/10/22, 21:04:18.677, 7024262465455, vstest.console.dll, TestPluginCache.GetExtensionPaths: Added default extension paths: C:\Program Files\dotnet\sdk\7.0.203\Extensions\Microsoft.Diagnostics.NETCore.Client.dll
C:\Program Files\dotnet\sdk\7.0.203\Extensions\Microsoft.TestPlatform.Extensions.BlameDataCollector.dll
C:\Program Files\dotnet\sdk\7.0.203\Extensions\Microsoft.TestPlatform.Extensions.EventLogCollector.dll
C:\Program Files\dotnet\sdk\7.0.203\Extensions\Microsoft.TestPlatform.TestHostRuntimeProvider.dll
C:\Program Files\dotnet\sdk\7.0.203\Extensions\Microsoft.VisualStudio.TestPlatform.Extensions.Html.TestLogger.dll
C:\Program Files\dotnet\sdk\7.0.203\Extensions\Microsoft.VisualStudio.TestPlatform.Extensions.Trx.TestLogger.dll
TpTrace Verbose: 0 : 3660, 1, 2023/10/22, 21:04:18.677, 7024262466103, vstest.console.dll, TestPluginCache.GetExtensionPaths: Added unfilterableExtensionPaths: 
TpTrace Information: 0 : 3660, 1, 2023/10/22, 21:04:18.678, 7024262474416, vstest.console.dll, AssemblyResolver.ctor: Creating AssemblyResolver with searchDirectories C:\Program Files\dotnet\sdk\7.0.203\Extensions,C:\Program Files\dotnet\sdk\7.0.203
TpTrace Verbose: 0 : 3660, 1, 2023/10/22, 21:04:18.679, 7024262488286, vstest.console.dll, TestPluginCache.DiscoverTestExtensions: Discovering the extensions using extension path.
TpTrace Verbose: 0 : 3660, 1, 2023/10/22, 21:04:18.679, 7024262489713, vstest.console.dll, TestPluginCache.GetExtensionPaths: Filtered extension paths: 
TpTrace Verbose: 0 : 3660, 1, 2023/10/22, 21:04:18.679, 7024262490217, vstest.console.dll, TestPluginCache.GetExtensionPaths: Added default extension paths: C:\Program Files\dotnet\sdk\7.0.203\Extensions\Microsoft.Diagnostics.NETCore.Client.dll
C:\Program Files\dotnet\sdk\7.0.203\Extensions\Microsoft.TestPlatform.Extensions.BlameDataCollector.dll
C:\Program Files\dotnet\sdk\7.0.203\Extensions\Microsoft.TestPlatform.Extensions.EventLogCollector.dll
C:\Program Files\dotnet\sdk\7.0.203\Extensions\Microsoft.TestPlatform.TestHostRuntimeProvider.dll
C:\Program Files\dotnet\sdk\7.0.203\Extensions\Microsoft.VisualStudio.TestPlatform.Extensions.Html.TestLogger.dll
C:\Program Files\dotnet\sdk\7.0.203\Extensions\Microsoft.VisualStudio.TestPlatform.Extensions.Trx.TestLogger.dll
TpTrace Verbose: 0 : 3660, 1, 2023/10/22, 21:04:18.679, 7024262490563, vstest.console.dll, TestPluginCache.GetExtensionPaths: Added unfilterableExtensionPaths: 
TpTrace Verbose: 0 : 3660, 1, 2023/10/22, 21:04:18.679, 7024262491540, vstest.console.dll, TestPluginCache.DiscoverTestExtensions: Discovering the extensions using allExtensionPaths: C:\Program Files\dotnet\sdk\7.0.203\Extensions\Microsoft.Diagnostics.NETCore.Client.dll
C:\Program Files\dotnet\sdk\7.0.203\Extensions\Microsoft.TestPlatform.Extensions.BlameDataCollector.dll
C:\Program Files\dotnet\sdk\7.0.203\Extensions\Microsoft.TestPlatform.Extensions.EventLogCollector.dll
C:\Program Files\dotnet\sdk\7.0.203\Extensions\Microsoft.TestPlatform.TestHostRuntimeProvider.dll
C:\Program Files\dotnet\sdk\7.0.203\Extensions\Microsoft.VisualStudio.TestPlatform.Extensions.Html.TestLogger.dll
C:\Program Files\dotnet\sdk\7.0.203\Extensions\Microsoft.VisualStudio.TestPlatform.Extensions.Trx.TestLogger.dll
TpTrace Information: 0 : 3660, 1, 2023/10/22, 21:04:18.679, 7024262493132, vstest.console.dll, AssemblyResolver.AddSearchDirectories: Adding more searchDirectories C:\Program Files\dotnet\sdk\7.0.203\Extensions,C:\Program Files\dotnet\sdk\7.0.203
TpTrace Information: 0 : 3660, 1, 2023/10/22, 21:04:18.679, 7024262493884, vstest.console.dll, AssemblyResolver.AddSearchDirectories: Adding more searchDirectories C:\Program Files\dotnet\sdk\7.0.203\Extensions,C:\Program Files\dotnet\sdk\7.0.203
TpTrace Information: 0 : 3660, 1, 2023/10/22, 21:04:18.679, 7024262494343, vstest.console.dll, AssemblyResolver.AddSearchDirectories: Adding more searchDirectories C:\Program Files\dotnet\sdk\7.0.203\Extensions,C:\Program Files\dotnet\sdk\7.0.203
TpTrace Information: 0 : 3660, 1, 2023/10/22, 21:04:18.680, 7024262494682, vstest.console.dll, AssemblyResolver.AddSearchDirectories: Adding more searchDirectories C:\Program Files\dotnet\sdk\7.0.203\Extensions,C:\Program Files\dotnet\sdk\7.0.203
TpTrace Information: 0 : 3660, 1, 2023/10/22, 21:04:18.680, 7024262495012, vstest.console.dll, AssemblyResolver.AddSearchDirectories: Adding more searchDirectories C:\Program Files\dotnet\sdk\7.0.203\Extensions,C:\Program Files\dotnet\sdk\7.0.203
TpTrace Information: 0 : 3660, 1, 2023/10/22, 21:04:18.680, 7024262495344, vstest.console.dll, AssemblyResolver.AddSearchDirectories: Adding more searchDirectories C:\Program Files\dotnet\sdk\7.0.203\Extensions,C:\Program Files\dotnet\sdk\7.0.203
TpTrace Information: 0 : 3660, 1, 2023/10/22, 21:04:18.680, 7024262498681, vstest.console.dll, AssemblyResolver.OnResolve: Microsoft.Diagnostics.NETCore.Client: Resolving assembly.
TpTrace Information: 0 : 3660, 1, 2023/10/22, 21:04:18.680, 7024262499682, vstest.console.dll, AssemblyResolver.OnResolve: Microsoft.Diagnostics.NETCore.Client: Searching in: 'C:\Program Files\dotnet\sdk\7.0.203\Extensions'.
TpTrace Information: 0 : 3660, 1, 2023/10/22, 21:04:18.688, 7024262583812, vstest.console.dll, AssemblyResolver.OnResolve: Microsoft.Diagnostics.NETCore.Client: Loading assembly 'C:\Program Files\dotnet\sdk\7.0.203\Extensions\Microsoft.Diagnostics.NETCore.Client.dll'.
TpTrace Information: 0 : 3660, 1, 2023/10/22, 21:04:18.689, 7024262591204, vstest.console.dll, AssemblyResolver.OnResolve: Resolved assembly: Microsoft.Diagnostics.NETCore.Client, from path: C:\Program Files\dotnet\sdk\7.0.203\Extensions\Microsoft.Diagnostics.NETCore.Client.dll
TpTrace Verbose: 0 : 3660, 1, 2023/10/22, 21:04:18.690, 7024262600769, vstest.console.dll, MetadataReaderExtensionsHelper: Discovering extensions inside assembly 'Microsoft.Diagnostics.NETCore.Client, Version=0.2.6.42401, Culture=neutral, PublicKeyToken=31bf3856ad364e35' file path 'C:\Program Files\dotnet\sdk\7.0.203\Extensions\Microsoft.Diagnostics.NETCore.Client.dll'
TpTrace Information: 0 : 3660, 1, 2023/10/22, 21:04:18.695, 7024262645605, vstest.console.dll, AssemblyResolver.OnResolve: Microsoft.Bcl.AsyncInterfaces: Resolving assembly.
TpTrace Information: 0 : 3660, 1, 2023/10/22, 21:04:18.695, 7024262646633, vstest.console.dll, AssemblyResolver.OnResolve: Microsoft.Bcl.AsyncInterfaces: Searching in: 'C:\Program Files\dotnet\sdk\7.0.203\Extensions'.
TpTrace Information: 0 : 3660, 1, 2023/10/22, 21:04:18.695, 7024262647497, vstest.console.dll, AssemblyResolver.OnResolve: Microsoft.Bcl.AsyncInterfaces: Assembly path does not exist: 'C:\Program Files\dotnet\sdk\7.0.203\Extensions\Microsoft.Bcl.AsyncInterfaces.dll', returning.
TpTrace Information: 0 : 3660, 1, 2023/10/22, 21:04:18.695, 7024262648485, vstest.console.dll, AssemblyResolver.OnResolve: Microsoft.Bcl.AsyncInterfaces: Assembly path does not exist: 'C:\Program Files\dotnet\sdk\7.0.203\Extensions\Microsoft.Bcl.AsyncInterfaces.exe', returning.
TpTrace Information: 0 : 3660, 1, 2023/10/22, 21:04:18.695, 7024262648858, vstest.console.dll, AssemblyResolver.OnResolve: Microsoft.Bcl.AsyncInterfaces: Searching in: 'C:\Program Files\dotnet\sdk\7.0.203'.
TpTrace Information: 0 : 3660, 1, 2023/10/22, 21:04:18.695, 7024262649532, vstest.console.dll, AssemblyResolver.OnResolve: Microsoft.Bcl.AsyncInterfaces: Assembly path does not exist: 'C:\Program Files\dotnet\sdk\7.0.203\Microsoft.Bcl.AsyncInterfaces.dll', returning.
TpTrace Information: 0 : 3660, 1, 2023/10/22, 21:04:18.695, 7024262650151, vstest.console.dll, AssemblyResolver.OnResolve: Microsoft.Bcl.AsyncInterfaces: Assembly path does not exist: 'C:\Program Files\dotnet\sdk\7.0.203\Microsoft.Bcl.AsyncInterfaces.exe', returning.
TpTrace Information: 0 : 3660, 1, 2023/10/22, 21:04:18.695, 7024262650472, vstest.console.dll, AssemblyResolver.OnResolve: Microsoft.Bcl.AsyncInterfaces: Failed to load assembly.
TpTrace Verbose: 0 : 3660, 1, 2023/10/22, 21:04:18.695, 7024262650823, vstest.console.dll, CurrentDomainAssemblyResolve: Resolving assembly 'Microsoft.Bcl.AsyncInterfaces'.
TpTrace Information: 0 : 3660, 1, 2023/10/22, 21:04:18.695, 7024262651397, vstest.console.dll, AssemblyResolver.OnResolve: Microsoft.Bcl.AsyncInterfaces: Resolving assembly.
TpTrace Information: 0 : 3660, 1, 2023/10/22, 21:04:18.695, 7024262651832, vstest.console.dll, AssemblyResolver.OnResolve: Microsoft.Bcl.AsyncInterfaces: Resolved from cache.
TpTrace Verbose: 0 : 3660, 1, 2023/10/22, 21:04:18.695, 7024262652131, vstest.console.dll, CurrentDomainAssemblyResolve: Resolving assembly 'Microsoft.Bcl.AsyncInterfaces'.
TpTrace Verbose: 0 : 3660, 1, 2023/10/22, 21:04:18.695, 7024262652485, vstest.console.dll, CurrentDomainAssemblyResolve: Failed to resolve assembly 'Microsoft.Bcl.AsyncInterfaces'.
TpTrace Verbose: 0 : 3660, 1, 2023/10/22, 21:04:18.696, 7024262661317, vstest.console.dll, CurrentDomainAssemblyResolve: Failed to resolve assembly 'Microsoft.Bcl.AsyncInterfaces'.
TpTrace Warning: 0 : 3660, 1, 2023/10/22, 21:04:18.703, 7024262725749, vstest.console.dll, TestPluginDiscoverer: Failed to get types from assembly 'Microsoft.Diagnostics.NETCore.Client, Version=0.2.6.42401, Culture=neutral, PublicKeyToken=31bf3856ad364e35'. Error: System.Reflection.ReflectionTypeLoadException: Unable to load one or more of the requested types.
Could not load file or assembly 'Microsoft.Bcl.AsyncInterfaces, Version=1.0.0.0, Culture=neutral, PublicKeyToken=cc7b13ffcd2ddd51'. The system cannot find the file specified.
   at System.Reflection.RuntimeModule.GetTypes(RuntimeModule module)
   at System.Reflection.Assembly.GetTypes()
   at Microsoft.VisualStudio.TestPlatform.Common.ExtensionFramework.TestPluginDiscoverer.GetTestExtensionsFromAssembly[TPluginInfo,TExtension](Assembly assembly, Dictionary`2 pluginInfos, String filePath)
System.IO.FileNotFoundException: Could not load file or assembly 'Microsoft.Bcl.AsyncInterfaces, Version=1.0.0.0, Culture=neutral, PublicKeyToken=cc7b13ffcd2ddd51'. The system cannot find the file specified.
File name: 'Microsoft.Bcl.AsyncInterfaces, Version=1.0.0.0, Culture=neutral, PublicKeyToken=cc7b13ffcd2ddd51'
 ---> System.IO.FileNotFoundException: Could not load file or assembly 'Microsoft.Bcl.AsyncInterfaces, Culture=neutral, PublicKeyToken=null'. The system cannot find the file specified.
File name: 'Microsoft.Bcl.AsyncInterfaces, Culture=neutral, PublicKeyToken=null'
   at System.Reflection.RuntimeAssembly.InternalLoad(AssemblyName assemblyName, StackCrawlMark& stackMark, AssemblyLoadContext assemblyLoadContext, RuntimeAssembly requestingAssembly, Boolean throwOnFileNotFound)
   at System.Reflection.Assembly.Load(AssemblyName assemblyRef)
   at Microsoft.VisualStudio.TestPlatform.Common.ExtensionFramework.TestPluginCache.CurrentDomainAssemblyResolve(Object sender, AssemblyResolveEventArgs args)
   at System.Runtime.Loader.AssemblyLoadContext.GetFirstResolvedAssemblyFromResolvingEvent(AssemblyName assemblyName)
   at System.Runtime.Loader.AssemblyLoadContext.ResolveUsingEvent(AssemblyName assemblyName)
   at System.Runtime.Loader.AssemblyLoadContext.ResolveUsingResolvingEvent(IntPtr gchManagedAssemblyLoadContext, AssemblyName assemblyName)
TpTrace Warning: 0 : 3660, 1, 2023/10/22, 21:04:18.703, 7024262729162, vstest.console.dll, LoaderExceptions: System.IO.FileNotFoundException: Could not load file or assembly 'Microsoft.Bcl.AsyncInterfaces, Version=1.0.0.0, Culture=neutral, PublicKeyToken=cc7b13ffcd2ddd51'. The system cannot find the file specified.
File name: 'Microsoft.Bcl.AsyncInterfaces, Version=1.0.0.0, Culture=neutral, PublicKeyToken=cc7b13ffcd2ddd51'
 ---> System.IO.FileNotFoundException: Could not load file or assembly 'Microsoft.Bcl.AsyncInterfaces, Culture=neutral, PublicKeyToken=null'. The system cannot find the file specified.
File name: 'Microsoft.Bcl.AsyncInterfaces, Culture=neutral, PublicKeyToken=null'
   at System.Reflection.RuntimeAssembly.InternalLoad(AssemblyName assemblyName, StackCrawlMark& stackMark, AssemblyLoadContext assemblyLoadContext, RuntimeAssembly requestingAssembly, Boolean throwOnFileNotFound)
   at System.Reflection.Assembly.Load(AssemblyName assemblyRef)
   at Microsoft.VisualStudio.TestPlatform.Common.ExtensionFramework.TestPluginCache.CurrentDomainAssemblyResolve(Object sender, AssemblyResolveEventArgs args)
   at System.Runtime.Loader.AssemblyLoadContext.GetFirstResolvedAssemblyFromResolvingEvent(AssemblyName assemblyName)
   at System.Runtime.Loader.AssemblyLoadContext.ResolveUsingEvent(AssemblyName assemblyName)
   at System.Runtime.Loader.AssemblyLoadContext.ResolveUsingResolvingEvent(IntPtr gchManagedAssemblyLoadContext, AssemblyName assemblyName)
TpTrace Information: 0 : 3660, 1, 2023/10/22, 21:04:18.703, 7024262730765, vstest.console.dll, AssemblyResolver.OnResolve: Microsoft.TestPlatform.Extensions.BlameDataCollector: Resolving assembly.
TpTrace Information: 0 : 3660, 1, 2023/10/22, 21:04:18.703, 7024262731309, vstest.console.dll, AssemblyResolver.OnResolve: Microsoft.TestPlatform.Extensions.BlameDataCollector: Searching in: 'C:\Program Files\dotnet\sdk\7.0.203\Extensions'.
TpTrace Information: 0 : 3660, 1, 2023/10/22, 21:04:18.704, 7024262737010, vstest.console.dll, AssemblyResolver.OnResolve: Microsoft.TestPlatform.Extensions.BlameDataCollector: Loading assembly 'C:\Program Files\dotnet\sdk\7.0.203\Extensions\Microsoft.TestPlatform.Extensions.BlameDataCollector.dll'.
TpTrace Information: 0 : 3660, 1, 2023/10/22, 21:04:18.704, 7024262742529, vstest.console.dll, AssemblyResolver.OnResolve: Resolved assembly: Microsoft.TestPlatform.Extensions.BlameDataCollector, from path: C:\Program Files\dotnet\sdk\7.0.203\Extensions\Microsoft.TestPlatform.Extensions.BlameDataCollector.dll
TpTrace Verbose: 0 : 3660, 1, 2023/10/22, 21:04:18.704, 7024262743362, vstest.console.dll, MetadataReaderExtensionsHelper: Discovering extensions inside assembly 'Microsoft.TestPlatform.Extensions.BlameDataCollector, Version=15.0.0.0, Culture=neutral, PublicKeyToken=b03f5f7f11d50a3a' file path 'C:\Program Files\dotnet\sdk\7.0.203\Extensions\Microsoft.TestPlatform.Extensions.BlameDataCollector.dll'
TpTrace Information: 0 : 3660, 1, 2023/10/22, 21:04:18.706, 7024262757448, vstest.console.dll, AssemblyResolver.OnResolve: Microsoft.TestPlatform.Extensions.EventLogCollector: Resolving assembly.
TpTrace Information: 0 : 3660, 1, 2023/10/22, 21:04:18.706, 7024262758127, vstest.console.dll, AssemblyResolver.OnResolve: Microsoft.TestPlatform.Extensions.EventLogCollector: Searching in: 'C:\Program Files\dotnet\sdk\7.0.203\Extensions'.
TpTrace Information: 0 : 3660, 1, 2023/10/22, 21:04:18.706, 7024262762369, vstest.console.dll, AssemblyResolver.OnResolve: Microsoft.TestPlatform.Extensions.EventLogCollector: Loading assembly 'C:\Program Files\dotnet\sdk\7.0.203\Extensions\Microsoft.TestPlatform.Extensions.EventLogCollector.dll'.
TpTrace Information: 0 : 3660, 1, 2023/10/22, 21:04:18.707, 7024262767925, vstest.console.dll, AssemblyResolver.OnResolve: Resolved assembly: Microsoft.TestPlatform.Extensions.EventLogCollector, from path: C:\Program Files\dotnet\sdk\7.0.203\Extensions\Microsoft.TestPlatform.Extensions.EventLogCollector.dll
TpTrace Verbose: 0 : 3660, 1, 2023/10/22, 21:04:18.707, 7024262768756, vstest.console.dll, MetadataReaderExtensionsHelper: Discovering extensions inside assembly 'Microsoft.TestPlatform.Extensions.EventLogCollector, Version=15.0.0.0, Culture=neutral, PublicKeyToken=b03f5f7f11d50a3a' file path 'C:\Program Files\dotnet\sdk\7.0.203\Extensions\Microsoft.TestPlatform.Extensions.EventLogCollector.dll'
TpTrace Information: 0 : 3660, 1, 2023/10/22, 21:04:18.710, 7024262798996, vstest.console.dll, AssemblyResolver.OnResolve: Microsoft.TestPlatform.TestHostRuntimeProvider: Resolving assembly.
TpTrace Information: 0 : 3660, 1, 2023/10/22, 21:04:18.710, 7024262800064, vstest.console.dll, AssemblyResolver.OnResolve: Microsoft.TestPlatform.TestHostRuntimeProvider: Searching in: 'C:\Program Files\dotnet\sdk\7.0.203\Extensions'.
TpTrace Information: 0 : 3660, 1, 2023/10/22, 21:04:18.711, 7024262805070, vstest.console.dll, AssemblyResolver.OnResolve: Microsoft.TestPlatform.TestHostRuntimeProvider: Loading assembly 'C:\Program Files\dotnet\sdk\7.0.203\Extensions\Microsoft.TestPlatform.TestHostRuntimeProvider.dll'.
TpTrace Information: 0 : 3660, 1, 2023/10/22, 21:04:18.711, 7024262810722, vstest.console.dll, AssemblyResolver.OnResolve: Resolved assembly: Microsoft.TestPlatform.TestHostRuntimeProvider, from path: C:\Program Files\dotnet\sdk\7.0.203\Extensions\Microsoft.TestPlatform.TestHostRuntimeProvider.dll
TpTrace Verbose: 0 : 3660, 1, 2023/10/22, 21:04:18.711, 7024262811681, vstest.console.dll, MetadataReaderExtensionsHelper: Discovering extensions inside assembly 'Microsoft.TestPlatform.TestHostRuntimeProvider, Version=15.0.0.0, Culture=neutral, PublicKeyToken=b03f5f7f11d50a3a' file path 'C:\Program Files\dotnet\sdk\7.0.203\Extensions\Microsoft.TestPlatform.TestHostRuntimeProvider.dll'
TpTrace Information: 0 : 3660, 1, 2023/10/22, 21:04:18.713, 7024262832970, vstest.console.dll, GetTestExtensionFromType: Register extension with identifier data 'HostProvider://DefaultTestHost' and type 'Microsoft.VisualStudio.TestPlatform.CrossPlatEngine.Hosting.DefaultTestHostManager, Microsoft.TestPlatform.TestHostRuntimeProvider, Version=15.0.0.0, Culture=neutral, PublicKeyToken=b03f5f7f11d50a3a' inside file 'C:\Program Files\dotnet\sdk\7.0.203\Extensions\Microsoft.TestPlatform.TestHostRuntimeProvider.dll'
TpTrace Information: 0 : 3660, 1, 2023/10/22, 21:04:18.714, 7024262835952, vstest.console.dll, GetTestExtensionFromType: Register extension with identifier data 'HostProvider://DotnetTestHost' and type 'Microsoft.VisualStudio.TestPlatform.CrossPlatEngine.Hosting.DotnetTestHostManager, Microsoft.TestPlatform.TestHostRuntimeProvider, Version=15.0.0.0, Culture=neutral, PublicKeyToken=b03f5f7f11d50a3a' inside file 'C:\Program Files\dotnet\sdk\7.0.203\Extensions\Microsoft.TestPlatform.TestHostRuntimeProvider.dll'
TpTrace Information: 0 : 3660, 1, 2023/10/22, 21:04:18.714, 7024262837103, vstest.console.dll, AssemblyResolver.OnResolve: Microsoft.VisualStudio.TestPlatform.Extensions.Html.TestLogger: Resolving assembly.
TpTrace Information: 0 : 3660, 1, 2023/10/22, 21:04:18.714, 7024262837820, vstest.console.dll, AssemblyResolver.OnResolve: Microsoft.VisualStudio.TestPlatform.Extensions.Html.TestLogger: Searching in: 'C:\Program Files\dotnet\sdk\7.0.203\Extensions'.
TpTrace Information: 0 : 3660, 1, 2023/10/22, 21:04:18.715, 7024262844652, vstest.console.dll, AssemblyResolver.OnResolve: Microsoft.VisualStudio.TestPlatform.Extensions.Html.TestLogger: Loading assembly 'C:\Program Files\dotnet\sdk\7.0.203\Extensions\Microsoft.VisualStudio.TestPlatform.Extensions.Html.TestLogger.dll'.
TpTrace Information: 0 : 3660, 1, 2023/10/22, 21:04:18.715, 7024262853634, vstest.console.dll, AssemblyResolver.OnResolve: Resolved assembly: Microsoft.VisualStudio.TestPlatform.Extensions.Html.TestLogger, from path: C:\Program Files\dotnet\sdk\7.0.203\Extensions\Microsoft.VisualStudio.TestPlatform.Extensions.Html.TestLogger.dll
TpTrace Verbose: 0 : 3660, 1, 2023/10/22, 21:04:18.716, 7024262854973, vstest.console.dll, MetadataReaderExtensionsHelper: Discovering extensions inside assembly 'Microsoft.VisualStudio.TestPlatform.Extensions.Html.TestLogger, Version=15.0.0.0, Culture=neutral, PublicKeyToken=b03f5f7f11d50a3a' file path 'C:\Program Files\dotnet\sdk\7.0.203\Extensions\Microsoft.VisualStudio.TestPlatform.Extensions.Html.TestLogger.dll'
TpTrace Information: 0 : 3660, 1, 2023/10/22, 21:04:18.717, 7024262870300, vstest.console.dll, AssemblyResolver.OnResolve: Microsoft.VisualStudio.TestPlatform.Extensions.Trx.TestLogger: Resolving assembly.
TpTrace Information: 0 : 3660, 1, 2023/10/22, 21:04:18.717, 7024262871673, vstest.console.dll, AssemblyResolver.OnResolve: Microsoft.VisualStudio.TestPlatform.Extensions.Trx.TestLogger: Searching in: 'C:\Program Files\dotnet\sdk\7.0.203\Extensions'.
TpTrace Information: 0 : 3660, 1, 2023/10/22, 21:04:18.718, 7024262878048, vstest.console.dll, AssemblyResolver.OnResolve: Microsoft.VisualStudio.TestPlatform.Extensions.Trx.TestLogger: Loading assembly 'C:\Program Files\dotnet\sdk\7.0.203\Extensions\Microsoft.VisualStudio.TestPlatform.Extensions.Trx.TestLogger.dll'.
TpTrace Information: 0 : 3660, 1, 2023/10/22, 21:04:18.719, 7024262885447, vstest.console.dll, AssemblyResolver.OnResolve: Resolved assembly: Microsoft.VisualStudio.TestPlatform.Extensions.Trx.TestLogger, from path: C:\Program Files\dotnet\sdk\7.0.203\Extensions\Microsoft.VisualStudio.TestPlatform.Extensions.Trx.TestLogger.dll
TpTrace Verbose: 0 : 3660, 1, 2023/10/22, 21:04:18.719, 7024262886759, vstest.console.dll, MetadataReaderExtensionsHelper: Discovering extensions inside assembly 'Microsoft.VisualStudio.TestPlatform.Extensions.Trx.TestLogger, Version=15.0.0.0, Culture=neutral, PublicKeyToken=b03f5f7f11d50a3a' file path 'C:\Program Files\dotnet\sdk\7.0.203\Extensions\Microsoft.VisualStudio.TestPlatform.Extensions.Trx.TestLogger.dll'
TpTrace Verbose: 0 : 3660, 1, 2023/10/22, 21:04:18.720, 7024262903232, vstest.console.dll, TestPluginCache: Discovered the extensions using extension path ''.
TpTrace Verbose: 0 : 3660, 1, 2023/10/22, 21:04:18.720, 7024262904319, vstest.console.dll, TestPluginCache: Discoverers are ''.
TpTrace Verbose: 0 : 3660, 1, 2023/10/22, 21:04:18.721, 7024262904673, vstest.console.dll, TestPluginCache: Executors are ''.
TpTrace Verbose: 0 : 3660, 1, 2023/10/22, 21:04:18.721, 7024262904957, vstest.console.dll, TestPluginCache: Executors2 are ''.
TpTrace Verbose: 0 : 3660, 1, 2023/10/22, 21:04:18.721, 7024262905228, vstest.console.dll, TestPluginCache: Setting providers are ''.
TpTrace Verbose: 0 : 3660, 1, 2023/10/22, 21:04:18.721, 7024262905500, vstest.console.dll, TestPluginCache: Loggers are ''.
TpTrace Verbose: 0 : 3660, 1, 2023/10/22, 21:04:18.721, 7024262907322, vstest.console.dll, TestPluginCache: TestHosts are 'HostProvider://DefaultTestHost,HostProvider://DotnetTestHost'.
TpTrace Verbose: 0 : 3660, 1, 2023/10/22, 21:04:18.721, 7024262907891, vstest.console.dll, TestPluginCache: DataCollectors are ''.
TpTrace Information: 0 : 3660, 1, 2023/10/22, 21:04:18.731, 7024263011858, vstest.console.dll, RunTestsArgumentProcessor:Execute: Test run is starting.
TpTrace Verbose: 0 : 3660, 1, 2023/10/22, 21:04:18.731, 7024263013011, vstest.console.dll, RunTestsArgumentProcessor:Execute: Queuing Test run.
TpTrace Information: 0 : 3660, 1, 2023/10/22, 21:04:18.732, 7024263018071, vstest.console.dll, TestRequestManager.RunTests: run tests started.
TpTrace Information: 0 : 3660, 1, 2023/10/22, 21:04:18.733, 7024263030580, vstest.console.dll, AssemblyMetadataProvider.GetFrameworkName: Determined framework:'.NETCoreApp,Version=v6.0' for source: 'E:\kpi\.NET_web\lab1\lab1\MyCollectionTesting\bin\Debug\net6.0\fine-code-coverage\build-output\MyCollectionTesting.dll'
TpTrace Information: 0 : 3660, 1, 2023/10/22, 21:04:18.733, 7024263032786, vstest.console.dll, Determined framework for all sources: .NETCoreApp,Version=v6.0
TpTrace Verbose: 0 : 3660, 1, 2023/10/22, 21:04:18.734, 7024263037828, vstest.console.dll, TestRequestManager.UpdateRunSettingsIfRequired: Default architecture: X64 IsDefaultTargetArchitecture: True, Current process architecture: X64 OperatingSystem: Windows.
TpTrace Information: 0 : 3660, 1, 2023/10/22, 21:04:18.736, 7024263056329, vstest.console.dll, AssemblyMetadataProvider.GetArchitecture: Determined architecture:AnyCPU info for assembly: E:\kpi\.NET_web\lab1\lab1\MyCollectionTesting\bin\Debug\net6.0\fine-code-coverage\build-output\MyCollectionTesting.dll
TpTrace Information: 0 : 3660, 1, 2023/10/22, 21:04:18.736, 7024263057076, vstest.console.dll, Determined platform for source 'E:\kpi\.NET_web\lab1\lab1\MyCollectionTesting\bin\Debug\net6.0\fine-code-coverage\build-output\MyCollectionTesting.dll' was AnyCPU and it will use the default plaform X64.
TpTrace Information: 0 : 3660, 1, 2023/10/22, 21:04:18.736, 7024263057478, vstest.console.dll, None of the sources provided any runnable platform, using the default platform: X64
TpTrace Information: 0 : 3660, 1, 2023/10/22, 21:04:18.736, 7024263058384, vstest.console.dll, Platform was updated to 'X64'.
TpTrace Information: 0 : 3660, 1, 2023/10/22, 21:04:18.740, 7024263096023, vstest.console.dll, InferRunSettingsHelper.IsTestSettingsEnabled: Unable to navigate to RunSettings/MSTest. Current node: RunSettings
TpTrace Information: 0 : 3660, 1, 2023/10/22, 21:04:18.741, 7024263104405, vstest.console.dll, AssemblyResolver.OnResolve: Microsoft.VisualStudio.TestPlatform.Fakes: Resolving assembly.
TpTrace Information: 0 : 3660, 1, 2023/10/22, 21:04:18.741, 7024263105087, vstest.console.dll, AssemblyResolver.OnResolve: Microsoft.VisualStudio.TestPlatform.Fakes: Searching in: 'C:\Program Files\dotnet\sdk\7.0.203\Extensions'.
TpTrace Information: 0 : 3660, 1, 2023/10/22, 21:04:18.741, 7024263106136, vstest.console.dll, AssemblyResolver.OnResolve: Microsoft.VisualStudio.TestPlatform.Fakes: Assembly path does not exist: 'C:\Program Files\dotnet\sdk\7.0.203\Extensions\Microsoft.VisualStudio.TestPlatform.Fakes.dll', returning.
TpTrace Information: 0 : 3660, 1, 2023/10/22, 21:04:18.741, 7024263106884, vstest.console.dll, AssemblyResolver.OnResolve: Microsoft.VisualStudio.TestPlatform.Fakes: Assembly path does not exist: 'C:\Program Files\dotnet\sdk\7.0.203\Extensions\Microsoft.VisualStudio.TestPlatform.Fakes.exe', returning.
TpTrace Information: 0 : 3660, 1, 2023/10/22, 21:04:18.741, 7024263107227, vstest.console.dll, AssemblyResolver.OnResolve: Microsoft.VisualStudio.TestPlatform.Fakes: Searching in: 'C:\Program Files\dotnet\sdk\7.0.203'.
TpTrace Information: 0 : 3660, 1, 2023/10/22, 21:04:18.741, 7024263107870, vstest.console.dll, AssemblyResolver.OnResolve: Microsoft.VisualStudio.TestPlatform.Fakes: Assembly path does not exist: 'C:\Program Files\dotnet\sdk\7.0.203\Microsoft.VisualStudio.TestPlatform.Fakes.dll', returning.
TpTrace Information: 0 : 3660, 1, 2023/10/22, 21:04:18.741, 7024263108541, vstest.console.dll, AssemblyResolver.OnResolve: Microsoft.VisualStudio.TestPlatform.Fakes: Assembly path does not exist: 'C:\Program Files\dotnet\sdk\7.0.203\Microsoft.VisualStudio.TestPlatform.Fakes.exe', returning.
TpTrace Information: 0 : 3660, 1, 2023/10/22, 21:04:18.741, 7024263108878, vstest.console.dll, AssemblyResolver.OnResolve: Microsoft.VisualStudio.TestPlatform.Fakes: Failed to load assembly.
TpTrace Information: 0 : 3660, 1, 2023/10/22, 21:04:18.741, 7024263111182, vstest.console.dll, Failed to load assembly Microsoft.VisualStudio.TestPlatform.Fakes, Version=17.0.0.0, Culture=neutral. Reason:System.IO.FileNotFoundException: Could not load file or assembly 'Microsoft.VisualStudio.TestPlatform.Fakes, Version=17.0.0.0, Culture=neutral, PublicKeyToken=null'. The system cannot find the file specified.
File name: 'Microsoft.VisualStudio.TestPlatform.Fakes, Version=17.0.0.0, Culture=neutral, PublicKeyToken=null'
   at System.Reflection.RuntimeAssembly.InternalLoad(AssemblyName assemblyName, StackCrawlMark& stackMark, AssemblyLoadContext assemblyLoadContext, RuntimeAssembly requestingAssembly, Boolean throwOnFileNotFound)
   at System.Reflection.Assembly.Load(AssemblyName assemblyRef)
   at Microsoft.VisualStudio.TestPlatform.Common.Utilities.FakesUtilities.LoadTestPlatformAssembly()
TpTrace Verbose: 0 : 3660, 1, 2023/10/22, 21:04:18.744, 7024263138223, vstest.console.dll, TestPluginCache.DiscoverTestExtensions: finding test extensions in assemblies ends with: TestLogger.dll TPluginInfo: Microsoft.VisualStudio.TestPlatform.Common.ExtensionFramework.Utilities.TestLoggerPluginInformation TExtension: Microsoft.VisualStudio.TestPlatform.ObjectModel.Client.ITestLogger
TpTrace Verbose: 0 : 3660, 1, 2023/10/22, 21:04:18.744, 7024263139459, vstest.console.dll, TestPluginCache.GetExtensionPaths: Filtered extension paths: 
TpTrace Verbose: 0 : 3660, 1, 2023/10/22, 21:04:18.744, 7024263139980, vstest.console.dll, TestPluginCache.GetExtensionPaths: Added default extension paths: C:\Program Files\dotnet\sdk\7.0.203\Extensions\Microsoft.Diagnostics.NETCore.Client.dll
C:\Program Files\dotnet\sdk\7.0.203\Extensions\Microsoft.TestPlatform.Extensions.BlameDataCollector.dll
C:\Program Files\dotnet\sdk\7.0.203\Extensions\Microsoft.TestPlatform.Extensions.EventLogCollector.dll
C:\Program Files\dotnet\sdk\7.0.203\Extensions\Microsoft.TestPlatform.TestHostRuntimeProvider.dll
C:\Program Files\dotnet\sdk\7.0.203\Extensions\Microsoft.VisualStudio.TestPlatform.Extensions.Html.TestLogger.dll
C:\Program Files\dotnet\sdk\7.0.203\Extensions\Microsoft.VisualStudio.TestPlatform.Extensions.Trx.TestLogger.dll
TpTrace Verbose: 0 : 3660, 1, 2023/10/22, 21:04:18.744, 7024263140360, vstest.console.dll, TestPluginCache.GetExtensionPaths: Added unfilterableExtensionPaths: 
TpTrace Information: 0 : 3660, 1, 2023/10/22, 21:04:18.744, 7024263141733, vstest.console.dll, AssemblyResolver.AddSearchDirectories: Adding more searchDirectories C:\Program Files\dotnet\sdk\7.0.203\Extensions,C:\Program Files\dotnet\sdk\7.0.203
TpTrace Verbose: 0 : 3660, 1, 2023/10/22, 21:04:18.744, 7024263142195, vstest.console.dll, TestPluginCache.DiscoverTestExtensions: Discovering the extensions using extension path.
TpTrace Verbose: 0 : 3660, 1, 2023/10/22, 21:04:18.744, 7024263142562, vstest.console.dll, TestPluginCache.GetExtensionPaths: Filtered extension paths: 
TpTrace Verbose: 0 : 3660, 1, 2023/10/22, 21:04:18.744, 7024263142921, vstest.console.dll, TestPluginCache.GetExtensionPaths: Added default extension paths: C:\Program Files\dotnet\sdk\7.0.203\Extensions\Microsoft.Diagnostics.NETCore.Client.dll
C:\Program Files\dotnet\sdk\7.0.203\Extensions\Microsoft.TestPlatform.Extensions.BlameDataCollector.dll
C:\Program Files\dotnet\sdk\7.0.203\Extensions\Microsoft.TestPlatform.Extensions.EventLogCollector.dll
C:\Program Files\dotnet\sdk\7.0.203\Extensions\Microsoft.TestPlatform.TestHostRuntimeProvider.dll
C:\Program Files\dotnet\sdk\7.0.203\Extensions\Microsoft.VisualStudio.TestPlatform.Extensions.Html.TestLogger.dll
C:\Program Files\dotnet\sdk\7.0.203\Extensions\Microsoft.VisualStudio.TestPlatform.Extensions.Trx.TestLogger.dll
TpTrace Verbose: 0 : 3660, 1, 2023/10/22, 21:04:18.744, 7024263143237, vstest.console.dll, TestPluginCache.GetExtensionPaths: Added unfilterableExtensionPaths: 
TpTrace Verbose: 0 : 3660, 1, 2023/10/22, 21:04:18.744, 7024263143618, vstest.console.dll, TestPluginCache.DiscoverTestExtensions: Discovering the extensions using allExtensionPaths: C:\Program Files\dotnet\sdk\7.0.203\Extensions\Microsoft.Diagnostics.NETCore.Client.dll
C:\Program Files\dotnet\sdk\7.0.203\Extensions\Microsoft.TestPlatform.Extensions.BlameDataCollector.dll
C:\Program Files\dotnet\sdk\7.0.203\Extensions\Microsoft.TestPlatform.Extensions.EventLogCollector.dll
C:\Program Files\dotnet\sdk\7.0.203\Extensions\Microsoft.TestPlatform.TestHostRuntimeProvider.dll
C:\Program Files\dotnet\sdk\7.0.203\Extensions\Microsoft.VisualStudio.TestPlatform.Extensions.Html.TestLogger.dll
C:\Program Files\dotnet\sdk\7.0.203\Extensions\Microsoft.VisualStudio.TestPlatform.Extensions.Trx.TestLogger.dll
TpTrace Information: 0 : 3660, 1, 2023/10/22, 21:04:18.745, 7024263144414, vstest.console.dll, AssemblyResolver.AddSearchDirectories: Adding more searchDirectories C:\Program Files\dotnet\sdk\7.0.203\Extensions,C:\Program Files\dotnet\sdk\7.0.203
TpTrace Information: 0 : 3660, 1, 2023/10/22, 21:04:18.745, 7024263144866, vstest.console.dll, AssemblyResolver.AddSearchDirectories: Adding more searchDirectories C:\Program Files\dotnet\sdk\7.0.203\Extensions,C:\Program Files\dotnet\sdk\7.0.203
TpTrace Information: 0 : 3660, 1, 2023/10/22, 21:04:18.745, 7024263145344, vstest.console.dll, AssemblyResolver.AddSearchDirectories: Adding more searchDirectories C:\Program Files\dotnet\sdk\7.0.203\Extensions,C:\Program Files\dotnet\sdk\7.0.203
TpTrace Information: 0 : 3660, 1, 2023/10/22, 21:04:18.745, 7024263145949, vstest.console.dll, AssemblyResolver.AddSearchDirectories: Adding more searchDirectories C:\Program Files\dotnet\sdk\7.0.203\Extensions,C:\Program Files\dotnet\sdk\7.0.203
TpTrace Information: 0 : 3660, 1, 2023/10/22, 21:04:18.745, 7024263146360, vstest.console.dll, AssemblyResolver.AddSearchDirectories: Adding more searchDirectories C:\Program Files\dotnet\sdk\7.0.203\Extensions,C:\Program Files\dotnet\sdk\7.0.203
TpTrace Information: 0 : 3660, 1, 2023/10/22, 21:04:18.745, 7024263146707, vstest.console.dll, AssemblyResolver.AddSearchDirectories: Adding more searchDirectories C:\Program Files\dotnet\sdk\7.0.203\Extensions,C:\Program Files\dotnet\sdk\7.0.203
TpTrace Verbose: 0 : 3660, 1, 2023/10/22, 21:04:18.745, 7024263147714, vstest.console.dll, MetadataReaderExtensionsHelper: Discovering extensions inside assembly 'Microsoft.Diagnostics.NETCore.Client, Version=0.2.6.42401, Culture=neutral, PublicKeyToken=31bf3856ad364e35' file path 'C:\Program Files\dotnet\sdk\7.0.203\Extensions\Microsoft.Diagnostics.NETCore.Client.dll'
TpTrace Information: 0 : 3660, 1, 2023/10/22, 21:04:18.746, 7024263156776, vstest.console.dll, AssemblyResolver.OnResolve: Microsoft.Bcl.AsyncInterfaces: Resolving assembly.
TpTrace Information: 0 : 3660, 1, 2023/10/22, 21:04:18.746, 7024263157469, vstest.console.dll, AssemblyResolver.OnResolve: Microsoft.Bcl.AsyncInterfaces: Resolved from cache.
TpTrace Verbose: 0 : 3660, 1, 2023/10/22, 21:04:18.746, 7024263157836, vstest.console.dll, CurrentDomainAssemblyResolve: Resolving assembly 'Microsoft.Bcl.AsyncInterfaces'.
TpTrace Information: 0 : 3660, 1, 2023/10/22, 21:04:18.746, 7024263158369, vstest.console.dll, AssemblyResolver.OnResolve: Microsoft.Bcl.AsyncInterfaces: Resolving assembly.
TpTrace Information: 0 : 3660, 1, 2023/10/22, 21:04:18.746, 7024263158697, vstest.console.dll, AssemblyResolver.OnResolve: Microsoft.Bcl.AsyncInterfaces: Resolved from cache.
TpTrace Verbose: 0 : 3660, 1, 2023/10/22, 21:04:18.746, 7024263158991, vstest.console.dll, CurrentDomainAssemblyResolve: Resolving assembly 'Microsoft.Bcl.AsyncInterfaces'.
TpTrace Verbose: 0 : 3660, 1, 2023/10/22, 21:04:18.746, 7024263159274, vstest.console.dll, CurrentDomainAssemblyResolve: Failed to resolve assembly 'Microsoft.Bcl.AsyncInterfaces'.
TpTrace Verbose: 0 : 3660, 1, 2023/10/22, 21:04:18.746, 7024263160609, vstest.console.dll, CurrentDomainAssemblyResolve: Failed to resolve assembly 'Microsoft.Bcl.AsyncInterfaces'.
TpTrace Warning: 0 : 3660, 1, 2023/10/22, 21:04:18.747, 7024263164472, vstest.console.dll, TestPluginDiscoverer: Failed to get types from assembly 'Microsoft.Diagnostics.NETCore.Client, Version=0.2.6.42401, Culture=neutral, PublicKeyToken=31bf3856ad364e35'. Error: System.Reflection.ReflectionTypeLoadException: Unable to load one or more of the requested types.
Could not load file or assembly 'Microsoft.Bcl.AsyncInterfaces, Version=1.0.0.0, Culture=neutral, PublicKeyToken=cc7b13ffcd2ddd51'. The system cannot find the file specified.
   at System.Reflection.RuntimeModule.GetTypes(RuntimeModule module)
   at System.Reflection.Assembly.GetTypes()
   at Microsoft.VisualStudio.TestPlatform.Common.ExtensionFramework.TestPluginDiscoverer.GetTestExtensionsFromAssembly[TPluginInfo,TExtension](Assembly assembly, Dictionary`2 pluginInfos, String filePath)
System.IO.FileNotFoundException: Could not load file or assembly 'Microsoft.Bcl.AsyncInterfaces, Version=1.0.0.0, Culture=neutral, PublicKeyToken=cc7b13ffcd2ddd51'. The system cannot find the file specified.
File name: 'Microsoft.Bcl.AsyncInterfaces, Version=1.0.0.0, Culture=neutral, PublicKeyToken=cc7b13ffcd2ddd51'
 ---> System.IO.FileNotFoundException: Could not load file or assembly 'Microsoft.Bcl.AsyncInterfaces, Culture=neutral, PublicKeyToken=null'. The system cannot find the file specified.
File name: 'Microsoft.Bcl.AsyncInterfaces, Culture=neutral, PublicKeyToken=null'
   at System.Reflection.RuntimeAssembly.InternalLoad(AssemblyName assemblyName, StackCrawlMark& stackMark, AssemblyLoadContext assemblyLoadContext, RuntimeAssembly requestingAssembly, Boolean throwOnFileNotFound)
   at System.Reflection.Assembly.Load(AssemblyName assemblyRef)
   at Microsoft.VisualStudio.TestPlatform.Common.ExtensionFramework.TestPluginCache.CurrentDomainAssemblyResolve(Object sender, AssemblyResolveEventArgs args)
   at System.Runtime.Loader.AssemblyLoadContext.GetFirstResolvedAssemblyFromResolvingEvent(AssemblyName assemblyName)
   at System.Runtime.Loader.AssemblyLoadContext.ResolveUsingEvent(AssemblyName assemblyName)
   at System.Runtime.Loader.AssemblyLoadContext.ResolveUsingResolvingEvent(IntPtr gchManagedAssemblyLoadContext, AssemblyName assemblyName)
TpTrace Warning: 0 : 3660, 1, 2023/10/22, 21:04:18.747, 7024263166579, vstest.console.dll, LoaderExceptions: System.IO.FileNotFoundException: Could not load file or assembly 'Microsoft.Bcl.AsyncInterfaces, Version=1.0.0.0, Culture=neutral, PublicKeyToken=cc7b13ffcd2ddd51'. The system cannot find the file specified.
File name: 'Microsoft.Bcl.AsyncInterfaces, Version=1.0.0.0, Culture=neutral, PublicKeyToken=cc7b13ffcd2ddd51'
 ---> System.IO.FileNotFoundException: Could not load file or assembly 'Microsoft.Bcl.AsyncInterfaces, Culture=neutral, PublicKeyToken=null'. The system cannot find the file specified.
File name: 'Microsoft.Bcl.AsyncInterfaces, Culture=neutral, PublicKeyToken=null'
   at System.Reflection.RuntimeAssembly.InternalLoad(AssemblyName assemblyName, StackCrawlMark& stackMark, AssemblyLoadContext assemblyLoadContext, RuntimeAssembly requestingAssembly, Boolean throwOnFileNotFound)
   at System.Reflection.Assembly.Load(AssemblyName assemblyRef)
   at Microsoft.VisualStudio.TestPlatform.Common.ExtensionFramework.TestPluginCache.CurrentDomainAssemblyResolve(Object sender, AssemblyResolveEventArgs args)
   at System.Runtime.Loader.AssemblyLoadContext.GetFirstResolvedAssemblyFromResolvingEvent(AssemblyName assemblyName)
   at System.Runtime.Loader.AssemblyLoadContext.ResolveUsingEvent(AssemblyName assemblyName)
   at System.Runtime.Loader.AssemblyLoadContext.ResolveUsingResolvingEvent(IntPtr gchManagedAssemblyLoadContext, AssemblyName assemblyName)
TpTrace Verbose: 0 : 3660, 1, 2023/10/22, 21:04:18.747, 7024263167720, vstest.console.dll, MetadataReaderExtensionsHelper: Discovering extensions inside assembly 'Microsoft.TestPlatform.Extensions.BlameDataCollector, Version=15.0.0.0, Culture=neutral, PublicKeyToken=b03f5f7f11d50a3a' file path 'C:\Program Files\dotnet\sdk\7.0.203\Extensions\Microsoft.TestPlatform.Extensions.BlameDataCollector.dll'
TpTrace Information: 0 : 3660, 1, 2023/10/22, 21:04:18.748, 7024263175339, vstest.console.dll, GetTestExtensionFromType: Register extension with identifier data 'logger://Microsoft/TestPlatform/Extensions/Blame/v1' and type 'Microsoft.TestPlatform.Extensions.BlameDataCollector.BlameLogger, Microsoft.TestPlatform.Extensions.BlameDataCollector, Version=15.0.0.0, Culture=neutral, PublicKeyToken=b03f5f7f11d50a3a' inside file 'C:\Program Files\dotnet\sdk\7.0.203\Extensions\Microsoft.TestPlatform.Extensions.BlameDataCollector.dll'
TpTrace Verbose: 0 : 3660, 1, 2023/10/22, 21:04:18.748, 7024263176058, vstest.console.dll, MetadataReaderExtensionsHelper: Discovering extensions inside assembly 'Microsoft.TestPlatform.Extensions.EventLogCollector, Version=15.0.0.0, Culture=neutral, PublicKeyToken=b03f5f7f11d50a3a' file path 'C:\Program Files\dotnet\sdk\7.0.203\Extensions\Microsoft.TestPlatform.Extensions.EventLogCollector.dll'
TpTrace Verbose: 0 : 3660, 1, 2023/10/22, 21:04:18.748, 7024263180670, vstest.console.dll, MetadataReaderExtensionsHelper: Discovering extensions inside assembly 'Microsoft.TestPlatform.TestHostRuntimeProvider, Version=15.0.0.0, Culture=neutral, PublicKeyToken=b03f5f7f11d50a3a' file path 'C:\Program Files\dotnet\sdk\7.0.203\Extensions\Microsoft.TestPlatform.TestHostRuntimeProvider.dll'
TpTrace Verbose: 0 : 3660, 1, 2023/10/22, 21:04:18.749, 7024263187089, vstest.console.dll, MetadataReaderExtensionsHelper: Discovering extensions inside assembly 'Microsoft.VisualStudio.TestPlatform.Extensions.Html.TestLogger, Version=15.0.0.0, Culture=neutral, PublicKeyToken=b03f5f7f11d50a3a' file path 'C:\Program Files\dotnet\sdk\7.0.203\Extensions\Microsoft.VisualStudio.TestPlatform.Extensions.Html.TestLogger.dll'
TpTrace Information: 0 : 3660, 1, 2023/10/22, 21:04:18.750, 7024263195784, vstest.console.dll, GetTestExtensionFromType: Register extension with identifier data 'logger://Microsoft/TestPlatform/HtmlLogger/v1' and type 'Microsoft.VisualStudio.TestPlatform.Extensions.HtmlLogger.HtmlLogger, Microsoft.VisualStudio.TestPlatform.Extensions.Html.TestLogger, Version=15.0.0.0, Culture=neutral, PublicKeyToken=b03f5f7f11d50a3a' inside file 'C:\Program Files\dotnet\sdk\7.0.203\Extensions\Microsoft.VisualStudio.TestPlatform.Extensions.Html.TestLogger.dll'
TpTrace Verbose: 0 : 3660, 1, 2023/10/22, 21:04:18.750, 7024263196591, vstest.console.dll, MetadataReaderExtensionsHelper: Discovering extensions inside assembly 'Microsoft.VisualStudio.TestPlatform.Extensions.Trx.TestLogger, Version=15.0.0.0, Culture=neutral, PublicKeyToken=b03f5f7f11d50a3a' file path 'C:\Program Files\dotnet\sdk\7.0.203\Extensions\Microsoft.VisualStudio.TestPlatform.Extensions.Trx.TestLogger.dll'
TpTrace Information: 0 : 3660, 1, 2023/10/22, 21:04:18.750, 7024263202362, vstest.console.dll, GetTestExtensionFromType: Register extension with identifier data 'logger://Microsoft/TestPlatform/TrxLogger/v1' and type 'Microsoft.VisualStudio.TestPlatform.Extensions.TrxLogger.TrxLogger, Microsoft.VisualStudio.TestPlatform.Extensions.Trx.TestLogger, Version=15.0.0.0, Culture=neutral, PublicKeyToken=b03f5f7f11d50a3a' inside file 'C:\Program Files\dotnet\sdk\7.0.203\Extensions\Microsoft.VisualStudio.TestPlatform.Extensions.Trx.TestLogger.dll'
TpTrace Verbose: 0 : 3660, 1, 2023/10/22, 21:04:18.750, 7024263203458, vstest.console.dll, TestPluginCache: Discovered the extensions using extension path ''.
TpTrace Verbose: 0 : 3660, 1, 2023/10/22, 21:04:18.750, 7024263204053, vstest.console.dll, TestPluginCache: Discoverers are ''.
TpTrace Verbose: 0 : 3660, 1, 2023/10/22, 21:04:18.751, 7024263204523, vstest.console.dll, TestPluginCache: Executors are ''.
TpTrace Verbose: 0 : 3660, 1, 2023/10/22, 21:04:18.751, 7024263204953, vstest.console.dll, TestPluginCache: Executors2 are ''.
TpTrace Verbose: 0 : 3660, 1, 2023/10/22, 21:04:18.751, 7024263205242, vstest.console.dll, TestPluginCache: Setting providers are ''.
TpTrace Verbose: 0 : 3660, 1, 2023/10/22, 21:04:18.751, 7024263205937, vstest.console.dll, TestPluginCache: Loggers are 'logger://Microsoft/TestPlatform/Extensions/Blame/v1,logger://Microsoft/TestPlatform/HtmlLogger/v1,logger://Microsoft/TestPlatform/TrxLogger/v1'.
TpTrace Verbose: 0 : 3660, 1, 2023/10/22, 21:04:18.751, 7024263206568, vstest.console.dll, TestPluginCache: TestHosts are 'HostProvider://DefaultTestHost,HostProvider://DotnetTestHost'.
TpTrace Verbose: 0 : 3660, 1, 2023/10/22, 21:04:18.751, 7024263206877, vstest.console.dll, TestPluginCache: DataCollectors are ''.
TpTrace Information: 0 : 3660, 1, 2023/10/22, 21:04:18.751, 7024263214346, vstest.console.dll, TestPluginManager.CreateTestExtension: Attempting to load test extension: Microsoft.TestPlatform.Extensions.BlameDataCollector.BlameLogger
TpTrace Verbose: 0 : 3660, 1, 2023/10/22, 21:04:18.758, 7024263278026, vstest.console.dll, TestEngine: Initializing Parallel Execution as MaxCpuCount is set to: 1
TpTrace Information: 0 : 3660, 1, 2023/10/22, 21:04:18.759, 7024263292333, vstest.console.dll, TestPluginManager.CreateTestExtension: Attempting to load test extension: Microsoft.VisualStudio.TestPlatform.CrossPlatEngine.Hosting.DefaultTestHostManager
TpTrace Information: 0 : 3660, 1, 2023/10/22, 21:04:18.760, 7024263302891, vstest.console.dll, TestPluginManager.CreateTestExtension: Attempting to load test extension: Microsoft.VisualStudio.TestPlatform.CrossPlatEngine.Hosting.DotnetTestHostManager
TpTrace Information: 0 : 3660, 1, 2023/10/22, 21:04:18.761, 7024263308879, vstest.console.dll, InferRunSettingsHelper.IsTestSettingsEnabled: Unable to navigate to RunSettings/MSTest. Current node: RunSettings
TpTrace Verbose: 0 : 3660, 1, 2023/10/22, 21:04:18.765, 7024263345683, vstest.console.dll, TestEngine.GetExecutionManager: Chosen execution manager 'Microsoft.VisualStudio.TestPlatform.CrossPlatEngine.Client.Parallel.ParallelProxyExecutionManager, Microsoft.TestPlatform.CrossPlatEngine, Version=15.0.0.0, Culture=neutral, PublicKeyToken=b03f5f7f11d50a3a' ParallelLevel '1'.
TpTrace Verbose: 0 : 3660, 1, 2023/10/22, 21:04:18.765, 7024263347514, vstest.console.dll, TestRunRequest.ExecuteAsync: Creating test run request.
TpTrace Verbose: 0 : 3660, 1, 2023/10/22, 21:04:18.765, 7024263350458, vstest.console.dll, TestRunRequest.ExecuteAsync: Starting.
TpTrace Information: 0 : 3660, 1, 2023/10/22, 21:04:18.765, 7024263352996, vstest.console.dll, TestRunRequest.ExecuteAsync: Starting run with settings:TestRunCriteria:
   KeepAlive=False,FrequencyOfRunStatsChangeEvent=10,RunStatsChangeEventTimeout=00:00:01.5000000,TestCaseFilter=,TestExecutorLauncher=
   Settingsxml=<RunSettings>
  <RunConfiguration>
    <ResultsDirectory>E:\kpi\.NET_web\lab1\lab1\MyCollectionTesting\bin\Debug\net6.0\fine-code-coverage\coverage-tool-output</ResultsDirectory>
    <TargetPlatform>X64</TargetPlatform>
    <TargetFrameworkVersion>.NETCoreApp,Version=v6.0</TargetFrameworkVersion>
    <DesignMode>False</DesignMode>
    <CollectSourceInformation>False</CollectSourceInformation>
  </RunConfiguration>
  <LoggerRunSettings>
    <Loggers>
      <Logger friendlyName="blame" enabled="True" />
      <Logger friendlyName="Console" uri="logger://microsoft/TestPlatform/ConsoleLogger/v1" assemblyQualifiedName="Microsoft.VisualStudio.TestPlatform.CommandLine.Internal.ConsoleLogger, vstest.console, Version=15.0.0.0, Culture=neutral, PublicKeyToken=b03f5f7f11d50a3a" codeBase="C:\Program Files\dotnet\sdk\7.0.203\vstest.console.dll" enabled="True" />
    </Loggers>
  </LoggerRunSettings>
  <DataCollectionRunSettings>
    <DataCollectors>
      <DataCollector friendlyName="blame" enabled="True">
        <Configuration>
          <ResultsDirectory>E:\kpi\.NET_web\lab1\lab1\MyCollectionTesting\bin\Debug\net6.0\fine-code-coverage\coverage-tool-output</ResultsDirectory>
        </Configuration>
      </DataCollector>
    </DataCollectors>
  </DataCollectionRunSettings>
</RunSettings>

TpTrace Verbose: 0 : 3660, 1, 2023/10/22, 21:04:18.765, 7024263353527, vstest.console.dll, TestRunRequest.ExecuteAsync: Wait for the first run request is over.
TpTrace Verbose: 0 : 3660, 1, 2023/10/22, 21:04:18.766, 7024263355959, vstest.console.dll, MulticastDelegateUtilities.SafeInvoke: TestRun.TestRunStart: Invoking callbacks was skipped because there are no subscribers.
TpTrace Verbose: 0 : 3660, 4, 2023/10/22, 21:04:18.766, 7024263358114, vstest.console.dll, MulticastDelegateUtilities.SafeInvoke: InternalTestLoggerEvents.SendTestRunStart: Invoking callback 1/1 for Microsoft.VisualStudio.TestPlatform.CommandLine.Internal.ConsoleLogger., took 0 ms.
TpTrace Verbose: 0 : 3660, 1, 2023/10/22, 21:04:18.767, 7024263366414, vstest.console.dll, ParallelProxyExecutionManager: Start execution. Total sources: 1
TpTrace Verbose: 0 : 3660, 1, 2023/10/22, 21:04:18.768, 7024263379920, vstest.console.dll, TestRequestSender is acting as server.
TpTrace Verbose: 0 : 3660, 1, 2023/10/22, 21:04:18.769, 7024263391720, vstest.console.dll, DataCollectionRequestSender.InitializeCommunication : Initialize communication. 
TpTrace Information: 0 : 3660, 1, 2023/10/22, 21:04:18.775, 7024263451166, vstest.console.dll, Listening on Endpoint : 127.0.0.1:53365
TpTrace Verbose: 0 : 3660, 1, 2023/10/22, 21:04:18.781, 7024263511768, vstest.console.dll, DotnetDataCollectionLauncher: Adding  --runtimeconfig "C:\Program Files\dotnet\sdk\7.0.203\datacollector.runtimeconfig.json" in args
TpTrace Verbose: 0 : 3660, 1, 2023/10/22, 21:04:18.781, 7024263513046, vstest.console.dll, DotnetDataCollectionLauncher: Adding  --depsfile "C:\Program Files\dotnet\sdk\7.0.203\datacollector.deps.json" in args
TpTrace Verbose: 0 : 3660, 1, 2023/10/22, 21:04:18.782, 7024263515488, vstest.console.dll, DotnetDataCollectionLauncher: Full path of dotnet.exe is C:\Program Files\dotnet\dotnet.exe
TpTrace Information: 0 : 3660, 1, 2023/10/22, 21:04:18.787, 7024263574090, vstest.console.dll, ProxyDataCollectionManager.Initialize: Launched datacollector processId: 25416 port: 53365
TpTrace Information: 0 : 3660, 1, 2023/10/22, 21:04:18.788, 7024263575801, vstest.console.dll, ProxyDataCollectionManager.Initialize: waiting for connection with timeout: 90 seconds
TpTrace Verbose: 0 : 3660, 1, 2023/10/22, 21:04:18.788, 7024263576491, vstest.console.dll, DataCollectionRequestSender.WaitForRequestHandlerConnection : Waiting for connection with timeout: 90000
TpTrace Information: 0 : 3660, 7, 2023/10/22, 21:04:18.927, 7024264966386, vstest.console.dll, Using the buffer size of 16384 bytes
TpTrace Verbose: 0 : 3660, 1, 2023/10/22, 21:04:18.927, 7024264966986, vstest.console.dll, SocketCommunicationManager.WaitForClientConnection took: 138 ms, with 90000 ms timeout, and finished with True.
TpTrace Information: 0 : 3660, 7, 2023/10/22, 21:04:18.927, 7024264968032, vstest.console.dll, Accepted Client request and set the flag
TpTrace Verbose: 0 : 3660, 1, 2023/10/22, 21:04:18.927, 7024264968443, vstest.console.dll, ProxyDataCollectionManager.InvokeDataCollectionServiceAction: Starting.
TpTrace Information: 0 : 3660, 1, 2023/10/22, 21:04:18.927, 7024264969369, vstest.console.dll, ProxyDataCollectionManager.BeforeTestRunStart: Get environment variable and port for datacollector processId: 25416 port: 53365
TpTrace Verbose: 0 : 3660, 1, 2023/10/22, 21:04:18.927, 7024264970657, vstest.console.dll, DataCollectionRequestSender.SendBeforeTestRunStartAndGetResult: Send BeforeTestRunStart message with settingsXml <RunSettings><RunConfiguration><ResultsDirectory>E:\kpi\.NET_web\lab1\lab1\MyCollectionTesting\bin\Debug\net6.0\fine-code-coverage\coverage-tool-output</ResultsDirectory><TargetPlatform>X64</TargetPlatform><TargetFrameworkVersion>.NETCoreApp,Version=v6.0</TargetFrameworkVersion><DesignMode>False</DesignMode><CollectSourceInformation>False</CollectSourceInformation><TestAdaptersPaths>C:\Program Files\dotnet\sdk\7.0.203\Extensions</TestAdaptersPaths></RunConfiguration><LoggerRunSettings><Loggers><Logger friendlyName="blame" enabled="True" /><Logger friendlyName="Console" uri="logger://microsoft/TestPlatform/ConsoleLogger/v1" assemblyQualifiedName="Microsoft.VisualStudio.TestPlatform.CommandLine.Internal.ConsoleLogger, vstest.console, Version=15.0.0.0, Culture=neutral, PublicKeyToken=b03f5f7f11d50a3a" codeBase="C:\Program Files\dotnet\sdk\7.0.203\vstest.console.dll" enabled="True" /></Loggers></LoggerRunSettings><DataCollectionRunSettings><DataCollectors><DataCollector friendlyName="blame" enabled="True"><Configuration><ResultsDirectory>E:\kpi\.NET_web\lab1\lab1\MyCollectionTesting\bin\Debug\net6.0\fine-code-coverage\coverage-tool-output</ResultsDirectory></Configuration></DataCollector></DataCollectors></DataCollectionRunSettings></RunSettings> and sources System.Collections.Generic.List`1[System.String]: 
TpTrace Verbose: 0 : 3660, 1, 2023/10/22, 21:04:18.999, 7024265688401, vstest.console.dll, DataCollectionRequestSender.SendBeforeTestRunStartAndGetResult: Received message: (DataCollection.SendMessage) -> {"MessageType":"DataCollection.SendMessage","Payload":{"FriendlyName":null,"Uri":null,"TestCaseId":"00000000-0000-0000-0000-000000000000","Message":"Logging DataCollector Diagnostics in file: E:\\kpi\\.NET_web\\lab1\\lab1\\MyCollectionTesting\\bin\\Debug\\net6.0\\fine-code-coverage\\coverage-tool-output\\diagnostics.datacollector.23-10-22_21-04-18_78149_1.log","Level":0}}
TpTrace Verbose: 0 : 3660, 1, 2023/10/22, 21:04:19.088, 7024266579561, vstest.console.dll, DataCollectionRequestSender.SendBeforeTestRunStartAndGetResult: Received message: (DataCollection.BeforeTestRunStartResult) -> {"MessageType":"DataCollection.BeforeTestRunStartResult","Payload":{"EnvironmentVariables":{},"DataCollectionEventsPort":53367}}
TpTrace Information: 0 : 3660, 1, 2023/10/22, 21:04:19.092, 7024266620125, vstest.console.dll, ProxyDataCollectionManager.BeforeTestRunStart: SendBeforeTestRunStartAndGetResult successful, env variable from datacollector:   and testhost port: 53367
TpTrace Information: 0 : 3660, 1, 2023/10/22, 21:04:19.092, 7024266621258, vstest.console.dll, ProxyDataCollectionManager.InvokeDataCollectionServiceAction: Completed.
TpTrace Verbose: 0 : 3660, 7, 2023/10/22, 21:04:19.092, 7024266622579, vstest.console.dll, ParallelProxyExecutionManager: Execution started. Started clients: 1
TpTrace Verbose: 0 : 3660, 1, 2023/10/22, 21:04:19.092, 7024266622824, vstest.console.dll, ProxyParallelExecutionManager: No sources available for execution.
TpTrace Information: 0 : 3660, 1, 2023/10/22, 21:04:19.092, 7024266623950, vstest.console.dll, TestRunRequest.ExecuteAsync: Started.
TpTrace Verbose: 0 : 3660, 1, 2023/10/22, 21:04:19.093, 7024266624744, vstest.console.dll, TestRunRequest.WaitForCompletion: Waiting with timeout -1.
TpTrace Verbose: 0 : 3660, 7, 2023/10/22, 21:04:19.093, 7024266625195, vstest.console.dll, TestRunRequest:SendTestRunMessage: Starting.
TpTrace Verbose: 0 : 3660, 7, 2023/10/22, 21:04:19.093, 7024266626501, vstest.console.dll, MulticastDelegateUtilities.SafeInvoke: TestRun.LogMessages: Invoking callback 1/1 for Microsoft.VisualStudio.TestPlatform.CommandLine.TestRunResultAggregator., took 0 ms.
TpTrace Information: 0 : 3660, 7, 2023/10/22, 21:04:19.093, 7024266626996, vstest.console.dll, TestRunRequest:SendTestRunMessage: Completed.
TpTrace Verbose: 0 : 3660, 4, 2023/10/22, 21:04:19.093, 7024266628301, vstest.console.dll, MulticastDelegateUtilities.SafeInvoke: InternalTestLoggerEvents.SendTestRunMessage: Invoking callback 1/1 for Microsoft.VisualStudio.TestPlatform.CommandLine.Internal.ConsoleLogger., took 0 ms.
TpTrace Verbose: 0 : 3660, 7, 2023/10/22, 21:04:19.093, 7024266628497, vstest.console.dll, ProxyExecutionManager: Test host is always Lazy initialize.
TpTrace Verbose: 0 : 3660, 7, 2023/10/22, 21:04:19.093, 7024266630597, vstest.console.dll, TestRequestSender.InitializeCommunication: initialize communication. 
TpTrace Information: 0 : 3660, 7, 2023/10/22, 21:04:19.094, 7024266635050, vstest.console.dll, SocketServer.Start: Listening on endpoint : 127.0.0.1:53368
TpTrace Verbose: 0 : 3660, 7, 2023/10/22, 21:04:19.094, 7024266643148, vstest.console.dll, DotnetTestHostmanager.GetTestHostProcessStartInfo: Platform environment 'X64' target architecture 'X64' framework '.NETCoreApp,Version=v6.0' OS 'Windows'
TpTrace Verbose: 0 : 3660, 7, 2023/10/22, 21:04:19.095, 7024266645319, vstest.console.dll, DotnetTestHostmanager: Adding  --runtimeconfig "E:\kpi\.NET_web\lab1\lab1\MyCollectionTesting\bin\Debug\net6.0\fine-code-coverage\build-output\MyCollectionTesting.runtimeconfig.json" in args
TpTrace Verbose: 0 : 3660, 7, 2023/10/22, 21:04:19.095, 7024266646621, vstest.console.dll, DotnetTestHostmanager: Adding  --depsfile "E:\kpi\.NET_web\lab1\lab1\MyCollectionTesting\bin\Debug\net6.0\fine-code-coverage\build-output\MyCollectionTesting.deps.json" in args
TpTrace Verbose: 0 : 3660, 7, 2023/10/22, 21:04:19.095, 7024266648224, vstest.console.dll, DotnetTestHostmanager.IsWinOnArm: Current PROCESSOR_ARCHITECTURE from environment variable 'AMD64'
TpTrace Verbose: 0 : 3660, 7, 2023/10/22, 21:04:19.095, 7024266648814, vstest.console.dll, DotnetTestHostmanager.IsWinOnArm: Is Windows on ARM 'False'
TpTrace Verbose: 0 : 3660, 7, 2023/10/22, 21:04:19.095, 7024266649735, vstest.console.dll, DotnetTestHostManager: testhost.exe found at path: E:\kpi\.NET_web\lab1\lab1\MyCollectionTesting\bin\Debug\net6.0\fine-code-coverage\build-output\testhost.exe
TpTrace Verbose: 0 : 3660, 7, 2023/10/22, 21:04:19.095, 7024266650157, vstest.console.dll, DotnetTestHostmanager: Full path of host exe is E:\kpi\.NET_web\lab1\lab1\MyCollectionTesting\bin\Debug\net6.0\fine-code-coverage\build-output\testhost.exe
TpTrace Verbose: 0 : 3660, 7, 2023/10/22, 21:04:19.095, 7024266651308, vstest.console.dll, DotnetTestHostmanager.LaunchTestHostAsync: Found 'VSTEST_WINAPPHOST_DOTNET_ROOT' in env variables, value 'C:\Program Files\dotnet', forwarding to 'DOTNET_ROOT'
TpTrace Verbose: 0 : 3660, 7, 2023/10/22, 21:04:19.095, 7024266652815, vstest.console.dll, DotnetTestHostManager: Starting process 'E:\kpi\.NET_web\lab1\lab1\MyCollectionTesting\bin\Debug\net6.0\fine-code-coverage\build-output\testhost.exe' with command line ' --runtimeconfig "E:\kpi\.NET_web\lab1\lab1\MyCollectionTesting\bin\Debug\net6.0\fine-code-coverage\build-output\MyCollectionTesting.runtimeconfig.json" --depsfile "E:\kpi\.NET_web\lab1\lab1\MyCollectionTesting\bin\Debug\net6.0\fine-code-coverage\build-output\MyCollectionTesting.deps.json" --port 53368 --endpoint 127.0.0.1:053368 --role client --parentprocessid 3660 --diag "E:\kpi\.NET_web\lab1\lab1\MyCollectionTesting\bin\Debug\net6.0\fine-code-coverage\coverage-tool-output\diagnostics.host.23-10-22_21-04-19_09452_7.log" --tracelevel 4 --datacollectionport 53367 --telemetryoptedin false'
TpTrace Verbose: 0 : 3660, 7, 2023/10/22, 21:04:19.102, 7024266717508, vstest.console.dll, MulticastDelegateUtilities.SafeInvoke: HostProviderEvents.OnHostLaunched: Invoking callback 1/2 for Microsoft.VisualStudio.TestPlatform.CrossPlatEngine.Client.ProxyExecutionManagerWithDataCollection., took 1 ms.
TpTrace Verbose: 0 : 3660, 7, 2023/10/22, 21:04:19.102, 7024266720161, vstest.console.dll, Test Runtime launched
TpTrace Verbose: 0 : 3660, 7, 2023/10/22, 21:04:19.102, 7024266720866, vstest.console.dll, MulticastDelegateUtilities.SafeInvoke: HostProviderEvents.OnHostLaunched: Invoking callback 2/2 for Microsoft.VisualStudio.TestPlatform.CrossPlatEngine.Client.ProxyOperationManager., took 0 ms.
TpTrace Verbose: 0 : 3660, 7, 2023/10/22, 21:04:19.102, 7024266722325, vstest.console.dll, TestRequestSender.WaitForRequestHandlerConnection: waiting for connection with timeout: 90000.
TpTrace Verbose: 0 : 3660, 7, 2023/10/22, 21:04:19.246, 7024268160803, vstest.console.dll, TestRequestSender.WaitForRequestHandlerConnection: waiting took 143 ms, with timeout 90000 ms, and result 0, which is success.
TpTrace Verbose: 0 : 3660, 10, 2023/10/22, 21:04:19.246, 7024268160889, vstest.console.dll, MulticastDelegateUtilities.SafeInvoke: SocketServer: ClientConnected: Invoking callback 1/1 for Microsoft.VisualStudio.TestPlatform.CommunicationUtilities.TestRequestSender., took 0 ms.
TpTrace Verbose: 0 : 3660, 10, 2023/10/22, 21:04:19.246, 7024268162662, vstest.console.dll, SocketServer.OnClientConnected: Client connected for endPoint: 127.0.0.1:53368, starting MessageLoopAsync:
TpTrace Verbose: 0 : 3660, 13, 2023/10/22, 21:04:19.247, 7024268165534, vstest.console.dll, TcpClientExtensions.MessageLoopAsync: Polling on remoteEndPoint: 127.0.0.1:53369 localEndPoint: 127.0.0.1:53368
TpTrace Verbose: 0 : 3660, 7, 2023/10/22, 21:04:19.247, 7024268173016, vstest.console.dll, TestRequestSender.CheckVersionWithTestHost: Sending check version message: {"MessageType":"ProtocolVersion","Payload":7}
TpTrace Verbose: 0 : 3660, 13, 2023/10/22, 21:04:19.373, 7024269433858, vstest.console.dll, TcpClientExtensions.MessageLoopAsync: NotifyDataAvailable remoteEndPoint: 127.0.0.1:53369 localEndPoint: 127.0.0.1:53368
TpTrace Verbose: 0 : 3660, 13, 2023/10/22, 21:04:19.374, 7024269435814, vstest.console.dll, TestRequestSender.CheckVersionWithTestHost: onMessageReceived received message: (ProtocolVersion) -> {"MessageType":"ProtocolVersion","Payload":7}
TpTrace Verbose: 0 : 3660, 13, 2023/10/22, 21:04:19.374, 7024269441858, vstest.console.dll, MulticastDelegateUtilities.SafeInvoke: LengthPrefixCommunicationChannel: MessageReceived: Invoking callback 1/1 for Microsoft.VisualStudio.TestPlatform.CommunicationUtilities.TestRequestSender+<>c__DisplayClass29_0., took 0 ms.
TpTrace Verbose: 0 : 3660, 13, 2023/10/22, 21:04:19.374, 7024269443027, vstest.console.dll, TcpClientExtensions.MessageLoopAsync: Polling on remoteEndPoint: 127.0.0.1:53369 localEndPoint: 127.0.0.1:53368
TpTrace Verbose: 0 : 3660, 7, 2023/10/22, 21:04:19.374, 7024269443205, vstest.console.dll, TestPluginCache.GetExtensionPaths: Filtered extension paths: 
TpTrace Verbose: 0 : 3660, 7, 2023/10/22, 21:04:19.375, 7024269444510, vstest.console.dll, TestPluginCache.GetExtensionPaths: Added default extension paths: C:\Program Files\dotnet\sdk\7.0.203\Extensions\Microsoft.Diagnostics.NETCore.Client.dll
C:\Program Files\dotnet\sdk\7.0.203\Extensions\Microsoft.TestPlatform.Extensions.BlameDataCollector.dll
C:\Program Files\dotnet\sdk\7.0.203\Extensions\Microsoft.TestPlatform.Extensions.EventLogCollector.dll
C:\Program Files\dotnet\sdk\7.0.203\Extensions\Microsoft.TestPlatform.TestHostRuntimeProvider.dll
C:\Program Files\dotnet\sdk\7.0.203\Extensions\Microsoft.VisualStudio.TestPlatform.Extensions.Html.TestLogger.dll
C:\Program Files\dotnet\sdk\7.0.203\Extensions\Microsoft.VisualStudio.TestPlatform.Extensions.Trx.TestLogger.dll
TpTrace Verbose: 0 : 3660, 7, 2023/10/22, 21:04:19.375, 7024269445062, vstest.console.dll, TestPluginCache.GetExtensionPaths: Added unfilterableExtensionPaths: 
TpTrace Verbose: 0 : 3660, 7, 2023/10/22, 21:04:19.384, 7024269542030, vstest.console.dll, TestRequestSender.InitializeExecution: Sending initialize execution with message: {"Version":7,"MessageType":"TestExecution.Initialize","Payload":["E:\\kpi\\.NET_web\\lab1\\lab1\\MyCollectionTesting\\bin\\Debug\\net6.0\\fine-code-coverage\\build-output\\NUnit3.TestAdapter.dll"]}
TpTrace Warning: 0 : 3660, 7, 2023/10/22, 21:04:19.385, 7024269547906, vstest.console.dll, InferRunSettingsHelper.MakeRunsettingsCompatible: Removing the following settings: TargetPlatform from RunSettings file. To use those settings please move to latest version of Microsoft.NET.Test.Sdk
TpTrace Verbose: 0 : 3660, 13, 2023/10/22, 21:04:19.387, 7024269565292, vstest.console.dll, TcpClientExtensions.MessageLoopAsync: NotifyDataAvailable remoteEndPoint: 127.0.0.1:53369 localEndPoint: 127.0.0.1:53368
TpTrace Verbose: 0 : 3660, 13, 2023/10/22, 21:04:19.387, 7024269568737, vstest.console.dll, TestRequestSender.OnExecutionMessageReceived: Received message: {"Version":7,"MessageType":"TestSession.Message","Payload":{"MessageLevel":0,"Message":"   TestHost  : E:\\kpi\\.NET_web\\lab1\\lab1\\MyCollectionTesting\\bin\\Debug\\net6.0\\fine-code-coverage\\coverage-tool-output\\diagnostics.host.23-10-22_21-04-19_09452_7.log"}}
TpTrace Verbose: 0 : 3660, 13, 2023/10/22, 21:04:19.402, 7024269720519, vstest.console.dll, TestRunRequest:SendTestRunMessage: Starting.
TpTrace Verbose: 0 : 3660, 13, 2023/10/22, 21:04:19.402, 7024269722248, vstest.console.dll, MulticastDelegateUtilities.SafeInvoke: TestRun.LogMessages: Invoking callback 1/1 for Microsoft.VisualStudio.TestPlatform.CommandLine.TestRunResultAggregator., took 0 ms.
TpTrace Verbose: 0 : 3660, 4, 2023/10/22, 21:04:19.402, 7024269722268, vstest.console.dll, MulticastDelegateUtilities.SafeInvoke: InternalTestLoggerEvents.SendTestRunMessage: Invoking callback 1/1 for Microsoft.VisualStudio.TestPlatform.CommandLine.Internal.ConsoleLogger., took 0 ms.
TpTrace Information: 0 : 3660, 13, 2023/10/22, 21:04:19.402, 7024269722950, vstest.console.dll, TestRunRequest:SendTestRunMessage: Completed.
TpTrace Verbose: 0 : 3660, 13, 2023/10/22, 21:04:19.402, 7024269724242, vstest.console.dll, MulticastDelegateUtilities.SafeInvoke: LengthPrefixCommunicationChannel: MessageReceived: Invoking callback 1/1 for Microsoft.VisualStudio.TestPlatform.CommunicationUtilities.TestRequestSender+<>c__DisplayClass34_0., took 15 ms.
TpTrace Verbose: 0 : 3660, 13, 2023/10/22, 21:04:19.403, 7024269725372, vstest.console.dll, TcpClientExtensions.MessageLoopAsync: Polling on remoteEndPoint: 127.0.0.1:53369 localEndPoint: 127.0.0.1:53368
TpTrace Verbose: 0 : 3660, 7, 2023/10/22, 21:04:19.407, 7024269764550, vstest.console.dll, TestRequestSender.StartTestRun: Sending test run with message: {"Version":7,"MessageType":"TestExecution.StartWithSources","Payload":{"AdapterSourceMap":{"_none_":["E:\\kpi\\.NET_web\\lab1\\lab1\\MyCollectionTesting\\bin\\Debug\\net6.0\\fine-code-coverage\\build-output\\MyCollectionTesting.dll"]},"RunSettings":"<RunSettings>\r\n  <RunConfiguration>\r\n    <ResultsDirectory>E:\\kpi\\.NET_web\\lab1\\lab1\\MyCollectionTesting\\bin\\Debug\\net6.0\\fine-code-coverage\\coverage-tool-output</ResultsDirectory>\r\n    <TargetFrameworkVersion>.NETCoreApp,Version=v6.0</TargetFrameworkVersion>\r\n    <DesignMode>False</DesignMode>\r\n    <CollectSourceInformation>False</CollectSourceInformation>\r\n  </RunConfiguration>\r\n  <LoggerRunSettings>\r\n    <Loggers>\r\n      <Logger friendlyName=\"blame\" enabled=\"True\" />\r\n      <Logger friendlyName=\"Console\" uri=\"logger://microsoft/TestPlatform/ConsoleLogger/v1\" assemblyQualifiedName=\"Microsoft.VisualStudio.TestPlatform.CommandLine.Internal.ConsoleLogger, vstest.console, Version=15.0.0.0, Culture=neutral, PublicKeyToken=b03f5f7f11d50a3a\" codeBase=\"C:\\Program Files\\dotnet\\sdk\\7.0.203\\vstest.console.dll\" enabled=\"True\" />\r\n    </Loggers>\r\n  </LoggerRunSettings>\r\n  <DataCollectionRunSettings>\r\n    <DataCollectors>\r\n      <DataCollector friendlyName=\"blame\" enabled=\"True\">\r\n        <Configuration>\r\n          <ResultsDirectory>E:\\kpi\\.NET_web\\lab1\\lab1\\MyCollectionTesting\\bin\\Debug\\net6.0\\fine-code-coverage\\coverage-tool-output</ResultsDirectory>\r\n        </Configuration>\r\n      </DataCollector>\r\n    </DataCollectors>\r\n  </DataCollectionRunSettings>\r\n</RunSettings>","TestExecutionContext":{"FrequencyOfRunStatsChangeEvent":10,"RunStatsChangeEventTimeout":"00:00:01.5000000","InIsolation":false,"KeepAlive":false,"AreTestCaseLevelEventsRequired":false,"IsDebug":false,"TestCaseFilter":null,"FilterOptions":null},"Package":null}}
TpTrace Verbose: 0 : 3660, 13, 2023/10/22, 21:04:19.571, 7024271406106, vstest.console.dll, TcpClientExtensions.MessageLoopAsync: NotifyDataAvailable remoteEndPoint: 127.0.0.1:53369 localEndPoint: 127.0.0.1:53368
TpTrace Verbose: 0 : 3660, 13, 2023/10/22, 21:04:19.571, 7024271408145, vstest.console.dll, TestRequestSender.OnExecutionMessageReceived: Received message: {"Version":7,"MessageType":"TestSession.Message","Payload":{"MessageLevel":0,"Message":"NUnit Adapter 4.4.0.0: Test execution started"}}
TpTrace Verbose: 0 : 3660, 13, 2023/10/22, 21:04:19.571, 7024271410505, vstest.console.dll, TestRunRequest:SendTestRunMessage: Starting.
TpTrace Verbose: 0 : 3660, 13, 2023/10/22, 21:04:19.571, 7024271411179, vstest.console.dll, MulticastDelegateUtilities.SafeInvoke: TestRun.LogMessages: Invoking callback 1/1 for Microsoft.VisualStudio.TestPlatform.CommandLine.TestRunResultAggregator., took 0 ms.
TpTrace Information: 0 : 3660, 13, 2023/10/22, 21:04:19.571, 7024271411565, vstest.console.dll, TestRunRequest:SendTestRunMessage: Completed.
TpTrace Verbose: 0 : 3660, 4, 2023/10/22, 21:04:19.571, 7024271411813, vstest.console.dll, MulticastDelegateUtilities.SafeInvoke: InternalTestLoggerEvents.SendTestRunMessage: Invoking callback 1/1 for Microsoft.VisualStudio.TestPlatform.CommandLine.Internal.ConsoleLogger., took 0 ms.
TpTrace Verbose: 0 : 3660, 13, 2023/10/22, 21:04:19.571, 7024271412018, vstest.console.dll, MulticastDelegateUtilities.SafeInvoke: LengthPrefixCommunicationChannel: MessageReceived: Invoking callback 1/1 for Microsoft.VisualStudio.TestPlatform.CommunicationUtilities.TestRequestSender+<>c__DisplayClass34_0., took 0 ms.
TpTrace Verbose: 0 : 3660, 13, 2023/10/22, 21:04:19.571, 7024271413057, vstest.console.dll, TcpClientExtensions.MessageLoopAsync: Polling on remoteEndPoint: 127.0.0.1:53369 localEndPoint: 127.0.0.1:53368
TpTrace Verbose: 0 : 3660, 13, 2023/10/22, 21:04:19.597, 7024271670441, vstest.console.dll, TcpClientExtensions.MessageLoopAsync: NotifyDataAvailable remoteEndPoint: 127.0.0.1:53369 localEndPoint: 127.0.0.1:53368
TpTrace Verbose: 0 : 3660, 13, 2023/10/22, 21:04:19.597, 7024271672187, vstest.console.dll, TestRequestSender.OnExecutionMessageReceived: Received message: {"Version":7,"MessageType":"TestSession.Message","Payload":{"MessageLevel":0,"Message":"Running all tests in E:\\kpi\\.NET_web\\lab1\\lab1\\MyCollectionTesting\\bin\\Debug\\net6.0\\fine-code-coverage\\build-output\\MyCollectionTesting.dll"}}
TpTrace Verbose: 0 : 3660, 13, 2023/10/22, 21:04:19.597, 7024271673388, vstest.console.dll, TestRunRequest:SendTestRunMessage: Starting.
TpTrace Verbose: 0 : 3660, 13, 2023/10/22, 21:04:19.597, 7024271673984, vstest.console.dll, MulticastDelegateUtilities.SafeInvoke: TestRun.LogMessages: Invoking callback 1/1 for Microsoft.VisualStudio.TestPlatform.CommandLine.TestRunResultAggregator., took 0 ms.
TpTrace Information: 0 : 3660, 13, 2023/10/22, 21:04:19.597, 7024271674325, vstest.console.dll, TestRunRequest:SendTestRunMessage: Completed.
TpTrace Verbose: 0 : 3660, 4, 2023/10/22, 21:04:19.598, 7024271674560, vstest.console.dll, MulticastDelegateUtilities.SafeInvoke: InternalTestLoggerEvents.SendTestRunMessage: Invoking callback 1/1 for Microsoft.VisualStudio.TestPlatform.CommandLine.Internal.ConsoleLogger., took 0 ms.
TpTrace Verbose: 0 : 3660, 13, 2023/10/22, 21:04:19.598, 7024271674680, vstest.console.dll, MulticastDelegateUtilities.SafeInvoke: LengthPrefixCommunicationChannel: MessageReceived: Invoking callback 1/1 for Microsoft.VisualStudio.TestPlatform.CommunicationUtilities.TestRequestSender+<>c__DisplayClass34_0., took 0 ms.
TpTrace Verbose: 0 : 3660, 13, 2023/10/22, 21:04:19.598, 7024271676110, vstest.console.dll, TcpClientExtensions.MessageLoopAsync: Polling on remoteEndPoint: 127.0.0.1:53369 localEndPoint: 127.0.0.1:53368
TpTrace Verbose: 0 : 3660, 13, 2023/10/22, 21:04:20.421, 7024279908626, vstest.console.dll, TcpClientExtensions.MessageLoopAsync: NotifyDataAvailable remoteEndPoint: 127.0.0.1:53369 localEndPoint: 127.0.0.1:53368
TpTrace Verbose: 0 : 3660, 13, 2023/10/22, 21:04:20.421, 7024279910130, vstest.console.dll, TestRequestSender.OnExecutionMessageReceived: Received message: {"Version":7,"MessageType":"TestSession.Message","Payload":{"MessageLevel":0,"Message":"   NUnit3TestExecutor discovered 30 of 30 NUnit test cases using Current Discovery mode, Non-Explicit run"}}
TpTrace Verbose: 0 : 3660, 13, 2023/10/22, 21:04:20.421, 7024279911274, vstest.console.dll, TestRunRequest:SendTestRunMessage: Starting.
TpTrace Verbose: 0 : 3660, 13, 2023/10/22, 21:04:20.421, 7024279911842, vstest.console.dll, MulticastDelegateUtilities.SafeInvoke: TestRun.LogMessages: Invoking callback 1/1 for Microsoft.VisualStudio.TestPlatform.CommandLine.TestRunResultAggregator., took 0 ms.
TpTrace Information: 0 : 3660, 13, 2023/10/22, 21:04:20.421, 7024279912167, vstest.console.dll, TestRunRequest:SendTestRunMessage: Completed.
TpTrace Verbose: 0 : 3660, 4, 2023/10/22, 21:04:20.421, 7024279912397, vstest.console.dll, MulticastDelegateUtilities.SafeInvoke: InternalTestLoggerEvents.SendTestRunMessage: Invoking callback 1/1 for Microsoft.VisualStudio.TestPlatform.CommandLine.Internal.ConsoleLogger., took 0 ms.
TpTrace Verbose: 0 : 3660, 13, 2023/10/22, 21:04:20.421, 7024279912473, vstest.console.dll, MulticastDelegateUtilities.SafeInvoke: LengthPrefixCommunicationChannel: MessageReceived: Invoking callback 1/1 for Microsoft.VisualStudio.TestPlatform.CommunicationUtilities.TestRequestSender+<>c__DisplayClass34_0., took 0 ms.
TpTrace Verbose: 0 : 3660, 13, 2023/10/22, 21:04:20.421, 7024279913639, vstest.console.dll, TcpClientExtensions.MessageLoopAsync: Polling on remoteEndPoint: 127.0.0.1:53369 localEndPoint: 127.0.0.1:53368
TpTrace Verbose: 0 : 3660, 13, 2023/10/22, 21:04:20.552, 7024281215171, vstest.console.dll, TcpClientExtensions.MessageLoopAsync: NotifyDataAvailable remoteEndPoint: 127.0.0.1:53369 localEndPoint: 127.0.0.1:53368
TpTrace Verbose: 0 : 3660, 13, 2023/10/22, 21:04:20.552, 7024281217757, vstest.console.dll, TestRequestSender.OnExecutionMessageReceived: Received message: {"Version":7,"MessageType":"TestExecution.StatsChange","Payload":{"NewTestResults":[{"TestCase":{"Id":"e1ee271f-3625-5bae-aff0-4eb75b63eaab","FullyQualifiedName":"MyCollectionTesting.AddAfterTests.AddAfter_NewValue_AfterLast_ResultTheLastIsNewValue","DisplayName":"AddAfter_NewValue_AfterLast_ResultTheLastIsNewValue","ExecutorUri":"executor://NUnit3TestExecutor","Source":"E:\\kpi\\.NET_web\\lab1\\lab1\\MyCollectionTesting\\bin\\Debug\\net6.0\\fine-code-coverage\\build-output\\MyCollectionTesting.dll","CodeFilePath":null,"LineNumber":0,"Properties":[{"Key":{"Id":"NUnit.Seed","Label":"Seed","Category":"","Description":"","Attributes":0,"ValueType":"System.String"},"Value":"717684029"}]},"Attachments":[],"Outcome":1,"ErrorMessage":null,"ErrorStackTrace":null,"DisplayName":"AddAfter_NewValue_AfterLast_ResultTheLastIsNewValue","Messages":[],"ComputerName":"DEUS-EX-MACHINE","Duration":"00:00:00.0144300","StartTime":"2023-10-22T18:04:20.4459836+00:00","EndTime":"2023-10-22T18:04:20.4603407+00:00","Properties":[{"Key":{"Id":"NUnit.Seed","Label":"Seed","Category":"","Description":"","Attributes":0,"ValueType":"System.String"},"Value":"717684029"}]},{"TestCase":{"Id":"91bb5312-5af6-87fe-c0ea-9e79103eed9b","FullyQualifiedName":"MyCollectionTesting.AddAfterTests.AddAfter_NewValue_AfterNull_ResultExeption","DisplayName":"AddAfter_NewValue_AfterNull_ResultExeption","ExecutorUri":"executor://NUnit3TestExecutor","Source":"E:\\kpi\\.NET_web\\lab1\\lab1\\MyCollectionTesting\\bin\\Debug\\net6.0\\fine-code-coverage\\build-output\\MyCollectionTesting.dll","CodeFilePath":null,"LineNumber":0,"Properties":[{"Key":{"Id":"NUnit.Seed","Label":"Seed","Category":"","Description":"","Attributes":0,"ValueType":"System.String"},"Value":"151092495"}]},"Attachments":[],"Outcome":1,"ErrorMessage":null,"ErrorStackTrace":null,"DisplayName":"AddAfter_NewValue_AfterNull_ResultExeption","Messages":[],"ComputerName":"DEUS-EX-MACHINE","Duration":"00:00:00.0088570","StartTime":"2023-10-22T18:04:20.4617661+00:00","EndTime":"2023-10-22T18:04:20.4706233+00:00","Properties":[{"Key":{"Id":"NUnit.Seed","Label":"Seed","Category":"","Description":"","Attributes":0,"ValueType":"System.String"},"Value":"151092495"}]},{"TestCase":{"Id":"d50c3b09-67b1-56b9-1037-de05a6516120","FullyQualifiedName":"MyCollectionTesting.AddAfterTests.AddAfter_NewValue_BetweenTwoValues_ResultNewValueInItsPlace","DisplayName":"AddAfter_NewValue_BetweenTwoValues_ResultNewValueInItsPlace","ExecutorUri":"executor://NUnit3TestExecutor","Source":"E:\\kpi\\.NET_web\\lab1\\lab1\\MyCollectionTesting\\bin\\Debug\\net6.0\\fine-code-coverage\\build-output\\MyCollectionTesting.dll","CodeFilePath":null,"LineNumber":0,"Properties":[{"Key":{"Id":"NUnit.Seed","Label":"Seed","Category":"","Description":"","Attributes":0,"ValueType":"System.String"},"Value":"1081638909"}]},"Attachments":[],"Outcome":1,"ErrorMessage":null,"ErrorStackTrace":null,"DisplayName":"AddAfter_NewValue_BetweenTwoValues_ResultNewValueInItsPlace","Messages":[],"ComputerName":"DEUS-EX-MACHINE","Duration":"00:00:00.0004080","StartTime":"2023-10-22T18:04:20.4706475+00:00","EndTime":"2023-10-22T18:04:20.4710556+00:00","Properties":[{"Key":{"Id":"NUnit.Seed","Label":"Seed","Category":"","Description":"","Attributes":0,"ValueType":"System.String"},"Value":"1081638909"}]},{"TestCase":{"Id":"d8cbbc81-9be4-108a-6ff1-7a2e7de10885","FullyQualifiedName":"MyCollectionTesting.AddAfterTests.AddAfter_NewValue_FakeNode_ResultExeption","DisplayName":"AddAfter_NewValue_FakeNode_ResultExeption","ExecutorUri":"executor://NUnit3TestExecutor","Source":"E:\\kpi\\.NET_web\\lab1\\lab1\\MyCollectionTesting\\bin\\Debug\\net6.0\\fine-code-coverage\\build-output\\MyCollectionTesting.dll","CodeFilePath":null,"LineNumber":0,"Properties":[{"Key":{"Id":"NUnit.Seed","Label":"Seed","Category":"","Description":"","Attributes":0,"ValueType":"System.String"},"Value":"780469213"}]},"Attachments":[],"Outcome":1,"ErrorMessage":null,"ErrorStackTrace":null,"DisplayName":"AddAfter_NewValue_FakeNode_ResultExeption","Messages":[],"ComputerName":"DEUS-EX-MACHINE","Duration":"00:00:00.0002670","StartTime":"2023-10-22T18:04:20.4710662+00:00","EndTime":"2023-10-22T18:04:20.471333+00:00","Properties":[{"Key":{"Id":"NUnit.Seed","Label":"Seed","Category":"","Description":"","Attributes":0,"ValueType":"System.String"},"Value":"780469213"}]},{"TestCase":{"Id":"dad28b8c-d9f3-a6e6-a005-7246a164c766","FullyQualifiedName":"MyCollectionTesting.AddBeforeTests.AddBefore_NewValue_AfterNull_ResultExeption","DisplayName":"AddBefore_NewValue_AfterNull_ResultExeption","ExecutorUri":"executor://NUnit3TestExecutor","Source":"E:\\kpi\\.NET_web\\lab1\\lab1\\MyCollectionTesting\\bin\\Debug\\net6.0\\fine-code-coverage\\build-output\\MyCollectionTesting.dll","CodeFilePath":null,"LineNumber":0,"Properties":[{"Key":{"Id":"NUnit.Seed","Label":"Seed","Category":"","Description":"","Attributes":0,"ValueType":"System.String"},"Value":"886971497"}]},"Attachments":[],"Outcome":1,"ErrorMessage":null,"ErrorStackTrace":null,"DisplayName":"AddBefore_NewValue_AfterNull_ResultExeption","Messages":[],"ComputerName":"DEUS-EX-MACHINE","Duration":"00:00:00.0007320","StartTime":"2023-10-22T18:04:20.4732733+00:00","EndTime":"2023-10-22T18:04:20.4740048+00:00","Properties":[{"Key":{"Id":"NUnit.Seed","Label":"Seed","Category":"","Description":"","Attributes":0,"ValueType":"System.String"},"Value":"886971497"}]},{"TestCase":{"Id":"c03fdd42-5612-64f7-f8e4-0632335a2cdc","FullyQualifiedName":"MyCollectionTesting.AddBeforeTests.AddBefore_NewValue_BeforeFirst_ResultTheFirstIsNewValue","DisplayName":"AddBefore_NewValue_BeforeFirst_ResultTheFirstIsNewValue","ExecutorUri":"executor://NUnit3TestExecutor","Source":"E:\\kpi\\.NET_web\\lab1\\lab1\\MyCollectionTesting\\bin\\Debug\\net6.0\\fine-code-coverage\\build-output\\MyCollectionTesting.dll","CodeFilePath":null,"LineNumber":0,"Properties":[{"Key":{"Id":"NUnit.Seed","Label":"Seed","Category":"","Description":"","Attributes":0,"ValueType":"System.String"},"Value":"82383510"}]},"Attachments":[],"Outcome":1,"ErrorMessage":null,"ErrorStackTrace":null,"DisplayName":"AddBefore_NewValue_BeforeFirst_ResultTheFirstIsNewValue","Messages":[],"ComputerName":"DEUS-EX-MACHINE","Duration":"00:00:00.0008450","StartTime":"2023-10-22T18:04:20.4740653+00:00","EndTime":"2023-10-22T18:04:20.4749099+00:00","Properties":[{"Key":{"Id":"NUnit.Seed","Label":"Seed","Category":"","Description":"","Attributes":0,"ValueType":"System.String"},"Value":"82383510"}]},{"TestCase":{"Id":"4127fdb1-0e7a-8216-1cb5-b2a85bd3aa79","FullyQualifiedName":"MyCollectionTesting.AddBeforeTests.AddBefore_NewValue_BetweenTwoValues_ResultNewValueInItsPlace","DisplayName":"AddBefore_NewValue_BetweenTwoValues_ResultNewValueInItsPlace","ExecutorUri":"executor://NUnit3TestExecutor","Source":"E:\\kpi\\.NET_web\\lab1\\lab1\\MyCollectionTesting\\bin\\Debug\\net6.0\\fine-code-coverage\\build-output\\MyCollectionTesting.dll","CodeFilePath":null,"LineNumber":0,"Properties":[{"Key":{"Id":"NUnit.Seed","Label":"Seed","Category":"","Description":"","Attributes":0,"ValueType":"System.String"},"Value":"1067836754"}]},"Attachments":[],"Outcome":1,"ErrorMessage":null,"ErrorStackTrace":null,"DisplayName":"AddBefore_NewValue_BetweenTwoValues_ResultNewValueInItsPlace","Messages":[],"ComputerName":"DEUS-EX-MACHINE","Duration":"00:00:00.0003890","StartTime":"2023-10-22T18:04:20.4749244+00:00","EndTime":"2023-10-22T18:04:20.4753129+00:00","Properties":[{"Key":{"Id":"NUnit.Seed","Label":"Seed","Category":"","Description":"","Attributes":0,"ValueType":"System.String"},"Value":"1067836754"}]},{"TestCase":{"Id":"985b613b-4c3b-9757-5298-b6f56687dcf7","FullyQualifiedName":"MyCollectionTesting.AddBeforeTests.AddBefore_NewValue_FakeNode_ResultExeption","DisplayName":"AddBefore_NewValue_FakeNode_ResultExeption","ExecutorUri":"executor://NUnit3TestExecutor","Source":"E:\\kpi\\.NET_web\\lab1\\lab1\\MyCollectionTesting\\bin\\Debug\\net6.0\\fine-code-coverage\\build-output\\MyCollectionTesting.dll","CodeFilePath":null,"LineNumber":0,"Properties":[{"Key":{"Id":"NUnit.Seed","Label":"Seed","Category":"","Description":"","Attributes":0,"ValueType":"System.String"},"Value":"821545554"}]},"Attachments":[],"Outcome":1,"ErrorMessage":null,"ErrorStackTrace":null,"DisplayName":"AddBefore_NewValue_FakeNode_ResultExeption","Messages":[],"ComputerName":"DEUS-EX-MACHINE","Duration":"00:00:00.0002470","StartTime":"2023-10-22T18:04:20.4753242+00:00","EndTime":"2023-10-22T18:04:20.4755712+00:00","Properties":[{"Key":{"Id":"NUnit.Seed","Label":"Seed","Category":"","Description":"","Attributes":0,"ValueType":"System.String"},"Value":"821545554"}]},{"TestCase":{"Id":"92d25cdb-0111-df68-6edc-d9b1c397a77a","FullyQualifiedName":"MyCollectionTesting.AddFirstTests.AddFirst_NewValue_EmptyList_ResultListWithOneNode","DisplayName":"AddFirst_NewValue_EmptyList_ResultListWithOneNode","ExecutorUri":"executor://NUnit3TestExecutor","Source":"E:\\kpi\\.NET_web\\lab1\\lab1\\MyCollectionTesting\\bin\\Debug\\net6.0\\fine-code-coverage\\build-output\\MyCollectionTesting.dll","CodeFilePath":null,"LineNumber":0,"Properties":[{"Key":{"Id":"NUnit.Seed","Label":"Seed","Category":"","Description":"","Attributes":0,"ValueType":"System.String"},"Value":"549467373"}]},"Attachments":[],"Outcome":1,"ErrorMessage":null,"ErrorStackTrace":null,"DisplayName":"AddFirst_NewValue_EmptyList_ResultListWithOneNode","Messages":[],"ComputerName":"DEUS-EX-MACHINE","Duration":"00:00:00.0005530","StartTime":"2023-10-22T18:04:20.4757182+00:00","EndTime":"2023-10-22T18:04:20.4762704+00:00","Properties":[{"Key":{"Id":"NUnit.Seed","Label":"Seed","Category":"","Description":"","Attributes":0,"ValueType":"System.String"},"Value":"549467373"}]}],"TestRunStatistics":{"ExecutedTests":9,"Stats":{"Passed":9}},"ActiveTests":[{"Id":"b5d4f988-dedb-780a-5543-b45dbdd448d2","FullyQualifiedName":"MyCollectionTesting.AddFirstTests.AddFirst_NewValue_ListWithOneNode_ResultFirstIsNewValue","DisplayName":"AddFirst_NewValue_ListWithOneNode_ResultFirstIsNewValue","ExecutorUri":"executor://NUnit3TestExecutor","Source":"E:\\kpi\\.NET_web\\lab1\\lab1\\MyCollectionTesting\\bin\\Debug\\net6.0\\fine-code-coverage\\build-output\\MyCollectionTesting.dll","CodeFilePath":null,"LineNumber":0,"Properties":[{"Key":{"Id":"NUnit.Seed","Label":"Seed","Category":"","Description":"","Attributes":0,"ValueType":"System.String"},"Value":"1372366873"}]}]}}
TpTrace Verbose: 0 : 3660, 13, 2023/10/22, 21:04:20.574, 7024281440104, vstest.console.dll, TestRunRequest:SendTestRunStatsChange: Starting.
TpTrace Verbose: 0 : 3660, 13, 2023/10/22, 21:04:20.574, 7024281442469, vstest.console.dll, InProgress is AddFirst_NewValue_ListWithOneNode_ResultFirstIsNewValue
TpTrace Verbose: 0 : 3660, 13, 2023/10/22, 21:04:20.575, 7024281447212, vstest.console.dll, MulticastDelegateUtilities.SafeInvoke: TestRun.RunStatsChanged: Invoking callbacks was skipped because there are no subscribers.
TpTrace Information: 0 : 3660, 13, 2023/10/22, 21:04:20.575, 7024281447752, vstest.console.dll, TestRunRequest:SendTestRunStatsChange: Completed.
TpTrace Verbose: 0 : 3660, 13, 2023/10/22, 21:04:20.575, 7024281448239, vstest.console.dll, MulticastDelegateUtilities.SafeInvoke: LengthPrefixCommunicationChannel: MessageReceived: Invoking callback 1/1 for Microsoft.VisualStudio.TestPlatform.CommunicationUtilities.TestRequestSender+<>c__DisplayClass34_0., took 23 ms.
TpTrace Verbose: 0 : 3660, 13, 2023/10/22, 21:04:20.575, 7024281448595, vstest.console.dll, TcpClientExtensions.MessageLoopAsync: Polling on remoteEndPoint: 127.0.0.1:53369 localEndPoint: 127.0.0.1:53368
TpTrace Verbose: 0 : 3660, 13, 2023/10/22, 21:04:20.576, 7024281462730, vstest.console.dll, TcpClientExtensions.MessageLoopAsync: NotifyDataAvailable remoteEndPoint: 127.0.0.1:53369 localEndPoint: 127.0.0.1:53368
TpTrace Verbose: 0 : 3660, 13, 2023/10/22, 21:04:20.576, 7024281463949, vstest.console.dll, TestRequestSender.OnExecutionMessageReceived: Received message: {"Version":7,"MessageType":"TestSession.Message","Payload":{"MessageLevel":1,"Message":"Item was added: 2; to tail\r\nItem was added: 3; to tail\r\n"}}
TpTrace Verbose: 0 : 3660, 13, 2023/10/22, 21:04:20.577, 7024281465091, vstest.console.dll, TestRunRequest:SendTestRunMessage: Starting.
TpTrace Verbose: 0 : 3660, 13, 2023/10/22, 21:04:20.577, 7024281465684, vstest.console.dll, MulticastDelegateUtilities.SafeInvoke: TestRun.LogMessages: Invoking callback 1/1 for Microsoft.VisualStudio.TestPlatform.CommandLine.TestRunResultAggregator., took 0 ms.
TpTrace Information: 0 : 3660, 13, 2023/10/22, 21:04:20.577, 7024281466021, vstest.console.dll, TestRunRequest:SendTestRunMessage: Completed.
TpTrace Verbose: 0 : 3660, 13, 2023/10/22, 21:04:20.577, 7024281466357, vstest.console.dll, MulticastDelegateUtilities.SafeInvoke: LengthPrefixCommunicationChannel: MessageReceived: Invoking callback 1/1 for Microsoft.VisualStudio.TestPlatform.CommunicationUtilities.TestRequestSender+<>c__DisplayClass34_0., took 0 ms.
TpTrace Verbose: 0 : 3660, 4, 2023/10/22, 21:04:20.577, 7024281466555, vstest.console.dll, MulticastDelegateUtilities.SafeInvoke: InternalTestLoggerEvents.SendTestResult: Invoking callback 1/1 for Microsoft.VisualStudio.TestPlatform.CommandLine.Internal.ConsoleLogger., took 1 ms.
TpTrace Verbose: 0 : 3660, 13, 2023/10/22, 21:04:20.577, 7024281466683, vstest.console.dll, TcpClientExtensions.MessageLoopAsync: Polling on remoteEndPoint: 127.0.0.1:53369 localEndPoint: 127.0.0.1:53368
TpTrace Verbose: 0 : 3660, 4, 2023/10/22, 21:04:20.577, 7024281469051, vstest.console.dll, MulticastDelegateUtilities.SafeInvoke: InternalTestLoggerEvents.SendTestResult: Invoking callback 1/1 for Microsoft.VisualStudio.TestPlatform.CommandLine.Internal.ConsoleLogger., took 0 ms.
TpTrace Verbose: 0 : 3660, 4, 2023/10/22, 21:04:20.577, 7024281469689, vstest.console.dll, MulticastDelegateUtilities.SafeInvoke: InternalTestLoggerEvents.SendTestResult: Invoking callback 1/1 for Microsoft.VisualStudio.TestPlatform.CommandLine.Internal.ConsoleLogger., took 0 ms.
TpTrace Verbose: 0 : 3660, 4, 2023/10/22, 21:04:20.577, 7024281470155, vstest.console.dll, MulticastDelegateUtilities.SafeInvoke: InternalTestLoggerEvents.SendTestResult: Invoking callback 1/1 for Microsoft.VisualStudio.TestPlatform.CommandLine.Internal.ConsoleLogger., took 0 ms.
TpTrace Verbose: 0 : 3660, 4, 2023/10/22, 21:04:20.577, 7024281470600, vstest.console.dll, MulticastDelegateUtilities.SafeInvoke: InternalTestLoggerEvents.SendTestResult: Invoking callback 1/1 for Microsoft.VisualStudio.TestPlatform.CommandLine.Internal.ConsoleLogger., took 0 ms.
TpTrace Verbose: 0 : 3660, 4, 2023/10/22, 21:04:20.577, 7024281471091, vstest.console.dll, MulticastDelegateUtilities.SafeInvoke: InternalTestLoggerEvents.SendTestResult: Invoking callback 1/1 for Microsoft.VisualStudio.TestPlatform.CommandLine.Internal.ConsoleLogger., took 0 ms.
TpTrace Verbose: 0 : 3660, 4, 2023/10/22, 21:04:20.577, 7024281471519, vstest.console.dll, MulticastDelegateUtilities.SafeInvoke: InternalTestLoggerEvents.SendTestResult: Invoking callback 1/1 for Microsoft.VisualStudio.TestPlatform.CommandLine.Internal.ConsoleLogger., took 0 ms.
TpTrace Verbose: 0 : 3660, 4, 2023/10/22, 21:04:20.578, 7024281478673, vstest.console.dll, MulticastDelegateUtilities.SafeInvoke: InternalTestLoggerEvents.SendTestResult: Invoking callback 1/1 for Microsoft.VisualStudio.TestPlatform.CommandLine.Internal.ConsoleLogger., took 0 ms.
TpTrace Verbose: 0 : 3660, 4, 2023/10/22, 21:04:20.578, 7024281479400, vstest.console.dll, MulticastDelegateUtilities.SafeInvoke: InternalTestLoggerEvents.SendTestResult: Invoking callback 1/1 for Microsoft.VisualStudio.TestPlatform.CommandLine.Internal.ConsoleLogger., took 0 ms.
TpTrace Verbose: 0 : 3660, 4, 2023/10/22, 21:04:20.578, 7024281480728, vstest.console.dll, MulticastDelegateUtilities.SafeInvoke: InternalTestLoggerEvents.SendTestRunMessage: Invoking callback 1/1 for Microsoft.VisualStudio.TestPlatform.CommandLine.Internal.ConsoleLogger., took 0 ms.
TpTrace Verbose: 0 : 3660, 13, 2023/10/22, 21:04:20.584, 7024281534828, vstest.console.dll, TcpClientExtensions.MessageLoopAsync: NotifyDataAvailable remoteEndPoint: 127.0.0.1:53369 localEndPoint: 127.0.0.1:53368
TpTrace Verbose: 0 : 3660, 13, 2023/10/22, 21:04:20.584, 7024281537234, vstest.console.dll, TestRequestSender.OnExecutionMessageReceived: Received message: {"Version":7,"MessageType":"TestExecution.StatsChange","Payload":{"NewTestResults":[{"TestCase":{"Id":"b5d4f988-dedb-780a-5543-b45dbdd448d2","FullyQualifiedName":"MyCollectionTesting.AddFirstTests.AddFirst_NewValue_ListWithOneNode_ResultFirstIsNewValue","DisplayName":"AddFirst_NewValue_ListWithOneNode_ResultFirstIsNewValue","ExecutorUri":"executor://NUnit3TestExecutor","Source":"E:\\kpi\\.NET_web\\lab1\\lab1\\MyCollectionTesting\\bin\\Debug\\net6.0\\fine-code-coverage\\build-output\\MyCollectionTesting.dll","CodeFilePath":null,"LineNumber":0,"Properties":[{"Key":{"Id":"NUnit.Seed","Label":"Seed","Category":"","Description":"","Attributes":0,"ValueType":"System.String"},"Value":"1372366873"}]},"Attachments":[],"Outcome":1,"ErrorMessage":null,"ErrorStackTrace":null,"DisplayName":"AddFirst_NewValue_ListWithOneNode_ResultFirstIsNewValue","Messages":[],"ComputerName":"DEUS-EX-MACHINE","Duration":"00:00:00.0002750","StartTime":"2023-10-22T18:04:20.4762816+00:00","EndTime":"2023-10-22T18:04:20.4765566+00:00","Properties":[{"Key":{"Id":"NUnit.Seed","Label":"Seed","Category":"","Description":"","Attributes":0,"ValueType":"System.String"},"Value":"1372366873"}]},{"TestCase":{"Id":"96e851f3-e88f-dcab-7b96-02cdf2e91ae0","FullyQualifiedName":"MyCollectionTesting.AddLastTests.Add_NewValue_EmptyList_ResultListWithOneNode","DisplayName":"Add_NewValue_EmptyList_ResultListWithOneNode","ExecutorUri":"executor://NUnit3TestExecutor","Source":"E:\\kpi\\.NET_web\\lab1\\lab1\\MyCollectionTesting\\bin\\Debug\\net6.0\\fine-code-coverage\\build-output\\MyCollectionTesting.dll","CodeFilePath":null,"LineNumber":0,"Properties":[{"Key":{"Id":"NUnit.Seed","Label":"Seed","Category":"","Description":"","Attributes":0,"ValueType":"System.String"},"Value":"1644296991"}]},"Attachments":[],"Outcome":1,"ErrorMessage":null,"ErrorStackTrace":null,"DisplayName":"Add_NewValue_EmptyList_ResultListWithOneNode","Messages":[],"ComputerName":"DEUS-EX-MACHINE","Duration":"00:00:00.0003579","StartTime":"2023-10-22T18:04:20.4766689+00:00","EndTime":"2023-10-22T18:04:20.4770263+00:00","Properties":[{"Key":{"Id":"NUnit.Seed","Label":"Seed","Category":"","Description":"","Attributes":0,"ValueType":"System.String"},"Value":"1644296991"}]},{"TestCase":{"Id":"2cb1324f-2eb4-d3cf-6554-dd1b52c580b5","FullyQualifiedName":"MyCollectionTesting.AddLastTests.Add_NewValue_ListWithOneNode_ResultLastValueIsNewValue","DisplayName":"Add_NewValue_ListWithOneNode_ResultLastValueIsNewValue","ExecutorUri":"executor://NUnit3TestExecutor","Source":"E:\\kpi\\.NET_web\\lab1\\lab1\\MyCollectionTesting\\bin\\Debug\\net6.0\\fine-code-coverage\\build-output\\MyCollectionTesting.dll","CodeFilePath":null,"LineNumber":0,"Properties":[{"Key":{"Id":"NUnit.Seed","Label":"Seed","Category":"","Description":"","Attributes":0,"ValueType":"System.String"},"Value":"1800691870"}]},"Attachments":[],"Outcome":1,"ErrorMessage":null,"ErrorStackTrace":null,"DisplayName":"Add_NewValue_ListWithOneNode_ResultLastValueIsNewValue","Messages":[],"ComputerName":"DEUS-EX-MACHINE","Duration":"00:00:00.0002540","StartTime":"2023-10-22T18:04:20.4770358+00:00","EndTime":"2023-10-22T18:04:20.4772901+00:00","Properties":[{"Key":{"Id":"NUnit.Seed","Label":"Seed","Category":"","Description":"","Attributes":0,"ValueType":"System.String"},"Value":"1800691870"}]},{"TestCase":{"Id":"0f3b73b9-b134-a6f8-4e9c-68901e70b0ad","FullyQualifiedName":"MyCollectionTesting.ClearTests.Clear_ListWith4Elements_ResultListIsEmpty","DisplayName":"Clear_ListWith4Elements_ResultListIsEmpty","ExecutorUri":"executor://NUnit3TestExecutor","Source":"E:\\kpi\\.NET_web\\lab1\\lab1\\MyCollectionTesting\\bin\\Debug\\net6.0\\fine-code-coverage\\build-output\\MyCollectionTesting.dll","CodeFilePath":null,"LineNumber":0,"Properties":[{"Key":{"Id":"NUnit.Seed","Label":"Seed","Category":"","Description":"","Attributes":0,"ValueType":"System.String"},"Value":"323673928"}]},"Attachments":[],"Outcome":1,"ErrorMessage":null,"ErrorStackTrace":null,"DisplayName":"Clear_ListWith4Elements_ResultListIsEmpty","Messages":[],"ComputerName":"DEUS-EX-MACHINE","Duration":"00:00:00.0006790","StartTime":"2023-10-22T18:04:20.4773791+00:00","EndTime":"2023-10-22T18:04:20.4780576+00:00","Properties":[{"Key":{"Id":"NUnit.Seed","Label":"Seed","Category":"","Description":"","Attributes":0,"ValueType":"System.String"},"Value":"323673928"}]},{"TestCase":{"Id":"c506b9ff-9ba2-c804-e447-7ff10bca010e","FullyQualifiedName":"MyCollectionTesting.ConstructorTests.ConstructorWithCollection_NormalCollection_ResultListIsEqualToInitial","DisplayName":"ConstructorWithCollection_NormalCollection_ResultListIsEqualToInitial","ExecutorUri":"executor://NUnit3TestExecutor","Source":"E:\\kpi\\.NET_web\\lab1\\lab1\\MyCollectionTesting\\bin\\Debug\\net6.0\\fine-code-coverage\\build-output\\MyCollectionTesting.dll","CodeFilePath":null,"LineNumber":0,"Properties":[{"Key":{"Id":"NUnit.Seed","Label":"Seed","Category":"","Description":"","Attributes":0,"ValueType":"System.String"},"Value":"235205041"}]},"Attachments":[],"Outcome":1,"ErrorMessage":null,"ErrorStackTrace":null,"DisplayName":"ConstructorWithCollection_NormalCollection_ResultListIsEqualToInitial","Messages":[],"ComputerName":"DEUS-EX-MACHINE","Duration":"00:00:00.0010440","StartTime":"2023-10-22T18:04:20.4781774+00:00","EndTime":"2023-10-22T18:04:20.4792208+00:00","Properties":[{"Key":{"Id":"NUnit.Seed","Label":"Seed","Category":"","Description":"","Attributes":0,"ValueType":"System.String"},"Value":"235205041"}]},{"TestCase":{"Id":"185ecf49-d268-d292-7f1c-9840eda9f394","FullyQualifiedName":"MyCollectionTesting.ContainsTests.Contains_ResultIsTrue","DisplayName":"Contains_ResultIsTrue","ExecutorUri":"executor://NUnit3TestExecutor","Source":"E:\\kpi\\.NET_web\\lab1\\lab1\\MyCollectionTesting\\bin\\Debug\\net6.0\\fine-code-coverage\\build-output\\MyCollectionTesting.dll","CodeFilePath":null,"LineNumber":0,"Properties":[{"Key":{"Id":"NUnit.Seed","Label":"Seed","Category":"","Description":"","Attributes":0,"ValueType":"System.String"},"Value":"938319168"}]},"Attachments":[],"Outcome":1,"ErrorMessage":null,"ErrorStackTrace":null,"DisplayName":"Contains_ResultIsTrue","Messages":[],"ComputerName":"DEUS-EX-MACHINE","Duration":"00:00:00.0005740","StartTime":"2023-10-22T18:04:20.4793509+00:00","EndTime":"2023-10-22T18:04:20.4799248+00:00","Properties":[{"Key":{"Id":"NUnit.Seed","Label":"Seed","Category":"","Description":"","Attributes":0,"ValueType":"System.String"},"Value":"938319168"}]},{"TestCase":{"Id":"36af711e-4556-22a8-1580-52b35158131f","FullyQualifiedName":"MyCollectionTesting.CopyToTests.CopyTo_ListWith3ElementsAndValidIndexParameter_ResultArrayWith3Elements","DisplayName":"CopyTo_ListWith3ElementsAndValidIndexParameter_ResultArrayWith3Elements","ExecutorUri":"executor://NUnit3TestExecutor","Source":"E:\\kpi\\.NET_web\\lab1\\lab1\\MyCollectionTesting\\bin\\Debug\\net6.0\\fine-code-coverage\\build-output\\MyCollectionTesting.dll","CodeFilePath":null,"LineNumber":0,"Properties":[{"Key":{"Id":"NUnit.Seed","Label":"Seed","Category":"","Description":"","Attributes":0,"ValueType":"System.String"},"Value":"1245341842"}]},"Attachments":[],"Outcome":1,"ErrorMessage":null,"ErrorStackTrace":null,"DisplayName":"CopyTo_ListWith3ElementsAndValidIndexParameter_ResultArrayWith3Elements","Messages":[],"ComputerName":"DEUS-EX-MACHINE","Duration":"00:00:00.0043689","StartTime":"2023-10-22T18:04:20.4800303+00:00","EndTime":"2023-10-22T18:04:20.4843987+00:00","Properties":[{"Key":{"Id":"NUnit.Seed","Label":"Seed","Category":"","Description":"","Attributes":0,"ValueType":"System.String"},"Value":"1245341842"}]},{"TestCase":{"Id":"4a081a40-c1f6-edf2-0b15-70612d4cd2aa","FullyQualifiedName":"MyCollectionTesting.CopyToTests.CopyTo_ListWith3ElementsAndWrongIndexInParams_ThrowArgumentOutOfrangeExcep","DisplayName":"CopyTo_ListWith3ElementsAndWrongIndexInParams_ThrowArgumentOutOfrangeExcep","ExecutorUri":"executor://NUnit3TestExecutor","Source":"E:\\kpi\\.NET_web\\lab1\\lab1\\MyCollectionTesting\\bin\\Debug\\net6.0\\fine-code-coverage\\build-output\\MyCollectionTesting.dll","CodeFilePath":null,"LineNumber":0,"Properties":[{"Key":{"Id":"NUnit.Seed","Label":"Seed","Category":"","Description":"","Attributes":0,"ValueType":"System.String"},"Value":"185429311"}]},"Attachments":[],"Outcome":1,"ErrorMessage":null,"ErrorStackTrace":null,"DisplayName":"CopyTo_ListWith3ElementsAndWrongIndexInParams_ThrowArgumentOutOfrangeExcep","Messages":[],"ComputerName":"DEUS-EX-MACHINE","Duration":"00:00:00.0003690","StartTime":"2023-10-22T18:04:20.4844214+00:00","EndTime":"2023-10-22T18:04:20.4847904+00:00","Properties":[{"Key":{"Id":"NUnit.Seed","Label":"Seed","Category":"","Description":"","Attributes":0,"ValueType":"System.String"},"Value":"185429311"}]},{"TestCase":{"Id":"9cbf52ab-74b6-65bd-972f-c31d276d6061","FullyQualifiedName":"MyCollectionTesting.EventListenerTests.OnAddedHandler_AddHandler_TureReturn","DisplayName":"OnAddedHandler_AddHandler_TureReturn","ExecutorUri":"executor://NUnit3TestExecutor","Source":"E:\\kpi\\.NET_web\\lab1\\lab1\\MyCollectionTesting\\bin\\Debug\\net6.0\\fine-code-coverage\\build-output\\MyCollectionTesting.dll","CodeFilePath":null,"LineNumber":0,"Properties":[{"Key":{"Id":"NUnit.Seed","Label":"Seed","Category":"","Description":"","Attributes":0,"ValueType":"System.String"},"Value":"41262528"}]},"Attachments":[],"Outcome":1,"ErrorMessage":null,"ErrorStackTrace":null,"DisplayName":"OnAddedHandler_AddHandler_TureReturn","Messages":[{"Category":"StdOutMsgs","Text":"Item was added: 2; to tail\r\nItem was added: 3; to tail\r\n"}],"ComputerName":"DEUS-EX-MACHINE","Duration":"00:00:00.0011830","StartTime":"2023-10-22T18:04:20.4848898+00:00","EndTime":"2023-10-22T18:04:20.4860724+00:00","Properties":[{"Key":{"Id":"NUnit.Seed","Label":"Seed","Category":"","Description":"","Attributes":0,"ValueType":"System.String"},"Value":"41262528"}]}],"TestRunStatistics":{"ExecutedTests":18,"Stats":{"Passed":18}},"ActiveTests":[{"Id":"c1496573-49f9-6c08-ba65-b869d9f94b1b","FullyQualifiedName":"MyCollectionTesting.EventListenerTests.OnRemovedHandler_AddHandler_TureReturn","DisplayName":"OnRemovedHandler_AddHandler_TureReturn","ExecutorUri":"executor://NUnit3TestExecutor","Source":"E:\\kpi\\.NET_web\\lab1\\lab1\\MyCollectionTesting\\bin\\Debug\\net6.0\\fine-code-coverage\\build-output\\MyCollectionTesting.dll","CodeFilePath":null,"LineNumber":0,"Properties":[{"Key":{"Id":"NUnit.Seed","Label":"Seed","Category":"","Description":"","Attributes":0,"ValueType":"System.String"},"Value":"841024919"}]}]}}
TpTrace Verbose: 0 : 3660, 13, 2023/10/22, 21:04:20.585, 7024281553161, vstest.console.dll, TestRunRequest:SendTestRunStatsChange: Starting.
TpTrace Verbose: 0 : 3660, 13, 2023/10/22, 21:04:20.585, 7024281553789, vstest.console.dll, InProgress is OnRemovedHandler_AddHandler_TureReturn
TpTrace Verbose: 0 : 3660, 4, 2023/10/22, 21:04:20.586, 7024281555416, vstest.console.dll, MulticastDelegateUtilities.SafeInvoke: InternalTestLoggerEvents.SendTestResult: Invoking callback 1/1 for Microsoft.VisualStudio.TestPlatform.CommandLine.Internal.ConsoleLogger., took 0 ms.
TpTrace Verbose: 0 : 3660, 13, 2023/10/22, 21:04:20.586, 7024281555563, vstest.console.dll, MulticastDelegateUtilities.SafeInvoke: TestRun.RunStatsChanged: Invoking callbacks was skipped because there are no subscribers.
TpTrace Information: 0 : 3660, 13, 2023/10/22, 21:04:20.586, 7024281556526, vstest.console.dll, TestRunRequest:SendTestRunStatsChange: Completed.
TpTrace Verbose: 0 : 3660, 4, 2023/10/22, 21:04:20.586, 7024281556153, vstest.console.dll, MulticastDelegateUtilities.SafeInvoke: InternalTestLoggerEvents.SendTestResult: Invoking callback 1/1 for Microsoft.VisualStudio.TestPlatform.CommandLine.Internal.ConsoleLogger., took 0 ms.
TpTrace Verbose: 0 : 3660, 13, 2023/10/22, 21:04:20.586, 7024281556912, vstest.console.dll, MulticastDelegateUtilities.SafeInvoke: LengthPrefixCommunicationChannel: MessageReceived: Invoking callback 1/1 for Microsoft.VisualStudio.TestPlatform.CommunicationUtilities.TestRequestSender+<>c__DisplayClass34_0., took 1 ms.
TpTrace Verbose: 0 : 3660, 4, 2023/10/22, 21:04:20.586, 7024281557644, vstest.console.dll, MulticastDelegateUtilities.SafeInvoke: InternalTestLoggerEvents.SendTestResult: Invoking callback 1/1 for Microsoft.VisualStudio.TestPlatform.CommandLine.Internal.ConsoleLogger., took 0 ms.
TpTrace Verbose: 0 : 3660, 13, 2023/10/22, 21:04:20.586, 7024281558424, vstest.console.dll, TcpClientExtensions.MessageLoopAsync: Polling on remoteEndPoint: 127.0.0.1:53369 localEndPoint: 127.0.0.1:53368
TpTrace Verbose: 0 : 3660, 4, 2023/10/22, 21:04:20.586, 7024281559090, vstest.console.dll, MulticastDelegateUtilities.SafeInvoke: InternalTestLoggerEvents.SendTestResult: Invoking callback 1/1 for Microsoft.VisualStudio.TestPlatform.CommandLine.Internal.ConsoleLogger., took 0 ms.
TpTrace Verbose: 0 : 3660, 13, 2023/10/22, 21:04:20.586, 7024281559744, vstest.console.dll, TcpClientExtensions.MessageLoopAsync: NotifyDataAvailable remoteEndPoint: 127.0.0.1:53369 localEndPoint: 127.0.0.1:53368
TpTrace Verbose: 0 : 3660, 4, 2023/10/22, 21:04:20.586, 7024281560465, vstest.console.dll, MulticastDelegateUtilities.SafeInvoke: InternalTestLoggerEvents.SendTestResult: Invoking callback 1/1 for Microsoft.VisualStudio.TestPlatform.CommandLine.Internal.ConsoleLogger., took 0 ms.
TpTrace Verbose: 0 : 3660, 13, 2023/10/22, 21:04:20.586, 7024281561253, vstest.console.dll, TestRequestSender.OnExecutionMessageReceived: Received message: {"Version":7,"MessageType":"TestSession.Message","Payload":{"MessageLevel":1,"Message":"Item was added: 2; to tail\r\nItem was added: 3; to tail\r\nItem was removed: 3; from tail\r\n"}}
TpTrace Verbose: 0 : 3660, 4, 2023/10/22, 21:04:20.586, 7024281561922, vstest.console.dll, MulticastDelegateUtilities.SafeInvoke: InternalTestLoggerEvents.SendTestResult: Invoking callback 1/1 for Microsoft.VisualStudio.TestPlatform.CommandLine.Internal.ConsoleLogger., took 0 ms.
TpTrace Verbose: 0 : 3660, 4, 2023/10/22, 21:04:20.586, 7024281562544, vstest.console.dll, MulticastDelegateUtilities.SafeInvoke: InternalTestLoggerEvents.SendTestResult: Invoking callback 1/1 for Microsoft.VisualStudio.TestPlatform.CommandLine.Internal.ConsoleLogger., took 0 ms.
TpTrace Verbose: 0 : 3660, 4, 2023/10/22, 21:04:20.586, 7024281563027, vstest.console.dll, MulticastDelegateUtilities.SafeInvoke: InternalTestLoggerEvents.SendTestResult: Invoking callback 1/1 for Microsoft.VisualStudio.TestPlatform.CommandLine.Internal.ConsoleLogger., took 0 ms.
TpTrace Verbose: 0 : 3660, 13, 2023/10/22, 21:04:20.586, 7024281563328, vstest.console.dll, TestRunRequest:SendTestRunMessage: Starting.
TpTrace Verbose: 0 : 3660, 13, 2023/10/22, 21:04:20.586, 7024281564008, vstest.console.dll, MulticastDelegateUtilities.SafeInvoke: TestRun.LogMessages: Invoking callback 1/1 for Microsoft.VisualStudio.TestPlatform.CommandLine.TestRunResultAggregator., took 0 ms.
TpTrace Verbose: 0 : 3660, 4, 2023/10/22, 21:04:20.586, 7024281563531, vstest.console.dll, MulticastDelegateUtilities.SafeInvoke: InternalTestLoggerEvents.SendTestResult: Invoking callback 1/1 for Microsoft.VisualStudio.TestPlatform.CommandLine.Internal.ConsoleLogger., took 0 ms.
TpTrace Information: 0 : 3660, 13, 2023/10/22, 21:04:20.587, 7024281564383, vstest.console.dll, TestRunRequest:SendTestRunMessage: Completed.
TpTrace Verbose: 0 : 3660, 4, 2023/10/22, 21:04:20.587, 7024281565433, vstest.console.dll, MulticastDelegateUtilities.SafeInvoke: InternalTestLoggerEvents.SendTestRunMessage: Invoking callback 1/1 for Microsoft.VisualStudio.TestPlatform.CommandLine.Internal.ConsoleLogger., took 0 ms.
TpTrace Verbose: 0 : 3660, 13, 2023/10/22, 21:04:20.587, 7024281565613, vstest.console.dll, MulticastDelegateUtilities.SafeInvoke: LengthPrefixCommunicationChannel: MessageReceived: Invoking callback 1/1 for Microsoft.VisualStudio.TestPlatform.CommunicationUtilities.TestRequestSender+<>c__DisplayClass34_0., took 0 ms.
TpTrace Verbose: 0 : 3660, 13, 2023/10/22, 21:04:20.587, 7024281566395, vstest.console.dll, TcpClientExtensions.MessageLoopAsync: Polling on remoteEndPoint: 127.0.0.1:53369 localEndPoint: 127.0.0.1:53368
TpTrace Verbose: 0 : 3660, 13, 2023/10/22, 21:04:20.603, 7024281733066, vstest.console.dll, TcpClientExtensions.MessageLoopAsync: NotifyDataAvailable remoteEndPoint: 127.0.0.1:53369 localEndPoint: 127.0.0.1:53368
TpTrace Verbose: 0 : 3660, 13, 2023/10/22, 21:04:20.604, 7024281735257, vstest.console.dll, TestRequestSender.OnExecutionMessageReceived: Received message: {"Version":7,"MessageType":"TestExecution.StatsChange","Payload":{"NewTestResults":[{"TestCase":{"Id":"c1496573-49f9-6c08-ba65-b869d9f94b1b","FullyQualifiedName":"MyCollectionTesting.EventListenerTests.OnRemovedHandler_AddHandler_TureReturn","DisplayName":"OnRemovedHandler_AddHandler_TureReturn","ExecutorUri":"executor://NUnit3TestExecutor","Source":"E:\\kpi\\.NET_web\\lab1\\lab1\\MyCollectionTesting\\bin\\Debug\\net6.0\\fine-code-coverage\\build-output\\MyCollectionTesting.dll","CodeFilePath":null,"LineNumber":0,"Properties":[{"Key":{"Id":"NUnit.Seed","Label":"Seed","Category":"","Description":"","Attributes":0,"ValueType":"System.String"},"Value":"841024919"}]},"Attachments":[],"Outcome":1,"ErrorMessage":null,"ErrorStackTrace":null,"DisplayName":"OnRemovedHandler_AddHandler_TureReturn","Messages":[{"Category":"StdOutMsgs","Text":"Item was added: 2; to tail\r\nItem was added: 3; to tail\r\nItem was removed: 3; from tail\r\n"}],"ComputerName":"DEUS-EX-MACHINE","Duration":"00:00:00.0007480","StartTime":"2023-10-22T18:04:20.486084+00:00","EndTime":"2023-10-22T18:04:20.4868319+00:00","Properties":[{"Key":{"Id":"NUnit.Seed","Label":"Seed","Category":"","Description":"","Attributes":0,"ValueType":"System.String"},"Value":"841024919"}]},{"TestCase":{"Id":"04f10365-3b21-f789-b966-eb4f27c794ee","FullyQualifiedName":"MyCollectionTesting.FindTests.Find_EmptyList_ResultIsNull","DisplayName":"Find_EmptyList_ResultIsNull","ExecutorUri":"executor://NUnit3TestExecutor","Source":"E:\\kpi\\.NET_web\\lab1\\lab1\\MyCollectionTesting\\bin\\Debug\\net6.0\\fine-code-coverage\\build-output\\MyCollectionTesting.dll","CodeFilePath":null,"LineNumber":0,"Properties":[{"Key":{"Id":"NUnit.Seed","Label":"Seed","Category":"","Description":"","Attributes":0,"ValueType":"System.String"},"Value":"430844893"}]},"Attachments":[],"Outcome":1,"ErrorMessage":null,"ErrorStackTrace":null,"DisplayName":"Find_EmptyList_ResultIsNull","Messages":[],"ComputerName":"DEUS-EX-MACHINE","Duration":"00:00:00.0001020","StartTime":"2023-10-22T18:04:20.4869291+00:00","EndTime":"2023-10-22T18:04:20.4870306+00:00","Properties":[{"Key":{"Id":"NUnit.Seed","Label":"Seed","Category":"","Description":"","Attributes":0,"ValueType":"System.String"},"Value":"430844893"}]},{"TestCase":{"Id":"29a68d61-526b-7e1b-3741-c3c1e9dbed34","FullyQualifiedName":"MyCollectionTesting.GetEnumeratorTests.GetEnumerator_ListWith3Elements_AllAreCorrect","DisplayName":"GetEnumerator_ListWith3Elements_AllAreCorrect","ExecutorUri":"executor://NUnit3TestExecutor","Source":"E:\\kpi\\.NET_web\\lab1\\lab1\\MyCollectionTesting\\bin\\Debug\\net6.0\\fine-code-coverage\\build-output\\MyCollectionTesting.dll","CodeFilePath":null,"LineNumber":0,"Properties":[{"Key":{"Id":"NUnit.Seed","Label":"Seed","Category":"","Description":"","Attributes":0,"ValueType":"System.String"},"Value":"1930178073"}]},"Attachments":[],"Outcome":1,"ErrorMessage":null,"ErrorStackTrace":null,"DisplayName":"GetEnumerator_ListWith3Elements_AllAreCorrect","Messages":[],"ComputerName":"DEUS-EX-MACHINE","Duration":"00:00:00.0007339","StartTime":"2023-10-22T18:04:20.4871084+00:00","EndTime":"2023-10-22T18:04:20.4878427+00:00","Properties":[{"Key":{"Id":"NUnit.Seed","Label":"Seed","Category":"","Description":"","Attributes":0,"ValueType":"System.String"},"Value":"1930178073"}]},{"TestCase":{"Id":"0335323f-3e47-186d-969e-7df85307f108","FullyQualifiedName":"MyCollectionTesting.RemoveFirstTests.RemoveFirst_EmptyList_ResultExeption","DisplayName":"RemoveFirst_EmptyList_ResultExeption","ExecutorUri":"executor://NUnit3TestExecutor","Source":"E:\\kpi\\.NET_web\\lab1\\lab1\\MyCollectionTesting\\bin\\Debug\\net6.0\\fine-code-coverage\\build-output\\MyCollectionTesting.dll","CodeFilePath":null,"LineNumber":0,"Properties":[{"Key":{"Id":"NUnit.Seed","Label":"Seed","Category":"","Description":"","Attributes":0,"ValueType":"System.String"},"Value":"717993072"}]},"Attachments":[],"Outcome":1,"ErrorMessage":null,"ErrorStackTrace":null,"DisplayName":"RemoveFirst_EmptyList_ResultExeption","Messages":[],"ComputerName":"DEUS-EX-MACHINE","Duration":"00:00:00.0003010","StartTime":"2023-10-22T18:04:20.4879861+00:00","EndTime":"2023-10-22T18:04:20.4882868+00:00","Properties":[{"Key":{"Id":"NUnit.Seed","Label":"Seed","Category":"","Description":"","Attributes":0,"ValueType":"System.String"},"Value":"717993072"}]},{"TestCase":{"Id":"0cb0bfe8-6d7a-27aa-c026-b34809db6ae1","FullyQualifiedName":"MyCollectionTesting.RemoveFirstTests.RemoveFirst_TwoElements_ResultSecondBecomeFirst","DisplayName":"RemoveFirst_TwoElements_ResultSecondBecomeFirst","ExecutorUri":"executor://NUnit3TestExecutor","Source":"E:\\kpi\\.NET_web\\lab1\\lab1\\MyCollectionTesting\\bin\\Debug\\net6.0\\fine-code-coverage\\build-output\\MyCollectionTesting.dll","CodeFilePath":null,"LineNumber":0,"Properties":[{"Key":{"Id":"NUnit.Seed","Label":"Seed","Category":"","Description":"","Attributes":0,"ValueType":"System.String"},"Value":"1443290267"}]},"Attachments":[],"Outcome":1,"ErrorMessage":null,"ErrorStackTrace":null,"DisplayName":"RemoveFirst_TwoElements_ResultSecondBecomeFirst","Messages":[],"ComputerName":"DEUS-EX-MACHINE","Duration":"00:00:00.0002660","StartTime":"2023-10-22T18:04:20.4882964+00:00","EndTime":"2023-10-22T18:04:20.4885626+00:00","Properties":[{"Key":{"Id":"NUnit.Seed","Label":"Seed","Category":"","Description":"","Attributes":0,"ValueType":"System.String"},"Value":"1443290267"}]},{"TestCase":{"Id":"8c22e42e-34c7-8bf2-74ed-ff923a1a1ef8","FullyQualifiedName":"MyCollectionTesting.RemoveLastTests.RemoveLast_EmptyList_ResultExeption","DisplayName":"RemoveLast_EmptyList_ResultExeption","ExecutorUri":"executor://NUnit3TestExecutor","Source":"E:\\kpi\\.NET_web\\lab1\\lab1\\MyCollectionTesting\\bin\\Debug\\net6.0\\fine-code-coverage\\build-output\\MyCollectionTesting.dll","CodeFilePath":null,"LineNumber":0,"Properties":[{"Key":{"Id":"NUnit.Seed","Label":"Seed","Category":"","Description":"","Attributes":0,"ValueType":"System.String"},"Value":"112158064"}]},"Attachments":[],"Outcome":1,"ErrorMessage":null,"ErrorStackTrace":null,"DisplayName":"RemoveLast_EmptyList_ResultExeption","Messages":[],"ComputerName":"DEUS-EX-MACHINE","Duration":"00:00:00.0001520","StartTime":"2023-10-22T18:04:20.4886429+00:00","EndTime":"2023-10-22T18:04:20.4887948+00:00","Properties":[{"Key":{"Id":"NUnit.Seed","Label":"Seed","Category":"","Description":"","Attributes":0,"ValueType":"System.String"},"Value":"112158064"}]},{"TestCase":{"Id":"e6123a61-00cc-894d-6e4f-6e6a662fe464","FullyQualifiedName":"MyCollectionTesting.RemoveLastTests.RemoveLast_TwoElements_ResultFirstBecomeLast","DisplayName":"RemoveLast_TwoElements_ResultFirstBecomeLast","ExecutorUri":"executor://NUnit3TestExecutor","Source":"E:\\kpi\\.NET_web\\lab1\\lab1\\MyCollectionTesting\\bin\\Debug\\net6.0\\fine-code-coverage\\build-output\\MyCollectionTesting.dll","CodeFilePath":null,"LineNumber":0,"Properties":[{"Key":{"Id":"NUnit.Seed","Label":"Seed","Category":"","Description":"","Attributes":0,"ValueType":"System.String"},"Value":"10677929"}]},"Attachments":[],"Outcome":1,"ErrorMessage":null,"ErrorStackTrace":null,"DisplayName":"RemoveLast_TwoElements_ResultFirstBecomeLast","Messages":[],"ComputerName":"DEUS-EX-MACHINE","Duration":"00:00:00.0003150","StartTime":"2023-10-22T18:04:20.4888032+00:00","EndTime":"2023-10-22T18:04:20.4891178+00:00","Properties":[{"Key":{"Id":"NUnit.Seed","Label":"Seed","Category":"","Description":"","Attributes":0,"ValueType":"System.String"},"Value":"10677929"}]},{"TestCase":{"Id":"8d13bcf6-d543-97ae-3700-ba111bb80e13","FullyQualifiedName":"MyCollectionTesting.RemoveTests.Remove_BetweenTwoNodes_ResultValueRemoved","DisplayName":"Remove_BetweenTwoNodes_ResultValueRemoved","ExecutorUri":"executor://NUnit3TestExecutor","Source":"E:\\kpi\\.NET_web\\lab1\\lab1\\MyCollectionTesting\\bin\\Debug\\net6.0\\fine-code-coverage\\build-output\\MyCollectionTesting.dll","CodeFilePath":null,"LineNumber":0,"Properties":[{"Key":{"Id":"NUnit.Seed","Label":"Seed","Category":"","Description":"","Attributes":0,"ValueType":"System.String"},"Value":"1352285654"}]},"Attachments":[],"Outcome":1,"ErrorMessage":null,"ErrorStackTrace":null,"DisplayName":"Remove_BetweenTwoNodes_ResultValueRemoved","Messages":[],"ComputerName":"DEUS-EX-MACHINE","Duration":"00:00:00.0003490","StartTime":"2023-10-22T18:04:20.4892266+00:00","EndTime":"2023-10-22T18:04:20.4895758+00:00","Properties":[{"Key":{"Id":"NUnit.Seed","Label":"Seed","Category":"","Description":"","Attributes":0,"ValueType":"System.String"},"Value":"1352285654"}]},{"TestCase":{"Id":"6eaa4ea5-8174-dcc9-0af0-12b614a04bfb","FullyQualifiedName":"MyCollectionTesting.RemoveTests.Remove_EmptyList_ResultExeption","DisplayName":"Remove_EmptyList_ResultExeption","ExecutorUri":"executor://NUnit3TestExecutor","Source":"E:\\kpi\\.NET_web\\lab1\\lab1\\MyCollectionTesting\\bin\\Debug\\net6.0\\fine-code-coverage\\build-output\\MyCollectionTesting.dll","CodeFilePath":null,"LineNumber":0,"Properties":[{"Key":{"Id":"NUnit.Seed","Label":"Seed","Category":"","Description":"","Attributes":0,"ValueType":"System.String"},"Value":"1891609783"}]},"Attachments":[],"Outcome":1,"ErrorMessage":null,"ErrorStackTrace":null,"DisplayName":"Remove_EmptyList_ResultExeption","Messages":[],"ComputerName":"DEUS-EX-MACHINE","Duration":"00:00:00.0022540","StartTime":"2023-10-22T18:04:20.489585+00:00","EndTime":"2023-10-22T18:04:20.4918387+00:00","Properties":[{"Key":{"Id":"NUnit.Seed","Label":"Seed","Category":"","Description":"","Attributes":0,"ValueType":"System.String"},"Value":"1891609783"}]}],"TestRunStatistics":{"ExecutedTests":27,"Stats":{"Passed":27}},"ActiveTests":[{"Id":"03729745-55fc-a57e-3657-8f94eb91d50e","FullyQualifiedName":"MyCollectionTesting.RemoveTests.Remove_FakeNode_ResultExeption","DisplayName":"Remove_FakeNode_ResultExeption","ExecutorUri":"executor://NUnit3TestExecutor","Source":"E:\\kpi\\.NET_web\\lab1\\lab1\\MyCollectionTesting\\bin\\Debug\\net6.0\\fine-code-coverage\\build-output\\MyCollectionTesting.dll","CodeFilePath":null,"LineNumber":0,"Properties":[{"Key":{"Id":"NUnit.Seed","Label":"Seed","Category":"","Description":"","Attributes":0,"ValueType":"System.String"},"Value":"135538568"}]}]}}
TpTrace Verbose: 0 : 3660, 13, 2023/10/22, 21:04:20.605, 7024281746518, vstest.console.dll, TestRunRequest:SendTestRunStatsChange: Starting.
TpTrace Verbose: 0 : 3660, 13, 2023/10/22, 21:04:20.605, 7024281747467, vstest.console.dll, InProgress is Remove_FakeNode_ResultExeption
TpTrace Verbose: 0 : 3660, 13, 2023/10/22, 21:04:20.605, 7024281748374, vstest.console.dll, MulticastDelegateUtilities.SafeInvoke: TestRun.RunStatsChanged: Invoking callbacks was skipped because there are no subscribers.
TpTrace Verbose: 0 : 3660, 4, 2023/10/22, 21:04:20.605, 7024281748838, vstest.console.dll, MulticastDelegateUtilities.SafeInvoke: InternalTestLoggerEvents.SendTestResult: Invoking callback 1/1 for Microsoft.VisualStudio.TestPlatform.CommandLine.Internal.ConsoleLogger., took 0 ms.
TpTrace Information: 0 : 3660, 13, 2023/10/22, 21:04:20.605, 7024281748994, vstest.console.dll, TestRunRequest:SendTestRunStatsChange: Completed.
TpTrace Verbose: 0 : 3660, 13, 2023/10/22, 21:04:20.605, 7024281750304, vstest.console.dll, MulticastDelegateUtilities.SafeInvoke: LengthPrefixCommunicationChannel: MessageReceived: Invoking callback 1/1 for Microsoft.VisualStudio.TestPlatform.CommunicationUtilities.TestRequestSender+<>c__DisplayClass34_0., took 1 ms.
TpTrace Verbose: 0 : 3660, 4, 2023/10/22, 21:04:20.605, 7024281749806, vstest.console.dll, MulticastDelegateUtilities.SafeInvoke: InternalTestLoggerEvents.SendTestResult: Invoking callback 1/1 for Microsoft.VisualStudio.TestPlatform.CommandLine.Internal.ConsoleLogger., took 0 ms.
TpTrace Verbose: 0 : 3660, 4, 2023/10/22, 21:04:20.605, 7024281751694, vstest.console.dll, MulticastDelegateUtilities.SafeInvoke: InternalTestLoggerEvents.SendTestResult: Invoking callback 1/1 for Microsoft.VisualStudio.TestPlatform.CommandLine.Internal.ConsoleLogger., took 0 ms.
TpTrace Verbose: 0 : 3660, 13, 2023/10/22, 21:04:20.605, 7024281750890, vstest.console.dll, TcpClientExtensions.MessageLoopAsync: Polling on remoteEndPoint: 127.0.0.1:53369 localEndPoint: 127.0.0.1:53368
TpTrace Verbose: 0 : 3660, 4, 2023/10/22, 21:04:20.605, 7024281752517, vstest.console.dll, MulticastDelegateUtilities.SafeInvoke: InternalTestLoggerEvents.SendTestResult: Invoking callback 1/1 for Microsoft.VisualStudio.TestPlatform.CommandLine.Internal.ConsoleLogger., took 0 ms.
TpTrace Verbose: 0 : 3660, 4, 2023/10/22, 21:04:20.605, 7024281753875, vstest.console.dll, MulticastDelegateUtilities.SafeInvoke: InternalTestLoggerEvents.SendTestResult: Invoking callback 1/1 for Microsoft.VisualStudio.TestPlatform.CommandLine.Internal.ConsoleLogger., took 0 ms.
TpTrace Verbose: 0 : 3660, 4, 2023/10/22, 21:04:20.606, 7024281754676, vstest.console.dll, MulticastDelegateUtilities.SafeInvoke: InternalTestLoggerEvents.SendTestResult: Invoking callback 1/1 for Microsoft.VisualStudio.TestPlatform.CommandLine.Internal.ConsoleLogger., took 0 ms.
TpTrace Verbose: 0 : 3660, 4, 2023/10/22, 21:04:20.606, 7024281755424, vstest.console.dll, MulticastDelegateUtilities.SafeInvoke: InternalTestLoggerEvents.SendTestResult: Invoking callback 1/1 for Microsoft.VisualStudio.TestPlatform.CommandLine.Internal.ConsoleLogger., took 0 ms.
TpTrace Verbose: 0 : 3660, 4, 2023/10/22, 21:04:20.606, 7024281756510, vstest.console.dll, MulticastDelegateUtilities.SafeInvoke: InternalTestLoggerEvents.SendTestResult: Invoking callback 1/1 for Microsoft.VisualStudio.TestPlatform.CommandLine.Internal.ConsoleLogger., took 0 ms.
TpTrace Verbose: 0 : 3660, 4, 2023/10/22, 21:04:20.606, 7024281757062, vstest.console.dll, MulticastDelegateUtilities.SafeInvoke: InternalTestLoggerEvents.SendTestResult: Invoking callback 1/1 for Microsoft.VisualStudio.TestPlatform.CommandLine.Internal.ConsoleLogger., took 0 ms.
TpTrace Verbose: 0 : 3660, 13, 2023/10/22, 21:04:20.609, 7024281794267, vstest.console.dll, TcpClientExtensions.MessageLoopAsync: NotifyDataAvailable remoteEndPoint: 127.0.0.1:53369 localEndPoint: 127.0.0.1:53368
TpTrace Verbose: 0 : 3660, 13, 2023/10/22, 21:04:20.610, 7024281795406, vstest.console.dll, TestRequestSender.OnExecutionMessageReceived: Received message: {"Version":7,"MessageType":"TestSession.Message","Payload":{"MessageLevel":1,"Message":"LinkedList is empty\r\nLinkedList:\r\n1\r\n"}}
TpTrace Verbose: 0 : 3660, 13, 2023/10/22, 21:04:20.610, 7024281796458, vstest.console.dll, TestRunRequest:SendTestRunMessage: Starting.
TpTrace Verbose: 0 : 3660, 13, 2023/10/22, 21:04:20.610, 7024281797025, vstest.console.dll, MulticastDelegateUtilities.SafeInvoke: TestRun.LogMessages: Invoking callback 1/1 for Microsoft.VisualStudio.TestPlatform.CommandLine.TestRunResultAggregator., took 0 ms.
TpTrace Information: 0 : 3660, 13, 2023/10/22, 21:04:20.610, 7024281797356, vstest.console.dll, TestRunRequest:SendTestRunMessage: Completed.
TpTrace Verbose: 0 : 3660, 13, 2023/10/22, 21:04:20.610, 7024281797676, vstest.console.dll, MulticastDelegateUtilities.SafeInvoke: LengthPrefixCommunicationChannel: MessageReceived: Invoking callback 1/1 for Microsoft.VisualStudio.TestPlatform.CommunicationUtilities.TestRequestSender+<>c__DisplayClass34_0., took 0 ms.
TpTrace Verbose: 0 : 3660, 13, 2023/10/22, 21:04:20.610, 7024281798010, vstest.console.dll, TcpClientExtensions.MessageLoopAsync: Polling on remoteEndPoint: 127.0.0.1:53369 localEndPoint: 127.0.0.1:53368
TpTrace Verbose: 0 : 3660, 4, 2023/10/22, 21:04:20.610, 7024281798042, vstest.console.dll, MulticastDelegateUtilities.SafeInvoke: InternalTestLoggerEvents.SendTestRunMessage: Invoking callback 1/1 for Microsoft.VisualStudio.TestPlatform.CommandLine.Internal.ConsoleLogger., took 0 ms.
TpTrace Verbose: 0 : 3660, 13, 2023/10/22, 21:04:20.617, 7024281868540, vstest.console.dll, TcpClientExtensions.MessageLoopAsync: NotifyDataAvailable remoteEndPoint: 127.0.0.1:53369 localEndPoint: 127.0.0.1:53368
TpTrace Verbose: 0 : 3660, 13, 2023/10/22, 21:04:20.617, 7024281869950, vstest.console.dll, TestRequestSender.OnExecutionMessageReceived: Received message: {"Version":7,"MessageType":"TestSession.Message","Payload":{"MessageLevel":0,"Message":"NUnit Adapter 4.4.0.0: Test execution complete"}}
TpTrace Verbose: 0 : 3660, 13, 2023/10/22, 21:04:20.617, 7024281871144, vstest.console.dll, TestRunRequest:SendTestRunMessage: Starting.
TpTrace Verbose: 0 : 3660, 13, 2023/10/22, 21:04:20.617, 7024281871730, vstest.console.dll, MulticastDelegateUtilities.SafeInvoke: TestRun.LogMessages: Invoking callback 1/1 for Microsoft.VisualStudio.TestPlatform.CommandLine.TestRunResultAggregator., took 0 ms.
TpTrace Information: 0 : 3660, 13, 2023/10/22, 21:04:20.617, 7024281872061, vstest.console.dll, TestRunRequest:SendTestRunMessage: Completed.
TpTrace Verbose: 0 : 3660, 4, 2023/10/22, 21:04:20.617, 7024281872005, vstest.console.dll, MulticastDelegateUtilities.SafeInvoke: InternalTestLoggerEvents.SendTestRunMessage: Invoking callback 1/1 for Microsoft.VisualStudio.TestPlatform.CommandLine.Internal.ConsoleLogger., took 0 ms.
TpTrace Verbose: 0 : 3660, 13, 2023/10/22, 21:04:20.617, 7024281872417, vstest.console.dll, MulticastDelegateUtilities.SafeInvoke: LengthPrefixCommunicationChannel: MessageReceived: Invoking callback 1/1 for Microsoft.VisualStudio.TestPlatform.CommunicationUtilities.TestRequestSender+<>c__DisplayClass34_0., took 0 ms.
TpTrace Verbose: 0 : 3660, 13, 2023/10/22, 21:04:20.617, 7024281873720, vstest.console.dll, TcpClientExtensions.MessageLoopAsync: Polling on remoteEndPoint: 127.0.0.1:53369 localEndPoint: 127.0.0.1:53368
TpTrace Verbose: 0 : 3660, 13, 2023/10/22, 21:04:20.633, 7024282028031, vstest.console.dll, TcpClientExtensions.MessageLoopAsync: NotifyDataAvailable remoteEndPoint: 127.0.0.1:53369 localEndPoint: 127.0.0.1:53368
TpTrace Verbose: 0 : 3660, 13, 2023/10/22, 21:04:20.633, 7024282029791, vstest.console.dll, TestRequestSender.OnExecutionMessageReceived: Received message: {"Version":7,"MessageType":"TestExecution.Completed","Payload":{"TestRunCompleteArgs":{"TestRunStatistics":{"ExecutedTests":30,"Stats":{"Passed":30}},"IsCanceled":false,"IsAborted":false,"Error":null,"AttachmentSets":[],"InvokedDataCollectors":[],"ElapsedTimeInRunningTests":"00:00:01.0723906","Metrics":{},"DiscoveredExtensions":{"TestDiscoverers":["NUnit.VisualStudio.TestAdapter.NUnit3TestDiscoverer, NUnit3.TestAdapter, Version=4.4.0.0, Culture=neutral, PublicKeyToken=4cb40d35494691ac"],"TestExecutors":["executor://NUnit3TestExecutor"],"TestExecutors2":[],"TestSettingsProviders":[]}},"LastRunTests":{"NewTestResults":[{"TestCase":{"Id":"03729745-55fc-a57e-3657-8f94eb91d50e","FullyQualifiedName":"MyCollectionTesting.RemoveTests.Remove_FakeNode_ResultExeption","DisplayName":"Remove_FakeNode_ResultExeption","ExecutorUri":"executor://NUnit3TestExecutor","Source":"E:\\kpi\\.NET_web\\lab1\\lab1\\MyCollectionTesting\\bin\\Debug\\net6.0\\fine-code-coverage\\build-output\\MyCollectionTesting.dll","CodeFilePath":null,"LineNumber":0,"Properties":[{"Key":{"Id":"NUnit.Seed","Label":"Seed","Category":"","Description":"","Attributes":0,"ValueType":"System.String"},"Value":"135538568"}]},"Attachments":[],"Outcome":1,"ErrorMessage":null,"ErrorStackTrace":null,"DisplayName":"Remove_FakeNode_ResultExeption","Messages":[],"ComputerName":"DEUS-EX-MACHINE","Duration":"00:00:00.0002880","StartTime":"2023-10-22T18:04:20.4918491+00:00","EndTime":"2023-10-22T18:04:20.4921369+00:00","Properties":[{"Key":{"Id":"NUnit.Seed","Label":"Seed","Category":"","Description":"","Attributes":0,"ValueType":"System.String"},"Value":"135538568"}]},{"TestCase":{"Id":"d0be0f47-8f03-4d2c-4e77-939b5926586a","FullyQualifiedName":"MyCollectionTesting.RemoveTests.Remove_OnlyNode_ResultEmptyList","DisplayName":"Remove_OnlyNode_ResultEmptyList","ExecutorUri":"executor://NUnit3TestExecutor","Source":"E:\\kpi\\.NET_web\\lab1\\lab1\\MyCollectionTesting\\bin\\Debug\\net6.0\\fine-code-coverage\\build-output\\MyCollectionTesting.dll","CodeFilePath":null,"LineNumber":0,"Properties":[{"Key":{"Id":"NUnit.Seed","Label":"Seed","Category":"","Description":"","Attributes":0,"ValueType":"System.String"},"Value":"570953988"}]},"Attachments":[],"Outcome":1,"ErrorMessage":null,"ErrorStackTrace":null,"DisplayName":"Remove_OnlyNode_ResultEmptyList","Messages":[],"ComputerName":"DEUS-EX-MACHINE","Duration":"00:00:00.0001240","StartTime":"2023-10-22T18:04:20.492146+00:00","EndTime":"2023-10-22T18:04:20.4922697+00:00","Properties":[{"Key":{"Id":"NUnit.Seed","Label":"Seed","Category":"","Description":"","Attributes":0,"ValueType":"System.String"},"Value":"570953988"}]},{"TestCase":{"Id":"6882e5d0-5bac-d6b6-6e67-84b1d3358f90","FullyQualifiedName":"MyCollectionTesting.ShowTests.Show_ResultOK","DisplayName":"Show_ResultOK","ExecutorUri":"executor://NUnit3TestExecutor","Source":"E:\\kpi\\.NET_web\\lab1\\lab1\\MyCollectionTesting\\bin\\Debug\\net6.0\\fine-code-coverage\\build-output\\MyCollectionTesting.dll","CodeFilePath":null,"LineNumber":0,"Properties":[{"Key":{"Id":"NUnit.Seed","Label":"Seed","Category":"","Description":"","Attributes":0,"ValueType":"System.String"},"Value":"1766630110"}]},"Attachments":[],"Outcome":1,"ErrorMessage":null,"ErrorStackTrace":null,"DisplayName":"Show_ResultOK","Messages":[{"Category":"StdOutMsgs","Text":"LinkedList is empty\r\nLinkedList:\r\n1\r\n"}],"ComputerName":"DEUS-EX-MACHINE","Duration":"00:00:00.0225910","StartTime":"2023-10-22T18:04:20.4923492+00:00","EndTime":"2023-10-22T18:04:20.5149399+00:00","Properties":[{"Key":{"Id":"NUnit.Seed","Label":"Seed","Category":"","Description":"","Attributes":0,"ValueType":"System.String"},"Value":"1766630110"}]}],"TestRunStatistics":{"ExecutedTests":30,"Stats":{"Passed":30}},"ActiveTests":[]},"RunAttachments":[],"ExecutorUris":["executor://nunit3testexecutor/"]}}
TpTrace Verbose: 0 : 3660, 13, 2023/10/22, 21:04:20.633, 7024282030733, vstest.console.dll, TestRequestSender.EndSession: Sending end session.
TpTrace Verbose: 0 : 3660, 13, 2023/10/22, 21:04:20.633, 7024282032111, vstest.console.dll, ProxyOperationManager.Close: waiting for test host to exit for 100 ms
TpTrace Warning: 0 : 3660, 11, 2023/10/22, 21:04:20.651, 7024282208515, vstest.console.dll, TestHostManagerCallbacks.ErrorReceivedCallback Test host standard error line: 
TpTrace Verbose: 0 : 3660, 11, 2023/10/22, 21:04:20.657, 7024282270457, vstest.console.dll, TestHostProvider.ExitCallBack: Host exited starting callback.
TpTrace Information: 0 : 3660, 11, 2023/10/22, 21:04:20.657, 7024282272180, vstest.console.dll, TestHostManagerCallbacks.ExitCallBack: Testhost processId: 7096 exited with exitcode: 0 error: ''
TpTrace Verbose: 0 : 3660, 11, 2023/10/22, 21:04:20.657, 7024282272646, vstest.console.dll, DotnetTestHostManager.OnHostExited: invoking OnHostExited callback
TpTrace Verbose: 0 : 3660, 11, 2023/10/22, 21:04:20.657, 7024282273161, vstest.console.dll, CrossPlatEngine.TestHostManagerHostExited: calling on client process exit callback.
TpTrace Information: 0 : 3660, 11, 2023/10/22, 21:04:20.657, 7024282273650, vstest.console.dll, TestRequestSender.OnClientProcessExit: Test host process exited. Standard error: 
TpTrace Information: 0 : 3660, 11, 2023/10/22, 21:04:20.657, 7024282274061, vstest.console.dll, SocketServer.Stop: Stop server endPoint: 127.0.0.1:53368
TpTrace Information: 0 : 3660, 11, 2023/10/22, 21:04:20.658, 7024282274399, vstest.console.dll, SocketServer.Stop: Cancellation requested. Stopping message loop.
TpTrace Information: 0 : 3660, 13, 2023/10/22, 21:04:20.658, 7024282274494, vstest.console.dll, SocketServer.Stop: Stop server endPoint: 127.0.0.1:53368
TpTrace Information: 0 : 3660, 13, 2023/10/22, 21:04:20.658, 7024282275638, vstest.console.dll, SocketServer.Stop: Cancellation requested. Stopping message loop.
TpTrace Verbose: 0 : 3660, 11, 2023/10/22, 21:04:20.658, 7024282275341, vstest.console.dll, MulticastDelegateUtilities.SafeInvoke: HostProviderEvents.OnHostExited: Invoking callback 1/1 for Microsoft.VisualStudio.TestPlatform.CrossPlatEngine.Client.ProxyOperationManager., took 0 ms.
TpTrace Information: 0 : 3660, 13, 2023/10/22, 21:04:20.658, 7024282276082, vstest.console.dll, Closing the connection
TpTrace Verbose: 0 : 3660, 13, 2023/10/22, 21:04:20.658, 7024282279341, vstest.console.dll, ProxyDataCollectionManager.InvokeDataCollectionServiceAction: Starting.
TpTrace Information: 0 : 3660, 13, 2023/10/22, 21:04:20.658, 7024282279832, vstest.console.dll, ProxyDataCollectionManager.AfterTestRunEnd: Get attachment set and invoked data collectors processId: 25416 port: 53365
TpTrace Verbose: 0 : 3660, 13, 2023/10/22, 21:04:20.658, 7024282280292, vstest.console.dll, DataCollectionRequestSender.SendAfterTestRunStartAndGetResult: Send AfterTestRunEnd message with isCancelled: False
TpTrace Verbose: 0 : 3660, 13, 2023/10/22, 21:04:20.664, 7024282343136, vstest.console.dll, DataCollectionRequestSender.SendAfterTestRunStartAndGetResult: Received message: (DataCollection.AfterTestRunEndResult) -> {"MessageType":"DataCollection.AfterTestRunEndResult","Payload":{"AttachmentSets":[],"InvokedDataCollectors":[{"Uri":"datacollector://Microsoft/TestPlatform/Extensions/Blame/v1","FriendlyName":"Blame","AssemblyQualifiedName":"Microsoft.TestPlatform.Extensions.BlameDataCollector.BlameCollector, Microsoft.TestPlatform.Extensions.BlameDataCollector, Version=15.0.0.0, Culture=neutral, PublicKeyToken=b03f5f7f11d50a3a","FilePath":"C:\\Program Files\\dotnet\\sdk\\7.0.203\\Extensions\\Microsoft.TestPlatform.Extensions.BlameDataCollector.dll","HasAttachmentProcessor":false}],"Metrics":{}}}
TpTrace Information: 0 : 3660, 13, 2023/10/22, 21:04:20.669, 7024282391920, vstest.console.dll, ProxyDataCollectionManager.InvokeDataCollectionServiceAction: Completed.
TpTrace Warning: 0 : 3660, 9, 2023/10/22, 21:04:20.675, 7024282453640, vstest.console.dll, DataCollectionLauncher.ErrorReceivedCallback datacollector standard error line: 
TpTrace Information: 0 : 3660, 9, 2023/10/22, 21:04:20.681, 7024282506614, vstest.console.dll, DataCollectionLauncher.ExitCallBack: Data collector exited with exitcode: 0 error: ''
TpTrace Verbose: 0 : 3660, 13, 2023/10/22, 21:04:20.714, 7024282837186, vstest.console.dll, TestRunRequest:SendTestRunStatsChange: Starting.
TpTrace Verbose: 0 : 3660, 13, 2023/10/22, 21:04:20.714, 7024282839422, vstest.console.dll, MulticastDelegateUtilities.SafeInvoke: TestRun.RunStatsChanged: Invoking callbacks was skipped because there are no subscribers.
TpTrace Verbose: 0 : 3660, 4, 2023/10/22, 21:04:20.714, 7024282840562, vstest.console.dll, MulticastDelegateUtilities.SafeInvoke: InternalTestLoggerEvents.SendTestResult: Invoking callback 1/1 for Microsoft.VisualStudio.TestPlatform.CommandLine.Internal.ConsoleLogger., took 0 ms.
TpTrace Verbose: 0 : 3660, 4, 2023/10/22, 21:04:20.714, 7024282841424, vstest.console.dll, MulticastDelegateUtilities.SafeInvoke: InternalTestLoggerEvents.SendTestResult: Invoking callback 1/1 for Microsoft.VisualStudio.TestPlatform.CommandLine.Internal.ConsoleLogger., took 0 ms.
TpTrace Verbose: 0 : 3660, 4, 2023/10/22, 21:04:20.714, 7024282841966, vstest.console.dll, MulticastDelegateUtilities.SafeInvoke: InternalTestLoggerEvents.SendTestResult: Invoking callback 1/1 for Microsoft.VisualStudio.TestPlatform.CommandLine.Internal.ConsoleLogger., took 0 ms.
TpTrace Information: 0 : 3660, 13, 2023/10/22, 21:04:20.714, 7024282840659, vstest.console.dll, TestRunRequest:SendTestRunStatsChange: Completed.
TpTrace Verbose: 0 : 3660, 13, 2023/10/22, 21:04:20.715, 7024282847259, vstest.console.dll, ParallelProxyExecutionManager: HandlePartialRunComplete: Total completed clients = 1, Run complete = True, Run canceled: False.
TpTrace Verbose: 0 : 3660, 4, 2023/10/22, 21:04:20.725, 7024282949603, vstest.console.dll, MulticastDelegateUtilities.SafeInvoke: InternalTestLoggerEvents.SendTestRunComplete: Invoking callback 1/2 for Microsoft.TestPlatform.Extensions.BlameDataCollector.BlameLogger., took 0 ms.
TpTrace Verbose: 0 : 3660, 4, 2023/10/22, 21:04:20.730, 7024283001380, vstest.console.dll, MulticastDelegateUtilities.SafeInvoke: InternalTestLoggerEvents.SendTestRunComplete: Invoking callback 2/2 for Microsoft.VisualStudio.TestPlatform.CommandLine.Internal.ConsoleLogger., took 5 ms.
TpTrace Verbose: 0 : 3660, 13, 2023/10/22, 21:04:20.731, 7024283007304, vstest.console.dll, TestRunRequest:TestRunComplete: Starting. IsAborted:False IsCanceled:False.
TpTrace Verbose: 0 : 3660, 13, 2023/10/22, 21:04:20.733, 7024283025509, vstest.console.dll, TestLoggerManager.HandleTestRunComplete: Ignoring as the object is disposed.
TpTrace Verbose: 0 : 3660, 13, 2023/10/22, 21:04:20.733, 7024283028165, vstest.console.dll, MulticastDelegateUtilities.SafeInvoke: TestRun.TestRunComplete: Invoking callback 1/2 for Microsoft.VisualStudio.TestPlatform.CommandLine.TestRunResultAggregator., took 0 ms.
TpTrace Verbose: 0 : 3660, 13, 2023/10/22, 21:04:20.733, 7024283029710, vstest.console.dll, MulticastDelegateUtilities.SafeInvoke: TestRun.TestRunComplete: Invoking callback 2/2 for Microsoft.VisualStudio.TestPlatform.CommandLine.Processors.RunTestsArgumentExecutor+TestRunRequestEventsRegistrar., took 0 ms.
TpTrace Information: 0 : 3660, 13, 2023/10/22, 21:04:20.733, 7024283030598, vstest.console.dll, TestRunRequest:TestRunComplete: Completed.
TpTrace Verbose: 0 : 3660, 13, 2023/10/22, 21:04:20.733, 7024283031041, vstest.console.dll, TestRequestSender.SetOperationComplete: Setting operation complete.
TpTrace Information: 0 : 3660, 13, 2023/10/22, 21:04:20.733, 7024283031402, vstest.console.dll, SocketServer.Stop: Stop server endPoint: 127.0.0.1:53368
TpTrace Information: 0 : 3660, 13, 2023/10/22, 21:04:20.733, 7024283031694, vstest.console.dll, SocketServer.Stop: Cancellation requested. Stopping message loop.
TpTrace Verbose: 0 : 3660, 13, 2023/10/22, 21:04:20.733, 7024283032039, vstest.console.dll, MulticastDelegateUtilities.SafeInvoke: LengthPrefixCommunicationChannel: MessageReceived: Invoking callback 1/1 for Microsoft.VisualStudio.TestPlatform.CommunicationUtilities.TestRequestSender+<>c__DisplayClass34_0., took 100 ms.
TpTrace Information: 0 : 3660, 13, 2023/10/22, 21:04:20.733, 7024283032583, vstest.console.dll, SocketServer.PrivateStop: Stopping server endPoint: 127.0.0.1:53368 error: 
TpTrace Verbose: 0 : 3660, 1, 2023/10/22, 21:04:20.733, 7024283031422, vstest.console.dll, TestRunRequest.Dispose: Starting.
TpTrace Information: 0 : 3660, 1, 2023/10/22, 21:04:20.733, 7024283033711, vstest.console.dll, TestRunRequest.Dispose: Completed.
TpTrace Information: 0 : 3660, 1, 2023/10/22, 21:04:20.733, 7024283034249, vstest.console.dll, TestRequestManager.RunTests: run tests completed.
TpTrace Information: 0 : 3660, 1, 2023/10/22, 21:04:20.734, 7024283035508, vstest.console.dll, RunTestsArgumentProcessor:Execute: Test run is completed.
TpTrace Verbose: 0 : 3660, 13, 2023/10/22, 21:04:20.734, 7024283035888, vstest.console.dll, LengthPrefixCommunicationChannel.Dispose: Dispose reader and writer.
TpTrace Information: 0 : 3660, 13, 2023/10/22, 21:04:20.734, 7024283036514, vstest.console.dll, SocketServer.Stop: Raise disconnected event endPoint: 127.0.0.1:53368 error: 
TpTrace Verbose: 0 : 3660, 1, 2023/10/22, 21:04:20.734, 7024283037185, vstest.console.dll, Executor.Execute: Exiting with exit code of 0
TpTrace Verbose: 0 : 3660, 13, 2023/10/22, 21:04:20.734, 7024283037307, vstest.console.dll, TestRequestSender: OnTestRunAbort: Operation is already complete. Skip error message.
TpTrace Verbose: 0 : 3660, 13, 2023/10/22, 21:04:20.734, 7024283037821, vstest.console.dll, MulticastDelegateUtilities.SafeInvoke: SocketServer: ClientDisconnected: Invoking callback 1/1 for Microsoft.VisualStudio.TestPlatform.CommunicationUtilities.TestRequestSender., took 0 ms.
TpTrace Verbose: 0 : 3660, 13, 2023/10/22, 21:04:20.734, 7024283038133, vstest.console.dll, TcpClientExtensions.MessageLoopAsync: exiting MessageLoopAsync remoteEndPoint: 127.0.0.1:53369 localEndPoint: 127.0.0.1:53368
