TpTrace Verbose: 0 : 23776, 1, 2023/10/24, 17:30:49.014, 8624220469644, vstest.console.dll, Version: 17.5.0-release-20221220-01 Current process architecture: X64
TpTrace Verbose: 0 : 23776, 1, 2023/10/24, 17:30:49.016, 8624220490790, vstest.console.dll, Runtime location: C:\Program Files\dotnet\shared\Microsoft.NETCore.App\7.0.5
TpTrace Verbose: 0 : 23776, 1, 2023/10/24, 17:30:49.020, 8624220537801, vstest.console.dll, ArtifactProcessingPostProcessModeProcessorExecutor.Initialize: ArtifactProcessingMode.Collect
TpTrace Verbose: 0 : 23776, 1, 2023/10/24, 17:30:49.020, 8624220539198, vstest.console.dll, TestSessionCorrelationIdProcessorModeProcessorExecutor.Initialize: TestSessionCorrelationId '17960_52ddc9cd-9433-4f75-9dd1-934a226d28d0'
TpTrace Information: 0 : 23776, 1, 2023/10/24, 17:30:49.033, 8624220668896, vstest.console.dll, FilePatternParser: The given file E:\kpi\.NET_web\lab1\lab1\MyCollectionTesting\bin\Debug\net6.0\fine-code-coverage\build-output\MyCollectionTesting.dll is a full path.
TpTrace Verbose: 0 : 23776, 1, 2023/10/24, 17:30:49.045, 8624220782836, vstest.console.dll, TestPluginCache.DiscoverTestExtensions: finding test extensions in assemblies ends with: RuntimeProvider.dll TPluginInfo: Microsoft.VisualStudio.TestPlatform.Common.ExtensionFramework.Utilities.TestRuntimePluginInformation TExtension: Microsoft.VisualStudio.TestPlatform.ObjectModel.Host.ITestRuntimeProvider
TpTrace Verbose: 0 : 23776, 1, 2023/10/24, 17:30:49.047, 8624220800818, vstest.console.dll, TestPluginCache.GetExtensionPaths: Filtered extension paths: 
TpTrace Verbose: 0 : 23776, 1, 2023/10/24, 17:30:49.047, 8624220802064, vstest.console.dll, TestPluginCache.GetExtensionPaths: Added default extension paths: C:\Program Files\dotnet\sdk\7.0.203\Extensions\Microsoft.Diagnostics.NETCore.Client.dll
C:\Program Files\dotnet\sdk\7.0.203\Extensions\Microsoft.TestPlatform.Extensions.BlameDataCollector.dll
C:\Program Files\dotnet\sdk\7.0.203\Extensions\Microsoft.TestPlatform.Extensions.EventLogCollector.dll
C:\Program Files\dotnet\sdk\7.0.203\Extensions\Microsoft.TestPlatform.TestHostRuntimeProvider.dll
C:\Program Files\dotnet\sdk\7.0.203\Extensions\Microsoft.VisualStudio.TestPlatform.Extensions.Html.TestLogger.dll
C:\Program Files\dotnet\sdk\7.0.203\Extensions\Microsoft.VisualStudio.TestPlatform.Extensions.Trx.TestLogger.dll
TpTrace Verbose: 0 : 23776, 1, 2023/10/24, 17:30:49.047, 8624220802497, vstest.console.dll, TestPluginCache.GetExtensionPaths: Added unfilterableExtensionPaths: 
TpTrace Information: 0 : 23776, 1, 2023/10/24, 17:30:49.048, 8624220810462, vstest.console.dll, AssemblyResolver.ctor: Creating AssemblyResolver with searchDirectories C:\Program Files\dotnet\sdk\7.0.203\Extensions,C:\Program Files\dotnet\sdk\7.0.203
TpTrace Verbose: 0 : 23776, 1, 2023/10/24, 17:30:49.049, 8624220824785, vstest.console.dll, TestPluginCache.DiscoverTestExtensions: Discovering the extensions using extension path.
TpTrace Verbose: 0 : 23776, 1, 2023/10/24, 17:30:49.049, 8624220826104, vstest.console.dll, TestPluginCache.GetExtensionPaths: Filtered extension paths: 
TpTrace Verbose: 0 : 23776, 1, 2023/10/24, 17:30:49.049, 8624220826619, vstest.console.dll, TestPluginCache.GetExtensionPaths: Added default extension paths: C:\Program Files\dotnet\sdk\7.0.203\Extensions\Microsoft.Diagnostics.NETCore.Client.dll
C:\Program Files\dotnet\sdk\7.0.203\Extensions\Microsoft.TestPlatform.Extensions.BlameDataCollector.dll
C:\Program Files\dotnet\sdk\7.0.203\Extensions\Microsoft.TestPlatform.Extensions.EventLogCollector.dll
C:\Program Files\dotnet\sdk\7.0.203\Extensions\Microsoft.TestPlatform.TestHostRuntimeProvider.dll
C:\Program Files\dotnet\sdk\7.0.203\Extensions\Microsoft.VisualStudio.TestPlatform.Extensions.Html.TestLogger.dll
C:\Program Files\dotnet\sdk\7.0.203\Extensions\Microsoft.VisualStudio.TestPlatform.Extensions.Trx.TestLogger.dll
TpTrace Verbose: 0 : 23776, 1, 2023/10/24, 17:30:49.049, 8624220826958, vstest.console.dll, TestPluginCache.GetExtensionPaths: Added unfilterableExtensionPaths: 
TpTrace Verbose: 0 : 23776, 1, 2023/10/24, 17:30:49.049, 8624220827923, vstest.console.dll, TestPluginCache.DiscoverTestExtensions: Discovering the extensions using allExtensionPaths: C:\Program Files\dotnet\sdk\7.0.203\Extensions\Microsoft.Diagnostics.NETCore.Client.dll
C:\Program Files\dotnet\sdk\7.0.203\Extensions\Microsoft.TestPlatform.Extensions.BlameDataCollector.dll
C:\Program Files\dotnet\sdk\7.0.203\Extensions\Microsoft.TestPlatform.Extensions.EventLogCollector.dll
C:\Program Files\dotnet\sdk\7.0.203\Extensions\Microsoft.TestPlatform.TestHostRuntimeProvider.dll
C:\Program Files\dotnet\sdk\7.0.203\Extensions\Microsoft.VisualStudio.TestPlatform.Extensions.Html.TestLogger.dll
C:\Program Files\dotnet\sdk\7.0.203\Extensions\Microsoft.VisualStudio.TestPlatform.Extensions.Trx.TestLogger.dll
TpTrace Information: 0 : 23776, 1, 2023/10/24, 17:30:49.049, 8624220829412, vstest.console.dll, AssemblyResolver.AddSearchDirectories: Adding more searchDirectories C:\Program Files\dotnet\sdk\7.0.203\Extensions,C:\Program Files\dotnet\sdk\7.0.203
TpTrace Information: 0 : 23776, 1, 2023/10/24, 17:30:49.050, 8624220830165, vstest.console.dll, AssemblyResolver.AddSearchDirectories: Adding more searchDirectories C:\Program Files\dotnet\sdk\7.0.203\Extensions,C:\Program Files\dotnet\sdk\7.0.203
TpTrace Information: 0 : 23776, 1, 2023/10/24, 17:30:49.050, 8624220830615, vstest.console.dll, AssemblyResolver.AddSearchDirectories: Adding more searchDirectories C:\Program Files\dotnet\sdk\7.0.203\Extensions,C:\Program Files\dotnet\sdk\7.0.203
TpTrace Information: 0 : 23776, 1, 2023/10/24, 17:30:49.050, 8624220830954, vstest.console.dll, AssemblyResolver.AddSearchDirectories: Adding more searchDirectories C:\Program Files\dotnet\sdk\7.0.203\Extensions,C:\Program Files\dotnet\sdk\7.0.203
TpTrace Information: 0 : 23776, 1, 2023/10/24, 17:30:49.050, 8624220831280, vstest.console.dll, AssemblyResolver.AddSearchDirectories: Adding more searchDirectories C:\Program Files\dotnet\sdk\7.0.203\Extensions,C:\Program Files\dotnet\sdk\7.0.203
TpTrace Information: 0 : 23776, 1, 2023/10/24, 17:30:49.050, 8624220831665, vstest.console.dll, AssemblyResolver.AddSearchDirectories: Adding more searchDirectories C:\Program Files\dotnet\sdk\7.0.203\Extensions,C:\Program Files\dotnet\sdk\7.0.203
TpTrace Information: 0 : 23776, 1, 2023/10/24, 17:30:49.050, 8624220834976, vstest.console.dll, AssemblyResolver.OnResolve: Microsoft.Diagnostics.NETCore.Client: Resolving assembly.
TpTrace Information: 0 : 23776, 1, 2023/10/24, 17:30:49.050, 8624220835851, vstest.console.dll, AssemblyResolver.OnResolve: Microsoft.Diagnostics.NETCore.Client: Searching in: 'C:\Program Files\dotnet\sdk\7.0.203\Extensions'.
TpTrace Information: 0 : 23776, 1, 2023/10/24, 17:30:49.070, 8624221033662, vstest.console.dll, AssemblyResolver.OnResolve: Microsoft.Diagnostics.NETCore.Client: Loading assembly 'C:\Program Files\dotnet\sdk\7.0.203\Extensions\Microsoft.Diagnostics.NETCore.Client.dll'.
TpTrace Information: 0 : 23776, 1, 2023/10/24, 17:30:49.072, 8624221056992, vstest.console.dll, AssemblyResolver.OnResolve: Resolved assembly: Microsoft.Diagnostics.NETCore.Client, from path: C:\Program Files\dotnet\sdk\7.0.203\Extensions\Microsoft.Diagnostics.NETCore.Client.dll
TpTrace Verbose: 0 : 23776, 1, 2023/10/24, 17:30:49.073, 8624221068085, vstest.console.dll, MetadataReaderExtensionsHelper: Discovering extensions inside assembly 'Microsoft.Diagnostics.NETCore.Client, Version=0.2.6.42401, Culture=neutral, PublicKeyToken=31bf3856ad364e35' file path 'C:\Program Files\dotnet\sdk\7.0.203\Extensions\Microsoft.Diagnostics.NETCore.Client.dll'
TpTrace Information: 0 : 23776, 1, 2023/10/24, 17:30:49.082, 8624221156419, vstest.console.dll, AssemblyResolver.OnResolve: Microsoft.Bcl.AsyncInterfaces: Resolving assembly.
TpTrace Information: 0 : 23776, 1, 2023/10/24, 17:30:49.082, 8624221157553, vstest.console.dll, AssemblyResolver.OnResolve: Microsoft.Bcl.AsyncInterfaces: Searching in: 'C:\Program Files\dotnet\sdk\7.0.203\Extensions'.
TpTrace Information: 0 : 23776, 1, 2023/10/24, 17:30:49.082, 8624221158480, vstest.console.dll, AssemblyResolver.OnResolve: Microsoft.Bcl.AsyncInterfaces: Assembly path does not exist: 'C:\Program Files\dotnet\sdk\7.0.203\Extensions\Microsoft.Bcl.AsyncInterfaces.dll', returning.
TpTrace Information: 0 : 23776, 1, 2023/10/24, 17:30:49.083, 8624221159514, vstest.console.dll, AssemblyResolver.OnResolve: Microsoft.Bcl.AsyncInterfaces: Assembly path does not exist: 'C:\Program Files\dotnet\sdk\7.0.203\Extensions\Microsoft.Bcl.AsyncInterfaces.exe', returning.
TpTrace Information: 0 : 23776, 1, 2023/10/24, 17:30:49.083, 8624221159889, vstest.console.dll, AssemblyResolver.OnResolve: Microsoft.Bcl.AsyncInterfaces: Searching in: 'C:\Program Files\dotnet\sdk\7.0.203'.
TpTrace Information: 0 : 23776, 1, 2023/10/24, 17:30:49.083, 8624221160766, vstest.console.dll, AssemblyResolver.OnResolve: Microsoft.Bcl.AsyncInterfaces: Assembly path does not exist: 'C:\Program Files\dotnet\sdk\7.0.203\Microsoft.Bcl.AsyncInterfaces.dll', returning.
TpTrace Information: 0 : 23776, 1, 2023/10/24, 17:30:49.083, 8624221161390, vstest.console.dll, AssemblyResolver.OnResolve: Microsoft.Bcl.AsyncInterfaces: Assembly path does not exist: 'C:\Program Files\dotnet\sdk\7.0.203\Microsoft.Bcl.AsyncInterfaces.exe', returning.
TpTrace Information: 0 : 23776, 1, 2023/10/24, 17:30:49.083, 8624221161710, vstest.console.dll, AssemblyResolver.OnResolve: Microsoft.Bcl.AsyncInterfaces: Failed to load assembly.
TpTrace Verbose: 0 : 23776, 1, 2023/10/24, 17:30:49.083, 8624221162105, vstest.console.dll, CurrentDomainAssemblyResolve: Resolving assembly 'Microsoft.Bcl.AsyncInterfaces'.
TpTrace Information: 0 : 23776, 1, 2023/10/24, 17:30:49.083, 8624221162710, vstest.console.dll, AssemblyResolver.OnResolve: Microsoft.Bcl.AsyncInterfaces: Resolving assembly.
TpTrace Information: 0 : 23776, 1, 2023/10/24, 17:30:49.083, 8624221163188, vstest.console.dll, AssemblyResolver.OnResolve: Microsoft.Bcl.AsyncInterfaces: Resolved from cache.
TpTrace Verbose: 0 : 23776, 1, 2023/10/24, 17:30:49.083, 8624221163729, vstest.console.dll, CurrentDomainAssemblyResolve: Resolving assembly 'Microsoft.Bcl.AsyncInterfaces'.
TpTrace Verbose: 0 : 23776, 1, 2023/10/24, 17:30:49.083, 8624221164407, vstest.console.dll, CurrentDomainAssemblyResolve: Failed to resolve assembly 'Microsoft.Bcl.AsyncInterfaces'.
TpTrace Verbose: 0 : 23776, 1, 2023/10/24, 17:30:49.090, 8624221235252, vstest.console.dll, CurrentDomainAssemblyResolve: Failed to resolve assembly 'Microsoft.Bcl.AsyncInterfaces'.
TpTrace Warning: 0 : 23776, 1, 2023/10/24, 17:30:49.101, 8624221349260, vstest.console.dll, TestPluginDiscoverer: Failed to get types from assembly 'Microsoft.Diagnostics.NETCore.Client, Version=0.2.6.42401, Culture=neutral, PublicKeyToken=31bf3856ad364e35'. Error: System.Reflection.ReflectionTypeLoadException: Unable to load one or more of the requested types.
Could not load file or assembly 'Microsoft.Bcl.AsyncInterfaces, Version=1.0.0.0, Culture=neutral, PublicKeyToken=cc7b13ffcd2ddd51'. The system cannot find the file specified.
   at System.Reflection.RuntimeModule.GetTypes(RuntimeModule module)
   at System.Reflection.Assembly.GetTypes()
   at Microsoft.VisualStudio.TestPlatform.Common.ExtensionFramework.TestPluginDiscoverer.GetTestExtensionsFromAssembly[TPluginInfo,TExtension](Assembly assembly, Dictionary`2 pluginInfos, String filePath)
System.IO.FileNotFoundException: Could not load file or assembly 'Microsoft.Bcl.AsyncInterfaces, Version=1.0.0.0, Culture=neutral, PublicKeyToken=cc7b13ffcd2ddd51'. The system cannot find the file specified.
File name: 'Microsoft.Bcl.AsyncInterfaces, Version=1.0.0.0, Culture=neutral, PublicKeyToken=cc7b13ffcd2ddd51'
 ---> System.IO.FileNotFoundException: Could not load file or assembly 'Microsoft.Bcl.AsyncInterfaces, Culture=neutral, PublicKeyToken=null'. The system cannot find the file specified.
File name: 'Microsoft.Bcl.AsyncInterfaces, Culture=neutral, PublicKeyToken=null'
   at System.Reflection.RuntimeAssembly.InternalLoad(AssemblyName assemblyName, StackCrawlMark& stackMark, AssemblyLoadContext assemblyLoadContext, RuntimeAssembly requestingAssembly, Boolean throwOnFileNotFound)
   at System.Reflection.Assembly.Load(AssemblyName assemblyRef)
   at Microsoft.VisualStudio.TestPlatform.Common.ExtensionFramework.TestPluginCache.CurrentDomainAssemblyResolve(Object sender, AssemblyResolveEventArgs args)
   at System.Runtime.Loader.AssemblyLoadContext.GetFirstResolvedAssemblyFromResolvingEvent(AssemblyName assemblyName)
   at System.Runtime.Loader.AssemblyLoadContext.ResolveUsingEvent(AssemblyName assemblyName)
   at System.Runtime.Loader.AssemblyLoadContext.ResolveUsingResolvingEvent(IntPtr gchManagedAssemblyLoadContext, AssemblyName assemblyName)
TpTrace Warning: 0 : 23776, 1, 2023/10/24, 17:30:49.102, 8624221352886, vstest.console.dll, LoaderExceptions: System.IO.FileNotFoundException: Could not load file or assembly 'Microsoft.Bcl.AsyncInterfaces, Version=1.0.0.0, Culture=neutral, PublicKeyToken=cc7b13ffcd2ddd51'. The system cannot find the file specified.
File name: 'Microsoft.Bcl.AsyncInterfaces, Version=1.0.0.0, Culture=neutral, PublicKeyToken=cc7b13ffcd2ddd51'
 ---> System.IO.FileNotFoundException: Could not load file or assembly 'Microsoft.Bcl.AsyncInterfaces, Culture=neutral, PublicKeyToken=null'. The system cannot find the file specified.
File name: 'Microsoft.Bcl.AsyncInterfaces, Culture=neutral, PublicKeyToken=null'
   at System.Reflection.RuntimeAssembly.InternalLoad(AssemblyName assemblyName, StackCrawlMark& stackMark, AssemblyLoadContext assemblyLoadContext, RuntimeAssembly requestingAssembly, Boolean throwOnFileNotFound)
   at System.Reflection.Assembly.Load(AssemblyName assemblyRef)
   at Microsoft.VisualStudio.TestPlatform.Common.ExtensionFramework.TestPluginCache.CurrentDomainAssemblyResolve(Object sender, AssemblyResolveEventArgs args)
   at System.Runtime.Loader.AssemblyLoadContext.GetFirstResolvedAssemblyFromResolvingEvent(AssemblyName assemblyName)
   at System.Runtime.Loader.AssemblyLoadContext.ResolveUsingEvent(AssemblyName assemblyName)
   at System.Runtime.Loader.AssemblyLoadContext.ResolveUsingResolvingEvent(IntPtr gchManagedAssemblyLoadContext, AssemblyName assemblyName)
TpTrace Information: 0 : 23776, 1, 2023/10/24, 17:30:49.102, 8624221354840, vstest.console.dll, AssemblyResolver.OnResolve: Microsoft.TestPlatform.Extensions.BlameDataCollector: Resolving assembly.
TpTrace Information: 0 : 23776, 1, 2023/10/24, 17:30:49.102, 8624221355465, vstest.console.dll, AssemblyResolver.OnResolve: Microsoft.TestPlatform.Extensions.BlameDataCollector: Searching in: 'C:\Program Files\dotnet\sdk\7.0.203\Extensions'.
TpTrace Information: 0 : 23776, 1, 2023/10/24, 17:30:49.104, 8624221371659, vstest.console.dll, AssemblyResolver.OnResolve: Microsoft.TestPlatform.Extensions.BlameDataCollector: Loading assembly 'C:\Program Files\dotnet\sdk\7.0.203\Extensions\Microsoft.TestPlatform.Extensions.BlameDataCollector.dll'.
TpTrace Information: 0 : 23776, 1, 2023/10/24, 17:30:49.105, 8624221380083, vstest.console.dll, AssemblyResolver.OnResolve: Resolved assembly: Microsoft.TestPlatform.Extensions.BlameDataCollector, from path: C:\Program Files\dotnet\sdk\7.0.203\Extensions\Microsoft.TestPlatform.Extensions.BlameDataCollector.dll
TpTrace Verbose: 0 : 23776, 1, 2023/10/24, 17:30:49.105, 8624221381175, vstest.console.dll, MetadataReaderExtensionsHelper: Discovering extensions inside assembly 'Microsoft.TestPlatform.Extensions.BlameDataCollector, Version=15.0.0.0, Culture=neutral, PublicKeyToken=b03f5f7f11d50a3a' file path 'C:\Program Files\dotnet\sdk\7.0.203\Extensions\Microsoft.TestPlatform.Extensions.BlameDataCollector.dll'
TpTrace Information: 0 : 23776, 1, 2023/10/24, 17:30:49.107, 8624221408716, vstest.console.dll, AssemblyResolver.OnResolve: Microsoft.TestPlatform.Extensions.EventLogCollector: Resolving assembly.
TpTrace Information: 0 : 23776, 1, 2023/10/24, 17:30:49.108, 8624221409776, vstest.console.dll, AssemblyResolver.OnResolve: Microsoft.TestPlatform.Extensions.EventLogCollector: Searching in: 'C:\Program Files\dotnet\sdk\7.0.203\Extensions'.
TpTrace Information: 0 : 23776, 1, 2023/10/24, 17:30:49.108, 8624221417727, vstest.console.dll, AssemblyResolver.OnResolve: Microsoft.TestPlatform.Extensions.EventLogCollector: Loading assembly 'C:\Program Files\dotnet\sdk\7.0.203\Extensions\Microsoft.TestPlatform.Extensions.EventLogCollector.dll'.
TpTrace Information: 0 : 23776, 1, 2023/10/24, 17:30:49.109, 8624221423759, vstest.console.dll, AssemblyResolver.OnResolve: Resolved assembly: Microsoft.TestPlatform.Extensions.EventLogCollector, from path: C:\Program Files\dotnet\sdk\7.0.203\Extensions\Microsoft.TestPlatform.Extensions.EventLogCollector.dll
TpTrace Verbose: 0 : 23776, 1, 2023/10/24, 17:30:49.109, 8624221424639, vstest.console.dll, MetadataReaderExtensionsHelper: Discovering extensions inside assembly 'Microsoft.TestPlatform.Extensions.EventLogCollector, Version=15.0.0.0, Culture=neutral, PublicKeyToken=b03f5f7f11d50a3a' file path 'C:\Program Files\dotnet\sdk\7.0.203\Extensions\Microsoft.TestPlatform.Extensions.EventLogCollector.dll'
TpTrace Information: 0 : 23776, 1, 2023/10/24, 17:30:49.113, 8624221467991, vstest.console.dll, AssemblyResolver.OnResolve: Microsoft.TestPlatform.TestHostRuntimeProvider: Resolving assembly.
TpTrace Information: 0 : 23776, 1, 2023/10/24, 17:30:49.113, 8624221469237, vstest.console.dll, AssemblyResolver.OnResolve: Microsoft.TestPlatform.TestHostRuntimeProvider: Searching in: 'C:\Program Files\dotnet\sdk\7.0.203\Extensions'.
TpTrace Information: 0 : 23776, 1, 2023/10/24, 17:30:49.115, 8624221481443, vstest.console.dll, AssemblyResolver.OnResolve: Microsoft.TestPlatform.TestHostRuntimeProvider: Loading assembly 'C:\Program Files\dotnet\sdk\7.0.203\Extensions\Microsoft.TestPlatform.TestHostRuntimeProvider.dll'.
TpTrace Information: 0 : 23776, 1, 2023/10/24, 17:30:49.116, 8624221495690, vstest.console.dll, AssemblyResolver.OnResolve: Resolved assembly: Microsoft.TestPlatform.TestHostRuntimeProvider, from path: C:\Program Files\dotnet\sdk\7.0.203\Extensions\Microsoft.TestPlatform.TestHostRuntimeProvider.dll
TpTrace Verbose: 0 : 23776, 1, 2023/10/24, 17:30:49.116, 8624221496889, vstest.console.dll, MetadataReaderExtensionsHelper: Discovering extensions inside assembly 'Microsoft.TestPlatform.TestHostRuntimeProvider, Version=15.0.0.0, Culture=neutral, PublicKeyToken=b03f5f7f11d50a3a' file path 'C:\Program Files\dotnet\sdk\7.0.203\Extensions\Microsoft.TestPlatform.TestHostRuntimeProvider.dll'
TpTrace Information: 0 : 23776, 1, 2023/10/24, 17:30:49.119, 8624221520488, vstest.console.dll, GetTestExtensionFromType: Register extension with identifier data 'HostProvider://DefaultTestHost' and type 'Microsoft.VisualStudio.TestPlatform.CrossPlatEngine.Hosting.DefaultTestHostManager, Microsoft.TestPlatform.TestHostRuntimeProvider, Version=15.0.0.0, Culture=neutral, PublicKeyToken=b03f5f7f11d50a3a' inside file 'C:\Program Files\dotnet\sdk\7.0.203\Extensions\Microsoft.TestPlatform.TestHostRuntimeProvider.dll'
TpTrace Information: 0 : 23776, 1, 2023/10/24, 17:30:49.119, 8624221522938, vstest.console.dll, GetTestExtensionFromType: Register extension with identifier data 'HostProvider://DotnetTestHost' and type 'Microsoft.VisualStudio.TestPlatform.CrossPlatEngine.Hosting.DotnetTestHostManager, Microsoft.TestPlatform.TestHostRuntimeProvider, Version=15.0.0.0, Culture=neutral, PublicKeyToken=b03f5f7f11d50a3a' inside file 'C:\Program Files\dotnet\sdk\7.0.203\Extensions\Microsoft.TestPlatform.TestHostRuntimeProvider.dll'
TpTrace Information: 0 : 23776, 1, 2023/10/24, 17:30:49.119, 8624221523733, vstest.console.dll, AssemblyResolver.OnResolve: Microsoft.VisualStudio.TestPlatform.Extensions.Html.TestLogger: Resolving assembly.
TpTrace Information: 0 : 23776, 1, 2023/10/24, 17:30:49.119, 8624221524231, vstest.console.dll, AssemblyResolver.OnResolve: Microsoft.VisualStudio.TestPlatform.Extensions.Html.TestLogger: Searching in: 'C:\Program Files\dotnet\sdk\7.0.203\Extensions'.
TpTrace Information: 0 : 23776, 1, 2023/10/24, 17:30:49.120, 8624221536829, vstest.console.dll, AssemblyResolver.OnResolve: Microsoft.VisualStudio.TestPlatform.Extensions.Html.TestLogger: Loading assembly 'C:\Program Files\dotnet\sdk\7.0.203\Extensions\Microsoft.VisualStudio.TestPlatform.Extensions.Html.TestLogger.dll'.
TpTrace Information: 0 : 23776, 1, 2023/10/24, 17:30:49.121, 8624221545503, vstest.console.dll, AssemblyResolver.OnResolve: Resolved assembly: Microsoft.VisualStudio.TestPlatform.Extensions.Html.TestLogger, from path: C:\Program Files\dotnet\sdk\7.0.203\Extensions\Microsoft.VisualStudio.TestPlatform.Extensions.Html.TestLogger.dll
TpTrace Verbose: 0 : 23776, 1, 2023/10/24, 17:30:49.121, 8624221546611, vstest.console.dll, MetadataReaderExtensionsHelper: Discovering extensions inside assembly 'Microsoft.VisualStudio.TestPlatform.Extensions.Html.TestLogger, Version=15.0.0.0, Culture=neutral, PublicKeyToken=b03f5f7f11d50a3a' file path 'C:\Program Files\dotnet\sdk\7.0.203\Extensions\Microsoft.VisualStudio.TestPlatform.Extensions.Html.TestLogger.dll'
TpTrace Information: 0 : 23776, 1, 2023/10/24, 17:30:49.123, 8624221559611, vstest.console.dll, AssemblyResolver.OnResolve: Microsoft.VisualStudio.TestPlatform.Extensions.Trx.TestLogger: Resolving assembly.
TpTrace Information: 0 : 23776, 1, 2023/10/24, 17:30:49.123, 8624221560572, vstest.console.dll, AssemblyResolver.OnResolve: Microsoft.VisualStudio.TestPlatform.Extensions.Trx.TestLogger: Searching in: 'C:\Program Files\dotnet\sdk\7.0.203\Extensions'.
TpTrace Information: 0 : 23776, 1, 2023/10/24, 17:30:49.124, 8624221578877, vstest.console.dll, AssemblyResolver.OnResolve: Microsoft.VisualStudio.TestPlatform.Extensions.Trx.TestLogger: Loading assembly 'C:\Program Files\dotnet\sdk\7.0.203\Extensions\Microsoft.VisualStudio.TestPlatform.Extensions.Trx.TestLogger.dll'.
TpTrace Information: 0 : 23776, 1, 2023/10/24, 17:30:49.126, 8624221594844, vstest.console.dll, AssemblyResolver.OnResolve: Resolved assembly: Microsoft.VisualStudio.TestPlatform.Extensions.Trx.TestLogger, from path: C:\Program Files\dotnet\sdk\7.0.203\Extensions\Microsoft.VisualStudio.TestPlatform.Extensions.Trx.TestLogger.dll
TpTrace Verbose: 0 : 23776, 1, 2023/10/24, 17:30:49.126, 8624221595906, vstest.console.dll, MetadataReaderExtensionsHelper: Discovering extensions inside assembly 'Microsoft.VisualStudio.TestPlatform.Extensions.Trx.TestLogger, Version=15.0.0.0, Culture=neutral, PublicKeyToken=b03f5f7f11d50a3a' file path 'C:\Program Files\dotnet\sdk\7.0.203\Extensions\Microsoft.VisualStudio.TestPlatform.Extensions.Trx.TestLogger.dll'
TpTrace Verbose: 0 : 23776, 1, 2023/10/24, 17:30:49.128, 8624221616159, vstest.console.dll, TestPluginCache: Discovered the extensions using extension path ''.
TpTrace Verbose: 0 : 23776, 1, 2023/10/24, 17:30:49.128, 8624221616869, vstest.console.dll, TestPluginCache: Discoverers are ''.
TpTrace Verbose: 0 : 23776, 1, 2023/10/24, 17:30:49.128, 8624221617200, vstest.console.dll, TestPluginCache: Executors are ''.
TpTrace Verbose: 0 : 23776, 1, 2023/10/24, 17:30:49.128, 8624221617474, vstest.console.dll, TestPluginCache: Executors2 are ''.
TpTrace Verbose: 0 : 23776, 1, 2023/10/24, 17:30:49.128, 8624221617788, vstest.console.dll, TestPluginCache: Setting providers are ''.
TpTrace Verbose: 0 : 23776, 1, 2023/10/24, 17:30:49.128, 8624221618049, vstest.console.dll, TestPluginCache: Loggers are ''.
TpTrace Verbose: 0 : 23776, 1, 2023/10/24, 17:30:49.128, 8624221619286, vstest.console.dll, TestPluginCache: TestHosts are 'HostProvider://DefaultTestHost,HostProvider://DotnetTestHost'.
TpTrace Verbose: 0 : 23776, 1, 2023/10/24, 17:30:49.129, 8624221619677, vstest.console.dll, TestPluginCache: DataCollectors are ''.
TpTrace Information: 0 : 23776, 1, 2023/10/24, 17:30:49.150, 8624221829561, vstest.console.dll, RunTestsArgumentProcessor:Execute: Test run is starting.
TpTrace Verbose: 0 : 23776, 1, 2023/10/24, 17:30:49.150, 8624221830613, vstest.console.dll, RunTestsArgumentProcessor:Execute: Queuing Test run.
TpTrace Information: 0 : 23776, 1, 2023/10/24, 17:30:49.150, 8624221834233, vstest.console.dll, TestRequestManager.RunTests: run tests started.
TpTrace Information: 0 : 23776, 1, 2023/10/24, 17:30:49.151, 8624221845563, vstest.console.dll, AssemblyMetadataProvider.GetFrameworkName: Determined framework:'.NETCoreApp,Version=v6.0' for source: 'E:\kpi\.NET_web\lab1\lab1\MyCollectionTesting\bin\Debug\net6.0\fine-code-coverage\build-output\MyCollectionTesting.dll'
TpTrace Information: 0 : 23776, 1, 2023/10/24, 17:30:49.151, 8624221847269, vstest.console.dll, Determined framework for all sources: .NETCoreApp,Version=v6.0
TpTrace Verbose: 0 : 23776, 1, 2023/10/24, 17:30:49.152, 8624221851698, vstest.console.dll, TestRequestManager.UpdateRunSettingsIfRequired: Default architecture: X64 IsDefaultTargetArchitecture: True, Current process architecture: X64 OperatingSystem: Windows.
TpTrace Information: 0 : 23776, 1, 2023/10/24, 17:30:49.153, 8624221866406, vstest.console.dll, AssemblyMetadataProvider.GetArchitecture: Determined architecture:AnyCPU info for assembly: E:\kpi\.NET_web\lab1\lab1\MyCollectionTesting\bin\Debug\net6.0\fine-code-coverage\build-output\MyCollectionTesting.dll
TpTrace Information: 0 : 23776, 1, 2023/10/24, 17:30:49.153, 8624221866915, vstest.console.dll, Determined platform for source 'E:\kpi\.NET_web\lab1\lab1\MyCollectionTesting\bin\Debug\net6.0\fine-code-coverage\build-output\MyCollectionTesting.dll' was AnyCPU and it will use the default plaform X64.
TpTrace Information: 0 : 23776, 1, 2023/10/24, 17:30:49.153, 8624221867300, vstest.console.dll, None of the sources provided any runnable platform, using the default platform: X64
TpTrace Information: 0 : 23776, 1, 2023/10/24, 17:30:49.153, 8624221868028, vstest.console.dll, Platform was updated to 'X64'.
TpTrace Information: 0 : 23776, 1, 2023/10/24, 17:30:49.158, 8624221919041, vstest.console.dll, InferRunSettingsHelper.IsTestSettingsEnabled: Unable to navigate to RunSettings/MSTest. Current node: RunSettings
TpTrace Information: 0 : 23776, 1, 2023/10/24, 17:30:49.159, 8624221927537, vstest.console.dll, AssemblyResolver.OnResolve: Microsoft.VisualStudio.TestPlatform.Fakes: Resolving assembly.
TpTrace Information: 0 : 23776, 1, 2023/10/24, 17:30:49.159, 8624221928229, vstest.console.dll, AssemblyResolver.OnResolve: Microsoft.VisualStudio.TestPlatform.Fakes: Searching in: 'C:\Program Files\dotnet\sdk\7.0.203\Extensions'.
TpTrace Information: 0 : 23776, 1, 2023/10/24, 17:30:49.159, 8624221929340, vstest.console.dll, AssemblyResolver.OnResolve: Microsoft.VisualStudio.TestPlatform.Fakes: Assembly path does not exist: 'C:\Program Files\dotnet\sdk\7.0.203\Extensions\Microsoft.VisualStudio.TestPlatform.Fakes.dll', returning.
TpTrace Information: 0 : 23776, 1, 2023/10/24, 17:30:49.160, 8624221930107, vstest.console.dll, AssemblyResolver.OnResolve: Microsoft.VisualStudio.TestPlatform.Fakes: Assembly path does not exist: 'C:\Program Files\dotnet\sdk\7.0.203\Extensions\Microsoft.VisualStudio.TestPlatform.Fakes.exe', returning.
TpTrace Information: 0 : 23776, 1, 2023/10/24, 17:30:49.160, 8624221930509, vstest.console.dll, AssemblyResolver.OnResolve: Microsoft.VisualStudio.TestPlatform.Fakes: Searching in: 'C:\Program Files\dotnet\sdk\7.0.203'.
TpTrace Information: 0 : 23776, 1, 2023/10/24, 17:30:49.160, 8624221931139, vstest.console.dll, AssemblyResolver.OnResolve: Microsoft.VisualStudio.TestPlatform.Fakes: Assembly path does not exist: 'C:\Program Files\dotnet\sdk\7.0.203\Microsoft.VisualStudio.TestPlatform.Fakes.dll', returning.
TpTrace Information: 0 : 23776, 1, 2023/10/24, 17:30:49.160, 8624221931749, vstest.console.dll, AssemblyResolver.OnResolve: Microsoft.VisualStudio.TestPlatform.Fakes: Assembly path does not exist: 'C:\Program Files\dotnet\sdk\7.0.203\Microsoft.VisualStudio.TestPlatform.Fakes.exe', returning.
TpTrace Information: 0 : 23776, 1, 2023/10/24, 17:30:49.160, 8624221932077, vstest.console.dll, AssemblyResolver.OnResolve: Microsoft.VisualStudio.TestPlatform.Fakes: Failed to load assembly.
TpTrace Information: 0 : 23776, 1, 2023/10/24, 17:30:49.160, 8624221934123, vstest.console.dll, Failed to load assembly Microsoft.VisualStudio.TestPlatform.Fakes, Version=17.0.0.0, Culture=neutral. Reason:System.IO.FileNotFoundException: Could not load file or assembly 'Microsoft.VisualStudio.TestPlatform.Fakes, Version=17.0.0.0, Culture=neutral, PublicKeyToken=null'. The system cannot find the file specified.
File name: 'Microsoft.VisualStudio.TestPlatform.Fakes, Version=17.0.0.0, Culture=neutral, PublicKeyToken=null'
   at System.Reflection.RuntimeAssembly.InternalLoad(AssemblyName assemblyName, StackCrawlMark& stackMark, AssemblyLoadContext assemblyLoadContext, RuntimeAssembly requestingAssembly, Boolean throwOnFileNotFound)
   at System.Reflection.Assembly.Load(AssemblyName assemblyRef)
   at Microsoft.VisualStudio.TestPlatform.Common.Utilities.FakesUtilities.LoadTestPlatformAssembly()
TpTrace Verbose: 0 : 23776, 1, 2023/10/24, 17:30:49.164, 8624221969476, vstest.console.dll, TestPluginCache.DiscoverTestExtensions: finding test extensions in assemblies ends with: TestLogger.dll TPluginInfo: Microsoft.VisualStudio.TestPlatform.Common.ExtensionFramework.Utilities.TestLoggerPluginInformation TExtension: Microsoft.VisualStudio.TestPlatform.ObjectModel.Client.ITestLogger
TpTrace Verbose: 0 : 23776, 1, 2023/10/24, 17:30:49.164, 8624221970367, vstest.console.dll, TestPluginCache.GetExtensionPaths: Filtered extension paths: 
TpTrace Verbose: 0 : 23776, 1, 2023/10/24, 17:30:49.164, 8624221970803, vstest.console.dll, TestPluginCache.GetExtensionPaths: Added default extension paths: C:\Program Files\dotnet\sdk\7.0.203\Extensions\Microsoft.Diagnostics.NETCore.Client.dll
C:\Program Files\dotnet\sdk\7.0.203\Extensions\Microsoft.TestPlatform.Extensions.BlameDataCollector.dll
C:\Program Files\dotnet\sdk\7.0.203\Extensions\Microsoft.TestPlatform.Extensions.EventLogCollector.dll
C:\Program Files\dotnet\sdk\7.0.203\Extensions\Microsoft.TestPlatform.TestHostRuntimeProvider.dll
C:\Program Files\dotnet\sdk\7.0.203\Extensions\Microsoft.VisualStudio.TestPlatform.Extensions.Html.TestLogger.dll
C:\Program Files\dotnet\sdk\7.0.203\Extensions\Microsoft.VisualStudio.TestPlatform.Extensions.Trx.TestLogger.dll
TpTrace Verbose: 0 : 23776, 1, 2023/10/24, 17:30:49.164, 8624221971155, vstest.console.dll, TestPluginCache.GetExtensionPaths: Added unfilterableExtensionPaths: 
TpTrace Information: 0 : 23776, 1, 2023/10/24, 17:30:49.164, 8624221972636, vstest.console.dll, AssemblyResolver.AddSearchDirectories: Adding more searchDirectories C:\Program Files\dotnet\sdk\7.0.203\Extensions,C:\Program Files\dotnet\sdk\7.0.203
TpTrace Verbose: 0 : 23776, 1, 2023/10/24, 17:30:49.164, 8624221973091, vstest.console.dll, TestPluginCache.DiscoverTestExtensions: Discovering the extensions using extension path.
TpTrace Verbose: 0 : 23776, 1, 2023/10/24, 17:30:49.164, 8624221973440, vstest.console.dll, TestPluginCache.GetExtensionPaths: Filtered extension paths: 
TpTrace Verbose: 0 : 23776, 1, 2023/10/24, 17:30:49.164, 8624221973822, vstest.console.dll, TestPluginCache.GetExtensionPaths: Added default extension paths: C:\Program Files\dotnet\sdk\7.0.203\Extensions\Microsoft.Diagnostics.NETCore.Client.dll
C:\Program Files\dotnet\sdk\7.0.203\Extensions\Microsoft.TestPlatform.Extensions.BlameDataCollector.dll
C:\Program Files\dotnet\sdk\7.0.203\Extensions\Microsoft.TestPlatform.Extensions.EventLogCollector.dll
C:\Program Files\dotnet\sdk\7.0.203\Extensions\Microsoft.TestPlatform.TestHostRuntimeProvider.dll
C:\Program Files\dotnet\sdk\7.0.203\Extensions\Microsoft.VisualStudio.TestPlatform.Extensions.Html.TestLogger.dll
C:\Program Files\dotnet\sdk\7.0.203\Extensions\Microsoft.VisualStudio.TestPlatform.Extensions.Trx.TestLogger.dll
TpTrace Verbose: 0 : 23776, 1, 2023/10/24, 17:30:49.164, 8624221974129, vstest.console.dll, TestPluginCache.GetExtensionPaths: Added unfilterableExtensionPaths: 
TpTrace Verbose: 0 : 23776, 1, 2023/10/24, 17:30:49.164, 8624221974465, vstest.console.dll, TestPluginCache.DiscoverTestExtensions: Discovering the extensions using allExtensionPaths: C:\Program Files\dotnet\sdk\7.0.203\Extensions\Microsoft.Diagnostics.NETCore.Client.dll
C:\Program Files\dotnet\sdk\7.0.203\Extensions\Microsoft.TestPlatform.Extensions.BlameDataCollector.dll
C:\Program Files\dotnet\sdk\7.0.203\Extensions\Microsoft.TestPlatform.Extensions.EventLogCollector.dll
C:\Program Files\dotnet\sdk\7.0.203\Extensions\Microsoft.TestPlatform.TestHostRuntimeProvider.dll
C:\Program Files\dotnet\sdk\7.0.203\Extensions\Microsoft.VisualStudio.TestPlatform.Extensions.Html.TestLogger.dll
C:\Program Files\dotnet\sdk\7.0.203\Extensions\Microsoft.VisualStudio.TestPlatform.Extensions.Trx.TestLogger.dll
TpTrace Information: 0 : 23776, 1, 2023/10/24, 17:30:49.164, 8624221975254, vstest.console.dll, AssemblyResolver.AddSearchDirectories: Adding more searchDirectories C:\Program Files\dotnet\sdk\7.0.203\Extensions,C:\Program Files\dotnet\sdk\7.0.203
TpTrace Information: 0 : 23776, 1, 2023/10/24, 17:30:49.164, 8624221975701, vstest.console.dll, AssemblyResolver.AddSearchDirectories: Adding more searchDirectories C:\Program Files\dotnet\sdk\7.0.203\Extensions,C:\Program Files\dotnet\sdk\7.0.203
TpTrace Information: 0 : 23776, 1, 2023/10/24, 17:30:49.164, 8624221976033, vstest.console.dll, AssemblyResolver.AddSearchDirectories: Adding more searchDirectories C:\Program Files\dotnet\sdk\7.0.203\Extensions,C:\Program Files\dotnet\sdk\7.0.203
TpTrace Information: 0 : 23776, 1, 2023/10/24, 17:30:49.164, 8624221976352, vstest.console.dll, AssemblyResolver.AddSearchDirectories: Adding more searchDirectories C:\Program Files\dotnet\sdk\7.0.203\Extensions,C:\Program Files\dotnet\sdk\7.0.203
TpTrace Information: 0 : 23776, 1, 2023/10/24, 17:30:49.164, 8624221976689, vstest.console.dll, AssemblyResolver.AddSearchDirectories: Adding more searchDirectories C:\Program Files\dotnet\sdk\7.0.203\Extensions,C:\Program Files\dotnet\sdk\7.0.203
TpTrace Information: 0 : 23776, 1, 2023/10/24, 17:30:49.164, 8624221977064, vstest.console.dll, AssemblyResolver.AddSearchDirectories: Adding more searchDirectories C:\Program Files\dotnet\sdk\7.0.203\Extensions,C:\Program Files\dotnet\sdk\7.0.203
TpTrace Verbose: 0 : 23776, 1, 2023/10/24, 17:30:49.164, 8624221978025, vstest.console.dll, MetadataReaderExtensionsHelper: Discovering extensions inside assembly 'Microsoft.Diagnostics.NETCore.Client, Version=0.2.6.42401, Culture=neutral, PublicKeyToken=31bf3856ad364e35' file path 'C:\Program Files\dotnet\sdk\7.0.203\Extensions\Microsoft.Diagnostics.NETCore.Client.dll'
TpTrace Information: 0 : 23776, 1, 2023/10/24, 17:30:49.165, 8624221985835, vstest.console.dll, AssemblyResolver.OnResolve: Microsoft.Bcl.AsyncInterfaces: Resolving assembly.
TpTrace Information: 0 : 23776, 1, 2023/10/24, 17:30:49.165, 8624221986302, vstest.console.dll, AssemblyResolver.OnResolve: Microsoft.Bcl.AsyncInterfaces: Resolved from cache.
TpTrace Verbose: 0 : 23776, 1, 2023/10/24, 17:30:49.165, 8624221986615, vstest.console.dll, CurrentDomainAssemblyResolve: Resolving assembly 'Microsoft.Bcl.AsyncInterfaces'.
TpTrace Information: 0 : 23776, 1, 2023/10/24, 17:30:49.165, 8624221987298, vstest.console.dll, AssemblyResolver.OnResolve: Microsoft.Bcl.AsyncInterfaces: Resolving assembly.
TpTrace Information: 0 : 23776, 1, 2023/10/24, 17:30:49.165, 8624221987620, vstest.console.dll, AssemblyResolver.OnResolve: Microsoft.Bcl.AsyncInterfaces: Resolved from cache.
TpTrace Verbose: 0 : 23776, 1, 2023/10/24, 17:30:49.165, 8624221987905, vstest.console.dll, CurrentDomainAssemblyResolve: Resolving assembly 'Microsoft.Bcl.AsyncInterfaces'.
TpTrace Verbose: 0 : 23776, 1, 2023/10/24, 17:30:49.165, 8624221988184, vstest.console.dll, CurrentDomainAssemblyResolve: Failed to resolve assembly 'Microsoft.Bcl.AsyncInterfaces'.
TpTrace Verbose: 0 : 23776, 1, 2023/10/24, 17:30:49.166, 8624221989495, vstest.console.dll, CurrentDomainAssemblyResolve: Failed to resolve assembly 'Microsoft.Bcl.AsyncInterfaces'.
TpTrace Warning: 0 : 23776, 1, 2023/10/24, 17:30:49.166, 8624221992269, vstest.console.dll, TestPluginDiscoverer: Failed to get types from assembly 'Microsoft.Diagnostics.NETCore.Client, Version=0.2.6.42401, Culture=neutral, PublicKeyToken=31bf3856ad364e35'. Error: System.Reflection.ReflectionTypeLoadException: Unable to load one or more of the requested types.
Could not load file or assembly 'Microsoft.Bcl.AsyncInterfaces, Version=1.0.0.0, Culture=neutral, PublicKeyToken=cc7b13ffcd2ddd51'. The system cannot find the file specified.
   at System.Reflection.RuntimeModule.GetTypes(RuntimeModule module)
   at System.Reflection.Assembly.GetTypes()
   at Microsoft.VisualStudio.TestPlatform.Common.ExtensionFramework.TestPluginDiscoverer.GetTestExtensionsFromAssembly[TPluginInfo,TExtension](Assembly assembly, Dictionary`2 pluginInfos, String filePath)
System.IO.FileNotFoundException: Could not load file or assembly 'Microsoft.Bcl.AsyncInterfaces, Version=1.0.0.0, Culture=neutral, PublicKeyToken=cc7b13ffcd2ddd51'. The system cannot find the file specified.
File name: 'Microsoft.Bcl.AsyncInterfaces, Version=1.0.0.0, Culture=neutral, PublicKeyToken=cc7b13ffcd2ddd51'
 ---> System.IO.FileNotFoundException: Could not load file or assembly 'Microsoft.Bcl.AsyncInterfaces, Culture=neutral, PublicKeyToken=null'. The system cannot find the file specified.
File name: 'Microsoft.Bcl.AsyncInterfaces, Culture=neutral, PublicKeyToken=null'
   at System.Reflection.RuntimeAssembly.InternalLoad(AssemblyName assemblyName, StackCrawlMark& stackMark, AssemblyLoadContext assemblyLoadContext, RuntimeAssembly requestingAssembly, Boolean throwOnFileNotFound)
   at System.Reflection.Assembly.Load(AssemblyName assemblyRef)
   at Microsoft.VisualStudio.TestPlatform.Common.ExtensionFramework.TestPluginCache.CurrentDomainAssemblyResolve(Object sender, AssemblyResolveEventArgs args)
   at System.Runtime.Loader.AssemblyLoadContext.GetFirstResolvedAssemblyFromResolvingEvent(AssemblyName assemblyName)
   at System.Runtime.Loader.AssemblyLoadContext.ResolveUsingEvent(AssemblyName assemblyName)
   at System.Runtime.Loader.AssemblyLoadContext.ResolveUsingResolvingEvent(IntPtr gchManagedAssemblyLoadContext, AssemblyName assemblyName)
TpTrace Warning: 0 : 23776, 1, 2023/10/24, 17:30:49.166, 8624221993570, vstest.console.dll, LoaderExceptions: System.IO.FileNotFoundException: Could not load file or assembly 'Microsoft.Bcl.AsyncInterfaces, Version=1.0.0.0, Culture=neutral, PublicKeyToken=cc7b13ffcd2ddd51'. The system cannot find the file specified.
File name: 'Microsoft.Bcl.AsyncInterfaces, Version=1.0.0.0, Culture=neutral, PublicKeyToken=cc7b13ffcd2ddd51'
 ---> System.IO.FileNotFoundException: Could not load file or assembly 'Microsoft.Bcl.AsyncInterfaces, Culture=neutral, PublicKeyToken=null'. The system cannot find the file specified.
File name: 'Microsoft.Bcl.AsyncInterfaces, Culture=neutral, PublicKeyToken=null'
   at System.Reflection.RuntimeAssembly.InternalLoad(AssemblyName assemblyName, StackCrawlMark& stackMark, AssemblyLoadContext assemblyLoadContext, RuntimeAssembly requestingAssembly, Boolean throwOnFileNotFound)
   at System.Reflection.Assembly.Load(AssemblyName assemblyRef)
   at Microsoft.VisualStudio.TestPlatform.Common.ExtensionFramework.TestPluginCache.CurrentDomainAssemblyResolve(Object sender, AssemblyResolveEventArgs args)
   at System.Runtime.Loader.AssemblyLoadContext.GetFirstResolvedAssemblyFromResolvingEvent(AssemblyName assemblyName)
   at System.Runtime.Loader.AssemblyLoadContext.ResolveUsingEvent(AssemblyName assemblyName)
   at System.Runtime.Loader.AssemblyLoadContext.ResolveUsingResolvingEvent(IntPtr gchManagedAssemblyLoadContext, AssemblyName assemblyName)
TpTrace Verbose: 0 : 23776, 1, 2023/10/24, 17:30:49.166, 8624221994447, vstest.console.dll, MetadataReaderExtensionsHelper: Discovering extensions inside assembly 'Microsoft.TestPlatform.Extensions.BlameDataCollector, Version=15.0.0.0, Culture=neutral, PublicKeyToken=b03f5f7f11d50a3a' file path 'C:\Program Files\dotnet\sdk\7.0.203\Extensions\Microsoft.TestPlatform.Extensions.BlameDataCollector.dll'
TpTrace Information: 0 : 23776, 1, 2023/10/24, 17:30:49.167, 8624222000852, vstest.console.dll, GetTestExtensionFromType: Register extension with identifier data 'logger://Microsoft/TestPlatform/Extensions/Blame/v1' and type 'Microsoft.TestPlatform.Extensions.BlameDataCollector.BlameLogger, Microsoft.TestPlatform.Extensions.BlameDataCollector, Version=15.0.0.0, Culture=neutral, PublicKeyToken=b03f5f7f11d50a3a' inside file 'C:\Program Files\dotnet\sdk\7.0.203\Extensions\Microsoft.TestPlatform.Extensions.BlameDataCollector.dll'
TpTrace Verbose: 0 : 23776, 1, 2023/10/24, 17:30:49.167, 8624222001609, vstest.console.dll, MetadataReaderExtensionsHelper: Discovering extensions inside assembly 'Microsoft.TestPlatform.Extensions.EventLogCollector, Version=15.0.0.0, Culture=neutral, PublicKeyToken=b03f5f7f11d50a3a' file path 'C:\Program Files\dotnet\sdk\7.0.203\Extensions\Microsoft.TestPlatform.Extensions.EventLogCollector.dll'
TpTrace Verbose: 0 : 23776, 1, 2023/10/24, 17:30:49.167, 8624222005626, vstest.console.dll, MetadataReaderExtensionsHelper: Discovering extensions inside assembly 'Microsoft.TestPlatform.TestHostRuntimeProvider, Version=15.0.0.0, Culture=neutral, PublicKeyToken=b03f5f7f11d50a3a' file path 'C:\Program Files\dotnet\sdk\7.0.203\Extensions\Microsoft.TestPlatform.TestHostRuntimeProvider.dll'
TpTrace Verbose: 0 : 23776, 1, 2023/10/24, 17:30:49.168, 8624222009793, vstest.console.dll, MetadataReaderExtensionsHelper: Discovering extensions inside assembly 'Microsoft.VisualStudio.TestPlatform.Extensions.Html.TestLogger, Version=15.0.0.0, Culture=neutral, PublicKeyToken=b03f5f7f11d50a3a' file path 'C:\Program Files\dotnet\sdk\7.0.203\Extensions\Microsoft.VisualStudio.TestPlatform.Extensions.Html.TestLogger.dll'
TpTrace Information: 0 : 23776, 1, 2023/10/24, 17:30:49.168, 8624222015326, vstest.console.dll, GetTestExtensionFromType: Register extension with identifier data 'logger://Microsoft/TestPlatform/HtmlLogger/v1' and type 'Microsoft.VisualStudio.TestPlatform.Extensions.HtmlLogger.HtmlLogger, Microsoft.VisualStudio.TestPlatform.Extensions.Html.TestLogger, Version=15.0.0.0, Culture=neutral, PublicKeyToken=b03f5f7f11d50a3a' inside file 'C:\Program Files\dotnet\sdk\7.0.203\Extensions\Microsoft.VisualStudio.TestPlatform.Extensions.Html.TestLogger.dll'
TpTrace Verbose: 0 : 23776, 1, 2023/10/24, 17:30:49.168, 8624222015907, vstest.console.dll, MetadataReaderExtensionsHelper: Discovering extensions inside assembly 'Microsoft.VisualStudio.TestPlatform.Extensions.Trx.TestLogger, Version=15.0.0.0, Culture=neutral, PublicKeyToken=b03f5f7f11d50a3a' file path 'C:\Program Files\dotnet\sdk\7.0.203\Extensions\Microsoft.VisualStudio.TestPlatform.Extensions.Trx.TestLogger.dll'
TpTrace Information: 0 : 23776, 1, 2023/10/24, 17:30:49.169, 8624222020385, vstest.console.dll, GetTestExtensionFromType: Register extension with identifier data 'logger://Microsoft/TestPlatform/TrxLogger/v1' and type 'Microsoft.VisualStudio.TestPlatform.Extensions.TrxLogger.TrxLogger, Microsoft.VisualStudio.TestPlatform.Extensions.Trx.TestLogger, Version=15.0.0.0, Culture=neutral, PublicKeyToken=b03f5f7f11d50a3a' inside file 'C:\Program Files\dotnet\sdk\7.0.203\Extensions\Microsoft.VisualStudio.TestPlatform.Extensions.Trx.TestLogger.dll'
TpTrace Verbose: 0 : 23776, 1, 2023/10/24, 17:30:49.169, 8624222021470, vstest.console.dll, TestPluginCache: Discovered the extensions using extension path ''.
TpTrace Verbose: 0 : 23776, 1, 2023/10/24, 17:30:49.169, 8624222021843, vstest.console.dll, TestPluginCache: Discoverers are ''.
TpTrace Verbose: 0 : 23776, 1, 2023/10/24, 17:30:49.169, 8624222022124, vstest.console.dll, TestPluginCache: Executors are ''.
TpTrace Verbose: 0 : 23776, 1, 2023/10/24, 17:30:49.169, 8624222022389, vstest.console.dll, TestPluginCache: Executors2 are ''.
TpTrace Verbose: 0 : 23776, 1, 2023/10/24, 17:30:49.169, 8624222022654, vstest.console.dll, TestPluginCache: Setting providers are ''.
TpTrace Verbose: 0 : 23776, 1, 2023/10/24, 17:30:49.169, 8624222023285, vstest.console.dll, TestPluginCache: Loggers are 'logger://Microsoft/TestPlatform/Extensions/Blame/v1,logger://Microsoft/TestPlatform/HtmlLogger/v1,logger://Microsoft/TestPlatform/TrxLogger/v1'.
TpTrace Verbose: 0 : 23776, 1, 2023/10/24, 17:30:49.169, 8624222023750, vstest.console.dll, TestPluginCache: TestHosts are 'HostProvider://DefaultTestHost,HostProvider://DotnetTestHost'.
TpTrace Verbose: 0 : 23776, 1, 2023/10/24, 17:30:49.169, 8624222024056, vstest.console.dll, TestPluginCache: DataCollectors are ''.
TpTrace Information: 0 : 23776, 1, 2023/10/24, 17:30:49.170, 8624222032490, vstest.console.dll, TestPluginManager.CreateTestExtension: Attempting to load test extension: Microsoft.TestPlatform.Extensions.BlameDataCollector.BlameLogger
TpTrace Verbose: 0 : 23776, 1, 2023/10/24, 17:30:49.179, 8624222125157, vstest.console.dll, TestEngine: Initializing Parallel Execution as MaxCpuCount is set to: 1
TpTrace Information: 0 : 23776, 1, 2023/10/24, 17:30:49.181, 8624222140901, vstest.console.dll, TestPluginManager.CreateTestExtension: Attempting to load test extension: Microsoft.VisualStudio.TestPlatform.CrossPlatEngine.Hosting.DefaultTestHostManager
TpTrace Information: 0 : 23776, 1, 2023/10/24, 17:30:49.182, 8624222149859, vstest.console.dll, TestPluginManager.CreateTestExtension: Attempting to load test extension: Microsoft.VisualStudio.TestPlatform.CrossPlatEngine.Hosting.DotnetTestHostManager
TpTrace Information: 0 : 23776, 1, 2023/10/24, 17:30:49.182, 8624222155519, vstest.console.dll, InferRunSettingsHelper.IsTestSettingsEnabled: Unable to navigate to RunSettings/MSTest. Current node: RunSettings
TpTrace Verbose: 0 : 23776, 1, 2023/10/24, 17:30:49.186, 8624222193883, vstest.console.dll, TestEngine.GetExecutionManager: Chosen execution manager 'Microsoft.VisualStudio.TestPlatform.CrossPlatEngine.Client.Parallel.ParallelProxyExecutionManager, Microsoft.TestPlatform.CrossPlatEngine, Version=15.0.0.0, Culture=neutral, PublicKeyToken=b03f5f7f11d50a3a' ParallelLevel '1'.
TpTrace Verbose: 0 : 23776, 1, 2023/10/24, 17:30:49.186, 8624222195048, vstest.console.dll, TestRunRequest.ExecuteAsync: Creating test run request.
TpTrace Verbose: 0 : 23776, 1, 2023/10/24, 17:30:49.186, 8624222197584, vstest.console.dll, TestRunRequest.ExecuteAsync: Starting.
TpTrace Information: 0 : 23776, 1, 2023/10/24, 17:30:49.187, 8624222200056, vstest.console.dll, TestRunRequest.ExecuteAsync: Starting run with settings:TestRunCriteria:
   KeepAlive=False,FrequencyOfRunStatsChangeEvent=10,RunStatsChangeEventTimeout=00:00:01.5000000,TestCaseFilter=,TestExecutorLauncher=
   Settingsxml=<RunSettings>
  <RunConfiguration>
    <ResultsDirectory>E:\kpi\.NET_web\lab1\lab1\MyCollectionTesting\bin\Debug\net6.0\fine-code-coverage\coverage-tool-output</ResultsDirectory>
    <TargetPlatform>X64</TargetPlatform>
    <TargetFrameworkVersion>.NETCoreApp,Version=v6.0</TargetFrameworkVersion>
    <DesignMode>False</DesignMode>
    <CollectSourceInformation>False</CollectSourceInformation>
  </RunConfiguration>
  <LoggerRunSettings>
    <Loggers>
      <Logger friendlyName="blame" enabled="True" />
      <Logger friendlyName="Console" uri="logger://microsoft/TestPlatform/ConsoleLogger/v1" assemblyQualifiedName="Microsoft.VisualStudio.TestPlatform.CommandLine.Internal.ConsoleLogger, vstest.console, Version=15.0.0.0, Culture=neutral, PublicKeyToken=b03f5f7f11d50a3a" codeBase="C:\Program Files\dotnet\sdk\7.0.203\vstest.console.dll" enabled="True" />
    </Loggers>
  </LoggerRunSettings>
  <DataCollectionRunSettings>
    <DataCollectors>
      <DataCollector friendlyName="blame" enabled="True">
        <Configuration>
          <ResultsDirectory>E:\kpi\.NET_web\lab1\lab1\MyCollectionTesting\bin\Debug\net6.0\fine-code-coverage\coverage-tool-output</ResultsDirectory>
        </Configuration>
      </DataCollector>
    </DataCollectors>
  </DataCollectionRunSettings>
</RunSettings>

TpTrace Verbose: 0 : 23776, 1, 2023/10/24, 17:30:49.187, 8624222200590, vstest.console.dll, TestRunRequest.ExecuteAsync: Wait for the first run request is over.
TpTrace Verbose: 0 : 23776, 1, 2023/10/24, 17:30:49.187, 8624222202755, vstest.console.dll, MulticastDelegateUtilities.SafeInvoke: TestRun.TestRunStart: Invoking callbacks was skipped because there are no subscribers.
TpTrace Verbose: 0 : 23776, 4, 2023/10/24, 17:30:49.187, 8624222204940, vstest.console.dll, MulticastDelegateUtilities.SafeInvoke: InternalTestLoggerEvents.SendTestRunStart: Invoking callback 1/1 for Microsoft.VisualStudio.TestPlatform.CommandLine.Internal.ConsoleLogger., took 0 ms.
TpTrace Verbose: 0 : 23776, 1, 2023/10/24, 17:30:49.188, 8624222213375, vstest.console.dll, ParallelProxyExecutionManager: Start execution. Total sources: 1
TpTrace Verbose: 0 : 23776, 1, 2023/10/24, 17:30:49.190, 8624222229564, vstest.console.dll, TestRequestSender is acting as server.
TpTrace Verbose: 0 : 23776, 1, 2023/10/24, 17:30:49.191, 8624222240822, vstest.console.dll, DataCollectionRequestSender.InitializeCommunication : Initialize communication. 
TpTrace Information: 0 : 23776, 1, 2023/10/24, 17:30:49.197, 8624222300638, vstest.console.dll, Listening on Endpoint : 127.0.0.1:57380
TpTrace Verbose: 0 : 23776, 1, 2023/10/24, 17:30:49.203, 8624222362537, vstest.console.dll, DotnetDataCollectionLauncher: Adding  --runtimeconfig "C:\Program Files\dotnet\sdk\7.0.203\datacollector.runtimeconfig.json" in args
TpTrace Verbose: 0 : 23776, 1, 2023/10/24, 17:30:49.203, 8624222364073, vstest.console.dll, DotnetDataCollectionLauncher: Adding  --depsfile "C:\Program Files\dotnet\sdk\7.0.203\datacollector.deps.json" in args
TpTrace Verbose: 0 : 23776, 1, 2023/10/24, 17:30:49.203, 8624222366285, vstest.console.dll, DotnetDataCollectionLauncher: Full path of dotnet.exe is C:\Program Files\dotnet\dotnet.exe
TpTrace Information: 0 : 23776, 1, 2023/10/24, 17:30:49.209, 8624222420993, vstest.console.dll, ProxyDataCollectionManager.Initialize: Launched datacollector processId: 25236 port: 57380
TpTrace Information: 0 : 23776, 1, 2023/10/24, 17:30:49.209, 8624222422416, vstest.console.dll, ProxyDataCollectionManager.Initialize: waiting for connection with timeout: 90 seconds
TpTrace Verbose: 0 : 23776, 1, 2023/10/24, 17:30:49.209, 8624222423305, vstest.console.dll, DataCollectionRequestSender.WaitForRequestHandlerConnection : Waiting for connection with timeout: 90000
TpTrace Information: 0 : 23776, 7, 2023/10/24, 17:30:49.346, 8624223790360, vstest.console.dll, Using the buffer size of 16384 bytes
TpTrace Verbose: 0 : 23776, 1, 2023/10/24, 17:30:49.346, 8624223790528, vstest.console.dll, SocketCommunicationManager.WaitForClientConnection took: 136 ms, with 90000 ms timeout, and finished with True.
TpTrace Information: 0 : 23776, 7, 2023/10/24, 17:30:49.346, 8624223791643, vstest.console.dll, Accepted Client request and set the flag
TpTrace Verbose: 0 : 23776, 1, 2023/10/24, 17:30:49.346, 8624223792846, vstest.console.dll, ProxyDataCollectionManager.InvokeDataCollectionServiceAction: Starting.
TpTrace Information: 0 : 23776, 1, 2023/10/24, 17:30:49.346, 8624223793919, vstest.console.dll, ProxyDataCollectionManager.BeforeTestRunStart: Get environment variable and port for datacollector processId: 25236 port: 57380
TpTrace Verbose: 0 : 23776, 1, 2023/10/24, 17:30:49.346, 8624223795234, vstest.console.dll, DataCollectionRequestSender.SendBeforeTestRunStartAndGetResult: Send BeforeTestRunStart message with settingsXml <RunSettings><RunConfiguration><ResultsDirectory>E:\kpi\.NET_web\lab1\lab1\MyCollectionTesting\bin\Debug\net6.0\fine-code-coverage\coverage-tool-output</ResultsDirectory><TargetPlatform>X64</TargetPlatform><TargetFrameworkVersion>.NETCoreApp,Version=v6.0</TargetFrameworkVersion><DesignMode>False</DesignMode><CollectSourceInformation>False</CollectSourceInformation><TestAdaptersPaths>C:\Program Files\dotnet\sdk\7.0.203\Extensions</TestAdaptersPaths></RunConfiguration><LoggerRunSettings><Loggers><Logger friendlyName="blame" enabled="True" /><Logger friendlyName="Console" uri="logger://microsoft/TestPlatform/ConsoleLogger/v1" assemblyQualifiedName="Microsoft.VisualStudio.TestPlatform.CommandLine.Internal.ConsoleLogger, vstest.console, Version=15.0.0.0, Culture=neutral, PublicKeyToken=b03f5f7f11d50a3a" codeBase="C:\Program Files\dotnet\sdk\7.0.203\vstest.console.dll" enabled="True" /></Loggers></LoggerRunSettings><DataCollectionRunSettings><DataCollectors><DataCollector friendlyName="blame" enabled="True"><Configuration><ResultsDirectory>E:\kpi\.NET_web\lab1\lab1\MyCollectionTesting\bin\Debug\net6.0\fine-code-coverage\coverage-tool-output</ResultsDirectory></Configuration></DataCollector></DataCollectors></DataCollectionRunSettings></RunSettings> and sources System.Collections.Generic.List`1[System.String]: 
TpTrace Verbose: 0 : 23776, 1, 2023/10/24, 17:30:49.432, 8624224657431, vstest.console.dll, DataCollectionRequestSender.SendBeforeTestRunStartAndGetResult: Received message: (DataCollection.SendMessage) -> {"MessageType":"DataCollection.SendMessage","Payload":{"FriendlyName":null,"Uri":null,"TestCaseId":"00000000-0000-0000-0000-000000000000","Message":"Logging DataCollector Diagnostics in file: E:\\kpi\\.NET_web\\lab1\\lab1\\MyCollectionTesting\\bin\\Debug\\net6.0\\fine-code-coverage\\coverage-tool-output\\diagnostics.datacollector.23-10-24_17-30-49_20304_1.log","Level":0}}
TpTrace Verbose: 0 : 23776, 1, 2023/10/24, 17:30:49.509, 8624225427177, vstest.console.dll, DataCollectionRequestSender.SendBeforeTestRunStartAndGetResult: Received message: (DataCollection.BeforeTestRunStartResult) -> {"MessageType":"DataCollection.BeforeTestRunStartResult","Payload":{"EnvironmentVariables":{},"DataCollectionEventsPort":57382}}
TpTrace Information: 0 : 23776, 1, 2023/10/24, 17:30:49.514, 8624225476593, vstest.console.dll, ProxyDataCollectionManager.BeforeTestRunStart: SendBeforeTestRunStartAndGetResult successful, env variable from datacollector:   and testhost port: 57382
TpTrace Information: 0 : 23776, 1, 2023/10/24, 17:30:49.514, 8624225477375, vstest.console.dll, ProxyDataCollectionManager.InvokeDataCollectionServiceAction: Completed.
TpTrace Verbose: 0 : 23776, 1, 2023/10/24, 17:30:49.514, 8624225478683, vstest.console.dll, ProxyParallelExecutionManager: No sources available for execution.
TpTrace Verbose: 0 : 23776, 7, 2023/10/24, 17:30:49.514, 8624225478758, vstest.console.dll, ParallelProxyExecutionManager: Execution started. Started clients: 1
TpTrace Information: 0 : 23776, 1, 2023/10/24, 17:30:49.514, 8624225479243, vstest.console.dll, TestRunRequest.ExecuteAsync: Started.
TpTrace Verbose: 0 : 23776, 1, 2023/10/24, 17:30:49.515, 8624225480492, vstest.console.dll, TestRunRequest.WaitForCompletion: Waiting with timeout -1.
TpTrace Verbose: 0 : 23776, 7, 2023/10/24, 17:30:49.515, 8624225481399, vstest.console.dll, TestRunRequest:SendTestRunMessage: Starting.
TpTrace Verbose: 0 : 23776, 7, 2023/10/24, 17:30:49.515, 8624225482571, vstest.console.dll, MulticastDelegateUtilities.SafeInvoke: TestRun.LogMessages: Invoking callback 1/1 for Microsoft.VisualStudio.TestPlatform.CommandLine.TestRunResultAggregator., took 0 ms.
TpTrace Information: 0 : 23776, 7, 2023/10/24, 17:30:49.515, 8624225483069, vstest.console.dll, TestRunRequest:SendTestRunMessage: Completed.
TpTrace Verbose: 0 : 23776, 4, 2023/10/24, 17:30:49.515, 8624225484114, vstest.console.dll, MulticastDelegateUtilities.SafeInvoke: InternalTestLoggerEvents.SendTestRunMessage: Invoking callback 1/1 for Microsoft.VisualStudio.TestPlatform.CommandLine.Internal.ConsoleLogger., took 0 ms.
TpTrace Verbose: 0 : 23776, 7, 2023/10/24, 17:30:49.515, 8624225484482, vstest.console.dll, ProxyExecutionManager: Test host is always Lazy initialize.
TpTrace Verbose: 0 : 23776, 7, 2023/10/24, 17:30:49.515, 8624225486979, vstest.console.dll, TestRequestSender.InitializeCommunication: initialize communication. 
TpTrace Information: 0 : 23776, 7, 2023/10/24, 17:30:49.516, 8624225492955, vstest.console.dll, SocketServer.Start: Listening on endpoint : 127.0.0.1:57383
TpTrace Verbose: 0 : 23776, 7, 2023/10/24, 17:30:49.517, 8624225499580, vstest.console.dll, DotnetTestHostmanager.GetTestHostProcessStartInfo: Platform environment 'X64' target architecture 'X64' framework '.NETCoreApp,Version=v6.0' OS 'Windows'
TpTrace Verbose: 0 : 23776, 7, 2023/10/24, 17:30:49.518, 8624225510832, vstest.console.dll, DotnetTestHostmanager: Adding  --runtimeconfig "E:\kpi\.NET_web\lab1\lab1\MyCollectionTesting\bin\Debug\net6.0\fine-code-coverage\build-output\MyCollectionTesting.runtimeconfig.json" in args
TpTrace Verbose: 0 : 23776, 7, 2023/10/24, 17:30:49.518, 8624225512222, vstest.console.dll, DotnetTestHostmanager: Adding  --depsfile "E:\kpi\.NET_web\lab1\lab1\MyCollectionTesting\bin\Debug\net6.0\fine-code-coverage\build-output\MyCollectionTesting.deps.json" in args
TpTrace Verbose: 0 : 23776, 7, 2023/10/24, 17:30:49.518, 8624225513922, vstest.console.dll, DotnetTestHostmanager.IsWinOnArm: Current PROCESSOR_ARCHITECTURE from environment variable 'AMD64'
TpTrace Verbose: 0 : 23776, 7, 2023/10/24, 17:30:49.518, 8624225514508, vstest.console.dll, DotnetTestHostmanager.IsWinOnArm: Is Windows on ARM 'False'
TpTrace Verbose: 0 : 23776, 7, 2023/10/24, 17:30:49.518, 8624225515338, vstest.console.dll, DotnetTestHostManager: testhost.exe found at path: E:\kpi\.NET_web\lab1\lab1\MyCollectionTesting\bin\Debug\net6.0\fine-code-coverage\build-output\testhost.exe
TpTrace Verbose: 0 : 23776, 7, 2023/10/24, 17:30:49.518, 8624225515760, vstest.console.dll, DotnetTestHostmanager: Full path of host exe is E:\kpi\.NET_web\lab1\lab1\MyCollectionTesting\bin\Debug\net6.0\fine-code-coverage\build-output\testhost.exe
TpTrace Verbose: 0 : 23776, 7, 2023/10/24, 17:30:49.518, 8624225516968, vstest.console.dll, DotnetTestHostmanager.LaunchTestHostAsync: Found 'VSTEST_WINAPPHOST_DOTNET_ROOT' in env variables, value 'C:\Program Files\dotnet', forwarding to 'DOTNET_ROOT'
TpTrace Verbose: 0 : 23776, 7, 2023/10/24, 17:30:49.518, 8624225518477, vstest.console.dll, DotnetTestHostManager: Starting process 'E:\kpi\.NET_web\lab1\lab1\MyCollectionTesting\bin\Debug\net6.0\fine-code-coverage\build-output\testhost.exe' with command line ' --runtimeconfig "E:\kpi\.NET_web\lab1\lab1\MyCollectionTesting\bin\Debug\net6.0\fine-code-coverage\build-output\MyCollectionTesting.runtimeconfig.json" --depsfile "E:\kpi\.NET_web\lab1\lab1\MyCollectionTesting\bin\Debug\net6.0\fine-code-coverage\build-output\MyCollectionTesting.deps.json" --port 57383 --endpoint 127.0.0.1:057383 --role client --parentprocessid 23776 --diag "E:\kpi\.NET_web\lab1\lab1\MyCollectionTesting\bin\Debug\net6.0\fine-code-coverage\coverage-tool-output\diagnostics.host.23-10-24_17-30-49_51667_7.log" --tracelevel 4 --datacollectionport 57382 --telemetryoptedin false'
TpTrace Verbose: 0 : 23776, 7, 2023/10/24, 17:30:49.544, 8624225774922, vstest.console.dll, MulticastDelegateUtilities.SafeInvoke: HostProviderEvents.OnHostLaunched: Invoking callback 1/2 for Microsoft.VisualStudio.TestPlatform.CrossPlatEngine.Client.ProxyExecutionManagerWithDataCollection., took 1 ms.
TpTrace Verbose: 0 : 23776, 7, 2023/10/24, 17:30:49.544, 8624225777515, vstest.console.dll, Test Runtime launched
TpTrace Verbose: 0 : 23776, 7, 2023/10/24, 17:30:49.544, 8624225778425, vstest.console.dll, MulticastDelegateUtilities.SafeInvoke: HostProviderEvents.OnHostLaunched: Invoking callback 2/2 for Microsoft.VisualStudio.TestPlatform.CrossPlatEngine.Client.ProxyOperationManager., took 0 ms.
TpTrace Verbose: 0 : 23776, 7, 2023/10/24, 17:30:49.545, 8624225780370, vstest.console.dll, TestRequestSender.WaitForRequestHandlerConnection: waiting for connection with timeout: 90000.
TpTrace Verbose: 0 : 23776, 11, 2023/10/24, 17:30:49.716, 8624227494166, vstest.console.dll, MulticastDelegateUtilities.SafeInvoke: SocketServer: ClientConnected: Invoking callback 1/1 for Microsoft.VisualStudio.TestPlatform.CommunicationUtilities.TestRequestSender., took 0 ms.
TpTrace Verbose: 0 : 23776, 7, 2023/10/24, 17:30:49.716, 8624227494167, vstest.console.dll, TestRequestSender.WaitForRequestHandlerConnection: waiting took 171 ms, with timeout 90000 ms, and result 0, which is success.
TpTrace Verbose: 0 : 23776, 11, 2023/10/24, 17:30:49.716, 8624227495372, vstest.console.dll, SocketServer.OnClientConnected: Client connected for endPoint: 127.0.0.1:57383, starting MessageLoopAsync:
TpTrace Verbose: 0 : 23776, 11, 2023/10/24, 17:30:49.716, 8624227498317, vstest.console.dll, TcpClientExtensions.MessageLoopAsync: Polling on remoteEndPoint: 127.0.0.1:57384 localEndPoint: 127.0.0.1:57383
TpTrace Verbose: 0 : 23776, 7, 2023/10/24, 17:30:49.717, 8624227507980, vstest.console.dll, TestRequestSender.CheckVersionWithTestHost: Sending check version message: {"MessageType":"ProtocolVersion","Payload":7}
TpTrace Verbose: 0 : 23776, 11, 2023/10/24, 17:30:49.851, 8624228849439, vstest.console.dll, TcpClientExtensions.MessageLoopAsync: NotifyDataAvailable remoteEndPoint: 127.0.0.1:57384 localEndPoint: 127.0.0.1:57383
TpTrace Verbose: 0 : 23776, 11, 2023/10/24, 17:30:49.852, 8624228851650, vstest.console.dll, TestRequestSender.CheckVersionWithTestHost: onMessageReceived received message: (ProtocolVersion) -> {"MessageType":"ProtocolVersion","Payload":7}
TpTrace Verbose: 0 : 23776, 11, 2023/10/24, 17:30:49.852, 8624228857418, vstest.console.dll, MulticastDelegateUtilities.SafeInvoke: LengthPrefixCommunicationChannel: MessageReceived: Invoking callback 1/1 for Microsoft.VisualStudio.TestPlatform.CommunicationUtilities.TestRequestSender+<>c__DisplayClass29_0., took 0 ms.
TpTrace Verbose: 0 : 23776, 11, 2023/10/24, 17:30:49.852, 8624228858352, vstest.console.dll, TcpClientExtensions.MessageLoopAsync: Polling on remoteEndPoint: 127.0.0.1:57384 localEndPoint: 127.0.0.1:57383
TpTrace Verbose: 0 : 23776, 7, 2023/10/24, 17:30:49.852, 8624228858432, vstest.console.dll, TestPluginCache.GetExtensionPaths: Filtered extension paths: 
TpTrace Verbose: 0 : 23776, 7, 2023/10/24, 17:30:49.852, 8624228859261, vstest.console.dll, TestPluginCache.GetExtensionPaths: Added default extension paths: C:\Program Files\dotnet\sdk\7.0.203\Extensions\Microsoft.Diagnostics.NETCore.Client.dll
C:\Program Files\dotnet\sdk\7.0.203\Extensions\Microsoft.TestPlatform.Extensions.BlameDataCollector.dll
C:\Program Files\dotnet\sdk\7.0.203\Extensions\Microsoft.TestPlatform.Extensions.EventLogCollector.dll
C:\Program Files\dotnet\sdk\7.0.203\Extensions\Microsoft.TestPlatform.TestHostRuntimeProvider.dll
C:\Program Files\dotnet\sdk\7.0.203\Extensions\Microsoft.VisualStudio.TestPlatform.Extensions.Html.TestLogger.dll
C:\Program Files\dotnet\sdk\7.0.203\Extensions\Microsoft.VisualStudio.TestPlatform.Extensions.Trx.TestLogger.dll
TpTrace Verbose: 0 : 23776, 7, 2023/10/24, 17:30:49.853, 8624228859686, vstest.console.dll, TestPluginCache.GetExtensionPaths: Added unfilterableExtensionPaths: 
TpTrace Verbose: 0 : 23776, 7, 2023/10/24, 17:30:49.855, 8624228887697, vstest.console.dll, TestRequestSender.InitializeExecution: Sending initialize execution with message: {"Version":7,"MessageType":"TestExecution.Initialize","Payload":["E:\\kpi\\.NET_web\\lab1\\lab1\\MyCollectionTesting\\bin\\Debug\\net6.0\\fine-code-coverage\\build-output\\NUnit3.TestAdapter.dll"]}
TpTrace Warning: 0 : 23776, 7, 2023/10/24, 17:30:49.856, 8624228891784, vstest.console.dll, InferRunSettingsHelper.MakeRunsettingsCompatible: Removing the following settings: TargetPlatform from RunSettings file. To use those settings please move to latest version of Microsoft.NET.Test.Sdk
TpTrace Verbose: 0 : 23776, 7, 2023/10/24, 17:30:49.869, 8624229022237, vstest.console.dll, TestRequestSender.StartTestRun: Sending test run with message: {"Version":7,"MessageType":"TestExecution.StartWithSources","Payload":{"AdapterSourceMap":{"_none_":["E:\\kpi\\.NET_web\\lab1\\lab1\\MyCollectionTesting\\bin\\Debug\\net6.0\\fine-code-coverage\\build-output\\MyCollectionTesting.dll"]},"RunSettings":"<RunSettings>\r\n  <RunConfiguration>\r\n    <ResultsDirectory>E:\\kpi\\.NET_web\\lab1\\lab1\\MyCollectionTesting\\bin\\Debug\\net6.0\\fine-code-coverage\\coverage-tool-output</ResultsDirectory>\r\n    <TargetFrameworkVersion>.NETCoreApp,Version=v6.0</TargetFrameworkVersion>\r\n    <DesignMode>False</DesignMode>\r\n    <CollectSourceInformation>False</CollectSourceInformation>\r\n  </RunConfiguration>\r\n  <LoggerRunSettings>\r\n    <Loggers>\r\n      <Logger friendlyName=\"blame\" enabled=\"True\" />\r\n      <Logger friendlyName=\"Console\" uri=\"logger://microsoft/TestPlatform/ConsoleLogger/v1\" assemblyQualifiedName=\"Microsoft.VisualStudio.TestPlatform.CommandLine.Internal.ConsoleLogger, vstest.console, Version=15.0.0.0, Culture=neutral, PublicKeyToken=b03f5f7f11d50a3a\" codeBase=\"C:\\Program Files\\dotnet\\sdk\\7.0.203\\vstest.console.dll\" enabled=\"True\" />\r\n    </Loggers>\r\n  </LoggerRunSettings>\r\n  <DataCollectionRunSettings>\r\n    <DataCollectors>\r\n      <DataCollector friendlyName=\"blame\" enabled=\"True\">\r\n        <Configuration>\r\n          <ResultsDirectory>E:\\kpi\\.NET_web\\lab1\\lab1\\MyCollectionTesting\\bin\\Debug\\net6.0\\fine-code-coverage\\coverage-tool-output</ResultsDirectory>\r\n        </Configuration>\r\n      </DataCollector>\r\n    </DataCollectors>\r\n  </DataCollectionRunSettings>\r\n</RunSettings>","TestExecutionContext":{"FrequencyOfRunStatsChangeEvent":10,"RunStatsChangeEventTimeout":"00:00:01.5000000","InIsolation":false,"KeepAlive":false,"AreTestCaseLevelEventsRequired":false,"IsDebug":false,"TestCaseFilter":null,"FilterOptions":null},"Package":null}}
TpTrace Verbose: 0 : 23776, 11, 2023/10/24, 17:30:49.892, 8624229256677, vstest.console.dll, TcpClientExtensions.MessageLoopAsync: NotifyDataAvailable remoteEndPoint: 127.0.0.1:57384 localEndPoint: 127.0.0.1:57383
TpTrace Verbose: 0 : 23776, 11, 2023/10/24, 17:30:49.892, 8624229258996, vstest.console.dll, TestRequestSender.OnExecutionMessageReceived: Received message: {"Version":7,"MessageType":"TestSession.Message","Payload":{"MessageLevel":0,"Message":"Ведение журналов диагностики TestHost в файле: E:\\kpi\\.NET_web\\lab1\\lab1\\MyCollectionTesting\\bin\\Debug\\net6.0\\fine-code-coverage\\coverage-tool-output\\diagnostics.host.23-10-24_17-30-49_51667_7.log"}}
TpTrace Verbose: 0 : 23776, 11, 2023/10/24, 17:30:49.895, 8624229280842, vstest.console.dll, TestRunRequest:SendTestRunMessage: Starting.
TpTrace Verbose: 0 : 23776, 11, 2023/10/24, 17:30:49.895, 8624229282329, vstest.console.dll, MulticastDelegateUtilities.SafeInvoke: TestRun.LogMessages: Invoking callback 1/1 for Microsoft.VisualStudio.TestPlatform.CommandLine.TestRunResultAggregator., took 0 ms.
TpTrace Verbose: 0 : 23776, 4, 2023/10/24, 17:30:49.895, 8624229282952, vstest.console.dll, MulticastDelegateUtilities.SafeInvoke: InternalTestLoggerEvents.SendTestRunMessage: Invoking callback 1/1 for Microsoft.VisualStudio.TestPlatform.CommandLine.Internal.ConsoleLogger., took 0 ms.
TpTrace Information: 0 : 23776, 11, 2023/10/24, 17:30:49.895, 8624229283056, vstest.console.dll, TestRunRequest:SendTestRunMessage: Completed.
TpTrace Verbose: 0 : 23776, 11, 2023/10/24, 17:30:49.895, 8624229284281, vstest.console.dll, MulticastDelegateUtilities.SafeInvoke: LengthPrefixCommunicationChannel: MessageReceived: Invoking callback 1/1 for Microsoft.VisualStudio.TestPlatform.CommunicationUtilities.TestRequestSender+<>c__DisplayClass34_0., took 2 ms.
TpTrace Verbose: 0 : 23776, 11, 2023/10/24, 17:30:49.895, 8624229284703, vstest.console.dll, TcpClientExtensions.MessageLoopAsync: Polling on remoteEndPoint: 127.0.0.1:57384 localEndPoint: 127.0.0.1:57383
TpTrace Verbose: 0 : 23776, 11, 2023/10/24, 17:30:50.091, 8624231241029, vstest.console.dll, TcpClientExtensions.MessageLoopAsync: NotifyDataAvailable remoteEndPoint: 127.0.0.1:57384 localEndPoint: 127.0.0.1:57383
TpTrace Verbose: 0 : 23776, 11, 2023/10/24, 17:30:50.091, 8624231244016, vstest.console.dll, TestRequestSender.OnExecutionMessageReceived: Received message: {"Version":7,"MessageType":"TestSession.Message","Payload":{"MessageLevel":0,"Message":"NUnit Adapter 4.4.0.0: Test execution started"}}
TpTrace Verbose: 0 : 23776, 11, 2023/10/24, 17:30:50.091, 8624231246616, vstest.console.dll, TestRunRequest:SendTestRunMessage: Starting.
TpTrace Verbose: 0 : 23776, 11, 2023/10/24, 17:30:50.091, 8624231247338, vstest.console.dll, MulticastDelegateUtilities.SafeInvoke: TestRun.LogMessages: Invoking callback 1/1 for Microsoft.VisualStudio.TestPlatform.CommandLine.TestRunResultAggregator., took 0 ms.
TpTrace Verbose: 0 : 23776, 4, 2023/10/24, 17:30:50.091, 8624231247598, vstest.console.dll, MulticastDelegateUtilities.SafeInvoke: InternalTestLoggerEvents.SendTestRunMessage: Invoking callback 1/1 for Microsoft.VisualStudio.TestPlatform.CommandLine.Internal.ConsoleLogger., took 0 ms.
TpTrace Information: 0 : 23776, 11, 2023/10/24, 17:30:50.091, 8624231247879, vstest.console.dll, TestRunRequest:SendTestRunMessage: Completed.
TpTrace Verbose: 0 : 23776, 11, 2023/10/24, 17:30:50.091, 8624231249395, vstest.console.dll, MulticastDelegateUtilities.SafeInvoke: LengthPrefixCommunicationChannel: MessageReceived: Invoking callback 1/1 for Microsoft.VisualStudio.TestPlatform.CommunicationUtilities.TestRequestSender+<>c__DisplayClass34_0., took 0 ms.
TpTrace Verbose: 0 : 23776, 11, 2023/10/24, 17:30:50.092, 8624231249979, vstest.console.dll, TcpClientExtensions.MessageLoopAsync: Polling on remoteEndPoint: 127.0.0.1:57384 localEndPoint: 127.0.0.1:57383
TpTrace Verbose: 0 : 23776, 11, 2023/10/24, 17:30:50.119, 8624231522979, vstest.console.dll, TcpClientExtensions.MessageLoopAsync: NotifyDataAvailable remoteEndPoint: 127.0.0.1:57384 localEndPoint: 127.0.0.1:57383
TpTrace Verbose: 0 : 23776, 11, 2023/10/24, 17:30:50.119, 8624231524425, vstest.console.dll, TestRequestSender.OnExecutionMessageReceived: Received message: {"Version":7,"MessageType":"TestSession.Message","Payload":{"MessageLevel":0,"Message":"Running all tests in E:\\kpi\\.NET_web\\lab1\\lab1\\MyCollectionTesting\\bin\\Debug\\net6.0\\fine-code-coverage\\build-output\\MyCollectionTesting.dll"}}
TpTrace Verbose: 0 : 23776, 11, 2023/10/24, 17:30:50.119, 8624231525781, vstest.console.dll, TestRunRequest:SendTestRunMessage: Starting.
TpTrace Verbose: 0 : 23776, 11, 2023/10/24, 17:30:50.119, 8624231526391, vstest.console.dll, MulticastDelegateUtilities.SafeInvoke: TestRun.LogMessages: Invoking callback 1/1 for Microsoft.VisualStudio.TestPlatform.CommandLine.TestRunResultAggregator., took 0 ms.
TpTrace Information: 0 : 23776, 11, 2023/10/24, 17:30:50.119, 8624231526725, vstest.console.dll, TestRunRequest:SendTestRunMessage: Completed.
TpTrace Verbose: 0 : 23776, 11, 2023/10/24, 17:30:50.119, 8624231527059, vstest.console.dll, MulticastDelegateUtilities.SafeInvoke: LengthPrefixCommunicationChannel: MessageReceived: Invoking callback 1/1 for Microsoft.VisualStudio.TestPlatform.CommunicationUtilities.TestRequestSender+<>c__DisplayClass34_0., took 0 ms.
TpTrace Verbose: 0 : 23776, 11, 2023/10/24, 17:30:50.119, 8624231527406, vstest.console.dll, TcpClientExtensions.MessageLoopAsync: Polling on remoteEndPoint: 127.0.0.1:57384 localEndPoint: 127.0.0.1:57383
TpTrace Verbose: 0 : 23776, 4, 2023/10/24, 17:30:50.119, 8624231527030, vstest.console.dll, MulticastDelegateUtilities.SafeInvoke: InternalTestLoggerEvents.SendTestRunMessage: Invoking callback 1/1 for Microsoft.VisualStudio.TestPlatform.CommandLine.Internal.ConsoleLogger., took 0 ms.
TpTrace Verbose: 0 : 23776, 11, 2023/10/24, 17:30:50.317, 8624233500437, vstest.console.dll, TcpClientExtensions.MessageLoopAsync: NotifyDataAvailable remoteEndPoint: 127.0.0.1:57384 localEndPoint: 127.0.0.1:57383
TpTrace Verbose: 0 : 23776, 11, 2023/10/24, 17:30:50.317, 8624233501784, vstest.console.dll, TestRequestSender.OnExecutionMessageReceived: Received message: {"Version":7,"MessageType":"TestSession.Message","Payload":{"MessageLevel":0,"Message":"   NUnit3TestExecutor discovered 30 of 30 NUnit test cases using Current Discovery mode, Non-Explicit run"}}
TpTrace Verbose: 0 : 23776, 11, 2023/10/24, 17:30:50.317, 8624233502780, vstest.console.dll, TestRunRequest:SendTestRunMessage: Starting.
TpTrace Verbose: 0 : 23776, 11, 2023/10/24, 17:30:50.317, 8624233503387, vstest.console.dll, MulticastDelegateUtilities.SafeInvoke: TestRun.LogMessages: Invoking callback 1/1 for Microsoft.VisualStudio.TestPlatform.CommandLine.TestRunResultAggregator., took 0 ms.
TpTrace Verbose: 0 : 23776, 4, 2023/10/24, 17:30:50.317, 8624233503579, vstest.console.dll, MulticastDelegateUtilities.SafeInvoke: InternalTestLoggerEvents.SendTestRunMessage: Invoking callback 1/1 for Microsoft.VisualStudio.TestPlatform.CommandLine.Internal.ConsoleLogger., took 0 ms.
TpTrace Information: 0 : 23776, 11, 2023/10/24, 17:30:50.317, 8624233503714, vstest.console.dll, TestRunRequest:SendTestRunMessage: Completed.
TpTrace Verbose: 0 : 23776, 11, 2023/10/24, 17:30:50.317, 8624233505071, vstest.console.dll, MulticastDelegateUtilities.SafeInvoke: LengthPrefixCommunicationChannel: MessageReceived: Invoking callback 1/1 for Microsoft.VisualStudio.TestPlatform.CommunicationUtilities.TestRequestSender+<>c__DisplayClass34_0., took 0 ms.
TpTrace Verbose: 0 : 23776, 11, 2023/10/24, 17:30:50.317, 8624233505477, vstest.console.dll, TcpClientExtensions.MessageLoopAsync: Polling on remoteEndPoint: 127.0.0.1:57384 localEndPoint: 127.0.0.1:57383
TpTrace Verbose: 0 : 23776, 11, 2023/10/24, 17:30:50.457, 8624234900453, vstest.console.dll, TcpClientExtensions.MessageLoopAsync: NotifyDataAvailable remoteEndPoint: 127.0.0.1:57384 localEndPoint: 127.0.0.1:57383
TpTrace Verbose: 0 : 23776, 11, 2023/10/24, 17:30:50.457, 8624234902801, vstest.console.dll, TestRequestSender.OnExecutionMessageReceived: Received message: {"Version":7,"MessageType":"TestExecution.StatsChange","Payload":{"NewTestResults":[{"TestCase":{"Id":"e1ee271f-3625-5bae-aff0-4eb75b63eaab","FullyQualifiedName":"MyCollectionTesting.AddAfterTests.AddAfter_NewValue_AfterLast_ResultTheLastIsNewValue","DisplayName":"AddAfter_NewValue_AfterLast_ResultTheLastIsNewValue","ExecutorUri":"executor://NUnit3TestExecutor","Source":"E:\\kpi\\.NET_web\\lab1\\lab1\\MyCollectionTesting\\bin\\Debug\\net6.0\\fine-code-coverage\\build-output\\MyCollectionTesting.dll","CodeFilePath":null,"LineNumber":0,"Properties":[{"Key":{"Id":"NUnit.Seed","Label":"Seed","Category":"","Description":"","Attributes":0,"ValueType":"System.String"},"Value":"717684029"}]},"Attachments":[],"Outcome":1,"ErrorMessage":null,"ErrorStackTrace":null,"DisplayName":"AddAfter_NewValue_AfterLast_ResultTheLastIsNewValue","Messages":[],"ComputerName":"DEUS-EX-MACHINE","Duration":"00:00:00.0144820","StartTime":"2023-10-24T14:30:50.3546761+00:00","EndTime":"2023-10-24T14:30:50.3690822+00:00","Properties":[{"Key":{"Id":"NUnit.Seed","Label":"Seed","Category":"","Description":"","Attributes":0,"ValueType":"System.String"},"Value":"717684029"}]},{"TestCase":{"Id":"91bb5312-5af6-87fe-c0ea-9e79103eed9b","FullyQualifiedName":"MyCollectionTesting.AddAfterTests.AddAfter_NewValue_AfterNull_ResultExeption","DisplayName":"AddAfter_NewValue_AfterNull_ResultExeption","ExecutorUri":"executor://NUnit3TestExecutor","Source":"E:\\kpi\\.NET_web\\lab1\\lab1\\MyCollectionTesting\\bin\\Debug\\net6.0\\fine-code-coverage\\build-output\\MyCollectionTesting.dll","CodeFilePath":null,"LineNumber":0,"Properties":[{"Key":{"Id":"NUnit.Seed","Label":"Seed","Category":"","Description":"","Attributes":0,"ValueType":"System.String"},"Value":"151092495"}]},"Attachments":[],"Outcome":1,"ErrorMessage":null,"ErrorStackTrace":null,"DisplayName":"AddAfter_NewValue_AfterNull_ResultExeption","Messages":[],"ComputerName":"DEUS-EX-MACHINE","Duration":"00:00:00.0108980","StartTime":"2023-10-24T14:30:50.3705201+00:00","EndTime":"2023-10-24T14:30:50.3814176+00:00","Properties":[{"Key":{"Id":"NUnit.Seed","Label":"Seed","Category":"","Description":"","Attributes":0,"ValueType":"System.String"},"Value":"151092495"}]},{"TestCase":{"Id":"d50c3b09-67b1-56b9-1037-de05a6516120","FullyQualifiedName":"MyCollectionTesting.AddAfterTests.AddAfter_NewValue_BetweenTwoValues_ResultNewValueInItsPlace","DisplayName":"AddAfter_NewValue_BetweenTwoValues_ResultNewValueInItsPlace","ExecutorUri":"executor://NUnit3TestExecutor","Source":"E:\\kpi\\.NET_web\\lab1\\lab1\\MyCollectionTesting\\bin\\Debug\\net6.0\\fine-code-coverage\\build-output\\MyCollectionTesting.dll","CodeFilePath":null,"LineNumber":0,"Properties":[{"Key":{"Id":"NUnit.Seed","Label":"Seed","Category":"","Description":"","Attributes":0,"ValueType":"System.String"},"Value":"1081638909"}]},"Attachments":[],"Outcome":1,"ErrorMessage":null,"ErrorStackTrace":null,"DisplayName":"AddAfter_NewValue_BetweenTwoValues_ResultNewValueInItsPlace","Messages":[],"ComputerName":"DEUS-EX-MACHINE","Duration":"00:00:00.0004300","StartTime":"2023-10-24T14:30:50.3814426+00:00","EndTime":"2023-10-24T14:30:50.3818729+00:00","Properties":[{"Key":{"Id":"NUnit.Seed","Label":"Seed","Category":"","Description":"","Attributes":0,"ValueType":"System.String"},"Value":"1081638909"}]},{"TestCase":{"Id":"d8cbbc81-9be4-108a-6ff1-7a2e7de10885","FullyQualifiedName":"MyCollectionTesting.AddAfterTests.AddAfter_NewValue_FakeNode_ResultExeption","DisplayName":"AddAfter_NewValue_FakeNode_ResultExeption","ExecutorUri":"executor://NUnit3TestExecutor","Source":"E:\\kpi\\.NET_web\\lab1\\lab1\\MyCollectionTesting\\bin\\Debug\\net6.0\\fine-code-coverage\\build-output\\MyCollectionTesting.dll","CodeFilePath":null,"LineNumber":0,"Properties":[{"Key":{"Id":"NUnit.Seed","Label":"Seed","Category":"","Description":"","Attributes":0,"ValueType":"System.String"},"Value":"780469213"}]},"Attachments":[],"Outcome":1,"ErrorMessage":null,"ErrorStackTrace":null,"DisplayName":"AddAfter_NewValue_FakeNode_ResultExeption","Messages":[],"ComputerName":"DEUS-EX-MACHINE","Duration":"00:00:00.0002790","StartTime":"2023-10-24T14:30:50.3818829+00:00","EndTime":"2023-10-24T14:30:50.3821623+00:00","Properties":[{"Key":{"Id":"NUnit.Seed","Label":"Seed","Category":"","Description":"","Attributes":0,"ValueType":"System.String"},"Value":"780469213"}]},{"TestCase":{"Id":"dad28b8c-d9f3-a6e6-a005-7246a164c766","FullyQualifiedName":"MyCollectionTesting.AddBeforeTests.AddBefore_NewValue_AfterNull_ResultExeption","DisplayName":"AddBefore_NewValue_AfterNull_ResultExeption","ExecutorUri":"executor://NUnit3TestExecutor","Source":"E:\\kpi\\.NET_web\\lab1\\lab1\\MyCollectionTesting\\bin\\Debug\\net6.0\\fine-code-coverage\\build-output\\MyCollectionTesting.dll","CodeFilePath":null,"LineNumber":0,"Properties":[{"Key":{"Id":"NUnit.Seed","Label":"Seed","Category":"","Description":"","Attributes":0,"ValueType":"System.String"},"Value":"886971497"}]},"Attachments":[],"Outcome":1,"ErrorMessage":null,"ErrorStackTrace":null,"DisplayName":"AddBefore_NewValue_AfterNull_ResultExeption","Messages":[],"ComputerName":"DEUS-EX-MACHINE","Duration":"00:00:00.0004020","StartTime":"2023-10-24T14:30:50.3840556+00:00","EndTime":"2023-10-24T14:30:50.3844576+00:00","Properties":[{"Key":{"Id":"NUnit.Seed","Label":"Seed","Category":"","Description":"","Attributes":0,"ValueType":"System.String"},"Value":"886971497"}]},{"TestCase":{"Id":"c03fdd42-5612-64f7-f8e4-0632335a2cdc","FullyQualifiedName":"MyCollectionTesting.AddBeforeTests.AddBefore_NewValue_BeforeFirst_ResultTheFirstIsNewValue","DisplayName":"AddBefore_NewValue_BeforeFirst_ResultTheFirstIsNewValue","ExecutorUri":"executor://NUnit3TestExecutor","Source":"E:\\kpi\\.NET_web\\lab1\\lab1\\MyCollectionTesting\\bin\\Debug\\net6.0\\fine-code-coverage\\build-output\\MyCollectionTesting.dll","CodeFilePath":null,"LineNumber":0,"Properties":[{"Key":{"Id":"NUnit.Seed","Label":"Seed","Category":"","Description":"","Attributes":0,"ValueType":"System.String"},"Value":"82383510"}]},"Attachments":[],"Outcome":1,"ErrorMessage":null,"ErrorStackTrace":null,"DisplayName":"AddBefore_NewValue_BeforeFirst_ResultTheFirstIsNewValue","Messages":[],"ComputerName":"DEUS-EX-MACHINE","Duration":"00:00:00.0004510","StartTime":"2023-10-24T14:30:50.3844662+00:00","EndTime":"2023-10-24T14:30:50.3849168+00:00","Properties":[{"Key":{"Id":"NUnit.Seed","Label":"Seed","Category":"","Description":"","Attributes":0,"ValueType":"System.String"},"Value":"82383510"}]},{"TestCase":{"Id":"4127fdb1-0e7a-8216-1cb5-b2a85bd3aa79","FullyQualifiedName":"MyCollectionTesting.AddBeforeTests.AddBefore_NewValue_BetweenTwoValues_ResultNewValueInItsPlace","DisplayName":"AddBefore_NewValue_BetweenTwoValues_ResultNewValueInItsPlace","ExecutorUri":"executor://NUnit3TestExecutor","Source":"E:\\kpi\\.NET_web\\lab1\\lab1\\MyCollectionTesting\\bin\\Debug\\net6.0\\fine-code-coverage\\build-output\\MyCollectionTesting.dll","CodeFilePath":null,"LineNumber":0,"Properties":[{"Key":{"Id":"NUnit.Seed","Label":"Seed","Category":"","Description":"","Attributes":0,"ValueType":"System.String"},"Value":"1067836754"}]},"Attachments":[],"Outcome":1,"ErrorMessage":null,"ErrorStackTrace":null,"DisplayName":"AddBefore_NewValue_BetweenTwoValues_ResultNewValueInItsPlace","Messages":[],"ComputerName":"DEUS-EX-MACHINE","Duration":"00:00:00.0003520","StartTime":"2023-10-24T14:30:50.3849252+00:00","EndTime":"2023-10-24T14:30:50.3852773+00:00","Properties":[{"Key":{"Id":"NUnit.Seed","Label":"Seed","Category":"","Description":"","Attributes":0,"ValueType":"System.String"},"Value":"1067836754"}]},{"TestCase":{"Id":"985b613b-4c3b-9757-5298-b6f56687dcf7","FullyQualifiedName":"MyCollectionTesting.AddBeforeTests.AddBefore_NewValue_FakeNode_ResultExeption","DisplayName":"AddBefore_NewValue_FakeNode_ResultExeption","ExecutorUri":"executor://NUnit3TestExecutor","Source":"E:\\kpi\\.NET_web\\lab1\\lab1\\MyCollectionTesting\\bin\\Debug\\net6.0\\fine-code-coverage\\build-output\\MyCollectionTesting.dll","CodeFilePath":null,"LineNumber":0,"Properties":[{"Key":{"Id":"NUnit.Seed","Label":"Seed","Category":"","Description":"","Attributes":0,"ValueType":"System.String"},"Value":"821545554"}]},"Attachments":[],"Outcome":1,"ErrorMessage":null,"ErrorStackTrace":null,"DisplayName":"AddBefore_NewValue_FakeNode_ResultExeption","Messages":[],"ComputerName":"DEUS-EX-MACHINE","Duration":"00:00:00.0002310","StartTime":"2023-10-24T14:30:50.3852856+00:00","EndTime":"2023-10-24T14:30:50.3855166+00:00","Properties":[{"Key":{"Id":"NUnit.Seed","Label":"Seed","Category":"","Description":"","Attributes":0,"ValueType":"System.String"},"Value":"821545554"}]},{"TestCase":{"Id":"92d25cdb-0111-df68-6edc-d9b1c397a77a","FullyQualifiedName":"MyCollectionTesting.AddFirstTests.AddFirst_NewValue_EmptyList_ResultListWithOneNode","DisplayName":"AddFirst_NewValue_EmptyList_ResultListWithOneNode","ExecutorUri":"executor://NUnit3TestExecutor","Source":"E:\\kpi\\.NET_web\\lab1\\lab1\\MyCollectionTesting\\bin\\Debug\\net6.0\\fine-code-coverage\\build-output\\MyCollectionTesting.dll","CodeFilePath":null,"LineNumber":0,"Properties":[{"Key":{"Id":"NUnit.Seed","Label":"Seed","Category":"","Description":"","Attributes":0,"ValueType":"System.String"},"Value":"549467373"}]},"Attachments":[],"Outcome":1,"ErrorMessage":null,"ErrorStackTrace":null,"DisplayName":"AddFirst_NewValue_EmptyList_ResultListWithOneNode","Messages":[],"ComputerName":"DEUS-EX-MACHINE","Duration":"00:00:00.0004590","StartTime":"2023-10-24T14:30:50.3856082+00:00","EndTime":"2023-10-24T14:30:50.3860669+00:00","Properties":[{"Key":{"Id":"NUnit.Seed","Label":"Seed","Category":"","Description":"","Attributes":0,"ValueType":"System.String"},"Value":"549467373"}]}],"TestRunStatistics":{"ExecutedTests":9,"Stats":{"Passed":9}},"ActiveTests":[{"Id":"b5d4f988-dedb-780a-5543-b45dbdd448d2","FullyQualifiedName":"MyCollectionTesting.AddFirstTests.AddFirst_NewValue_ListWithOneNode_ResultFirstIsNewValue","DisplayName":"AddFirst_NewValue_ListWithOneNode_ResultFirstIsNewValue","ExecutorUri":"executor://NUnit3TestExecutor","Source":"E:\\kpi\\.NET_web\\lab1\\lab1\\MyCollectionTesting\\bin\\Debug\\net6.0\\fine-code-coverage\\build-output\\MyCollectionTesting.dll","CodeFilePath":null,"LineNumber":0,"Properties":[{"Key":{"Id":"NUnit.Seed","Label":"Seed","Category":"","Description":"","Attributes":0,"ValueType":"System.String"},"Value":"1372366873"}]}]}}
TpTrace Verbose: 0 : 23776, 11, 2023/10/24, 17:30:50.478, 8624235115613, vstest.console.dll, TestRunRequest:SendTestRunStatsChange: Starting.
TpTrace Verbose: 0 : 23776, 11, 2023/10/24, 17:30:50.478, 8624235117554, vstest.console.dll, InProgress is AddFirst_NewValue_ListWithOneNode_ResultFirstIsNewValue
TpTrace Verbose: 0 : 23776, 11, 2023/10/24, 17:30:50.479, 8624235120279, vstest.console.dll, MulticastDelegateUtilities.SafeInvoke: TestRun.RunStatsChanged: Invoking callbacks was skipped because there are no subscribers.
TpTrace Information: 0 : 23776, 11, 2023/10/24, 17:30:50.479, 8624235120766, vstest.console.dll, TestRunRequest:SendTestRunStatsChange: Completed.
TpTrace Verbose: 0 : 23776, 11, 2023/10/24, 17:30:50.479, 8624235121108, vstest.console.dll, MulticastDelegateUtilities.SafeInvoke: LengthPrefixCommunicationChannel: MessageReceived: Invoking callback 1/1 for Microsoft.VisualStudio.TestPlatform.CommunicationUtilities.TestRequestSender+<>c__DisplayClass34_0., took 21 ms.
TpTrace Verbose: 0 : 23776, 11, 2023/10/24, 17:30:50.479, 8624235121452, vstest.console.dll, TcpClientExtensions.MessageLoopAsync: Polling on remoteEndPoint: 127.0.0.1:57384 localEndPoint: 127.0.0.1:57383
TpTrace Verbose: 0 : 23776, 11, 2023/10/24, 17:30:50.480, 8624235137976, vstest.console.dll, TcpClientExtensions.MessageLoopAsync: NotifyDataAvailable remoteEndPoint: 127.0.0.1:57384 localEndPoint: 127.0.0.1:57383
TpTrace Verbose: 0 : 23776, 4, 2023/10/24, 17:30:50.480, 8624235138096, vstest.console.dll, MulticastDelegateUtilities.SafeInvoke: InternalTestLoggerEvents.SendTestResult: Invoking callback 1/1 for Microsoft.VisualStudio.TestPlatform.CommandLine.Internal.ConsoleLogger., took 1 ms.
TpTrace Verbose: 0 : 23776, 11, 2023/10/24, 17:30:50.480, 8624235139002, vstest.console.dll, TestRequestSender.OnExecutionMessageReceived: Received message: {"Version":7,"MessageType":"TestSession.Message","Payload":{"MessageLevel":1,"Message":"Item was added: 2; to tail\r\nItem was added: 3; to tail\r\n"}}
TpTrace Verbose: 0 : 23776, 11, 2023/10/24, 17:30:50.481, 8624235140733, vstest.console.dll, TestRunRequest:SendTestRunMessage: Starting.
TpTrace Verbose: 0 : 23776, 4, 2023/10/24, 17:30:50.481, 8624235140885, vstest.console.dll, MulticastDelegateUtilities.SafeInvoke: InternalTestLoggerEvents.SendTestResult: Invoking callback 1/1 for Microsoft.VisualStudio.TestPlatform.CommandLine.Internal.ConsoleLogger., took 0 ms.
TpTrace Verbose: 0 : 23776, 11, 2023/10/24, 17:30:50.481, 8624235141558, vstest.console.dll, MulticastDelegateUtilities.SafeInvoke: TestRun.LogMessages: Invoking callback 1/1 for Microsoft.VisualStudio.TestPlatform.CommandLine.TestRunResultAggregator., took 0 ms.
TpTrace Verbose: 0 : 23776, 4, 2023/10/24, 17:30:50.481, 8624235142239, vstest.console.dll, MulticastDelegateUtilities.SafeInvoke: InternalTestLoggerEvents.SendTestResult: Invoking callback 1/1 for Microsoft.VisualStudio.TestPlatform.CommandLine.Internal.ConsoleLogger., took 0 ms.
TpTrace Information: 0 : 23776, 11, 2023/10/24, 17:30:50.481, 8624235142693, vstest.console.dll, TestRunRequest:SendTestRunMessage: Completed.
TpTrace Verbose: 0 : 23776, 4, 2023/10/24, 17:30:50.481, 8624235143314, vstest.console.dll, MulticastDelegateUtilities.SafeInvoke: InternalTestLoggerEvents.SendTestResult: Invoking callback 1/1 for Microsoft.VisualStudio.TestPlatform.CommandLine.Internal.ConsoleLogger., took 0 ms.
TpTrace Verbose: 0 : 23776, 11, 2023/10/24, 17:30:50.481, 8624235143855, vstest.console.dll, MulticastDelegateUtilities.SafeInvoke: LengthPrefixCommunicationChannel: MessageReceived: Invoking callback 1/1 for Microsoft.VisualStudio.TestPlatform.CommunicationUtilities.TestRequestSender+<>c__DisplayClass34_0., took 0 ms.
TpTrace Verbose: 0 : 23776, 4, 2023/10/24, 17:30:50.481, 8624235144422, vstest.console.dll, MulticastDelegateUtilities.SafeInvoke: InternalTestLoggerEvents.SendTestResult: Invoking callback 1/1 for Microsoft.VisualStudio.TestPlatform.CommandLine.Internal.ConsoleLogger., took 0 ms.
TpTrace Verbose: 0 : 23776, 4, 2023/10/24, 17:30:50.481, 8624235145071, vstest.console.dll, MulticastDelegateUtilities.SafeInvoke: InternalTestLoggerEvents.SendTestResult: Invoking callback 1/1 for Microsoft.VisualStudio.TestPlatform.CommandLine.Internal.ConsoleLogger., took 0 ms.
TpTrace Verbose: 0 : 23776, 11, 2023/10/24, 17:30:50.481, 8624235145495, vstest.console.dll, TcpClientExtensions.MessageLoopAsync: Polling on remoteEndPoint: 127.0.0.1:57384 localEndPoint: 127.0.0.1:57383
TpTrace Verbose: 0 : 23776, 4, 2023/10/24, 17:30:50.481, 8624235145543, vstest.console.dll, MulticastDelegateUtilities.SafeInvoke: InternalTestLoggerEvents.SendTestResult: Invoking callback 1/1 for Microsoft.VisualStudio.TestPlatform.CommandLine.Internal.ConsoleLogger., took 0 ms.
TpTrace Verbose: 0 : 23776, 4, 2023/10/24, 17:30:50.481, 8624235146879, vstest.console.dll, MulticastDelegateUtilities.SafeInvoke: InternalTestLoggerEvents.SendTestResult: Invoking callback 1/1 for Microsoft.VisualStudio.TestPlatform.CommandLine.Internal.ConsoleLogger., took 0 ms.
TpTrace Verbose: 0 : 23776, 4, 2023/10/24, 17:30:50.481, 8624235147405, vstest.console.dll, MulticastDelegateUtilities.SafeInvoke: InternalTestLoggerEvents.SendTestResult: Invoking callback 1/1 for Microsoft.VisualStudio.TestPlatform.CommandLine.Internal.ConsoleLogger., took 0 ms.
TpTrace Verbose: 0 : 23776, 4, 2023/10/24, 17:30:50.481, 8624235148809, vstest.console.dll, MulticastDelegateUtilities.SafeInvoke: InternalTestLoggerEvents.SendTestRunMessage: Invoking callback 1/1 for Microsoft.VisualStudio.TestPlatform.CommandLine.Internal.ConsoleLogger., took 0 ms.
TpTrace Verbose: 0 : 23776, 11, 2023/10/24, 17:30:50.488, 8624235212406, vstest.console.dll, TcpClientExtensions.MessageLoopAsync: NotifyDataAvailable remoteEndPoint: 127.0.0.1:57384 localEndPoint: 127.0.0.1:57383
TpTrace Verbose: 0 : 23776, 11, 2023/10/24, 17:30:50.488, 8624235214719, vstest.console.dll, TestRequestSender.OnExecutionMessageReceived: Received message: {"Version":7,"MessageType":"TestExecution.StatsChange","Payload":{"NewTestResults":[{"TestCase":{"Id":"b5d4f988-dedb-780a-5543-b45dbdd448d2","FullyQualifiedName":"MyCollectionTesting.AddFirstTests.AddFirst_NewValue_ListWithOneNode_ResultFirstIsNewValue","DisplayName":"AddFirst_NewValue_ListWithOneNode_ResultFirstIsNewValue","ExecutorUri":"executor://NUnit3TestExecutor","Source":"E:\\kpi\\.NET_web\\lab1\\lab1\\MyCollectionTesting\\bin\\Debug\\net6.0\\fine-code-coverage\\build-output\\MyCollectionTesting.dll","CodeFilePath":null,"LineNumber":0,"Properties":[{"Key":{"Id":"NUnit.Seed","Label":"Seed","Category":"","Description":"","Attributes":0,"ValueType":"System.String"},"Value":"1372366873"}]},"Attachments":[],"Outcome":1,"ErrorMessage":null,"ErrorStackTrace":null,"DisplayName":"AddFirst_NewValue_ListWithOneNode_ResultFirstIsNewValue","Messages":[],"ComputerName":"DEUS-EX-MACHINE","Duration":"00:00:00.0002370","StartTime":"2023-10-24T14:30:50.3860758+00:00","EndTime":"2023-10-24T14:30:50.3863125+00:00","Properties":[{"Key":{"Id":"NUnit.Seed","Label":"Seed","Category":"","Description":"","Attributes":0,"ValueType":"System.String"},"Value":"1372366873"}]},{"TestCase":{"Id":"96e851f3-e88f-dcab-7b96-02cdf2e91ae0","FullyQualifiedName":"MyCollectionTesting.AddLastTests.Add_NewValue_EmptyList_ResultListWithOneNode","DisplayName":"Add_NewValue_EmptyList_ResultListWithOneNode","ExecutorUri":"executor://NUnit3TestExecutor","Source":"E:\\kpi\\.NET_web\\lab1\\lab1\\MyCollectionTesting\\bin\\Debug\\net6.0\\fine-code-coverage\\build-output\\MyCollectionTesting.dll","CodeFilePath":null,"LineNumber":0,"Properties":[{"Key":{"Id":"NUnit.Seed","Label":"Seed","Category":"","Description":"","Attributes":0,"ValueType":"System.String"},"Value":"1644296991"}]},"Attachments":[],"Outcome":1,"ErrorMessage":null,"ErrorStackTrace":null,"DisplayName":"Add_NewValue_EmptyList_ResultListWithOneNode","Messages":[],"ComputerName":"DEUS-EX-MACHINE","Duration":"00:00:00.0002260","StartTime":"2023-10-24T14:30:50.3863941+00:00","EndTime":"2023-10-24T14:30:50.3866204+00:00","Properties":[{"Key":{"Id":"NUnit.Seed","Label":"Seed","Category":"","Description":"","Attributes":0,"ValueType":"System.String"},"Value":"1644296991"}]},{"TestCase":{"Id":"2cb1324f-2eb4-d3cf-6554-dd1b52c580b5","FullyQualifiedName":"MyCollectionTesting.AddLastTests.Add_NewValue_ListWithOneNode_ResultLastValueIsNewValue","DisplayName":"Add_NewValue_ListWithOneNode_ResultLastValueIsNewValue","ExecutorUri":"executor://NUnit3TestExecutor","Source":"E:\\kpi\\.NET_web\\lab1\\lab1\\MyCollectionTesting\\bin\\Debug\\net6.0\\fine-code-coverage\\build-output\\MyCollectionTesting.dll","CodeFilePath":null,"LineNumber":0,"Properties":[{"Key":{"Id":"NUnit.Seed","Label":"Seed","Category":"","Description":"","Attributes":0,"ValueType":"System.String"},"Value":"1800691870"}]},"Attachments":[],"Outcome":1,"ErrorMessage":null,"ErrorStackTrace":null,"DisplayName":"Add_NewValue_ListWithOneNode_ResultLastValueIsNewValue","Messages":[],"ComputerName":"DEUS-EX-MACHINE","Duration":"00:00:00.0002440","StartTime":"2023-10-24T14:30:50.3866288+00:00","EndTime":"2023-10-24T14:30:50.3868724+00:00","Properties":[{"Key":{"Id":"NUnit.Seed","Label":"Seed","Category":"","Description":"","Attributes":0,"ValueType":"System.String"},"Value":"1800691870"}]},{"TestCase":{"Id":"0f3b73b9-b134-a6f8-4e9c-68901e70b0ad","FullyQualifiedName":"MyCollectionTesting.ClearTests.Clear_ListWith4Elements_ResultListIsEmpty","DisplayName":"Clear_ListWith4Elements_ResultListIsEmpty","ExecutorUri":"executor://NUnit3TestExecutor","Source":"E:\\kpi\\.NET_web\\lab1\\lab1\\MyCollectionTesting\\bin\\Debug\\net6.0\\fine-code-coverage\\build-output\\MyCollectionTesting.dll","CodeFilePath":null,"LineNumber":0,"Properties":[{"Key":{"Id":"NUnit.Seed","Label":"Seed","Category":"","Description":"","Attributes":0,"ValueType":"System.String"},"Value":"323673928"}]},"Attachments":[],"Outcome":1,"ErrorMessage":null,"ErrorStackTrace":null,"DisplayName":"Clear_ListWith4Elements_ResultListIsEmpty","Messages":[],"ComputerName":"DEUS-EX-MACHINE","Duration":"00:00:00.0004680","StartTime":"2023-10-24T14:30:50.3869497+00:00","EndTime":"2023-10-24T14:30:50.3874173+00:00","Properties":[{"Key":{"Id":"NUnit.Seed","Label":"Seed","Category":"","Description":"","Attributes":0,"ValueType":"System.String"},"Value":"323673928"}]},{"TestCase":{"Id":"c506b9ff-9ba2-c804-e447-7ff10bca010e","FullyQualifiedName":"MyCollectionTesting.ConstructorTests.ConstructorWithCollection_NormalCollection_ResultListIsEqualToInitial","DisplayName":"ConstructorWithCollection_NormalCollection_ResultListIsEqualToInitial","ExecutorUri":"executor://NUnit3TestExecutor","Source":"E:\\kpi\\.NET_web\\lab1\\lab1\\MyCollectionTesting\\bin\\Debug\\net6.0\\fine-code-coverage\\build-output\\MyCollectionTesting.dll","CodeFilePath":null,"LineNumber":0,"Properties":[{"Key":{"Id":"NUnit.Seed","Label":"Seed","Category":"","Description":"","Attributes":0,"ValueType":"System.String"},"Value":"235205041"}]},"Attachments":[],"Outcome":1,"ErrorMessage":null,"ErrorStackTrace":null,"DisplayName":"ConstructorWithCollection_NormalCollection_ResultListIsEqualToInitial","Messages":[],"ComputerName":"DEUS-EX-MACHINE","Duration":"00:00:00.0007230","StartTime":"2023-10-24T14:30:50.3875003+00:00","EndTime":"2023-10-24T14:30:50.3882234+00:00","Properties":[{"Key":{"Id":"NUnit.Seed","Label":"Seed","Category":"","Description":"","Attributes":0,"ValueType":"System.String"},"Value":"235205041"}]},{"TestCase":{"Id":"185ecf49-d268-d292-7f1c-9840eda9f394","FullyQualifiedName":"MyCollectionTesting.ContainsTests.Contains_ResultIsTrue","DisplayName":"Contains_ResultIsTrue","ExecutorUri":"executor://NUnit3TestExecutor","Source":"E:\\kpi\\.NET_web\\lab1\\lab1\\MyCollectionTesting\\bin\\Debug\\net6.0\\fine-code-coverage\\build-output\\MyCollectionTesting.dll","CodeFilePath":null,"LineNumber":0,"Properties":[{"Key":{"Id":"NUnit.Seed","Label":"Seed","Category":"","Description":"","Attributes":0,"ValueType":"System.String"},"Value":"938319168"}]},"Attachments":[],"Outcome":1,"ErrorMessage":null,"ErrorStackTrace":null,"DisplayName":"Contains_ResultIsTrue","Messages":[],"ComputerName":"DEUS-EX-MACHINE","Duration":"00:00:00.0004550","StartTime":"2023-10-24T14:30:50.3883108+00:00","EndTime":"2023-10-24T14:30:50.3887662+00:00","Properties":[{"Key":{"Id":"NUnit.Seed","Label":"Seed","Category":"","Description":"","Attributes":0,"ValueType":"System.String"},"Value":"938319168"}]},{"TestCase":{"Id":"36af711e-4556-22a8-1580-52b35158131f","FullyQualifiedName":"MyCollectionTesting.CopyToTests.CopyTo_ListWith3ElementsAndValidIndexParameter_ResultArrayWith3Elements","DisplayName":"CopyTo_ListWith3ElementsAndValidIndexParameter_ResultArrayWith3Elements","ExecutorUri":"executor://NUnit3TestExecutor","Source":"E:\\kpi\\.NET_web\\lab1\\lab1\\MyCollectionTesting\\bin\\Debug\\net6.0\\fine-code-coverage\\build-output\\MyCollectionTesting.dll","CodeFilePath":null,"LineNumber":0,"Properties":[{"Key":{"Id":"NUnit.Seed","Label":"Seed","Category":"","Description":"","Attributes":0,"ValueType":"System.String"},"Value":"1245341842"}]},"Attachments":[],"Outcome":1,"ErrorMessage":null,"ErrorStackTrace":null,"DisplayName":"CopyTo_ListWith3ElementsAndValidIndexParameter_ResultArrayWith3Elements","Messages":[],"ComputerName":"DEUS-EX-MACHINE","Duration":"00:00:00.0038960","StartTime":"2023-10-24T14:30:50.3888447+00:00","EndTime":"2023-10-24T14:30:50.3927405+00:00","Properties":[{"Key":{"Id":"NUnit.Seed","Label":"Seed","Category":"","Description":"","Attributes":0,"ValueType":"System.String"},"Value":"1245341842"}]},{"TestCase":{"Id":"4a081a40-c1f6-edf2-0b15-70612d4cd2aa","FullyQualifiedName":"MyCollectionTesting.CopyToTests.CopyTo_ListWith3ElementsAndWrongIndexInParams_ThrowArgumentOutOfrangeExcep","DisplayName":"CopyTo_ListWith3ElementsAndWrongIndexInParams_ThrowArgumentOutOfrangeExcep","ExecutorUri":"executor://NUnit3TestExecutor","Source":"E:\\kpi\\.NET_web\\lab1\\lab1\\MyCollectionTesting\\bin\\Debug\\net6.0\\fine-code-coverage\\build-output\\MyCollectionTesting.dll","CodeFilePath":null,"LineNumber":0,"Properties":[{"Key":{"Id":"NUnit.Seed","Label":"Seed","Category":"","Description":"","Attributes":0,"ValueType":"System.String"},"Value":"185429311"}]},"Attachments":[],"Outcome":1,"ErrorMessage":null,"ErrorStackTrace":null,"DisplayName":"CopyTo_ListWith3ElementsAndWrongIndexInParams_ThrowArgumentOutOfrangeExcep","Messages":[],"ComputerName":"DEUS-EX-MACHINE","Duration":"00:00:00.0003480","StartTime":"2023-10-24T14:30:50.3927537+00:00","EndTime":"2023-10-24T14:30:50.393101+00:00","Properties":[{"Key":{"Id":"NUnit.Seed","Label":"Seed","Category":"","Description":"","Attributes":0,"ValueType":"System.String"},"Value":"185429311"}]},{"TestCase":{"Id":"9cbf52ab-74b6-65bd-972f-c31d276d6061","FullyQualifiedName":"MyCollectionTesting.EventListenerTests.OnAddedHandler_AddHandler_TureReturn","DisplayName":"OnAddedHandler_AddHandler_TureReturn","ExecutorUri":"executor://NUnit3TestExecutor","Source":"E:\\kpi\\.NET_web\\lab1\\lab1\\MyCollectionTesting\\bin\\Debug\\net6.0\\fine-code-coverage\\build-output\\MyCollectionTesting.dll","CodeFilePath":null,"LineNumber":0,"Properties":[{"Key":{"Id":"NUnit.Seed","Label":"Seed","Category":"","Description":"","Attributes":0,"ValueType":"System.String"},"Value":"41262528"}]},"Attachments":[],"Outcome":1,"ErrorMessage":null,"ErrorStackTrace":null,"DisplayName":"OnAddedHandler_AddHandler_TureReturn","Messages":[{"Category":"StdOutMsgs","Text":"Item was added: 2; to tail\r\nItem was added: 3; to tail\r\n"}],"ComputerName":"DEUS-EX-MACHINE","Duration":"00:00:00.0012040","StartTime":"2023-10-24T14:30:50.3931873+00:00","EndTime":"2023-10-24T14:30:50.3943913+00:00","Properties":[{"Key":{"Id":"NUnit.Seed","Label":"Seed","Category":"","Description":"","Attributes":0,"ValueType":"System.String"},"Value":"41262528"}]}],"TestRunStatistics":{"ExecutedTests":18,"Stats":{"Passed":18}},"ActiveTests":[{"Id":"c1496573-49f9-6c08-ba65-b869d9f94b1b","FullyQualifiedName":"MyCollectionTesting.EventListenerTests.OnRemovedHandler_AddHandler_TureReturn","DisplayName":"OnRemovedHandler_AddHandler_TureReturn","ExecutorUri":"executor://NUnit3TestExecutor","Source":"E:\\kpi\\.NET_web\\lab1\\lab1\\MyCollectionTesting\\bin\\Debug\\net6.0\\fine-code-coverage\\build-output\\MyCollectionTesting.dll","CodeFilePath":null,"LineNumber":0,"Properties":[{"Key":{"Id":"NUnit.Seed","Label":"Seed","Category":"","Description":"","Attributes":0,"ValueType":"System.String"},"Value":"841024919"}]}]}}
TpTrace Verbose: 0 : 23776, 11, 2023/10/24, 17:30:50.490, 8624235229509, vstest.console.dll, TestRunRequest:SendTestRunStatsChange: Starting.
TpTrace Verbose: 0 : 23776, 11, 2023/10/24, 17:30:50.490, 8624235230205, vstest.console.dll, InProgress is OnRemovedHandler_AddHandler_TureReturn
TpTrace Verbose: 0 : 23776, 4, 2023/10/24, 17:30:50.490, 8624235231520, vstest.console.dll, MulticastDelegateUtilities.SafeInvoke: InternalTestLoggerEvents.SendTestResult: Invoking callback 1/1 for Microsoft.VisualStudio.TestPlatform.CommandLine.Internal.ConsoleLogger., took 0 ms.
TpTrace Verbose: 0 : 23776, 4, 2023/10/24, 17:30:50.490, 8624235232567, vstest.console.dll, MulticastDelegateUtilities.SafeInvoke: InternalTestLoggerEvents.SendTestResult: Invoking callback 1/1 for Microsoft.VisualStudio.TestPlatform.CommandLine.Internal.ConsoleLogger., took 0 ms.
TpTrace Verbose: 0 : 23776, 11, 2023/10/24, 17:30:50.490, 8624235232063, vstest.console.dll, MulticastDelegateUtilities.SafeInvoke: TestRun.RunStatsChanged: Invoking callbacks was skipped because there are no subscribers.
TpTrace Information: 0 : 23776, 11, 2023/10/24, 17:30:50.490, 8624235233323, vstest.console.dll, TestRunRequest:SendTestRunStatsChange: Completed.
TpTrace Verbose: 0 : 23776, 4, 2023/10/24, 17:30:50.490, 8624235233578, vstest.console.dll, MulticastDelegateUtilities.SafeInvoke: InternalTestLoggerEvents.SendTestResult: Invoking callback 1/1 for Microsoft.VisualStudio.TestPlatform.CommandLine.Internal.ConsoleLogger., took 0 ms.
TpTrace Verbose: 0 : 23776, 11, 2023/10/24, 17:30:50.490, 8624235233745, vstest.console.dll, MulticastDelegateUtilities.SafeInvoke: LengthPrefixCommunicationChannel: MessageReceived: Invoking callback 1/1 for Microsoft.VisualStudio.TestPlatform.CommunicationUtilities.TestRequestSender+<>c__DisplayClass34_0., took 1 ms.
TpTrace Verbose: 0 : 23776, 4, 2023/10/24, 17:30:50.490, 8624235234270, vstest.console.dll, MulticastDelegateUtilities.SafeInvoke: InternalTestLoggerEvents.SendTestResult: Invoking callback 1/1 for Microsoft.VisualStudio.TestPlatform.CommandLine.Internal.ConsoleLogger., took 0 ms.
TpTrace Verbose: 0 : 23776, 11, 2023/10/24, 17:30:50.490, 8624235234651, vstest.console.dll, TcpClientExtensions.MessageLoopAsync: Polling on remoteEndPoint: 127.0.0.1:57384 localEndPoint: 127.0.0.1:57383
TpTrace Verbose: 0 : 23776, 4, 2023/10/24, 17:30:50.490, 8624235235749, vstest.console.dll, MulticastDelegateUtilities.SafeInvoke: InternalTestLoggerEvents.SendTestResult: Invoking callback 1/1 for Microsoft.VisualStudio.TestPlatform.CommandLine.Internal.ConsoleLogger., took 0 ms.
TpTrace Verbose: 0 : 23776, 11, 2023/10/24, 17:30:50.490, 8624235236460, vstest.console.dll, TcpClientExtensions.MessageLoopAsync: NotifyDataAvailable remoteEndPoint: 127.0.0.1:57384 localEndPoint: 127.0.0.1:57383
TpTrace Verbose: 0 : 23776, 4, 2023/10/24, 17:30:50.490, 8624235237346, vstest.console.dll, MulticastDelegateUtilities.SafeInvoke: InternalTestLoggerEvents.SendTestResult: Invoking callback 1/1 for Microsoft.VisualStudio.TestPlatform.CommandLine.Internal.ConsoleLogger., took 0 ms.
TpTrace Verbose: 0 : 23776, 4, 2023/10/24, 17:30:50.490, 8624235237927, vstest.console.dll, MulticastDelegateUtilities.SafeInvoke: InternalTestLoggerEvents.SendTestResult: Invoking callback 1/1 for Microsoft.VisualStudio.TestPlatform.CommandLine.Internal.ConsoleLogger., took 0 ms.
TpTrace Verbose: 0 : 23776, 11, 2023/10/24, 17:30:50.490, 8624235237340, vstest.console.dll, TestRequestSender.OnExecutionMessageReceived: Received message: {"Version":7,"MessageType":"TestSession.Message","Payload":{"MessageLevel":1,"Message":"Item was added: 2; to tail\r\nItem was added: 3; to tail\r\nItem was removed: 3; from tail\r\n"}}
TpTrace Verbose: 0 : 23776, 11, 2023/10/24, 17:30:50.491, 8624235239454, vstest.console.dll, TestRunRequest:SendTestRunMessage: Starting.
TpTrace Verbose: 0 : 23776, 11, 2023/10/24, 17:30:50.491, 8624235239980, vstest.console.dll, MulticastDelegateUtilities.SafeInvoke: TestRun.LogMessages: Invoking callback 1/1 for Microsoft.VisualStudio.TestPlatform.CommandLine.TestRunResultAggregator., took 0 ms.
TpTrace Information: 0 : 23776, 11, 2023/10/24, 17:30:50.491, 8624235240303, vstest.console.dll, TestRunRequest:SendTestRunMessage: Completed.
TpTrace Verbose: 0 : 23776, 11, 2023/10/24, 17:30:50.491, 8624235240604, vstest.console.dll, MulticastDelegateUtilities.SafeInvoke: LengthPrefixCommunicationChannel: MessageReceived: Invoking callback 1/1 for Microsoft.VisualStudio.TestPlatform.CommunicationUtilities.TestRequestSender+<>c__DisplayClass34_0., took 0 ms.
TpTrace Verbose: 0 : 23776, 11, 2023/10/24, 17:30:50.491, 8624235240923, vstest.console.dll, TcpClientExtensions.MessageLoopAsync: Polling on remoteEndPoint: 127.0.0.1:57384 localEndPoint: 127.0.0.1:57383
TpTrace Verbose: 0 : 23776, 4, 2023/10/24, 17:30:50.491, 8624235245515, vstest.console.dll, MulticastDelegateUtilities.SafeInvoke: InternalTestLoggerEvents.SendTestResult: Invoking callback 1/1 for Microsoft.VisualStudio.TestPlatform.CommandLine.Internal.ConsoleLogger., took 0 ms.
TpTrace Verbose: 0 : 23776, 4, 2023/10/24, 17:30:50.491, 8624235246232, vstest.console.dll, MulticastDelegateUtilities.SafeInvoke: InternalTestLoggerEvents.SendTestResult: Invoking callback 1/1 for Microsoft.VisualStudio.TestPlatform.CommandLine.Internal.ConsoleLogger., took 0 ms.
TpTrace Verbose: 0 : 23776, 4, 2023/10/24, 17:30:50.491, 8624235247650, vstest.console.dll, MulticastDelegateUtilities.SafeInvoke: InternalTestLoggerEvents.SendTestRunMessage: Invoking callback 1/1 for Microsoft.VisualStudio.TestPlatform.CommandLine.Internal.ConsoleLogger., took 0 ms.
TpTrace Verbose: 0 : 23776, 11, 2023/10/24, 17:30:50.506, 8624235394107, vstest.console.dll, TcpClientExtensions.MessageLoopAsync: NotifyDataAvailable remoteEndPoint: 127.0.0.1:57384 localEndPoint: 127.0.0.1:57383
TpTrace Verbose: 0 : 23776, 11, 2023/10/24, 17:30:50.506, 8624235396312, vstest.console.dll, TestRequestSender.OnExecutionMessageReceived: Received message: {"Version":7,"MessageType":"TestExecution.StatsChange","Payload":{"NewTestResults":[{"TestCase":{"Id":"c1496573-49f9-6c08-ba65-b869d9f94b1b","FullyQualifiedName":"MyCollectionTesting.EventListenerTests.OnRemovedHandler_AddHandler_TureReturn","DisplayName":"OnRemovedHandler_AddHandler_TureReturn","ExecutorUri":"executor://NUnit3TestExecutor","Source":"E:\\kpi\\.NET_web\\lab1\\lab1\\MyCollectionTesting\\bin\\Debug\\net6.0\\fine-code-coverage\\build-output\\MyCollectionTesting.dll","CodeFilePath":null,"LineNumber":0,"Properties":[{"Key":{"Id":"NUnit.Seed","Label":"Seed","Category":"","Description":"","Attributes":0,"ValueType":"System.String"},"Value":"841024919"}]},"Attachments":[],"Outcome":1,"ErrorMessage":null,"ErrorStackTrace":null,"DisplayName":"OnRemovedHandler_AddHandler_TureReturn","Messages":[{"Category":"StdOutMsgs","Text":"Item was added: 2; to tail\r\nItem was added: 3; to tail\r\nItem was removed: 3; from tail\r\n"}],"ComputerName":"DEUS-EX-MACHINE","Duration":"00:00:00.0007510","StartTime":"2023-10-24T14:30:50.3944014+00:00","EndTime":"2023-10-24T14:30:50.3951522+00:00","Properties":[{"Key":{"Id":"NUnit.Seed","Label":"Seed","Category":"","Description":"","Attributes":0,"ValueType":"System.String"},"Value":"841024919"}]},{"TestCase":{"Id":"04f10365-3b21-f789-b966-eb4f27c794ee","FullyQualifiedName":"MyCollectionTesting.FindTests.Find_EmptyList_ResultIsNull","DisplayName":"Find_EmptyList_ResultIsNull","ExecutorUri":"executor://NUnit3TestExecutor","Source":"E:\\kpi\\.NET_web\\lab1\\lab1\\MyCollectionTesting\\bin\\Debug\\net6.0\\fine-code-coverage\\build-output\\MyCollectionTesting.dll","CodeFilePath":null,"LineNumber":0,"Properties":[{"Key":{"Id":"NUnit.Seed","Label":"Seed","Category":"","Description":"","Attributes":0,"ValueType":"System.String"},"Value":"430844893"}]},"Attachments":[],"Outcome":1,"ErrorMessage":null,"ErrorStackTrace":null,"DisplayName":"Find_EmptyList_ResultIsNull","Messages":[],"ComputerName":"DEUS-EX-MACHINE","Duration":"00:00:00.0001080","StartTime":"2023-10-24T14:30:50.3952397+00:00","EndTime":"2023-10-24T14:30:50.395348+00:00","Properties":[{"Key":{"Id":"NUnit.Seed","Label":"Seed","Category":"","Description":"","Attributes":0,"ValueType":"System.String"},"Value":"430844893"}]},{"TestCase":{"Id":"29a68d61-526b-7e1b-3741-c3c1e9dbed34","FullyQualifiedName":"MyCollectionTesting.GetEnumeratorTests.GetEnumerator_ListWith3Elements_AllAreCorrect","DisplayName":"GetEnumerator_ListWith3Elements_AllAreCorrect","ExecutorUri":"executor://NUnit3TestExecutor","Source":"E:\\kpi\\.NET_web\\lab1\\lab1\\MyCollectionTesting\\bin\\Debug\\net6.0\\fine-code-coverage\\build-output\\MyCollectionTesting.dll","CodeFilePath":null,"LineNumber":0,"Properties":[{"Key":{"Id":"NUnit.Seed","Label":"Seed","Category":"","Description":"","Attributes":0,"ValueType":"System.String"},"Value":"1930178073"}]},"Attachments":[],"Outcome":1,"ErrorMessage":null,"ErrorStackTrace":null,"DisplayName":"GetEnumerator_ListWith3Elements_AllAreCorrect","Messages":[],"ComputerName":"DEUS-EX-MACHINE","Duration":"00:00:00.0007400","StartTime":"2023-10-24T14:30:50.3954216+00:00","EndTime":"2023-10-24T14:30:50.3961616+00:00","Properties":[{"Key":{"Id":"NUnit.Seed","Label":"Seed","Category":"","Description":"","Attributes":0,"ValueType":"System.String"},"Value":"1930178073"}]},{"TestCase":{"Id":"0335323f-3e47-186d-969e-7df85307f108","FullyQualifiedName":"MyCollectionTesting.RemoveFirstTests.RemoveFirst_EmptyList_ResultExeption","DisplayName":"RemoveFirst_EmptyList_ResultExeption","ExecutorUri":"executor://NUnit3TestExecutor","Source":"E:\\kpi\\.NET_web\\lab1\\lab1\\MyCollectionTesting\\bin\\Debug\\net6.0\\fine-code-coverage\\build-output\\MyCollectionTesting.dll","CodeFilePath":null,"LineNumber":0,"Properties":[{"Key":{"Id":"NUnit.Seed","Label":"Seed","Category":"","Description":"","Attributes":0,"ValueType":"System.String"},"Value":"717993072"}]},"Attachments":[],"Outcome":1,"ErrorMessage":null,"ErrorStackTrace":null,"DisplayName":"RemoveFirst_EmptyList_ResultExeption","Messages":[],"ComputerName":"DEUS-EX-MACHINE","Duration":"00:00:00.0002840","StartTime":"2023-10-24T14:30:50.396245+00:00","EndTime":"2023-10-24T14:30:50.3965292+00:00","Properties":[{"Key":{"Id":"NUnit.Seed","Label":"Seed","Category":"","Description":"","Attributes":0,"ValueType":"System.String"},"Value":"717993072"}]},{"TestCase":{"Id":"0cb0bfe8-6d7a-27aa-c026-b34809db6ae1","FullyQualifiedName":"MyCollectionTesting.RemoveFirstTests.RemoveFirst_TwoElements_ResultSecondBecomeFirst","DisplayName":"RemoveFirst_TwoElements_ResultSecondBecomeFirst","ExecutorUri":"executor://NUnit3TestExecutor","Source":"E:\\kpi\\.NET_web\\lab1\\lab1\\MyCollectionTesting\\bin\\Debug\\net6.0\\fine-code-coverage\\build-output\\MyCollectionTesting.dll","CodeFilePath":null,"LineNumber":0,"Properties":[{"Key":{"Id":"NUnit.Seed","Label":"Seed","Category":"","Description":"","Attributes":0,"ValueType":"System.String"},"Value":"1443290267"}]},"Attachments":[],"Outcome":1,"ErrorMessage":null,"ErrorStackTrace":null,"DisplayName":"RemoveFirst_TwoElements_ResultSecondBecomeFirst","Messages":[],"ComputerName":"DEUS-EX-MACHINE","Duration":"00:00:00.0002640","StartTime":"2023-10-24T14:30:50.396542+00:00","EndTime":"2023-10-24T14:30:50.3968054+00:00","Properties":[{"Key":{"Id":"NUnit.Seed","Label":"Seed","Category":"","Description":"","Attributes":0,"ValueType":"System.String"},"Value":"1443290267"}]},{"TestCase":{"Id":"8c22e42e-34c7-8bf2-74ed-ff923a1a1ef8","FullyQualifiedName":"MyCollectionTesting.RemoveLastTests.RemoveLast_EmptyList_ResultExeption","DisplayName":"RemoveLast_EmptyList_ResultExeption","ExecutorUri":"executor://NUnit3TestExecutor","Source":"E:\\kpi\\.NET_web\\lab1\\lab1\\MyCollectionTesting\\bin\\Debug\\net6.0\\fine-code-coverage\\build-output\\MyCollectionTesting.dll","CodeFilePath":null,"LineNumber":0,"Properties":[{"Key":{"Id":"NUnit.Seed","Label":"Seed","Category":"","Description":"","Attributes":0,"ValueType":"System.String"},"Value":"112158064"}]},"Attachments":[],"Outcome":1,"ErrorMessage":null,"ErrorStackTrace":null,"DisplayName":"RemoveLast_EmptyList_ResultExeption","Messages":[],"ComputerName":"DEUS-EX-MACHINE","Duration":"00:00:00.0001540","StartTime":"2023-10-24T14:30:50.3968876+00:00","EndTime":"2023-10-24T14:30:50.3970418+00:00","Properties":[{"Key":{"Id":"NUnit.Seed","Label":"Seed","Category":"","Description":"","Attributes":0,"ValueType":"System.String"},"Value":"112158064"}]},{"TestCase":{"Id":"e6123a61-00cc-894d-6e4f-6e6a662fe464","FullyQualifiedName":"MyCollectionTesting.RemoveLastTests.RemoveLast_TwoElements_ResultFirstBecomeLast","DisplayName":"RemoveLast_TwoElements_ResultFirstBecomeLast","ExecutorUri":"executor://NUnit3TestExecutor","Source":"E:\\kpi\\.NET_web\\lab1\\lab1\\MyCollectionTesting\\bin\\Debug\\net6.0\\fine-code-coverage\\build-output\\MyCollectionTesting.dll","CodeFilePath":null,"LineNumber":0,"Properties":[{"Key":{"Id":"NUnit.Seed","Label":"Seed","Category":"","Description":"","Attributes":0,"ValueType":"System.String"},"Value":"10677929"}]},"Attachments":[],"Outcome":1,"ErrorMessage":null,"ErrorStackTrace":null,"DisplayName":"RemoveLast_TwoElements_ResultFirstBecomeLast","Messages":[],"ComputerName":"DEUS-EX-MACHINE","Duration":"00:00:00.0002470","StartTime":"2023-10-24T14:30:50.3970501+00:00","EndTime":"2023-10-24T14:30:50.3972969+00:00","Properties":[{"Key":{"Id":"NUnit.Seed","Label":"Seed","Category":"","Description":"","Attributes":0,"ValueType":"System.String"},"Value":"10677929"}]},{"TestCase":{"Id":"8d13bcf6-d543-97ae-3700-ba111bb80e13","FullyQualifiedName":"MyCollectionTesting.RemoveTests.Remove_BetweenTwoNodes_ResultValueRemoved","DisplayName":"Remove_BetweenTwoNodes_ResultValueRemoved","ExecutorUri":"executor://NUnit3TestExecutor","Source":"E:\\kpi\\.NET_web\\lab1\\lab1\\MyCollectionTesting\\bin\\Debug\\net6.0\\fine-code-coverage\\build-output\\MyCollectionTesting.dll","CodeFilePath":null,"LineNumber":0,"Properties":[{"Key":{"Id":"NUnit.Seed","Label":"Seed","Category":"","Description":"","Attributes":0,"ValueType":"System.String"},"Value":"1352285654"}]},"Attachments":[],"Outcome":1,"ErrorMessage":null,"ErrorStackTrace":null,"DisplayName":"Remove_BetweenTwoNodes_ResultValueRemoved","Messages":[],"ComputerName":"DEUS-EX-MACHINE","Duration":"00:00:00.0003390","StartTime":"2023-10-24T14:30:50.3973712+00:00","EndTime":"2023-10-24T14:30:50.3977101+00:00","Properties":[{"Key":{"Id":"NUnit.Seed","Label":"Seed","Category":"","Description":"","Attributes":0,"ValueType":"System.String"},"Value":"1352285654"}]},{"TestCase":{"Id":"6eaa4ea5-8174-dcc9-0af0-12b614a04bfb","FullyQualifiedName":"MyCollectionTesting.RemoveTests.Remove_EmptyList_ResultExeption","DisplayName":"Remove_EmptyList_ResultExeption","ExecutorUri":"executor://NUnit3TestExecutor","Source":"E:\\kpi\\.NET_web\\lab1\\lab1\\MyCollectionTesting\\bin\\Debug\\net6.0\\fine-code-coverage\\build-output\\MyCollectionTesting.dll","CodeFilePath":null,"LineNumber":0,"Properties":[{"Key":{"Id":"NUnit.Seed","Label":"Seed","Category":"","Description":"","Attributes":0,"ValueType":"System.String"},"Value":"1891609783"}]},"Attachments":[],"Outcome":1,"ErrorMessage":null,"ErrorStackTrace":null,"DisplayName":"Remove_EmptyList_ResultExeption","Messages":[],"ComputerName":"DEUS-EX-MACHINE","Duration":"00:00:00.0023100","StartTime":"2023-10-24T14:30:50.3977186+00:00","EndTime":"2023-10-24T14:30:50.400028+00:00","Properties":[{"Key":{"Id":"NUnit.Seed","Label":"Seed","Category":"","Description":"","Attributes":0,"ValueType":"System.String"},"Value":"1891609783"}]}],"TestRunStatistics":{"ExecutedTests":27,"Stats":{"Passed":27}},"ActiveTests":[{"Id":"03729745-55fc-a57e-3657-8f94eb91d50e","FullyQualifiedName":"MyCollectionTesting.RemoveTests.Remove_FakeNode_ResultExeption","DisplayName":"Remove_FakeNode_ResultExeption","ExecutorUri":"executor://NUnit3TestExecutor","Source":"E:\\kpi\\.NET_web\\lab1\\lab1\\MyCollectionTesting\\bin\\Debug\\net6.0\\fine-code-coverage\\build-output\\MyCollectionTesting.dll","CodeFilePath":null,"LineNumber":0,"Properties":[{"Key":{"Id":"NUnit.Seed","Label":"Seed","Category":"","Description":"","Attributes":0,"ValueType":"System.String"},"Value":"135538568"}]}]}}
TpTrace Verbose: 0 : 23776, 11, 2023/10/24, 17:30:50.507, 8624235405675, vstest.console.dll, TestRunRequest:SendTestRunStatsChange: Starting.
TpTrace Verbose: 0 : 23776, 11, 2023/10/24, 17:30:50.507, 8624235406199, vstest.console.dll, InProgress is Remove_FakeNode_ResultExeption
TpTrace Verbose: 0 : 23776, 11, 2023/10/24, 17:30:50.507, 8624235406762, vstest.console.dll, MulticastDelegateUtilities.SafeInvoke: TestRun.RunStatsChanged: Invoking callbacks was skipped because there are no subscribers.
TpTrace Information: 0 : 23776, 11, 2023/10/24, 17:30:50.507, 8624235407063, vstest.console.dll, TestRunRequest:SendTestRunStatsChange: Completed.
TpTrace Verbose: 0 : 23776, 11, 2023/10/24, 17:30:50.507, 8624235407364, vstest.console.dll, MulticastDelegateUtilities.SafeInvoke: LengthPrefixCommunicationChannel: MessageReceived: Invoking callback 1/1 for Microsoft.VisualStudio.TestPlatform.CommunicationUtilities.TestRequestSender+<>c__DisplayClass34_0., took 1 ms.
TpTrace Verbose: 0 : 23776, 4, 2023/10/24, 17:30:50.507, 8624235407458, vstest.console.dll, MulticastDelegateUtilities.SafeInvoke: InternalTestLoggerEvents.SendTestResult: Invoking callback 1/1 for Microsoft.VisualStudio.TestPlatform.CommandLine.Internal.ConsoleLogger., took 0 ms.
TpTrace Verbose: 0 : 23776, 11, 2023/10/24, 17:30:50.507, 8624235407693, vstest.console.dll, TcpClientExtensions.MessageLoopAsync: Polling on remoteEndPoint: 127.0.0.1:57384 localEndPoint: 127.0.0.1:57383
TpTrace Verbose: 0 : 23776, 4, 2023/10/24, 17:30:50.507, 8624235408492, vstest.console.dll, MulticastDelegateUtilities.SafeInvoke: InternalTestLoggerEvents.SendTestResult: Invoking callback 1/1 for Microsoft.VisualStudio.TestPlatform.CommandLine.Internal.ConsoleLogger., took 0 ms.
TpTrace Verbose: 0 : 23776, 4, 2023/10/24, 17:30:50.508, 8624235410075, vstest.console.dll, MulticastDelegateUtilities.SafeInvoke: InternalTestLoggerEvents.SendTestResult: Invoking callback 1/1 for Microsoft.VisualStudio.TestPlatform.CommandLine.Internal.ConsoleLogger., took 0 ms.
TpTrace Verbose: 0 : 23776, 4, 2023/10/24, 17:30:50.508, 8624235410629, vstest.console.dll, MulticastDelegateUtilities.SafeInvoke: InternalTestLoggerEvents.SendTestResult: Invoking callback 1/1 for Microsoft.VisualStudio.TestPlatform.CommandLine.Internal.ConsoleLogger., took 0 ms.
TpTrace Verbose: 0 : 23776, 4, 2023/10/24, 17:30:50.508, 8624235411347, vstest.console.dll, MulticastDelegateUtilities.SafeInvoke: InternalTestLoggerEvents.SendTestResult: Invoking callback 1/1 for Microsoft.VisualStudio.TestPlatform.CommandLine.Internal.ConsoleLogger., took 0 ms.
TpTrace Verbose: 0 : 23776, 4, 2023/10/24, 17:30:50.508, 8624235411854, vstest.console.dll, MulticastDelegateUtilities.SafeInvoke: InternalTestLoggerEvents.SendTestResult: Invoking callback 1/1 for Microsoft.VisualStudio.TestPlatform.CommandLine.Internal.ConsoleLogger., took 0 ms.
TpTrace Verbose: 0 : 23776, 4, 2023/10/24, 17:30:50.508, 8624235412319, vstest.console.dll, MulticastDelegateUtilities.SafeInvoke: InternalTestLoggerEvents.SendTestResult: Invoking callback 1/1 for Microsoft.VisualStudio.TestPlatform.CommandLine.Internal.ConsoleLogger., took 0 ms.
TpTrace Verbose: 0 : 23776, 4, 2023/10/24, 17:30:50.508, 8624235412771, vstest.console.dll, MulticastDelegateUtilities.SafeInvoke: InternalTestLoggerEvents.SendTestResult: Invoking callback 1/1 for Microsoft.VisualStudio.TestPlatform.CommandLine.Internal.ConsoleLogger., took 0 ms.
TpTrace Verbose: 0 : 23776, 4, 2023/10/24, 17:30:50.508, 8624235413227, vstest.console.dll, MulticastDelegateUtilities.SafeInvoke: InternalTestLoggerEvents.SendTestResult: Invoking callback 1/1 for Microsoft.VisualStudio.TestPlatform.CommandLine.Internal.ConsoleLogger., took 0 ms.
TpTrace Verbose: 0 : 23776, 11, 2023/10/24, 17:30:50.511, 8624235445466, vstest.console.dll, TcpClientExtensions.MessageLoopAsync: NotifyDataAvailable remoteEndPoint: 127.0.0.1:57384 localEndPoint: 127.0.0.1:57383
TpTrace Verbose: 0 : 23776, 11, 2023/10/24, 17:30:50.511, 8624235446408, vstest.console.dll, TestRequestSender.OnExecutionMessageReceived: Received message: {"Version":7,"MessageType":"TestSession.Message","Payload":{"MessageLevel":1,"Message":"LinkedList is empty\r\nLinkedList:\r\n1\r\n"}}
TpTrace Verbose: 0 : 23776, 11, 2023/10/24, 17:30:50.511, 8624235447278, vstest.console.dll, TestRunRequest:SendTestRunMessage: Starting.
TpTrace Verbose: 0 : 23776, 11, 2023/10/24, 17:30:50.511, 8624235447797, vstest.console.dll, MulticastDelegateUtilities.SafeInvoke: TestRun.LogMessages: Invoking callback 1/1 for Microsoft.VisualStudio.TestPlatform.CommandLine.TestRunResultAggregator., took 0 ms.
TpTrace Information: 0 : 23776, 11, 2023/10/24, 17:30:50.511, 8624235448112, vstest.console.dll, TestRunRequest:SendTestRunMessage: Completed.
TpTrace Verbose: 0 : 23776, 11, 2023/10/24, 17:30:50.511, 8624235448415, vstest.console.dll, MulticastDelegateUtilities.SafeInvoke: LengthPrefixCommunicationChannel: MessageReceived: Invoking callback 1/1 for Microsoft.VisualStudio.TestPlatform.CommunicationUtilities.TestRequestSender+<>c__DisplayClass34_0., took 0 ms.
TpTrace Verbose: 0 : 23776, 11, 2023/10/24, 17:30:50.511, 8624235448742, vstest.console.dll, TcpClientExtensions.MessageLoopAsync: Polling on remoteEndPoint: 127.0.0.1:57384 localEndPoint: 127.0.0.1:57383
TpTrace Verbose: 0 : 23776, 4, 2023/10/24, 17:30:50.511, 8624235448715, vstest.console.dll, MulticastDelegateUtilities.SafeInvoke: InternalTestLoggerEvents.SendTestRunMessage: Invoking callback 1/1 for Microsoft.VisualStudio.TestPlatform.CommandLine.Internal.ConsoleLogger., took 0 ms.
TpTrace Verbose: 0 : 23776, 11, 2023/10/24, 17:30:50.517, 8624235504784, vstest.console.dll, TcpClientExtensions.MessageLoopAsync: NotifyDataAvailable remoteEndPoint: 127.0.0.1:57384 localEndPoint: 127.0.0.1:57383
TpTrace Verbose: 0 : 23776, 11, 2023/10/24, 17:30:50.517, 8624235506058, vstest.console.dll, TestRequestSender.OnExecutionMessageReceived: Received message: {"Version":7,"MessageType":"TestSession.Message","Payload":{"MessageLevel":0,"Message":"NUnit Adapter 4.4.0.0: Test execution complete"}}
TpTrace Verbose: 0 : 23776, 11, 2023/10/24, 17:30:50.517, 8624235507080, vstest.console.dll, TestRunRequest:SendTestRunMessage: Starting.
TpTrace Verbose: 0 : 23776, 11, 2023/10/24, 17:30:50.517, 8624235507634, vstest.console.dll, MulticastDelegateUtilities.SafeInvoke: TestRun.LogMessages: Invoking callback 1/1 for Microsoft.VisualStudio.TestPlatform.CommandLine.TestRunResultAggregator., took 0 ms.
TpTrace Verbose: 0 : 23776, 4, 2023/10/24, 17:30:50.517, 8624235507853, vstest.console.dll, MulticastDelegateUtilities.SafeInvoke: InternalTestLoggerEvents.SendTestRunMessage: Invoking callback 1/1 for Microsoft.VisualStudio.TestPlatform.CommandLine.Internal.ConsoleLogger., took 0 ms.
TpTrace Information: 0 : 23776, 11, 2023/10/24, 17:30:50.517, 8624235507965, vstest.console.dll, TestRunRequest:SendTestRunMessage: Completed.
TpTrace Verbose: 0 : 23776, 11, 2023/10/24, 17:30:50.517, 8624235509083, vstest.console.dll, MulticastDelegateUtilities.SafeInvoke: LengthPrefixCommunicationChannel: MessageReceived: Invoking callback 1/1 for Microsoft.VisualStudio.TestPlatform.CommunicationUtilities.TestRequestSender+<>c__DisplayClass34_0., took 0 ms.
TpTrace Verbose: 0 : 23776, 11, 2023/10/24, 17:30:50.518, 8624235509468, vstest.console.dll, TcpClientExtensions.MessageLoopAsync: Polling on remoteEndPoint: 127.0.0.1:57384 localEndPoint: 127.0.0.1:57383
TpTrace Verbose: 0 : 23776, 11, 2023/10/24, 17:30:50.533, 8624235666380, vstest.console.dll, TcpClientExtensions.MessageLoopAsync: NotifyDataAvailable remoteEndPoint: 127.0.0.1:57384 localEndPoint: 127.0.0.1:57383
TpTrace Verbose: 0 : 23776, 11, 2023/10/24, 17:30:50.533, 8624235668084, vstest.console.dll, TestRequestSender.OnExecutionMessageReceived: Received message: {"Version":7,"MessageType":"TestExecution.Completed","Payload":{"TestRunCompleteArgs":{"TestRunStatistics":{"ExecutedTests":30,"Stats":{"Passed":30}},"IsCanceled":false,"IsAborted":false,"Error":null,"AttachmentSets":[],"InvokedDataCollectors":[],"ElapsedTimeInRunningTests":"00:00:00.4598936","Metrics":{},"DiscoveredExtensions":{"TestDiscoverers":["NUnit.VisualStudio.TestAdapter.NUnit3TestDiscoverer, NUnit3.TestAdapter, Version=4.4.0.0, Culture=neutral, PublicKeyToken=4cb40d35494691ac"],"TestExecutors":["executor://NUnit3TestExecutor"],"TestExecutors2":[],"TestSettingsProviders":[]}},"LastRunTests":{"NewTestResults":[{"TestCase":{"Id":"03729745-55fc-a57e-3657-8f94eb91d50e","FullyQualifiedName":"MyCollectionTesting.RemoveTests.Remove_FakeNode_ResultExeption","DisplayName":"Remove_FakeNode_ResultExeption","ExecutorUri":"executor://NUnit3TestExecutor","Source":"E:\\kpi\\.NET_web\\lab1\\lab1\\MyCollectionTesting\\bin\\Debug\\net6.0\\fine-code-coverage\\build-output\\MyCollectionTesting.dll","CodeFilePath":null,"LineNumber":0,"Properties":[{"Key":{"Id":"NUnit.Seed","Label":"Seed","Category":"","Description":"","Attributes":0,"ValueType":"System.String"},"Value":"135538568"}]},"Attachments":[],"Outcome":1,"ErrorMessage":null,"ErrorStackTrace":null,"DisplayName":"Remove_FakeNode_ResultExeption","Messages":[],"ComputerName":"DEUS-EX-MACHINE","Duration":"00:00:00.0002850","StartTime":"2023-10-24T14:30:50.4000379+00:00","EndTime":"2023-10-24T14:30:50.4003222+00:00","Properties":[{"Key":{"Id":"NUnit.Seed","Label":"Seed","Category":"","Description":"","Attributes":0,"ValueType":"System.String"},"Value":"135538568"}]},{"TestCase":{"Id":"d0be0f47-8f03-4d2c-4e77-939b5926586a","FullyQualifiedName":"MyCollectionTesting.RemoveTests.Remove_OnlyNode_ResultEmptyList","DisplayName":"Remove_OnlyNode_ResultEmptyList","ExecutorUri":"executor://NUnit3TestExecutor","Source":"E:\\kpi\\.NET_web\\lab1\\lab1\\MyCollectionTesting\\bin\\Debug\\net6.0\\fine-code-coverage\\build-output\\MyCollectionTesting.dll","CodeFilePath":null,"LineNumber":0,"Properties":[{"Key":{"Id":"NUnit.Seed","Label":"Seed","Category":"","Description":"","Attributes":0,"ValueType":"System.String"},"Value":"570953988"}]},"Attachments":[],"Outcome":1,"ErrorMessage":null,"ErrorStackTrace":null,"DisplayName":"Remove_OnlyNode_ResultEmptyList","Messages":[],"ComputerName":"DEUS-EX-MACHINE","Duration":"00:00:00.0001260","StartTime":"2023-10-24T14:30:50.4003343+00:00","EndTime":"2023-10-24T14:30:50.4004597+00:00","Properties":[{"Key":{"Id":"NUnit.Seed","Label":"Seed","Category":"","Description":"","Attributes":0,"ValueType":"System.String"},"Value":"570953988"}]},{"TestCase":{"Id":"6882e5d0-5bac-d6b6-6e67-84b1d3358f90","FullyQualifiedName":"MyCollectionTesting.ShowTests.Show_ResultOK","DisplayName":"Show_ResultOK","ExecutorUri":"executor://NUnit3TestExecutor","Source":"E:\\kpi\\.NET_web\\lab1\\lab1\\MyCollectionTesting\\bin\\Debug\\net6.0\\fine-code-coverage\\build-output\\MyCollectionTesting.dll","CodeFilePath":null,"LineNumber":0,"Properties":[{"Key":{"Id":"NUnit.Seed","Label":"Seed","Category":"","Description":"","Attributes":0,"ValueType":"System.String"},"Value":"1766630110"}]},"Attachments":[],"Outcome":1,"ErrorMessage":null,"ErrorStackTrace":null,"DisplayName":"Show_ResultOK","Messages":[{"Category":"StdOutMsgs","Text":"LinkedList is empty\r\nLinkedList:\r\n1\r\n"}],"ComputerName":"DEUS-EX-MACHINE","Duration":"00:00:00.0214830","StartTime":"2023-10-24T14:30:50.4005409+00:00","EndTime":"2023-10-24T14:30:50.4220233+00:00","Properties":[{"Key":{"Id":"NUnit.Seed","Label":"Seed","Category":"","Description":"","Attributes":0,"ValueType":"System.String"},"Value":"1766630110"}]}],"TestRunStatistics":{"ExecutedTests":30,"Stats":{"Passed":30}},"ActiveTests":[]},"RunAttachments":[],"ExecutorUris":["executor://nunit3testexecutor/"]}}
TpTrace Verbose: 0 : 23776, 11, 2023/10/24, 17:30:50.533, 8624235669008, vstest.console.dll, TestRequestSender.EndSession: Sending end session.
TpTrace Verbose: 0 : 23776, 11, 2023/10/24, 17:30:50.534, 8624235670237, vstest.console.dll, ProxyOperationManager.Close: waiting for test host to exit for 100 ms
TpTrace Warning: 0 : 23776, 10, 2023/10/24, 17:30:50.551, 8624235848204, vstest.console.dll, TestHostManagerCallbacks.ErrorReceivedCallback Test host standard error line: 
TpTrace Verbose: 0 : 23776, 10, 2023/10/24, 17:30:50.557, 8624235907273, vstest.console.dll, TestHostProvider.ExitCallBack: Host exited starting callback.
TpTrace Information: 0 : 23776, 10, 2023/10/24, 17:30:50.557, 8624235909026, vstest.console.dll, TestHostManagerCallbacks.ExitCallBack: Testhost processId: 20928 exited with exitcode: 0 error: ''
TpTrace Verbose: 0 : 23776, 10, 2023/10/24, 17:30:50.558, 8624235909497, vstest.console.dll, DotnetTestHostManager.OnHostExited: invoking OnHostExited callback
TpTrace Verbose: 0 : 23776, 10, 2023/10/24, 17:30:50.558, 8624235909956, vstest.console.dll, CrossPlatEngine.TestHostManagerHostExited: calling on client process exit callback.
TpTrace Information: 0 : 23776, 10, 2023/10/24, 17:30:50.558, 8624235910426, vstest.console.dll, TestRequestSender.OnClientProcessExit: Test host process exited. Standard error: 
TpTrace Information: 0 : 23776, 10, 2023/10/24, 17:30:50.558, 8624235910809, vstest.console.dll, SocketServer.Stop: Stop server endPoint: 127.0.0.1:57383
TpTrace Information: 0 : 23776, 10, 2023/10/24, 17:30:50.558, 8624235911111, vstest.console.dll, SocketServer.Stop: Cancellation requested. Stopping message loop.
TpTrace Information: 0 : 23776, 11, 2023/10/24, 17:30:50.558, 8624235911630, vstest.console.dll, SocketServer.Stop: Stop server endPoint: 127.0.0.1:57383
TpTrace Information: 0 : 23776, 11, 2023/10/24, 17:30:50.558, 8624235912208, vstest.console.dll, SocketServer.Stop: Cancellation requested. Stopping message loop.
TpTrace Information: 0 : 23776, 11, 2023/10/24, 17:30:50.558, 8624235912991, vstest.console.dll, Closing the connection
TpTrace Verbose: 0 : 23776, 10, 2023/10/24, 17:30:50.558, 8624235911827, vstest.console.dll, MulticastDelegateUtilities.SafeInvoke: HostProviderEvents.OnHostExited: Invoking callback 1/1 for Microsoft.VisualStudio.TestPlatform.CrossPlatEngine.Client.ProxyOperationManager., took 0 ms.
TpTrace Verbose: 0 : 23776, 11, 2023/10/24, 17:30:50.558, 8624235915558, vstest.console.dll, ProxyDataCollectionManager.InvokeDataCollectionServiceAction: Starting.
TpTrace Information: 0 : 23776, 11, 2023/10/24, 17:30:50.558, 8624235916107, vstest.console.dll, ProxyDataCollectionManager.AfterTestRunEnd: Get attachment set and invoked data collectors processId: 25236 port: 57380
TpTrace Verbose: 0 : 23776, 11, 2023/10/24, 17:30:50.558, 8624235916572, vstest.console.dll, DataCollectionRequestSender.SendAfterTestRunStartAndGetResult: Send AfterTestRunEnd message with isCancelled: False
TpTrace Verbose: 0 : 23776, 11, 2023/10/24, 17:30:50.565, 8624235980499, vstest.console.dll, DataCollectionRequestSender.SendAfterTestRunStartAndGetResult: Received message: (DataCollection.AfterTestRunEndResult) -> {"MessageType":"DataCollection.AfterTestRunEndResult","Payload":{"AttachmentSets":[],"InvokedDataCollectors":[{"Uri":"datacollector://Microsoft/TestPlatform/Extensions/Blame/v1","FriendlyName":"Blame","AssemblyQualifiedName":"Microsoft.TestPlatform.Extensions.BlameDataCollector.BlameCollector, Microsoft.TestPlatform.Extensions.BlameDataCollector, Version=15.0.0.0, Culture=neutral, PublicKeyToken=b03f5f7f11d50a3a","FilePath":"C:\\Program Files\\dotnet\\sdk\\7.0.203\\Extensions\\Microsoft.TestPlatform.Extensions.BlameDataCollector.dll","HasAttachmentProcessor":false}],"Metrics":{}}}
TpTrace Information: 0 : 23776, 11, 2023/10/24, 17:30:50.570, 8624236033760, vstest.console.dll, ProxyDataCollectionManager.InvokeDataCollectionServiceAction: Completed.
TpTrace Warning: 0 : 23776, 9, 2023/10/24, 17:30:50.576, 8624236098925, vstest.console.dll, DataCollectionLauncher.ErrorReceivedCallback datacollector standard error line: 
TpTrace Information: 0 : 23776, 9, 2023/10/24, 17:30:50.581, 8624236146711, vstest.console.dll, DataCollectionLauncher.ExitCallBack: Data collector exited with exitcode: 0 error: ''
TpTrace Verbose: 0 : 23776, 11, 2023/10/24, 17:30:50.602, 8624236351111, vstest.console.dll, TestRunRequest:SendTestRunStatsChange: Starting.
TpTrace Verbose: 0 : 23776, 11, 2023/10/24, 17:30:50.602, 8624236352246, vstest.console.dll, MulticastDelegateUtilities.SafeInvoke: TestRun.RunStatsChanged: Invoking callbacks was skipped because there are no subscribers.
TpTrace Information: 0 : 23776, 11, 2023/10/24, 17:30:50.602, 8624236352587, vstest.console.dll, TestRunRequest:SendTestRunStatsChange: Completed.
TpTrace Verbose: 0 : 23776, 4, 2023/10/24, 17:30:50.602, 8624236353070, vstest.console.dll, MulticastDelegateUtilities.SafeInvoke: InternalTestLoggerEvents.SendTestResult: Invoking callback 1/1 for Microsoft.VisualStudio.TestPlatform.CommandLine.Internal.ConsoleLogger., took 0 ms.
TpTrace Verbose: 0 : 23776, 4, 2023/10/24, 17:30:50.602, 8624236353876, vstest.console.dll, MulticastDelegateUtilities.SafeInvoke: InternalTestLoggerEvents.SendTestResult: Invoking callback 1/1 for Microsoft.VisualStudio.TestPlatform.CommandLine.Internal.ConsoleLogger., took 0 ms.
TpTrace Verbose: 0 : 23776, 4, 2023/10/24, 17:30:50.602, 8624236354440, vstest.console.dll, MulticastDelegateUtilities.SafeInvoke: InternalTestLoggerEvents.SendTestResult: Invoking callback 1/1 for Microsoft.VisualStudio.TestPlatform.CommandLine.Internal.ConsoleLogger., took 0 ms.
TpTrace Verbose: 0 : 23776, 11, 2023/10/24, 17:30:50.602, 8624236356279, vstest.console.dll, ParallelProxyExecutionManager: HandlePartialRunComplete: Total completed clients = 1, Run complete = True, Run canceled: False.
TpTrace Verbose: 0 : 23776, 4, 2023/10/24, 17:30:50.611, 8624236443674, vstest.console.dll, MulticastDelegateUtilities.SafeInvoke: InternalTestLoggerEvents.SendTestRunComplete: Invoking callback 1/2 for Microsoft.TestPlatform.Extensions.BlameDataCollector.BlameLogger., took 0 ms.
TpTrace Verbose: 0 : 23776, 4, 2023/10/24, 17:30:50.616, 8624236496851, vstest.console.dll, MulticastDelegateUtilities.SafeInvoke: InternalTestLoggerEvents.SendTestRunComplete: Invoking callback 2/2 for Microsoft.VisualStudio.TestPlatform.CommandLine.Internal.ConsoleLogger., took 5 ms.
TpTrace Verbose: 0 : 23776, 11, 2023/10/24, 17:30:50.617, 8624236500226, vstest.console.dll, TestRunRequest:TestRunComplete: Starting. IsAborted:False IsCanceled:False.
TpTrace Verbose: 0 : 23776, 11, 2023/10/24, 17:30:50.618, 8624236510662, vstest.console.dll, TestLoggerManager.HandleTestRunComplete: Ignoring as the object is disposed.
TpTrace Verbose: 0 : 23776, 11, 2023/10/24, 17:30:50.618, 8624236512350, vstest.console.dll, MulticastDelegateUtilities.SafeInvoke: TestRun.TestRunComplete: Invoking callback 1/2 for Microsoft.VisualStudio.TestPlatform.CommandLine.TestRunResultAggregator., took 0 ms.
TpTrace Verbose: 0 : 23776, 11, 2023/10/24, 17:30:50.618, 8624236513620, vstest.console.dll, MulticastDelegateUtilities.SafeInvoke: TestRun.TestRunComplete: Invoking callback 2/2 for Microsoft.VisualStudio.TestPlatform.CommandLine.Processors.RunTestsArgumentExecutor+TestRunRequestEventsRegistrar., took 0 ms.
TpTrace Information: 0 : 23776, 11, 2023/10/24, 17:30:50.618, 8624236514484, vstest.console.dll, TestRunRequest:TestRunComplete: Completed.
TpTrace Verbose: 0 : 23776, 11, 2023/10/24, 17:30:50.618, 8624236514896, vstest.console.dll, TestRequestSender.SetOperationComplete: Setting operation complete.
TpTrace Verbose: 0 : 23776, 1, 2023/10/24, 17:30:50.618, 8624236515371, vstest.console.dll, TestRunRequest.Dispose: Starting.
TpTrace Information: 0 : 23776, 11, 2023/10/24, 17:30:50.618, 8624236515491, vstest.console.dll, SocketServer.Stop: Stop server endPoint: 127.0.0.1:57383
TpTrace Information: 0 : 23776, 1, 2023/10/24, 17:30:50.618, 8624236516075, vstest.console.dll, TestRunRequest.Dispose: Completed.
TpTrace Information: 0 : 23776, 11, 2023/10/24, 17:30:50.618, 8624236516469, vstest.console.dll, SocketServer.Stop: Cancellation requested. Stopping message loop.
TpTrace Information: 0 : 23776, 1, 2023/10/24, 17:30:50.618, 8624236517513, vstest.console.dll, TestRequestManager.RunTests: run tests completed.
TpTrace Verbose: 0 : 23776, 11, 2023/10/24, 17:30:50.618, 8624236517815, vstest.console.dll, MulticastDelegateUtilities.SafeInvoke: LengthPrefixCommunicationChannel: MessageReceived: Invoking callback 1/1 for Microsoft.VisualStudio.TestPlatform.CommunicationUtilities.TestRequestSender+<>c__DisplayClass34_0., took 84 ms.
TpTrace Information: 0 : 23776, 11, 2023/10/24, 17:30:50.618, 8624236518747, vstest.console.dll, SocketServer.PrivateStop: Stopping server endPoint: 127.0.0.1:57383 error: 
TpTrace Information: 0 : 23776, 1, 2023/10/24, 17:30:50.618, 8624236518939, vstest.console.dll, RunTestsArgumentProcessor:Execute: Test run is completed.
TpTrace Verbose: 0 : 23776, 1, 2023/10/24, 17:30:50.619, 8624236521414, vstest.console.dll, Executor.Execute: Exiting with exit code of 0
TpTrace Verbose: 0 : 23776, 11, 2023/10/24, 17:30:50.619, 8624236521820, vstest.console.dll, LengthPrefixCommunicationChannel.Dispose: Dispose reader and writer.
TpTrace Information: 0 : 23776, 11, 2023/10/24, 17:30:50.619, 8624236522415, vstest.console.dll, SocketServer.Stop: Raise disconnected event endPoint: 127.0.0.1:57383 error: 
TpTrace Verbose: 0 : 23776, 11, 2023/10/24, 17:30:50.619, 8624236523170, vstest.console.dll, TestRequestSender: OnTestRunAbort: Operation is already complete. Skip error message.
TpTrace Verbose: 0 : 23776, 11, 2023/10/24, 17:30:50.619, 8624236523587, vstest.console.dll, MulticastDelegateUtilities.SafeInvoke: SocketServer: ClientDisconnected: Invoking callback 1/1 for Microsoft.VisualStudio.TestPlatform.CommunicationUtilities.TestRequestSender., took 0 ms.
TpTrace Verbose: 0 : 23776, 11, 2023/10/24, 17:30:50.619, 8624236523944, vstest.console.dll, TcpClientExtensions.MessageLoopAsync: exiting MessageLoopAsync remoteEndPoint: 127.0.0.1:57384 localEndPoint: 127.0.0.1:57383
